#
# There is insufficient memory for the Java Runtime Environment to continue.
# Native memory allocation (mmap) failed to map 266338304 bytes for G1 virtual space
# Possible reasons:
#   The system is out of physical RAM or swap space
#   The process is running with CompressedOops enabled, and the Java Heap may be blocking the growth of the native heap
# Possible solutions:
#   Reduce memory load on the system
#   Increase physical memory or swap space
#   Check if swap backing store is full
#   Decrease Java heap size (-Xmx/-Xms)
#   Decrease number of Java threads
#   Decrease Java thread stack sizes (-Xss)
#   Set larger code cache with -XX:ReservedCodeCacheSize=
#   JVM is running with Zero Based Compressed Oops mode in which the Java heap is
#     placed in the first 32GB address space. The Java Heap base address is the
#     maximum limit for the native heap growth. Please use -XX:HeapBaseMinAddress
#     to set the Java Heap base and to place the Java Heap above 32GB virtual address.
# This output file may be truncated or incomplete.
#
#  Out of Memory Error (os_windows.cpp:3769), pid=7664, tid=11452
#
# JRE version:  (17.0.6) (build )
# Java VM: OpenJDK 64-Bit Server VM (17.0.6+0-b2043.56-9586694, mixed mode, sharing, tiered, compressed oops, compressed class ptrs, g1 gc, windows-amd64)
# No core dump will be written. Minidumps are not enabled by default on client versions of Windows
#

---------------  S U M M A R Y ------------

Command Line: 

Host: 11th Gen Intel(R) Core(TM) i7-11800H @ 2.30GHz, 16 cores, 15G,  Windows 10 , 64 bit Build 19041 (10.0.19041.1202)
Time: Tue Jul  4 17:59:54 2023  Windows 10 , 64 bit Build 19041 (10.0.19041.1202) elapsed time: 0.005185 seconds (0d 0h 0m 0s)

---------------  T H R E A D  ---------------

Current thread (0x0000024cc20a87d0):  JavaThread "Unknown thread" [_thread_in_vm, id=11452, stack(0x0000006ad8b00000,0x0000006ad8c00000)]

Stack: [0x0000006ad8b00000,0x0000006ad8c00000]
Native frames: (J=compiled Java code, j=interpreted, Vv=VM code, C=native code)
V  [jvm.dll+0x683b4a]
V  [jvm.dll+0x842654]
V  [jvm.dll+0x843dfe]
V  [jvm.dll+0x844463]
V  [jvm.dll+0x249b75]
V  [jvm.dll+0x680a19]
V  [jvm.dll+0x674f0a]
V  [jvm.dll+0x309acb]
V  [jvm.dll+0x310f86]
V  [jvm.dll+0x3608ee]
V  [jvm.dll+0x360b1f]
V  [jvm.dll+0x2dfbf8]
V  [jvm.dll+0x2e0b64]
V  [jvm.dll+0x813f41]
V  [jvm.dll+0x36e6a1]
V  [jvm.dll+0x7f347c]
V  [jvm.dll+0x3f0e8f]
V  [jvm.dll+0x3f29d1]
C  [jli.dll+0x526b]
C  [ucrtbase.dll+0x21bb2]
C  [KERNEL32.DLL+0x17034]
C  [ntdll.dll+0x52651]


---------------  P R O C E S S  ---------------

Threads class SMR info:
_java_thread_list=0x00007ffd2f78c058, length=0, elements={
}

Java Threads: ( => current thread )

Other Threads:
  0x0000024cc2114050 GCTaskThread "GC Thread#0" [stack: 0x0000006ad8c00000,0x0000006ad8d00000] [id=9312]
  0x0000024cc2125c20 ConcurrentGCThread "G1 Main Marker" [stack: 0x0000006ad8d00000,0x0000006ad8e00000] [id=10892]
  0x0000024cc2126630 ConcurrentGCThread "G1 Conc#0" [stack: 0x0000006ad8e00000,0x0000006ad8f00000] [id=8904]

[error occurred during error reporting (printing all threads), id 0xc0000005, EXCEPTION_ACCESS_VIOLATION (0xc0000005) at pc=0x00007ffd2ef40797]

VM state: not at safepoint (not fully initialized)

VM Mutex/Monitor currently owned by a thread:  ([mutex/lock_event])
[0x0000024cc20a3220] Heap_lock - owner thread: 0x0000024cc20a87d0

Heap address: 0x0000000703800000, size: 4040 MB, Compressed Oops mode: Zero based, Oop shift amount: 3

CDS archive(s) mapped at: [0x0000000000000000-0x0000000000000000-0x0000000000000000), size 0, SharedBaseAddress: 0x0000000800000000, ArchiveRelocationMode: 0.
Narrow klass base: 0x0000000000000000, Narrow klass shift: 0, Narrow klass range: 0x0

GC Precious Log:
<Empty>

Heap:
 garbage-first heap   total 0K, used 0K [0x0000000703800000, 0x0000000800000000)
  region size 2048K, 0 young (0K), 0 survivors (0K)

[error occurred during error reporting (printing heap information), id 0xc0000005, EXCEPTION_ACCESS_VIOLATION (0xc0000005) at pc=0x00007ffd2f32d939]

GC Heap History (0 events):
No events

Dll operation events (1 events):
Event: 0.002 Loaded shared library D:\install\soft\Android Studio\jbr\bin\java.dll

Deoptimization events (0 events):
No events

Classes unloaded (0 events):
No events

Classes redefined (0 events):
No events

Internal exceptions (0 events):
No events

VM Operations (0 events):
No events

Events (0 events):
No events


Dynamic libraries:
0x00007ff70af90000 - 0x00007ff70af9a000 	D:\install\soft\Android Studio\jbr\bin\java.EXE
0x00007ffd6c090000 - 0x00007ffd6c285000 	C:\Windows\SYSTEM32\ntdll.dll
0x00007ffd6b9d0000 - 0x00007ffd6ba8e000 	C:\Windows\System32\KERNEL32.DLL
0x00007ffd69d10000 - 0x00007ffd69fd9000 	C:\Windows\System32\KERNELBASE.dll
0x00007ffd69fe0000 - 0x00007ffd6a0e0000 	C:\Windows\System32\ucrtbase.dll
0x00007ffd42180000 - 0x00007ffd42197000 	D:\install\soft\Android Studio\jbr\bin\jli.dll
0x00007ffd3fe00000 - 0x00007ffd3fe1b000 	D:\install\soft\Android Studio\jbr\bin\VCRUNTIME140.dll
0x00007ffd6bea0000 - 0x00007ffd6c041000 	C:\Windows\System32\USER32.dll
0x00007ffd697b0000 - 0x00007ffd697d2000 	C:\Windows\System32\win32u.dll
0x00007ffd509e0000 - 0x00007ffd50c7a000 	C:\Windows\WinSxS\amd64_microsoft.windows.common-controls_6595b64144ccf1df_6.0.19041.1110_none_60b5254171f9507e\COMCTL32.dll
0x00007ffd6b820000 - 0x00007ffd6b84b000 	C:\Windows\System32\GDI32.dll
0x00007ffd6ba90000 - 0x00007ffd6bb2e000 	C:\Windows\System32\msvcrt.dll
0x00007ffd69890000 - 0x00007ffd6999b000 	C:\Windows\System32\gdi32full.dll
0x00007ffd69c70000 - 0x00007ffd69d0d000 	C:\Windows\System32\msvcp_win.dll
0x00007ffd6aca0000 - 0x00007ffd6acd0000 	C:\Windows\System32\IMM32.DLL
0x00007ffd50310000 - 0x00007ffd5031c000 	D:\install\soft\Android Studio\jbr\bin\vcruntime140_1.dll
0x00007ffd07e80000 - 0x00007ffd07f0d000 	D:\install\soft\Android Studio\jbr\bin\msvcp140.dll
0x00007ffd2ec50000 - 0x00007ffd2f8bd000 	D:\install\soft\Android Studio\jbr\bin\server\jvm.dll
0x00007ffd6bc10000 - 0x00007ffd6bcbc000 	C:\Windows\System32\ADVAPI32.dll
0x00007ffd6aea0000 - 0x00007ffd6af3b000 	C:\Windows\System32\sechost.dll
0x00007ffd6b160000 - 0x00007ffd6b28a000 	C:\Windows\System32\RPCRT4.dll
0x00007ffd60d40000 - 0x00007ffd60d49000 	C:\Windows\SYSTEM32\WSOCK32.dll
0x00007ffd50e30000 - 0x00007ffd50e57000 	C:\Windows\SYSTEM32\WINMM.dll
0x00007ffd6af40000 - 0x00007ffd6afab000 	C:\Windows\System32\WS2_32.dll
0x00007ffd5fca0000 - 0x00007ffd5fcaa000 	C:\Windows\SYSTEM32\VERSION.dll
0x00007ffd68080000 - 0x00007ffd68092000 	C:\Windows\SYSTEM32\kernel.appcore.dll
0x00007ffd60150000 - 0x00007ffd6015a000 	D:\install\soft\Android Studio\jbr\bin\jimage.dll
0x00007ffd67240000 - 0x00007ffd67424000 	C:\Windows\SYSTEM32\DBGHELP.DLL
0x00007ffd529e0000 - 0x00007ffd52a0c000 	C:\Windows\SYSTEM32\dbgcore.DLL
0x00007ffd699a0000 - 0x00007ffd69a23000 	C:\Windows\System32\bcryptPrimitives.dll
0x00007ffd4dd00000 - 0x00007ffd4dd25000 	D:\install\soft\Android Studio\jbr\bin\java.dll

dbghelp: loaded successfully - version: 4.0.5 - missing functions: none
symbol engine: initialized successfully - sym options: 0x614 - pdb path: .;D:\install\soft\Android Studio\jbr\bin;C:\Windows\SYSTEM32;C:\Windows\WinSxS\amd64_microsoft.windows.common-controls_6595b64144ccf1df_6.0.19041.1110_none_60b5254171f9507e;D:\install\soft\Android Studio\jbr\bin\server

VM Arguments:
java_command: <unknown>
java_class_path (initial): <not set>
Launcher Type: SUN_STANDARD

[Global flags]
     intx CICompilerCount                          = 12                                        {product} {ergonomic}
     uint ConcGCThreads                            = 3                                         {product} {ergonomic}
     uint G1ConcRefinementThreads                  = 13                                        {product} {ergonomic}
   size_t G1HeapRegionSize                         = 2097152                                   {product} {ergonomic}
    uintx GCDrainStackTargetSize                   = 64                                        {product} {ergonomic}
   size_t InitialHeapSize                          = 266338304                                 {product} {ergonomic}
   size_t MarkStackSize                            = 4194304                                   {product} {ergonomic}
   size_t MaxHeapSize                              = 4236247040                                {product} {ergonomic}
   size_t MinHeapDeltaBytes                        = 2097152                                   {product} {ergonomic}
   size_t MinHeapSize                              = 8388608                                   {product} {ergonomic}
    uintx NonNMethodCodeHeapSize                   = 7602480                                {pd product} {ergonomic}
    uintx NonProfiledCodeHeapSize                  = 122027880                              {pd product} {ergonomic}
    uintx ProfiledCodeHeapSize                     = 122027880                              {pd product} {ergonomic}
    uintx ReservedCodeCacheSize                    = 251658240                              {pd product} {ergonomic}
     bool SegmentedCodeCache                       = true                                      {product} {ergonomic}
   size_t SoftMaxHeapSize                          = 4236247040                             {manageable} {ergonomic}
     bool UseCompressedClassPointers               = true                           {product lp64_product} {ergonomic}
     bool UseCompressedOops                        = true                           {product lp64_product} {ergonomic}
     bool UseG1GC                                  = true                                      {product} {ergonomic}
     bool UseLargePagesIndividualAllocation        = false                                  {pd product} {ergonomic}

Logging:
Log output configuration:
 #0: stdout all=warning uptime,level,tags
 #1: stderr all=off uptime,level,tags

Environment Variables:
PATH=C:\Windows\system32;C:\Windows;C:\Windows\System32\Wbem;C:\Windows\System32\WindowsPowerShell\v1.0\;C:\Windows\System32\OpenSSH\;C:\Program Files\Cloudflare\Cloudflare WARP\;C:\Users\vadymkon\AppData\Local\Microsoft\WindowsApps;;D:\install\soft\flutterSDK\flutter\bin\mingit\cmd
USERNAME=vadymkon
OS=Windows_NT
PROCESSOR_IDENTIFIER=Intel64 Family 6 Model 141 Stepping 1, GenuineIntel
TMP=C:\Temp
TEMP=C:\Temp



---------------  S Y S T E M  ---------------

OS:
 Windows 10 , 64 bit Build 19041 (10.0.19041.1202)
OS uptime: 0 days 15:32 hours

CPU: total 16 (initial active 16) (8 cores per cpu, 2 threads per core) family 6 model 141 stepping 1 microcode 0x34, cx8, cmov, fxsr, ht, mmx, 3dnowpref, sse, sse2, sse3, ssse3, sse4.1, sse4.2, popcnt, lzcnt, tsc, tscinvbit, avx, avx2, aes, erms, clmul, bmi1, bmi2, adx, avx512f, avx512dq, avx512cd, avx512bw, avx512vl, sha, fma, vzeroupper, avx512_vpopcntdq, avx512_vpclmulqdq, avx512_vaes, avx512_vnni, clflush, clflushopt, clwb, avx512_vbmi2, avx512_vbmi

Memory: 4k page, system-wide physical 16155M (3918M free)
TotalPageFile size 16155M (AvailPageFile size 21M)
current process WorkingSet (physical memory assigned to process): 10M, peak: 10M
current process commit charge ("private bytes"): 70M, peak: 324M

vm_info: OpenJDK 64-Bit Server VM (17.0.6+0-b2043.56-9586694) for windows-amd64 JRE (17.0.6+0-b2043.56-9586694), built on Feb  9 2023 20:06:20 by "androidbuild" with MS VC++ 16.10 / 16.11 (VS2019)

END.
