#
# There is insufficient memory for the Java Runtime Environment to continue.
# Native memory allocation (mmap) failed to map 266338304 bytes for G1 virtual space
# Possible reasons:
#   The system is out of physical RAM or swap space
#   The process is running with CompressedOops enabled, and the Java Heap may be blocking the growth of the native heap
# Possible solutions:
#   Reduce memory load on the system
#   Increase physical memory or swap space
#   Check if swap backing store is full
#   Decrease Java heap size (-Xmx/-Xms)
#   Decrease number of Java threads
#   Decrease Java thread stack sizes (-Xss)
#   Set larger code cache with -XX:ReservedCodeCacheSize=
#   JVM is running with Zero Based Compressed Oops mode in which the Java heap is
#     placed in the first 32GB address space. The Java Heap base address is the
#     maximum limit for the native heap growth. Please use -XX:HeapBaseMinAddress
#     to set the Java Heap base and to place the Java Heap above 32GB virtual address.
# This output file may be truncated or incomplete.
#
#  Out of Memory Error (os_windows.cpp:3769), pid=5660, tid=7700
#
# JRE version:  (17.0.6) (build )
# Java VM: OpenJDK 64-Bit Server VM (17.0.6+0-b2043.56-9586694, mixed mode, sharing, tiered, compressed oops, compressed class ptrs, g1 gc, windows-amd64)
# No core dump will be written. Minidumps are not enabled by default on client versions of Windows
#

---------------  S U M M A R Y ------------

Command Line: 

Host: 11th Gen Intel(R) Core(TM) i7-11800H @ 2.30GHz, 16 cores, 15G,  Windows 10 , 64 bit Build 19041 (10.0.19041.1202)
Time: Sun Jul  2 01:39:44 2023  Windows 10 , 64 bit Build 19041 (10.0.19041.1202) elapsed time: 0.004596 seconds (0d 0h 0m 0s)

---------------  T H R E A D  ---------------

Current thread (0x000001d0e8b56c80):  JavaThread "Unknown thread" [_thread_in_vm, id=7700, stack(0x0000004d19c00000,0x0000004d19d00000)]

Stack: [0x0000004d19c00000,0x0000004d19d00000]
Native frames: (J=compiled Java code, j=interpreted, Vv=VM code, C=native code)
V  [jvm.dll+0x683b4a]
V  [jvm.dll+0x842654]
V  [jvm.dll+0x843dfe]
V  [jvm.dll+0x844463]
V  [jvm.dll+0x249b75]
V  [jvm.dll+0x680a19]
V  [jvm.dll+0x674f0a]
V  [jvm.dll+0x309acb]
V  [jvm.dll+0x310f86]
V  [jvm.dll+0x3608ee]
V  [jvm.dll+0x360b1f]
V  [jvm.dll+0x2dfbf8]
V  [jvm.dll+0x2e0b64]
V  [jvm.dll+0x813f41]
V  [jvm.dll+0x36e6a1]
V  [jvm.dll+0x7f347c]
V  [jvm.dll+0x3f0e8f]
V  [jvm.dll+0x3f29d1]
C  [jli.dll+0x526b]
C  [ucrtbase.dll+0x21bb2]
C  [KERNEL32.DLL+0x17034]
C  [ntdll.dll+0x52651]


---------------  P R O C E S S  ---------------

Threads class SMR info:
_java_thread_list=0x00007ffdc09cc058, length=0, elements={
}

Java Threads: ( => current thread )

Other Threads:
  0x000001d0e8bc41a0 GCTaskThread "GC Thread#0" [stack: 0x0000004d19d00000,0x0000004d19e00000] [id=4696]
  0x000001d0e8bd4d60 ConcurrentGCThread "G1 Main Marker" [stack: 0x0000004d19e00000,0x0000004d19f00000] [id=8616]
  0x000001d0e8bd5f10 ConcurrentGCThread "G1 Conc#0" [stack: 0x0000004d19f00000,0x0000004d1a000000] [id=11464]

[error occurred during error reporting (printing all threads), id 0xc0000005, EXCEPTION_ACCESS_VIOLATION (0xc0000005) at pc=0x00007ffdc0180797]

VM state: not at safepoint (not fully initialized)

VM Mutex/Monitor currently owned by a thread:  ([mutex/lock_event])
[0x000001d0e8b52ec0] Heap_lock - owner thread: 0x000001d0e8b56c80

Heap address: 0x0000000703800000, size: 4040 MB, Compressed Oops mode: Zero based, Oop shift amount: 3

CDS archive(s) mapped at: [0x0000000000000000-0x0000000000000000-0x0000000000000000), size 0, SharedBaseAddress: 0x0000000800000000, ArchiveRelocationMode: 0.
Narrow klass base: 0x0000000000000000, Narrow klass shift: 0, Narrow klass range: 0x0

GC Precious Log:
<Empty>

Heap:
 garbage-first heap   total 0K, used 0K [0x0000000703800000, 0x0000000800000000)
  region size 2048K, 0 young (0K), 0 survivors (0K)

[error occurred during error reporting (printing heap information), id 0xc0000005, EXCEPTION_ACCESS_VIOLATION (0xc0000005) at pc=0x00007ffdc056d939]

GC Heap History (0 events):
No events

Dll operation events (1 events):
Event: 0.003 Loaded shared library D:\install\soft\Android Studio\jbr\bin\java.dll

Deoptimization events (0 events):
No events

Classes unloaded (0 events):
No events

Classes redefined (0 events):
No events

Internal exceptions (0 events):
No events

VM Operations (0 events):
No events

Events (0 events):
No events


Dynamic libraries:
0x00007ff64ea50000 - 0x00007ff64ea5a000 	D:\install\soft\Android Studio\jbr\bin\java.EXE
0x00007ffe16810000 - 0x00007ffe16a05000 	C:\Windows\SYSTEM32\ntdll.dll
0x00007ffe14f90000 - 0x00007ffe1504e000 	C:\Windows\System32\KERNEL32.DLL
0x00007ffe142d0000 - 0x00007ffe14599000 	C:\Windows\System32\KERNELBASE.dll
0x00007ffe13f80000 - 0x00007ffe14080000 	C:\Windows\System32\ucrtbase.dll
0x00007ffdf9c30000 - 0x00007ffdf9c47000 	D:\install\soft\Android Studio\jbr\bin\jli.dll
0x00007ffdf9c10000 - 0x00007ffdf9c2b000 	D:\install\soft\Android Studio\jbr\bin\VCRUNTIME140.dll
0x00007ffe14950000 - 0x00007ffe14af1000 	C:\Windows\System32\USER32.dll
0x00007ffdfc320000 - 0x00007ffdfc5ba000 	C:\Windows\WinSxS\amd64_microsoft.windows.common-controls_6595b64144ccf1df_6.0.19041.1110_none_60b5254171f9507e\COMCTL32.dll
0x00007ffe145a0000 - 0x00007ffe145c2000 	C:\Windows\System32\win32u.dll
0x00007ffe15790000 - 0x00007ffe157bb000 	C:\Windows\System32\GDI32.dll
0x00007ffe161f0000 - 0x00007ffe1628e000 	C:\Windows\System32\msvcrt.dll
0x00007ffe141c0000 - 0x00007ffe142cb000 	C:\Windows\System32\gdi32full.dll
0x00007ffe145d0000 - 0x00007ffe1466d000 	C:\Windows\System32\msvcp_win.dll
0x00007ffe161c0000 - 0x00007ffe161f0000 	C:\Windows\System32\IMM32.DLL
0x00007ffdf9c00000 - 0x00007ffdf9c0c000 	D:\install\soft\Android Studio\jbr\bin\vcruntime140_1.dll
0x00007ffdf9b70000 - 0x00007ffdf9bfd000 	D:\install\soft\Android Studio\jbr\bin\msvcp140.dll
0x00007ffdbfe90000 - 0x00007ffdc0afd000 	D:\install\soft\Android Studio\jbr\bin\server\jvm.dll
0x00007ffe16290000 - 0x00007ffe1633c000 	C:\Windows\System32\ADVAPI32.dll
0x00007ffe158e0000 - 0x00007ffe1597b000 	C:\Windows\System32\sechost.dll
0x00007ffe14be0000 - 0x00007ffe14d0a000 	C:\Windows\System32\RPCRT4.dll
0x00007ffe0d3d0000 - 0x00007ffe0d3d9000 	C:\Windows\SYSTEM32\WSOCK32.dll
0x00007ffdfa050000 - 0x00007ffdfa077000 	C:\Windows\SYSTEM32\WINMM.dll
0x00007ffe15870000 - 0x00007ffe158db000 	C:\Windows\System32\WS2_32.dll
0x00007ffe0aa00000 - 0x00007ffe0aa0a000 	C:\Windows\SYSTEM32\VERSION.dll
0x00007ffe127e0000 - 0x00007ffe127f2000 	C:\Windows\SYSTEM32\kernel.appcore.dll
0x00007ffe0d3c0000 - 0x00007ffe0d3ca000 	D:\install\soft\Android Studio\jbr\bin\jimage.dll
0x00007ffe12300000 - 0x00007ffe124e4000 	C:\Windows\SYSTEM32\DBGHELP.DLL
0x00007ffdff4e0000 - 0x00007ffdff50c000 	C:\Windows\SYSTEM32\dbgcore.DLL
0x00007ffe14130000 - 0x00007ffe141b3000 	C:\Windows\System32\bcryptPrimitives.dll
0x00007ffe0d390000 - 0x00007ffe0d3b5000 	D:\install\soft\Android Studio\jbr\bin\java.dll

dbghelp: loaded successfully - version: 4.0.5 - missing functions: none
symbol engine: initialized successfully - sym options: 0x614 - pdb path: .;D:\install\soft\Android Studio\jbr\bin;C:\Windows\SYSTEM32;C:\Windows\WinSxS\amd64_microsoft.windows.common-controls_6595b64144ccf1df_6.0.19041.1110_none_60b5254171f9507e;D:\install\soft\Android Studio\jbr\bin\server

VM Arguments:
java_command: <unknown>
java_class_path (initial): <not set>
Launcher Type: SUN_STANDARD

[Global flags]
     intx CICompilerCount                          = 12                                        {product} {ergonomic}
     uint ConcGCThreads                            = 3                                         {product} {ergonomic}
     uint G1ConcRefinementThreads                  = 13                                        {product} {ergonomic}
   size_t G1HeapRegionSize                         = 2097152                                   {product} {ergonomic}
    uintx GCDrainStackTargetSize                   = 64                                        {product} {ergonomic}
   size_t InitialHeapSize                          = 266338304                                 {product} {ergonomic}
   size_t MarkStackSize                            = 4194304                                   {product} {ergonomic}
   size_t MaxHeapSize                              = 4236247040                                {product} {ergonomic}
   size_t MinHeapDeltaBytes                        = 2097152                                   {product} {ergonomic}
   size_t MinHeapSize                              = 8388608                                   {product} {ergonomic}
    uintx NonNMethodCodeHeapSize                   = 7602480                                {pd product} {ergonomic}
    uintx NonProfiledCodeHeapSize                  = 122027880                              {pd product} {ergonomic}
    uintx ProfiledCodeHeapSize                     = 122027880                              {pd product} {ergonomic}
    uintx ReservedCodeCacheSize                    = 251658240                              {pd product} {ergonomic}
     bool SegmentedCodeCache                       = true                                      {product} {ergonomic}
   size_t SoftMaxHeapSize                          = 4236247040                             {manageable} {ergonomic}
     bool UseCompressedClassPointers               = true                           {product lp64_product} {ergonomic}
     bool UseCompressedOops                        = true                           {product lp64_product} {ergonomic}
     bool UseG1GC                                  = true                                      {product} {ergonomic}
     bool UseLargePagesIndividualAllocation        = false                                  {pd product} {ergonomic}

Logging:
Log output configuration:
 #0: stdout all=warning uptime,level,tags
 #1: stderr all=off uptime,level,tags

Environment Variables:
PATH=C:\Windows\system32;C:\Windows;C:\Windows\System32\Wbem;C:\Windows\System32\WindowsPowerShell\v1.0\;C:\Windows\System32\OpenSSH\;C:\Program Files\Cloudflare\Cloudflare WARP\;C:\Users\vadymkon\AppData\Local\Microsoft\WindowsApps;;D:\install\soft\flutterSDK\flutter\bin\mingit\cmd
USERNAME=vadymkon
OS=Windows_NT
PROCESSOR_IDENTIFIER=Intel64 Family 6 Model 141 Stepping 1, GenuineIntel
TMP=C:\Temp
TEMP=C:\Temp



---------------  S Y S T E M  ---------------

OS:
 Windows 10 , 64 bit Build 19041 (10.0.19041.1202)
OS uptime: 0 days 1:41 hours

CPU: total 16 (initial active 16) (8 cores per cpu, 2 threads per core) family 6 model 141 stepping 1 microcode 0x34, cx8, cmov, fxsr, ht, mmx, 3dnowpref, sse, sse2, sse3, ssse3, sse4.1, sse4.2, popcnt, lzcnt, tsc, tscinvbit, avx, avx2, aes, erms, clmul, bmi1, bmi2, adx, avx512f, avx512dq, avx512cd, avx512bw, avx512vl, sha, fma, vzeroupper, avx512_vpopcntdq, avx512_vpclmulqdq, avx512_vaes, avx512_vnni, clflush, clflushopt, clwb, avx512_vbmi2, avx512_vbmi

Memory: 4k page, system-wide physical 16155M (3297M free)
TotalPageFile size 16155M (AvailPageFile size 65M)
current process WorkingSet (physical memory assigned to process): 10M, peak: 10M
current process commit charge ("private bytes"): 70M, peak: 324M

vm_info: OpenJDK 64-Bit Server VM (17.0.6+0-b2043.56-9586694) for windows-amd64 JRE (17.0.6+0-b2043.56-9586694), built on Feb  9 2023 20:06:20 by "androidbuild" with MS VC++ 16.10 / 16.11 (VS2019)

END.
