#
# There is insufficient memory for the Java Runtime Environment to continue.
# Native memory allocation (mmap) failed to map 65536 bytes for Failed to commit metaspace.
# Possible reasons:
#   The system is out of physical RAM or swap space
#   The process is running with CompressedOops enabled, and the Java Heap may be blocking the growth of the native heap
# Possible solutions:
#   Reduce memory load on the system
#   Increase physical memory or swap space
#   Check if swap backing store is full
#   Decrease Java heap size (-Xmx/-Xms)
#   Decrease number of Java threads
#   Decrease Java thread stack sizes (-Xss)
#   Set larger code cache with -XX:ReservedCodeCacheSize=
#   JVM is running with Zero Based Compressed Oops mode in which the Java heap is
#     placed in the first 32GB address space. The Java Heap base address is the
#     maximum limit for the native heap growth. Please use -XX:HeapBaseMinAddress
#     to set the Java Heap base and to place the Java Heap above 32GB virtual address.
# This output file may be truncated or incomplete.
#
#  Out of Memory Error (virtualSpaceNode.cpp:110), pid=6196, tid=7428
#
# JRE version: OpenJDK Runtime Environment (17.0.6) (build 17.0.6+0-b2043.56-9586694)
# Java VM: OpenJDK 64-Bit Server VM (17.0.6+0-b2043.56-9586694, mixed mode, tiered, compressed oops, compressed class ptrs, g1 gc, windows-amd64)
# No core dump will be written. Minidumps are not enabled by default on client versions of Windows
#

---------------  S U M M A R Y ------------

Command Line: -Dorg.gradle.appname=gradlew org.gradle.wrapper.GradleWrapperMain -q -Ptarget-platform=android-x64 -Ptarget=D:\vadymkon\Kaiters\apps\witcher_notes\lib\main.dart -Pbase-application-name=android.app.Application -Pdart-defines=Zmx1dHRlci5pbnNwZWN0b3Iuc3RydWN0dXJlZEVycm9ycz10cnVl,RkxVVFRFUl9XRUJfQVVUT19ERVRFQ1Q9dHJ1ZQ==,RkxVVFRFUl9XRUJfQ0FOVkFTS0lUX1VSTD1odHRwczovL3d3dy5nc3RhdGljLmNvbS9mbHV0dGVyLWNhbnZhc2tpdC80NWY2ZTAwOTExMGRmNGYzNGVjMmNmOTlmNjNjZjczYjcxYjdhNDIwLw== -Pdart-obfuscation=false -Ptrack-widget-creation=true -Ptree-shake-icons=false -Pfilesystem-scheme=org-dartlang-root assembleDebug

Host: 11th Gen Intel(R) Core(TM) i7-11800H @ 2.30GHz, 16 cores, 15G,  Windows 10 , 64 bit Build 19041 (10.0.19041.1202)
Time: Thu Jul  6 15:31:21 2023  Windows 10 , 64 bit Build 19041 (10.0.19041.1202) elapsed time: 0.589737 seconds (0d 0h 0m 0s)

---------------  T H R E A D  ---------------

Current thread (0x00000228ed7ab3e0):  JavaThread "main" [_thread_in_vm, id=7428, stack(0x000000a0c3600000,0x000000a0c3700000)]

Stack: [0x000000a0c3600000,0x000000a0c3700000]
Native frames: (J=compiled Java code, j=interpreted, Vv=VM code, C=native code)
V  [jvm.dll+0x683b4a]
V  [jvm.dll+0x842654]
V  [jvm.dll+0x843dfe]
V  [jvm.dll+0x844463]
V  [jvm.dll+0x249b75]
V  [jvm.dll+0x83e6ab]
V  [jvm.dll+0x627fa6]
V  [jvm.dll+0x1c194e]
V  [jvm.dll+0x62a8e1]
V  [jvm.dll+0x628946]
V  [jvm.dll+0x1e8042]
V  [jvm.dll+0x1e7a29]
V  [jvm.dll+0x1ee8e4]
V  [jvm.dll+0x1e3dcc]
V  [jvm.dll+0x547f8d]
V  [jvm.dll+0x7bd285]
V  [jvm.dll+0x7bd39e]
V  [jvm.dll+0x4117ca]
V  [jvm.dll+0x417949]
C  [java.dll+0x17ec]

Java frames: (J=compiled Java code, j=interpreted, Vv=VM code)
J 774  java.lang.ClassLoader.defineClass1(Ljava/lang/ClassLoader;Ljava/lang/String;[BIILjava/security/ProtectionDomain;Ljava/lang/String;)Ljava/lang/Class; java.base@17.0.6 (0 bytes) @ 0x0000022887bdff63 [0x0000022887bdfea0+0x00000000000000c3]
J 817 c1 java.lang.ClassLoader.defineClass(Ljava/lang/String;[BIILjava/security/ProtectionDomain;)Ljava/lang/Class; java.base@17.0.6 (43 bytes) @ 0x000002288017a3dc [0x000002288017a080+0x000000000000035c]
J 836 c1 java.security.SecureClassLoader.defineClass(Ljava/lang/String;[BIILjava/security/CodeSource;)Ljava/lang/Class; java.base@17.0.6 (16 bytes) @ 0x000002288018218c [0x00000228801820c0+0x00000000000000cc]
J 789 c1 java.net.URLClassLoader.defineClass(Ljava/lang/String;Ljdk/internal/loader/Resource;)Ljava/lang/Class; java.base@17.0.6 (224 bytes) @ 0x000002288016be8c [0x000002288016a3c0+0x0000000000001acc]
J 726 c1 java.net.URLClassLoader$1.run()Ljava/lang/Class; java.base@17.0.6 (81 bytes) @ 0x00000228801450ac [0x0000022880144420+0x0000000000000c8c]
J 725 c1 java.net.URLClassLoader$1.run()Ljava/lang/Object; java.base@17.0.6 (5 bytes) @ 0x0000022880143044 [0x0000022880142fc0+0x0000000000000084]
J 614 c1 java.security.AccessController.doPrivileged(Ljava/security/PrivilegedExceptionAction;Ljava/security/AccessControlContext;)Ljava/lang/Object; java.base@17.0.6 (26 bytes) @ 0x00000228800ffd7c [0x00000228800ffba0+0x00000000000001dc]
J 723 c1 java.net.URLClassLoader.findClass(Ljava/lang/String;)Ljava/lang/Class; java.base@17.0.6 (47 bytes) @ 0x00000228801439a4 [0x0000022880143800+0x00000000000001a4]
J 631 c1 java.lang.ClassLoader.loadClass(Ljava/lang/String;Z)Ljava/lang/Class; java.base@17.0.6 (121 bytes) @ 0x000002288010b674 [0x000002288010b0c0+0x00000000000005b4]
J 621 c1 java.lang.ClassLoader.loadClass(Ljava/lang/String;)Ljava/lang/Class; java.base@17.0.6 (7 bytes) @ 0x000002288010364c [0x0000022880103540+0x000000000000010c]
v  ~StubRoutines::call_stub
J 774  java.lang.ClassLoader.defineClass1(Ljava/lang/ClassLoader;Ljava/lang/String;[BIILjava/security/ProtectionDomain;Ljava/lang/String;)Ljava/lang/Class; java.base@17.0.6 (0 bytes) @ 0x0000022887bdff63 [0x0000022887bdfea0+0x00000000000000c3]
J 817 c1 java.lang.ClassLoader.defineClass(Ljava/lang/String;[BIILjava/security/ProtectionDomain;)Ljava/lang/Class; java.base@17.0.6 (43 bytes) @ 0x000002288017a3dc [0x000002288017a080+0x000000000000035c]
J 836 c1 java.security.SecureClassLoader.defineClass(Ljava/lang/String;[BIILjava/security/CodeSource;)Ljava/lang/Class; java.base@17.0.6 (16 bytes) @ 0x000002288018218c [0x00000228801820c0+0x00000000000000cc]
J 789 c1 java.net.URLClassLoader.defineClass(Ljava/lang/String;Ljdk/internal/loader/Resource;)Ljava/lang/Class; java.base@17.0.6 (224 bytes) @ 0x000002288016be8c [0x000002288016a3c0+0x0000000000001acc]
J 726 c1 java.net.URLClassLoader$1.run()Ljava/lang/Class; java.base@17.0.6 (81 bytes) @ 0x00000228801450ac [0x0000022880144420+0x0000000000000c8c]
J 725 c1 java.net.URLClassLoader$1.run()Ljava/lang/Object; java.base@17.0.6 (5 bytes) @ 0x0000022880143044 [0x0000022880142fc0+0x0000000000000084]
J 614 c1 java.security.AccessController.doPrivileged(Ljava/security/PrivilegedExceptionAction;Ljava/security/AccessControlContext;)Ljava/lang/Object; java.base@17.0.6 (26 bytes) @ 0x00000228800ffd7c [0x00000228800ffba0+0x00000000000001dc]
J 723 c1 java.net.URLClassLoader.findClass(Ljava/lang/String;)Ljava/lang/Class; java.base@17.0.6 (47 bytes) @ 0x00000228801439a4 [0x0000022880143800+0x00000000000001a4]
J 631 c1 java.lang.ClassLoader.loadClass(Ljava/lang/String;Z)Ljava/lang/Class; java.base@17.0.6 (121 bytes) @ 0x000002288010b674 [0x000002288010b0c0+0x00000000000005b4]
J 621 c1 java.lang.ClassLoader.loadClass(Ljava/lang/String;)Ljava/lang/Class; java.base@17.0.6 (7 bytes) @ 0x000002288010364c [0x0000022880103540+0x000000000000010c]
v  ~StubRoutines::call_stub
j  org.gradle.cache.internal.SimpleStateCache.deserialize()Ljava/lang/Object;+12
j  org.gradle.cache.internal.SimpleStateCache.access$000(Lorg/gradle/cache/internal/SimpleStateCache;)Ljava/lang/Object;+1
j  org.gradle.cache.internal.SimpleStateCache$1.create()Ljava/lang/Object;+4
j  org.gradle.cache.internal.DefaultFileLockManager$DefaultFileLock.readFile(Lorg/gradle/internal/Factory;)Ljava/lang/Object;+5
j  org.gradle.cache.internal.OnDemandFileAccess.readFile(Lorg/gradle/internal/Factory;)Ljava/lang/Object;+26
j  org.gradle.cache.internal.SimpleStateCache.get()Ljava/lang/Object;+12
j  org.gradle.cache.internal.FileIntegrityViolationSuppressingPersistentStateCacheDecorator.get()Ljava/lang/Object;+4
j  org.gradle.launcher.daemon.registry.PersistentDaemonRegistry.getAll()Ljava/util/List;+13
j  org.gradle.launcher.daemon.client.DefaultDaemonConnector.connect(Lorg/gradle/api/internal/specs/ExplainingSpec;)Lorg/gradle/launcher/daemon/client/DaemonClientConnection;+5
j  org.gradle.launcher.daemon.client.DaemonClient.execute(Lorg/gradle/internal/invocation/BuildAction;Lorg/gradle/launcher/exec/BuildActionParameters;Lorg/gradle/initialization/BuildRequestContext;)Lorg/gradle/launcher/exec/BuildActionResult;+62
j  org.gradle.launcher.daemon.client.DaemonClient.execute(Lorg/gradle/internal/invocation/BuildAction;Ljava/lang/Object;Ljava/lang/Object;)Lorg/gradle/launcher/exec/BuildActionResult;+10
j  org.gradle.launcher.cli.RunBuildAction.run()V+74
j  org.gradle.internal.Actions$RunnableActionAdapter.execute(Ljava/lang/Object;)V+4
j  org.gradle.launcher.cli.DefaultCommandLineActionFactory$ParseAndBuildAction.execute(Lorg/gradle/launcher/bootstrap/ExecutionListener;)V+60
j  org.gradle.launcher.cli.DefaultCommandLineActionFactory$ParseAndBuildAction.execute(Ljava/lang/Object;)V+5
j  org.gradle.launcher.cli.DebugLoggerWarningAction.execute(Lorg/gradle/launcher/bootstrap/ExecutionListener;)V+9
j  org.gradle.launcher.cli.DebugLoggerWarningAction.execute(Ljava/lang/Object;)V+5
j  org.gradle.launcher.cli.WelcomeMessageAction.execute(Lorg/gradle/launcher/bootstrap/ExecutionListener;)V+218
j  org.gradle.launcher.cli.WelcomeMessageAction.execute(Ljava/lang/Object;)V+5
j  org.gradle.launcher.cli.NativeServicesInitializingAction.execute(Lorg/gradle/launcher/bootstrap/ExecutionListener;)V+35
j  org.gradle.launcher.cli.NativeServicesInitializingAction.execute(Ljava/lang/Object;)V+5
j  org.gradle.launcher.cli.ExceptionReportingAction.execute(Lorg/gradle/launcher/bootstrap/ExecutionListener;)V+5
j  org.gradle.launcher.cli.ExceptionReportingAction.execute(Ljava/lang/Object;)V+5
j  org.gradle.launcher.cli.DefaultCommandLineActionFactory$WithLogging.execute(Lorg/gradle/launcher/bootstrap/ExecutionListener;)V+299
j  org.gradle.launcher.Main.doAction([Ljava/lang/String;Lorg/gradle/launcher/bootstrap/ExecutionListener;)V+14
j  org.gradle.launcher.bootstrap.EntryPoint.run([Ljava/lang/String;)V+12
v  ~StubRoutines::call_stub
j  jdk.internal.reflect.NativeMethodAccessorImpl.invoke0(Ljava/lang/reflect/Method;Ljava/lang/Object;[Ljava/lang/Object;)Ljava/lang/Object;+0 java.base@17.0.6
j  jdk.internal.reflect.NativeMethodAccessorImpl.invoke(Ljava/lang/Object;[Ljava/lang/Object;)Ljava/lang/Object;+133 java.base@17.0.6
j  jdk.internal.reflect.DelegatingMethodAccessorImpl.invoke(Ljava/lang/Object;[Ljava/lang/Object;)Ljava/lang/Object;+6 java.base@17.0.6
j  java.lang.reflect.Method.invoke(Ljava/lang/Object;[Ljava/lang/Object;)Ljava/lang/Object;+59 java.base@17.0.6
j  org.gradle.launcher.bootstrap.ProcessBootstrap.runNoExit(Ljava/lang/String;[Ljava/lang/String;)V+159
j  org.gradle.launcher.bootstrap.ProcessBootstrap.run(Ljava/lang/String;[Ljava/lang/String;)V+2
v  ~StubRoutines::call_stub
j  jdk.internal.reflect.NativeMethodAccessorImpl.invoke0(Ljava/lang/reflect/Method;Ljava/lang/Object;[Ljava/lang/Object;)Ljava/lang/Object;+0 java.base@17.0.6
j  jdk.internal.reflect.NativeMethodAccessorImpl.invoke(Ljava/lang/Object;[Ljava/lang/Object;)Ljava/lang/Object;+133 java.base@17.0.6
j  jdk.internal.reflect.DelegatingMethodAccessorImpl.invoke(Ljava/lang/Object;[Ljava/lang/Object;)Ljava/lang/Object;+6 java.base@17.0.6
j  java.lang.reflect.Method.invoke(Ljava/lang/Object;[Ljava/lang/Object;)Ljava/lang/Object;+59 java.base@17.0.6
j  org.gradle.launcher.GradleMain.main([Ljava/lang/String;)V+100
v  ~StubRoutines::call_stub
j  jdk.internal.reflect.NativeMethodAccessorImpl.invoke0(Ljava/lang/reflect/Method;Ljava/lang/Object;[Ljava/lang/Object;)Ljava/lang/Object;+0 java.base@17.0.6
j  jdk.internal.reflect.NativeMethodAccessorImpl.invoke(Ljava/lang/Object;[Ljava/lang/Object;)Ljava/lang/Object;+133 java.base@17.0.6
j  jdk.internal.reflect.DelegatingMethodAccessorImpl.invoke(Ljava/lang/Object;[Ljava/lang/Object;)Ljava/lang/Object;+6 java.base@17.0.6
j  java.lang.reflect.Method.invoke(Ljava/lang/Object;[Ljava/lang/Object;)Ljava/lang/Object;+59 java.base@17.0.6
j  org.gradle.wrapper.BootstrapMainStarter.start([Ljava/lang/String;Ljava/io/File;)V+82
j  org.gradle.wrapper.WrapperExecutor.execute([Ljava/lang/String;Lorg/gradle/wrapper/Install;Lorg/gradle/wrapper/BootstrapMainStarter;)V+14
j  org.gradle.wrapper.GradleWrapperMain.main([Ljava/lang/String;)V+190
v  ~StubRoutines::call_stub

---------------  P R O C E S S  ---------------

Threads class SMR info:
_java_thread_list=0x00000228905a66c0, length=18, elements={
0x00000228ed7ab3e0, 0x00000228ffb1a770, 0x00000228ffb1b4b0, 0x00000228ffb50170,
0x00000228ffb50c30, 0x00000228ffb55510, 0x00000228ffb72770, 0x00000228ffb74040,
0x00000228ffb77ef0, 0x00000228ffb787f0, 0x00000228ffcd3f30, 0x00000228ffcd4440,
0x00000228ffce09e0, 0x00000228ffcec130, 0x000002288f8f51b0, 0x000002289010e4f0,
0x0000022890442930, 0x00000228907066c0
}

Java Threads: ( => current thread )
=>0x00000228ed7ab3e0 JavaThread "main" [_thread_in_vm, id=7428, stack(0x000000a0c3600000,0x000000a0c3700000)]
  0x00000228ffb1a770 JavaThread "Reference Handler" daemon [_thread_blocked, id=9264, stack(0x000000a0c3d00000,0x000000a0c3e00000)]
  0x00000228ffb1b4b0 JavaThread "Finalizer" daemon [_thread_blocked, id=716, stack(0x000000a0c3e00000,0x000000a0c3f00000)]
  0x00000228ffb50170 JavaThread "Signal Dispatcher" daemon [_thread_blocked, id=10864, stack(0x000000a0c3f00000,0x000000a0c4000000)]
  0x00000228ffb50c30 JavaThread "Attach Listener" daemon [_thread_blocked, id=2640, stack(0x000000a0c4000000,0x000000a0c4100000)]
  0x00000228ffb55510 JavaThread "Service Thread" daemon [_thread_blocked, id=9404, stack(0x000000a0c4100000,0x000000a0c4200000)]
  0x00000228ffb72770 JavaThread "Monitor Deflation Thread" daemon [_thread_blocked, id=10268, stack(0x000000a0c4200000,0x000000a0c4300000)]
  0x00000228ffb74040 JavaThread "C2 CompilerThread0" daemon [_thread_blocked, id=10764, stack(0x000000a0c4300000,0x000000a0c4400000)]
  0x00000228ffb77ef0 JavaThread "C1 CompilerThread0" daemon [_thread_blocked, id=9232, stack(0x000000a0c4400000,0x000000a0c4500000)]
  0x00000228ffb787f0 JavaThread "Sweeper thread" daemon [_thread_blocked, id=1052, stack(0x000000a0c4500000,0x000000a0c4600000)]
  0x00000228ffcd3f30 JavaThread "C1 CompilerThread1" daemon [_thread_blocked, id=3624, stack(0x000000a0c4600000,0x000000a0c4700000)]
  0x00000228ffcd4440 JavaThread "C1 CompilerThread2" daemon [_thread_blocked, id=2820, stack(0x000000a0c4700000,0x000000a0c4800000)]
  0x00000228ffce09e0 JavaThread "Notification Thread" daemon [_thread_blocked, id=12000, stack(0x000000a0c4800000,0x000000a0c4900000)]
  0x00000228ffcec130 JavaThread "Common-Cleaner" daemon [_thread_blocked, id=11832, stack(0x000000a0c4a00000,0x000000a0c4b00000)]
  0x000002288f8f51b0 JavaThread "C2 CompilerThread1" daemon [_thread_blocked, id=5712, stack(0x000000a0c4b00000,0x000000a0c4c00000)]
  0x000002289010e4f0 JavaThread "C1 CompilerThread3" daemon [_thread_blocked, id=3768, stack(0x000000a0c4c00000,0x000000a0c4d00000)]
  0x0000022890442930 JavaThread "C2 CompilerThread2" daemon [_thread_blocked, id=7568, stack(0x000000a0c5200000,0x000000a0c5300000)]
  0x00000228907066c0 JavaThread "pool-1-thread-1" [_thread_blocked, id=3740, stack(0x000000a0c5300000,0x000000a0c5400000)]

Other Threads:
  0x00000228ffb17530 VMThread "VM Thread" [stack: 0x000000a0c3c00000,0x000000a0c3d00000] [id=10472]
  0x00000228ffce3a90 WatcherThread [stack: 0x000000a0c4900000,0x000000a0c4a00000] [id=3020]
  0x00000228ed818910 GCTaskThread "GC Thread#0" [stack: 0x000000a0c3700000,0x000000a0c3800000] [id=11172]
  0x00000228903f2220 GCTaskThread "GC Thread#1" [stack: 0x000000a0c4d00000,0x000000a0c4e00000] [id=11964]
  0x0000022890215e70 GCTaskThread "GC Thread#2" [stack: 0x000000a0c4e00000,0x000000a0c4f00000] [id=1176]
  0x000002288fddc5d0 GCTaskThread "GC Thread#3" [stack: 0x000000a0c4f00000,0x000000a0c5000000] [id=11160]
  0x000002288fcb6da0 GCTaskThread "GC Thread#4" [stack: 0x000000a0c5000000,0x000000a0c5100000] [id=11928]
  0x00000228900ddd70 GCTaskThread "GC Thread#5" [stack: 0x000000a0c5100000,0x000000a0c5200000] [id=8360]
  0x00000228ed82c400 ConcurrentGCThread "G1 Main Marker" [stack: 0x000000a0c3800000,0x000000a0c3900000] [id=6804]
  0x00000228ed82cd20 ConcurrentGCThread "G1 Conc#0" [stack: 0x000000a0c3900000,0x000000a0c3a00000] [id=11600]
  0x00000228ff96cb50 ConcurrentGCThread "G1 Refine#0" [stack: 0x000000a0c3a00000,0x000000a0c3b00000] [id=2484]
  0x00000228ff96d480 ConcurrentGCThread "G1 Service" [stack: 0x000000a0c3b00000,0x000000a0c3c00000] [id=9688]

Threads with active compile tasks:

VM state: not at safepoint (normal execution)

VM Mutex/Monitor currently owned by a thread:  ([mutex/lock_event])
[0x00000228ed7a4580] Metaspace_lock - owner thread: 0x00000228ed7ab3e0

Heap address: 0x0000000703800000, size: 4040 MB, Compressed Oops mode: Zero based, Oop shift amount: 3

CDS archive(s) not mapped
Compressed class space mapped at: 0x0000000800000000-0x0000000840000000, reserved size: 1073741824
Narrow klass base: 0x0000000800000000, Narrow klass shift: 0, Narrow klass range: 0x40000000

GC Precious Log:
 CPUs: 16 total, 16 available
 Memory: 16155M
 Large Page Support: Disabled
 NUMA Support: Disabled
 Compressed Oops: Enabled (Zero based)
 Heap Region Size: 2M
 Heap Min Capacity: 8M
 Heap Initial Capacity: 254M
 Heap Max Capacity: 4040M
 Pre-touch: Disabled
 Parallel Workers: 13
 Concurrent Workers: 3
 Concurrent Refinement Workers: 13
 Periodic GC: Disabled

Heap:
 garbage-first heap   total 260096K, used 22251K [0x0000000703800000, 0x0000000800000000)
  region size 2048K, 9 young (18432K), 2 survivors (4096K)
 Metaspace       used 14865K, committed 15040K, reserved 1064960K
  class space    used 1732K, committed 1856K, reserved 1048576K

Heap Regions: E=young(eden), S=young(survivor), O=old, HS=humongous(starts), HC=humongous(continues), CS=collection set, F=free, OA=open archive, CA=closed archive, TAMS=top-at-mark-start (previous, next)
|   0|0x0000000703800000, 0x0000000703800000, 0x0000000703a00000|  0%| F|  |TAMS 0x0000000703800000, 0x0000000703800000| Untracked 
|   1|0x0000000703a00000, 0x0000000703a00000, 0x0000000703c00000|  0%| F|  |TAMS 0x0000000703a00000, 0x0000000703a00000| Untracked 
|   2|0x0000000703c00000, 0x0000000703e00000, 0x0000000703e00000|100%|HS|  |TAMS 0x0000000703c00000, 0x0000000703c00000| Complete 
|   3|0x0000000703e00000, 0x0000000704000000, 0x0000000704000000|100%|HC|  |TAMS 0x0000000703e00000, 0x0000000703e00000| Complete 
|   4|0x0000000704000000, 0x00000007041bac00, 0x0000000704200000| 86%| O|  |TAMS 0x0000000704000000, 0x0000000704000000| Untracked 
|   5|0x0000000704200000, 0x0000000704200000, 0x0000000704400000|  0%| F|  |TAMS 0x0000000704200000, 0x0000000704200000| Untracked 
|   6|0x0000000704400000, 0x0000000704400000, 0x0000000704600000|  0%| F|  |TAMS 0x0000000704400000, 0x0000000704400000| Untracked 
|   7|0x0000000704600000, 0x0000000704600000, 0x0000000704800000|  0%| F|  |TAMS 0x0000000704600000, 0x0000000704600000| Untracked 
|   8|0x0000000704800000, 0x0000000704800000, 0x0000000704a00000|  0%| F|  |TAMS 0x0000000704800000, 0x0000000704800000| Untracked 
|   9|0x0000000704a00000, 0x0000000704a00000, 0x0000000704c00000|  0%| F|  |TAMS 0x0000000704a00000, 0x0000000704a00000| Untracked 
|  10|0x0000000704c00000, 0x0000000704c00000, 0x0000000704e00000|  0%| F|  |TAMS 0x0000000704c00000, 0x0000000704c00000| Untracked 
|  11|0x0000000704e00000, 0x0000000704e00000, 0x0000000705000000|  0%| F|  |TAMS 0x0000000704e00000, 0x0000000704e00000| Untracked 
|  12|0x0000000705000000, 0x0000000705000000, 0x0000000705200000|  0%| F|  |TAMS 0x0000000705000000, 0x0000000705000000| Untracked 
|  13|0x0000000705200000, 0x0000000705200000, 0x0000000705400000|  0%| F|  |TAMS 0x0000000705200000, 0x0000000705200000| Untracked 
|  14|0x0000000705400000, 0x0000000705400000, 0x0000000705600000|  0%| F|  |TAMS 0x0000000705400000, 0x0000000705400000| Untracked 
|  15|0x0000000705600000, 0x0000000705600000, 0x0000000705800000|  0%| F|  |TAMS 0x0000000705600000, 0x0000000705600000| Untracked 
|  16|0x0000000705800000, 0x0000000705800000, 0x0000000705a00000|  0%| F|  |TAMS 0x0000000705800000, 0x0000000705800000| Untracked 
|  17|0x0000000705a00000, 0x0000000705a00000, 0x0000000705c00000|  0%| F|  |TAMS 0x0000000705a00000, 0x0000000705a00000| Untracked 
|  18|0x0000000705c00000, 0x0000000705c00000, 0x0000000705e00000|  0%| F|  |TAMS 0x0000000705c00000, 0x0000000705c00000| Untracked 
|  19|0x0000000705e00000, 0x0000000705e00000, 0x0000000706000000|  0%| F|  |TAMS 0x0000000705e00000, 0x0000000705e00000| Untracked 
|  20|0x0000000706000000, 0x0000000706000000, 0x0000000706200000|  0%| F|  |TAMS 0x0000000706000000, 0x0000000706000000| Untracked 
|  21|0x0000000706200000, 0x0000000706200000, 0x0000000706400000|  0%| F|  |TAMS 0x0000000706200000, 0x0000000706200000| Untracked 
|  22|0x0000000706400000, 0x0000000706400000, 0x0000000706600000|  0%| F|  |TAMS 0x0000000706400000, 0x0000000706400000| Untracked 
|  23|0x0000000706600000, 0x0000000706600000, 0x0000000706800000|  0%| F|  |TAMS 0x0000000706600000, 0x0000000706600000| Untracked 
|  24|0x0000000706800000, 0x0000000706800000, 0x0000000706a00000|  0%| F|  |TAMS 0x0000000706800000, 0x0000000706800000| Untracked 
|  25|0x0000000706a00000, 0x0000000706a00000, 0x0000000706c00000|  0%| F|  |TAMS 0x0000000706a00000, 0x0000000706a00000| Untracked 
|  26|0x0000000706c00000, 0x0000000706c00000, 0x0000000706e00000|  0%| F|  |TAMS 0x0000000706c00000, 0x0000000706c00000| Untracked 
|  27|0x0000000706e00000, 0x0000000706e00000, 0x0000000707000000|  0%| F|  |TAMS 0x0000000706e00000, 0x0000000706e00000| Untracked 
|  28|0x0000000707000000, 0x0000000707000000, 0x0000000707200000|  0%| F|  |TAMS 0x0000000707000000, 0x0000000707000000| Untracked 
|  29|0x0000000707200000, 0x0000000707200000, 0x0000000707400000|  0%| F|  |TAMS 0x0000000707200000, 0x0000000707200000| Untracked 
|  30|0x0000000707400000, 0x0000000707400000, 0x0000000707600000|  0%| F|  |TAMS 0x0000000707400000, 0x0000000707400000| Untracked 
|  31|0x0000000707600000, 0x0000000707600000, 0x0000000707800000|  0%| F|  |TAMS 0x0000000707600000, 0x0000000707600000| Untracked 
|  32|0x0000000707800000, 0x0000000707800000, 0x0000000707a00000|  0%| F|  |TAMS 0x0000000707800000, 0x0000000707800000| Untracked 
|  33|0x0000000707a00000, 0x0000000707a00000, 0x0000000707c00000|  0%| F|  |TAMS 0x0000000707a00000, 0x0000000707a00000| Untracked 
|  34|0x0000000707c00000, 0x0000000707c00000, 0x0000000707e00000|  0%| F|  |TAMS 0x0000000707c00000, 0x0000000707c00000| Untracked 
|  35|0x0000000707e00000, 0x0000000707e00000, 0x0000000708000000|  0%| F|  |TAMS 0x0000000707e00000, 0x0000000707e00000| Untracked 
|  36|0x0000000708000000, 0x0000000708000000, 0x0000000708200000|  0%| F|  |TAMS 0x0000000708000000, 0x0000000708000000| Untracked 
|  37|0x0000000708200000, 0x0000000708200000, 0x0000000708400000|  0%| F|  |TAMS 0x0000000708200000, 0x0000000708200000| Untracked 
|  38|0x0000000708400000, 0x0000000708400000, 0x0000000708600000|  0%| F|  |TAMS 0x0000000708400000, 0x0000000708400000| Untracked 
|  39|0x0000000708600000, 0x0000000708600000, 0x0000000708800000|  0%| F|  |TAMS 0x0000000708600000, 0x0000000708600000| Untracked 
|  40|0x0000000708800000, 0x0000000708800000, 0x0000000708a00000|  0%| F|  |TAMS 0x0000000708800000, 0x0000000708800000| Untracked 
|  41|0x0000000708a00000, 0x0000000708a00000, 0x0000000708c00000|  0%| F|  |TAMS 0x0000000708a00000, 0x0000000708a00000| Untracked 
|  42|0x0000000708c00000, 0x0000000708c00000, 0x0000000708e00000|  0%| F|  |TAMS 0x0000000708c00000, 0x0000000708c00000| Untracked 
|  43|0x0000000708e00000, 0x0000000708e00000, 0x0000000709000000|  0%| F|  |TAMS 0x0000000708e00000, 0x0000000708e00000| Untracked 
|  44|0x0000000709000000, 0x0000000709000000, 0x0000000709200000|  0%| F|  |TAMS 0x0000000709000000, 0x0000000709000000| Untracked 
|  45|0x0000000709200000, 0x0000000709200000, 0x0000000709400000|  0%| F|  |TAMS 0x0000000709200000, 0x0000000709200000| Untracked 
|  46|0x0000000709400000, 0x0000000709400000, 0x0000000709600000|  0%| F|  |TAMS 0x0000000709400000, 0x0000000709400000| Untracked 
|  47|0x0000000709600000, 0x0000000709600000, 0x0000000709800000|  0%| F|  |TAMS 0x0000000709600000, 0x0000000709600000| Untracked 
|  48|0x0000000709800000, 0x0000000709800000, 0x0000000709a00000|  0%| F|  |TAMS 0x0000000709800000, 0x0000000709800000| Untracked 
|  49|0x0000000709a00000, 0x0000000709a00000, 0x0000000709c00000|  0%| F|  |TAMS 0x0000000709a00000, 0x0000000709a00000| Untracked 
|  50|0x0000000709c00000, 0x0000000709c00000, 0x0000000709e00000|  0%| F|  |TAMS 0x0000000709c00000, 0x0000000709c00000| Untracked 
|  51|0x0000000709e00000, 0x0000000709e00000, 0x000000070a000000|  0%| F|  |TAMS 0x0000000709e00000, 0x0000000709e00000| Untracked 
|  52|0x000000070a000000, 0x000000070a000000, 0x000000070a200000|  0%| F|  |TAMS 0x000000070a000000, 0x000000070a000000| Untracked 
|  53|0x000000070a200000, 0x000000070a200000, 0x000000070a400000|  0%| F|  |TAMS 0x000000070a200000, 0x000000070a200000| Untracked 
|  54|0x000000070a400000, 0x000000070a400000, 0x000000070a600000|  0%| F|  |TAMS 0x000000070a400000, 0x000000070a400000| Untracked 
|  55|0x000000070a600000, 0x000000070a600000, 0x000000070a800000|  0%| F|  |TAMS 0x000000070a600000, 0x000000070a600000| Untracked 
|  56|0x000000070a800000, 0x000000070a800000, 0x000000070aa00000|  0%| F|  |TAMS 0x000000070a800000, 0x000000070a800000| Untracked 
|  57|0x000000070aa00000, 0x000000070aa00000, 0x000000070ac00000|  0%| F|  |TAMS 0x000000070aa00000, 0x000000070aa00000| Untracked 
|  58|0x000000070ac00000, 0x000000070ac00000, 0x000000070ae00000|  0%| F|  |TAMS 0x000000070ac00000, 0x000000070ac00000| Untracked 
|  59|0x000000070ae00000, 0x000000070ae00000, 0x000000070b000000|  0%| F|  |TAMS 0x000000070ae00000, 0x000000070ae00000| Untracked 
|  60|0x000000070b000000, 0x000000070b000000, 0x000000070b200000|  0%| F|  |TAMS 0x000000070b000000, 0x000000070b000000| Untracked 
|  61|0x000000070b200000, 0x000000070b200000, 0x000000070b400000|  0%| F|  |TAMS 0x000000070b200000, 0x000000070b200000| Untracked 
|  62|0x000000070b400000, 0x000000070b400000, 0x000000070b600000|  0%| F|  |TAMS 0x000000070b400000, 0x000000070b400000| Untracked 
|  63|0x000000070b600000, 0x000000070b600000, 0x000000070b800000|  0%| F|  |TAMS 0x000000070b600000, 0x000000070b600000| Untracked 
|  64|0x000000070b800000, 0x000000070b800000, 0x000000070ba00000|  0%| F|  |TAMS 0x000000070b800000, 0x000000070b800000| Untracked 
|  65|0x000000070ba00000, 0x000000070ba00000, 0x000000070bc00000|  0%| F|  |TAMS 0x000000070ba00000, 0x000000070ba00000| Untracked 
|  66|0x000000070bc00000, 0x000000070bc00000, 0x000000070be00000|  0%| F|  |TAMS 0x000000070bc00000, 0x000000070bc00000| Untracked 
|  67|0x000000070be00000, 0x000000070be00000, 0x000000070c000000|  0%| F|  |TAMS 0x000000070be00000, 0x000000070be00000| Untracked 
|  68|0x000000070c000000, 0x000000070c000000, 0x000000070c200000|  0%| F|  |TAMS 0x000000070c000000, 0x000000070c000000| Untracked 
|  69|0x000000070c200000, 0x000000070c200000, 0x000000070c400000|  0%| F|  |TAMS 0x000000070c200000, 0x000000070c200000| Untracked 
|  70|0x000000070c400000, 0x000000070c400000, 0x000000070c600000|  0%| F|  |TAMS 0x000000070c400000, 0x000000070c400000| Untracked 
|  71|0x000000070c600000, 0x000000070c600000, 0x000000070c800000|  0%| F|  |TAMS 0x000000070c600000, 0x000000070c600000| Untracked 
|  72|0x000000070c800000, 0x000000070c800000, 0x000000070ca00000|  0%| F|  |TAMS 0x000000070c800000, 0x000000070c800000| Untracked 
|  73|0x000000070ca00000, 0x000000070ca00000, 0x000000070cc00000|  0%| F|  |TAMS 0x000000070ca00000, 0x000000070ca00000| Untracked 
|  74|0x000000070cc00000, 0x000000070cc00000, 0x000000070ce00000|  0%| F|  |TAMS 0x000000070cc00000, 0x000000070cc00000| Untracked 
|  75|0x000000070ce00000, 0x000000070ce00000, 0x000000070d000000|  0%| F|  |TAMS 0x000000070ce00000, 0x000000070ce00000| Untracked 
|  76|0x000000070d000000, 0x000000070d000000, 0x000000070d200000|  0%| F|  |TAMS 0x000000070d000000, 0x000000070d000000| Untracked 
|  77|0x000000070d200000, 0x000000070d200000, 0x000000070d400000|  0%| F|  |TAMS 0x000000070d200000, 0x000000070d200000| Untracked 
|  78|0x000000070d400000, 0x000000070d400000, 0x000000070d600000|  0%| F|  |TAMS 0x000000070d400000, 0x000000070d400000| Untracked 
|  79|0x000000070d600000, 0x000000070d600000, 0x000000070d800000|  0%| F|  |TAMS 0x000000070d600000, 0x000000070d600000| Untracked 
|  80|0x000000070d800000, 0x000000070d800000, 0x000000070da00000|  0%| F|  |TAMS 0x000000070d800000, 0x000000070d800000| Untracked 
|  81|0x000000070da00000, 0x000000070da00000, 0x000000070dc00000|  0%| F|  |TAMS 0x000000070da00000, 0x000000070da00000| Untracked 
|  82|0x000000070dc00000, 0x000000070dc00000, 0x000000070de00000|  0%| F|  |TAMS 0x000000070dc00000, 0x000000070dc00000| Untracked 
|  83|0x000000070de00000, 0x000000070de00000, 0x000000070e000000|  0%| F|  |TAMS 0x000000070de00000, 0x000000070de00000| Untracked 
|  84|0x000000070e000000, 0x000000070e000000, 0x000000070e200000|  0%| F|  |TAMS 0x000000070e000000, 0x000000070e000000| Untracked 
|  85|0x000000070e200000, 0x000000070e200000, 0x000000070e400000|  0%| F|  |TAMS 0x000000070e200000, 0x000000070e200000| Untracked 
|  86|0x000000070e400000, 0x000000070e400000, 0x000000070e600000|  0%| F|  |TAMS 0x000000070e400000, 0x000000070e400000| Untracked 
|  87|0x000000070e600000, 0x000000070e600000, 0x000000070e800000|  0%| F|  |TAMS 0x000000070e600000, 0x000000070e600000| Untracked 
|  88|0x000000070e800000, 0x000000070e800000, 0x000000070ea00000|  0%| F|  |TAMS 0x000000070e800000, 0x000000070e800000| Untracked 
|  89|0x000000070ea00000, 0x000000070ea00000, 0x000000070ec00000|  0%| F|  |TAMS 0x000000070ea00000, 0x000000070ea00000| Untracked 
|  90|0x000000070ec00000, 0x000000070ec00000, 0x000000070ee00000|  0%| F|  |TAMS 0x000000070ec00000, 0x000000070ec00000| Untracked 
|  91|0x000000070ee00000, 0x000000070ee00000, 0x000000070f000000|  0%| F|  |TAMS 0x000000070ee00000, 0x000000070ee00000| Untracked 
|  92|0x000000070f000000, 0x000000070f000000, 0x000000070f200000|  0%| F|  |TAMS 0x000000070f000000, 0x000000070f000000| Untracked 
|  93|0x000000070f200000, 0x000000070f200000, 0x000000070f400000|  0%| F|  |TAMS 0x000000070f200000, 0x000000070f200000| Untracked 
|  94|0x000000070f400000, 0x000000070f400000, 0x000000070f600000|  0%| F|  |TAMS 0x000000070f400000, 0x000000070f400000| Untracked 
|  95|0x000000070f600000, 0x000000070f600000, 0x000000070f800000|  0%| F|  |TAMS 0x000000070f600000, 0x000000070f600000| Untracked 
|  96|0x000000070f800000, 0x000000070f800000, 0x000000070fa00000|  0%| F|  |TAMS 0x000000070f800000, 0x000000070f800000| Untracked 
|  97|0x000000070fa00000, 0x000000070fa00000, 0x000000070fc00000|  0%| F|  |TAMS 0x000000070fa00000, 0x000000070fa00000| Untracked 
|  98|0x000000070fc00000, 0x000000070fc00000, 0x000000070fe00000|  0%| F|  |TAMS 0x000000070fc00000, 0x000000070fc00000| Untracked 
|  99|0x000000070fe00000, 0x000000070fe00000, 0x0000000710000000|  0%| F|  |TAMS 0x000000070fe00000, 0x000000070fe00000| Untracked 
| 100|0x0000000710000000, 0x0000000710000000, 0x0000000710200000|  0%| F|  |TAMS 0x0000000710000000, 0x0000000710000000| Untracked 
| 101|0x0000000710200000, 0x0000000710200000, 0x0000000710400000|  0%| F|  |TAMS 0x0000000710200000, 0x0000000710200000| Untracked 
| 102|0x0000000710400000, 0x0000000710400000, 0x0000000710600000|  0%| F|  |TAMS 0x0000000710400000, 0x0000000710400000| Untracked 
| 103|0x0000000710600000, 0x0000000710600000, 0x0000000710800000|  0%| F|  |TAMS 0x0000000710600000, 0x0000000710600000| Untracked 
| 104|0x0000000710800000, 0x0000000710800000, 0x0000000710a00000|  0%| F|  |TAMS 0x0000000710800000, 0x0000000710800000| Untracked 
| 105|0x0000000710a00000, 0x0000000710a00000, 0x0000000710c00000|  0%| F|  |TAMS 0x0000000710a00000, 0x0000000710a00000| Untracked 
| 106|0x0000000710c00000, 0x0000000710c00000, 0x0000000710e00000|  0%| F|  |TAMS 0x0000000710c00000, 0x0000000710c00000| Untracked 
| 107|0x0000000710e00000, 0x0000000710e00000, 0x0000000711000000|  0%| F|  |TAMS 0x0000000710e00000, 0x0000000710e00000| Untracked 
| 108|0x0000000711000000, 0x0000000711000000, 0x0000000711200000|  0%| F|  |TAMS 0x0000000711000000, 0x0000000711000000| Untracked 
| 109|0x0000000711200000, 0x0000000711200000, 0x0000000711400000|  0%| F|  |TAMS 0x0000000711200000, 0x0000000711200000| Untracked 
| 110|0x0000000711400000, 0x0000000711400000, 0x0000000711600000|  0%| F|  |TAMS 0x0000000711400000, 0x0000000711400000| Untracked 
| 111|0x0000000711600000, 0x0000000711600000, 0x0000000711800000|  0%| F|  |TAMS 0x0000000711600000, 0x0000000711600000| Untracked 
| 112|0x0000000711800000, 0x0000000711800000, 0x0000000711a00000|  0%| F|  |TAMS 0x0000000711800000, 0x0000000711800000| Untracked 
| 113|0x0000000711a00000, 0x0000000711a00000, 0x0000000711c00000|  0%| F|  |TAMS 0x0000000711a00000, 0x0000000711a00000| Untracked 
| 114|0x0000000711c00000, 0x0000000711e00000, 0x0000000711e00000|100%| S|CS|TAMS 0x0000000711c00000, 0x0000000711c00000| Complete 
| 115|0x0000000711e00000, 0x0000000712000000, 0x0000000712000000|100%| S|CS|TAMS 0x0000000711e00000, 0x0000000711e00000| Complete 
| 116|0x0000000712000000, 0x0000000712000000, 0x0000000712200000|  0%| F|  |TAMS 0x0000000712000000, 0x0000000712000000| Untracked 
| 117|0x0000000712200000, 0x0000000712200000, 0x0000000712400000|  0%| F|  |TAMS 0x0000000712200000, 0x0000000712200000| Untracked 
| 118|0x0000000712400000, 0x0000000712400000, 0x0000000712600000|  0%| F|  |TAMS 0x0000000712400000, 0x0000000712400000| Untracked 
| 119|0x0000000712600000, 0x0000000712600000, 0x0000000712800000|  0%| F|  |TAMS 0x0000000712600000, 0x0000000712600000| Untracked 
| 120|0x0000000712800000, 0x000000071290c900, 0x0000000712a00000| 52%| E|  |TAMS 0x0000000712800000, 0x0000000712800000| Complete 
| 121|0x0000000712a00000, 0x0000000712c00000, 0x0000000712c00000|100%| E|CS|TAMS 0x0000000712a00000, 0x0000000712a00000| Complete 
| 122|0x0000000712c00000, 0x0000000712e00000, 0x0000000712e00000|100%| E|CS|TAMS 0x0000000712c00000, 0x0000000712c00000| Complete 
| 123|0x0000000712e00000, 0x0000000713000000, 0x0000000713000000|100%| E|CS|TAMS 0x0000000712e00000, 0x0000000712e00000| Complete 
| 124|0x0000000713000000, 0x0000000713200000, 0x0000000713200000|100%| E|CS|TAMS 0x0000000713000000, 0x0000000713000000| Complete 
| 125|0x0000000713200000, 0x0000000713400000, 0x0000000713400000|100%| E|CS|TAMS 0x0000000713200000, 0x0000000713200000| Complete 
| 126|0x0000000713400000, 0x0000000713600000, 0x0000000713600000|100%| E|CS|TAMS 0x0000000713400000, 0x0000000713400000| Complete 

Card table byte_map: [0x00000228f3bf0000,0x00000228f43e0000] _byte_map_base: 0x00000228f03d4000

Marking Bits (Prev, Next): (CMBitMap*) 0x00000228ed819e40, (CMBitMap*) 0x00000228ed819e80
 Prev Bits: [0x00000228f4bd0000, 0x00000228f8af0000)
 Next Bits: [0x00000228f8af0000, 0x00000228fca10000)

Polling page: 0x00000228ed4b0000

Metaspace:

Usage:
  Non-class:     12.83 MB used.
      Class:      1.69 MB used.
       Both:     14.52 MB used.

Virtual space:
  Non-class space:       16.00 MB reserved,      12.88 MB ( 80%) committed,  2 nodes.
      Class space:        1.00 GB reserved,       1.81 MB ( <1%) committed,  1 nodes.
             Both:        1.02 GB reserved,      14.69 MB (  1%) committed. 

Chunk freelists:
   Non-Class:  2.42 MB
       Class:  2.23 MB
        Both:  4.66 MB

MaxMetaspaceSize: unlimited
CompressedClassSpaceSize: 1.00 GB
Initial GC threshold: 21.00 MB
Current GC threshold: 21.00 MB
CDS: off
MetaspaceReclaimPolicy: balanced
 - commit_granule_bytes: 65536.
 - commit_granule_words: 8192.
 - virtual_space_node_default_size: 1048576.
 - enlarge_chunks_in_place: 1.
 - new_chunks_are_fully_committed: 0.
 - uncommit_free_chunks: 1.
 - use_allocation_guard: 0.
 - handle_deallocations: 1.


Internal statistics:

num_allocs_failed_limit: 0.
num_arena_births: 74.
num_arena_deaths: 0.
num_vsnodes_births: 3.
num_vsnodes_deaths: 0.
num_space_committed: 235.
num_space_uncommitted: 0.
num_chunks_returned_to_freelist: 0.
num_chunks_taken_from_freelist: 271.
num_chunk_merges: 0.
num_chunk_splits: 174.
num_chunks_enlarged: 145.
num_purges: 0.
num_inconsistent_stats: 0.

CodeHeap 'non-profiled nmethods': size=119168Kb used=448Kb max_used=448Kb free=118719Kb
 bounds [0x0000022887ba0000, 0x0000022887e10000, 0x000002288f000000]
CodeHeap 'profiled nmethods': size=119104Kb used=2069Kb max_used=2069Kb free=117034Kb
 bounds [0x0000022880000000, 0x0000022880270000, 0x0000022887450000]
CodeHeap 'non-nmethods': size=7488Kb used=2854Kb max_used=2865Kb free=4634Kb
 bounds [0x0000022887450000, 0x0000022887720000, 0x0000022887ba0000]
 total_blobs=1566 nmethods=1120 adapters=356
 compilation: enabled
              stopped_count=0, restarted_count=0
 full_count=0

Compilation events (20 events):
Event: 0.550 Thread 0x00000228ffb77ef0 1110       1       java.util.concurrent.atomic.AtomicReference::get (5 bytes)
Event: 0.550 Thread 0x00000228ffb77ef0 nmethod 1110 0x0000022887c0ee90 code [0x0000022887c0f020, 0x0000022887c0f0f8]
Event: 0.580 Thread 0x0000022890442930 1111       4       java.lang.String::startsWith (7 bytes)
Event: 0.582 Thread 0x0000022890442930 nmethod 1111 0x0000022887c0f190 code [0x0000022887c0f320, 0x0000022887c0f578]
Event: 0.583 Thread 0x00000228ffb77ef0 1113       3       java.lang.invoke.MemberName::checkForTypeAlias (172 bytes)
Event: 0.584 Thread 0x00000228ffcd3f30 1114       1       java.lang.invoke.DirectMethodHandle::internalMemberName (5 bytes)
Event: 0.584 Thread 0x000002289010e4f0 1115       3       java.lang.Integer::stringSize (47 bytes)
Event: 0.584 Thread 0x00000228ffcd4440 1116       3       java.lang.Integer::getChars (131 bytes)
Event: 0.584 Thread 0x00000228ffcd3f30 nmethod 1114 0x0000022887c0fa90 code [0x0000022887c0fc20, 0x0000022887c0fcf8]
Event: 0.584 Thread 0x00000228ffcd3f30 1117       3       jdk.internal.org.objectweb.asm.MethodWriter::visitFieldInsn (258 bytes)
Event: 0.584 Thread 0x000002289010e4f0 nmethod 1115 0x00000228801fff90 code [0x0000022880200140, 0x0000022880200398]
Event: 0.584 Thread 0x000002289010e4f0 1118       3       jdk.internal.org.objectweb.asm.SymbolTable::addConstantFieldref (10 bytes)
Event: 0.584 Thread 0x000002289010e4f0 nmethod 1118 0x0000022880200490 code [0x0000022880200620, 0x0000022880200768]
Event: 0.584 Thread 0x00000228ffcd4440 nmethod 1116 0x0000022880200810 code [0x00000228802009e0, 0x0000022880200e18]
Event: 0.584 Thread 0x00000228ffcd3f30 nmethod 1117 0x0000022880201090 code [0x0000022880201300, 0x0000022880201e88]
Event: 0.584 Thread 0x0000022890442930 1119       4       java.lang.invoke.MethodType::parameterCount (6 bytes)
Event: 0.584 Thread 0x00000228ffb77ef0 nmethod 1113 0x0000022880202290 code [0x0000022880202700, 0x00000228802045b8]
Event: 0.584 Thread 0x0000022890442930 nmethod 1119 0x0000022887c0fd90 code [0x0000022887c0ff00, 0x0000022887c0ff98]
Event: 0.584 Thread 0x000002289010e4f0 1120       3       java.lang.invoke.MemberName::<init> (50 bytes)
Event: 0.585 Thread 0x000002289010e4f0 nmethod 1120 0x0000022880204e90 code [0x0000022880205060, 0x0000022880205378]

GC Heap History (2 events):
Event: 0.370 GC heap before
{Heap before GC invocations=0 (full 0):
 garbage-first heap   total 260096K, used 28672K [0x0000000703800000, 0x0000000800000000)
  region size 2048K, 11 young (22528K), 0 survivors (0K)
 Metaspace       used 10701K, committed 10944K, reserved 1064960K
  class space    used 1085K, committed 1216K, reserved 1048576K
}
Event: 0.373 GC heap after
{Heap after GC invocations=1 (full 0):
 garbage-first heap   total 260096K, used 9963K [0x0000000703800000, 0x0000000800000000)
  region size 2048K, 2 young (4096K), 2 survivors (4096K)
 Metaspace       used 10701K, committed 10944K, reserved 1064960K
  class space    used 1085K, committed 1216K, reserved 1048576K
}

Dll operation events (2 events):
Event: 0.002 Loaded shared library D:\install\soft\Android Studio\jbr\bin\java.dll
Event: 0.069 Loaded shared library D:\install\soft\Android Studio\jbr\bin\verify.dll

Deoptimization events (20 events):
Event: 0.461 Thread 0x00000228ed7ab3e0 Uncommon trap: trap_request=0xffffffde fr.pc=0x0000022887c00f34 relative=0x0000000000000114
Event: 0.461 Thread 0x00000228ed7ab3e0 Uncommon trap: reason=class_check action=maybe_recompile pc=0x0000022887c00f34 method=jdk.internal.misc.Unsafe.allocateUninitializedArray(Ljava/lang/Class;I)Ljava/lang/Object; @ 51 c2
Event: 0.461 Thread 0x00000228ed7ab3e0 DEOPT PACKING pc=0x0000022887c00f34 sp=0x000000a0c36fb440
Event: 0.461 Thread 0x00000228ed7ab3e0 DEOPT UNPACKING pc=0x00000228874aa1a3 sp=0x000000a0c36fb3c8 mode 2
Event: 0.461 Thread 0x00000228ed7ab3e0 Uncommon trap: trap_request=0xffffffde fr.pc=0x0000022887c00f34 relative=0x0000000000000114
Event: 0.461 Thread 0x00000228ed7ab3e0 Uncommon trap: reason=class_check action=maybe_recompile pc=0x0000022887c00f34 method=jdk.internal.misc.Unsafe.allocateUninitializedArray(Ljava/lang/Class;I)Ljava/lang/Object; @ 51 c2
Event: 0.461 Thread 0x00000228ed7ab3e0 DEOPT PACKING pc=0x0000022887c00f34 sp=0x000000a0c36fb4e0
Event: 0.461 Thread 0x00000228ed7ab3e0 DEOPT UNPACKING pc=0x00000228874aa1a3 sp=0x000000a0c36fb468 mode 2
Event: 0.471 Thread 0x00000228ed7ab3e0 Uncommon trap: trap_request=0xffffff45 fr.pc=0x0000022887bd9a48 relative=0x0000000000001028
Event: 0.471 Thread 0x00000228ed7ab3e0 Uncommon trap: reason=unstable_if action=reinterpret pc=0x0000022887bd9a48 method=java.util.HashMap.putVal(ILjava/lang/Object;Ljava/lang/Object;ZZ)Ljava/lang/Object; @ 236 c2
Event: 0.471 Thread 0x00000228ed7ab3e0 DEOPT PACKING pc=0x0000022887bd9a48 sp=0x000000a0c36fbd20
Event: 0.471 Thread 0x00000228ed7ab3e0 DEOPT UNPACKING pc=0x00000228874aa1a3 sp=0x000000a0c36fbce8 mode 2
Event: 0.477 Thread 0x00000228ed7ab3e0 DEOPT PACKING pc=0x00000228800a9165 sp=0x000000a0c36fb480
Event: 0.477 Thread 0x00000228ed7ab3e0 DEOPT UNPACKING pc=0x00000228874aace3 sp=0x000000a0c36fa8d0 mode 0
Event: 0.501 Thread 0x00000228ed7ab3e0 DEOPT PACKING pc=0x00000228800fed48 sp=0x000000a0c36f9eb0
Event: 0.501 Thread 0x00000228ed7ab3e0 DEOPT UNPACKING pc=0x00000228874aace3 sp=0x000000a0c36f93c8 mode 0
Event: 0.535 Thread 0x00000228ed7ab3e0 Uncommon trap: trap_request=0xffffff45 fr.pc=0x0000022887bf2fe8 relative=0x0000000000001e28
Event: 0.535 Thread 0x00000228ed7ab3e0 Uncommon trap: reason=unstable_if action=reinterpret pc=0x0000022887bf2fe8 method=java.io.WinNTFileSystem.normalize(Ljava/lang/String;)Ljava/lang/String; @ 128 c2
Event: 0.535 Thread 0x00000228ed7ab3e0 DEOPT PACKING pc=0x0000022887bf2fe8 sp=0x000000a0c36fb800
Event: 0.535 Thread 0x00000228ed7ab3e0 DEOPT UNPACKING pc=0x00000228874aa1a3 sp=0x000000a0c36fb7e8 mode 2

Classes unloaded (0 events):
No events

Classes redefined (0 events):
No events

Internal exceptions (17 events):
Event: 0.137 Thread 0x00000228ed7ab3e0 Exception <a 'java/lang/NoSuchMethodError'{0x00000007133ee628}: 'int java.lang.invoke.DirectMethodHandle$Holder.invokeStaticInit(java.lang.Object, java.lang.Object)'> (0x00000007133ee628) 
thrown [s\src\hotspot\share\interpreter\linkResolver.cpp, line 771]
Event: 0.362 Thread 0x00000228ed7ab3e0 Exception <a 'java/lang/NoSuchMethodError'{0x00000007121c15d8}: 'void java.lang.invoke.DirectMethodHandle$Holder.invokeStatic(java.lang.Object, java.lang.Object)'> (0x00000007121c15d8) 
thrown [s\src\hotspot\share\interpreter\linkResolver.cpp, line 771]
Event: 0.379 Thread 0x00000228ed7ab3e0 Exception <a 'java/lang/NoClassDefFoundError'{0x00000007134480a0}: org/slf4j/impl/StaticMarkerBinder> (0x00000007134480a0) 
thrown [s\src\hotspot\share\classfile\systemDictionary.cpp, line 245]
Event: 0.387 Thread 0x00000228ed7ab3e0 Exception <a 'java/lang/NoSuchMethodError'{0x00000007135686a8}: 'java.lang.Object java.lang.invoke.DirectMethodHandle$Holder.invokeVirtual(java.lang.Object, java.lang.Object, java.lang.Object, java.lang.Object, java.lang.Object, java.lang.Object, java.lang.Object)'> (0x00000007135686a8) 
thrown [s\src\hotspot\share\interpreter\linkResolver.cpp, line 771]
Event: 0.389 Thread 0x00000228ed7ab3e0 Exception <a 'java/lang/NoSuchMethodError'{0x000000071357a238}: 'java.lang.Object java.lang.invoke.Invokers$Holder.invoker(java.lang.Object, java.lang.Object, java.lang.Object)'> (0x000000071357a238) 
thrown [s\src\hotspot\share\interpreter\linkResolver.cpp, line 771]
Event: 0.390 Thread 0x00000228ed7ab3e0 Exception <a 'java/lang/NoSuchMethodError'{0x00000007135833e8}: 'java.lang.Object java.lang.invoke.DirectMethodHandle$Holder.invokeStatic(java.lang.Object, java.lang.Object, int)'> (0x00000007135833e8) 
thrown [s\src\hotspot\share\interpreter\linkResolver.cpp, line 771]
Event: 0.391 Thread 0x00000228ed7ab3e0 Exception <a 'java/lang/NoSuchMethodError'{0x000000071358f0d8}: 'void java.lang.invoke.DelegatingMethodHandle$Holder.delegate(java.lang.Object, java.lang.Object, int, java.lang.Object)'> (0x000000071358f0d8) 
thrown [s\src\hotspot\share\interpreter\linkResolver.cpp, line 771]
Event: 0.392 Thread 0x00000228ed7ab3e0 Exception <a 'java/lang/NoSuchMethodError'{0x0000000713203c00}: 'int java.lang.invoke.DirectMethodHandle$Holder.invokeSpecial(java.lang.Object, java.lang.Object, java.lang.Object)'> (0x0000000713203c00) 
thrown [s\src\hotspot\share\interpreter\linkResolver.cpp, line 771]
Event: 0.394 Thread 0x00000228ed7ab3e0 Exception <a 'java/lang/NoSuchMethodError'{0x0000000713216db8}: 'java.lang.Object java.lang.invoke.Invokers$Holder.invokeExact_MT(java.lang.Object, java.lang.Object, java.lang.Object, java.lang.Object)'> (0x0000000713216db8) 
thrown [s\src\hotspot\share\interpreter\linkResolver.cpp, line 771]
Event: 0.445 Thread 0x00000228ed7ab3e0 Exception <a 'java/lang/NoSuchMethodError'{0x0000000712e19a80}: 'java.lang.Object java.lang.invoke.DirectMethodHandle$Holder.invokeInterface(java.lang.Object, java.lang.Object, java.lang.Object)'> (0x0000000712e19a80) 
thrown [s\src\hotspot\share\interpreter\linkResolver.cpp, line 771]
Event: 0.447 Thread 0x00000228ed7ab3e0 Exception <a 'java/lang/NoSuchMethodError'{0x0000000712e3b4a8}: 'void java.lang.invoke.DirectMethodHandle$Holder.invokeSpecial(java.lang.Object, java.lang.Object, java.lang.Object)'> (0x0000000712e3b4a8) 
thrown [s\src\hotspot\share\interpreter\linkResolver.cpp, line 771]
Event: 0.454 Thread 0x00000228ed7ab3e0 Implicit null exception at 0x0000022887bed80f to 0x0000022887bedc70
Event: 0.454 Thread 0x00000228ed7ab3e0 Implicit null exception at 0x0000022887bdf50f to 0x0000022887bdf954
Event: 0.465 Thread 0x00000228ed7ab3e0 Exception <a 'java/lang/NoSuchMethodError'{0x0000000712fd8758}: 'java.lang.Object java.lang.invoke.DirectMethodHandle$Holder.invokeStaticInit(java.lang.Object)'> (0x0000000712fd8758) 
thrown [s\src\hotspot\share\interpreter\linkResolver.cpp, line 771]
Event: 0.519 Thread 0x00000228ed7ab3e0 Exception <a 'java/lang/NoSuchMethodError'{0x0000000712817430}: 'java.lang.Object java.lang.invoke.DirectMethodHandle$Holder.invokeStaticInit(java.lang.Object, int, int, int, int)'> (0x0000000712817430) 
thrown [s\src\hotspot\share\interpreter\linkResolver.cpp, line 771]
Event: 0.539 Thread 0x00000228ed7ab3e0 Exception <a 'java/lang/NoSuchMethodError'{0x0000000712847020}: 'java.lang.Object java.lang.invoke.DirectMethodHandle$Holder.invokeStaticInit(java.lang.Object, java.lang.Object, int, int, int, int)'> (0x0000000712847020) 
thrown [s\src\hotspot\share\interpreter\linkResolver.cpp, line 771]
Event: 0.583 Thread 0x00000228ed7ab3e0 Exception <a 'java/lang/NoSuchMethodError'{0x0000000712873bc0}: 'void java.lang.invoke.DirectMethodHandle$Holder.invokeStatic(java.lang.Object, java.lang.Object, java.lang.Object)'> (0x0000000712873bc0) 
thrown [s\src\hotspot\share\interpreter\linkResolver.cpp, line 771]

VM Operations (12 events):
Event: 0.066 Executing VM operation: HandshakeAllThreads
Event: 0.066 Executing VM operation: HandshakeAllThreads done
Event: 0.310 Executing VM operation: HandshakeAllThreads
Event: 0.310 Executing VM operation: HandshakeAllThreads done
Event: 0.370 Executing VM operation: G1CollectForAllocation
Event: 0.373 Executing VM operation: G1CollectForAllocation done
Event: 0.390 Executing VM operation: HandshakeAllThreads
Event: 0.390 Executing VM operation: HandshakeAllThreads done
Event: 0.497 Executing VM operation: HandshakeAllThreads
Event: 0.497 Executing VM operation: HandshakeAllThreads done
Event: 0.536 Executing VM operation: HandshakeAllThreads
Event: 0.536 Executing VM operation: HandshakeAllThreads done

Events (20 events):
Event: 0.585 loading class sun/nio/ch/DatagramChannelImpl$DefaultOptionsHolder
Event: 0.585 loading class sun/nio/ch/DatagramChannelImpl$DefaultOptionsHolder done
Event: 0.585 loading class sun/nio/ch/SocketOptionRegistry
Event: 0.585 loading class sun/nio/ch/SocketOptionRegistry done
Event: 0.585 loading class sun/nio/ch/SocketOptionRegistry$RegistryKey
Event: 0.585 loading class sun/nio/ch/SocketOptionRegistry$RegistryKey done
Event: 0.585 loading class sun/nio/ch/SocketOptionRegistry$LazyInitialization
Event: 0.585 loading class sun/nio/ch/SocketOptionRegistry$LazyInitialization done
Event: 0.585 loading class sun/nio/ch/OptionKey
Event: 0.585 loading class sun/nio/ch/OptionKey done
Event: 0.585 loading class sun/nio/ch/ExtendedSocketOption
Event: 0.585 loading class sun/nio/ch/ExtendedSocketOption done
Event: 0.585 loading class sun/nio/ch/ExtendedSocketOption$1
Event: 0.585 loading class sun/nio/ch/ExtendedSocketOption$1 done
Event: 0.586 loading class java/io/EOFException
Event: 0.587 loading class java/io/EOFException done
Event: 0.587 loading class java/nio/channels/OverlappingFileLockException
Event: 0.587 loading class java/nio/channels/OverlappingFileLockException done
Event: 0.588 loading class java/io/DataInputStream
Event: 0.588 loading class java/io/DataInputStream done


Dynamic libraries:
0x00007ff668e60000 - 0x00007ff668e6a000 	D:\install\soft\Android Studio\jbr\bin\java.exe
0x00007ffd6c090000 - 0x00007ffd6c285000 	C:\Windows\SYSTEM32\ntdll.dll
0x00007ffd6b9d0000 - 0x00007ffd6ba8e000 	C:\Windows\System32\KERNEL32.DLL
0x00007ffd69d10000 - 0x00007ffd69fd9000 	C:\Windows\System32\KERNELBASE.dll
0x00007ffd69fe0000 - 0x00007ffd6a0e0000 	C:\Windows\System32\ucrtbase.dll
0x00007ffd401e0000 - 0x00007ffd401f7000 	D:\install\soft\Android Studio\jbr\bin\jli.dll
0x00007ffd40960000 - 0x00007ffd4097b000 	D:\install\soft\Android Studio\jbr\bin\VCRUNTIME140.dll
0x00007ffd6bea0000 - 0x00007ffd6c041000 	C:\Windows\System32\USER32.dll
0x00007ffd697b0000 - 0x00007ffd697d2000 	C:\Windows\System32\win32u.dll
0x00007ffd509e0000 - 0x00007ffd50c7a000 	C:\Windows\WinSxS\amd64_microsoft.windows.common-controls_6595b64144ccf1df_6.0.19041.1110_none_60b5254171f9507e\COMCTL32.dll
0x00007ffd6b820000 - 0x00007ffd6b84b000 	C:\Windows\System32\GDI32.dll
0x00007ffd6ba90000 - 0x00007ffd6bb2e000 	C:\Windows\System32\msvcrt.dll
0x00007ffd69890000 - 0x00007ffd6999b000 	C:\Windows\System32\gdi32full.dll
0x00007ffd69c70000 - 0x00007ffd69d0d000 	C:\Windows\System32\msvcp_win.dll
0x00007ffd6aca0000 - 0x00007ffd6acd0000 	C:\Windows\System32\IMM32.DLL
0x00007ffd4c630000 - 0x00007ffd4c63c000 	D:\install\soft\Android Studio\jbr\bin\vcruntime140_1.dll
0x00007ffd0b330000 - 0x00007ffd0b3bd000 	D:\install\soft\Android Studio\jbr\bin\msvcp140.dll
0x00007ffd186e0000 - 0x00007ffd1934d000 	D:\install\soft\Android Studio\jbr\bin\server\jvm.dll
0x00007ffd6bc10000 - 0x00007ffd6bcbc000 	C:\Windows\System32\ADVAPI32.dll
0x00007ffd6aea0000 - 0x00007ffd6af3b000 	C:\Windows\System32\sechost.dll
0x00007ffd6b160000 - 0x00007ffd6b28a000 	C:\Windows\System32\RPCRT4.dll
0x00007ffd5d530000 - 0x00007ffd5d539000 	C:\Windows\SYSTEM32\WSOCK32.dll
0x00007ffd50e30000 - 0x00007ffd50e57000 	C:\Windows\SYSTEM32\WINMM.dll
0x00007ffd6af40000 - 0x00007ffd6afab000 	C:\Windows\System32\WS2_32.dll
0x00007ffd5fca0000 - 0x00007ffd5fcaa000 	C:\Windows\SYSTEM32\VERSION.dll
0x00007ffd68080000 - 0x00007ffd68092000 	C:\Windows\SYSTEM32\kernel.appcore.dll
0x00007ffd53a70000 - 0x00007ffd53a7a000 	D:\install\soft\Android Studio\jbr\bin\jimage.dll
0x00007ffd67240000 - 0x00007ffd67424000 	C:\Windows\SYSTEM32\DBGHELP.DLL
0x00007ffd52e10000 - 0x00007ffd52e3c000 	C:\Windows\SYSTEM32\dbgcore.DLL
0x00007ffd699a0000 - 0x00007ffd69a23000 	C:\Windows\System32\bcryptPrimitives.dll
0x00007ffd40980000 - 0x00007ffd409a5000 	D:\install\soft\Android Studio\jbr\bin\java.dll
0x00007ffd51330000 - 0x00007ffd51348000 	D:\install\soft\Android Studio\jbr\bin\zip.dll
0x00007ffd6a0e0000 - 0x00007ffd6a81f000 	C:\Windows\System32\SHELL32.dll
0x00007ffd67890000 - 0x00007ffd68020000 	C:\Windows\SYSTEM32\windows.storage.dll
0x00007ffd6b430000 - 0x00007ffd6b785000 	C:\Windows\System32\combase.dll
0x00007ffd69200000 - 0x00007ffd6922c000 	C:\Windows\SYSTEM32\Wldp.dll
0x00007ffd6b850000 - 0x00007ffd6b8fd000 	C:\Windows\System32\SHCORE.dll
0x00007ffd6bbb0000 - 0x00007ffd6bc05000 	C:\Windows\System32\shlwapi.dll
0x00007ffd696f0000 - 0x00007ffd6970f000 	C:\Windows\SYSTEM32\profapi.dll
0x00007ffd47a50000 - 0x00007ffd47a69000 	D:\install\soft\Android Studio\jbr\bin\net.dll
0x00007ffd5f750000 - 0x00007ffd5f858000 	C:\Windows\SYSTEM32\WINHTTP.dll
0x00007ffd68f60000 - 0x00007ffd68fca000 	C:\Windows\system32\mswsock.dll
0x00007ffd44730000 - 0x00007ffd44746000 	D:\install\soft\Android Studio\jbr\bin\nio.dll
0x00007ffd50fe0000 - 0x00007ffd50ff0000 	D:\install\soft\Android Studio\jbr\bin\verify.dll
0x00007ffd37de0000 - 0x00007ffd37e07000 	C:\Users\vadymkon\.gradle\native\e1d6ef7f7dcc3fd88c89a11ec53ec762bb8ba0a96d01ffa2cd45eb1d1d8dd5c5\windows-amd64\native-platform.dll
0x00007ffd53a10000 - 0x00007ffd53a19000 	D:\install\soft\Android Studio\jbr\bin\management.dll
0x00007ffd52e90000 - 0x00007ffd52e9b000 	D:\install\soft\Android Studio\jbr\bin\management_ext.dll
0x00007ffd6ae70000 - 0x00007ffd6ae78000 	C:\Windows\System32\PSAPI.DLL
0x00007ffd69150000 - 0x00007ffd69168000 	C:\Windows\SYSTEM32\CRYPTSP.dll
0x00007ffd68870000 - 0x00007ffd688a4000 	C:\Windows\system32\rsaenh.dll
0x00007ffd69be0000 - 0x00007ffd69c07000 	C:\Windows\System32\bcrypt.dll
0x00007ffd696b0000 - 0x00007ffd696de000 	C:\Windows\SYSTEM32\USERENV.dll
0x00007ffd69170000 - 0x00007ffd6917c000 	C:\Windows\SYSTEM32\CRYPTBASE.dll
0x00007ffd68c00000 - 0x00007ffd68c3b000 	C:\Windows\SYSTEM32\IPHLPAPI.DLL
0x00007ffd6ad30000 - 0x00007ffd6ad38000 	C:\Windows\System32\NSI.dll
0x00007ffd5db70000 - 0x00007ffd5db87000 	C:\Windows\SYSTEM32\dhcpcsvc6.DLL
0x00007ffd5d920000 - 0x00007ffd5d93d000 	C:\Windows\SYSTEM32\dhcpcsvc.DLL
0x00007ffd68c50000 - 0x00007ffd68d1c000 	C:\Windows\SYSTEM32\DNSAPI.dll

dbghelp: loaded successfully - version: 4.0.5 - missing functions: none
symbol engine: initialized successfully - sym options: 0x614 - pdb path: .;D:\install\soft\Android Studio\jbr\bin;C:\Windows\SYSTEM32;C:\Windows\WinSxS\amd64_microsoft.windows.common-controls_6595b64144ccf1df_6.0.19041.1110_none_60b5254171f9507e;D:\install\soft\Android Studio\jbr\bin\server;C:\Users\vadymkon\.gradle\native\e1d6ef7f7dcc3fd88c89a11ec53ec762bb8ba0a96d01ffa2cd45eb1d1d8dd5c5\windows-amd64

VM Arguments:
jvm_args: -Dorg.gradle.appname=gradlew 
java_command: org.gradle.wrapper.GradleWrapperMain -q -Ptarget-platform=android-x64 -Ptarget=D:\vadymkon\Kaiters\apps\witcher_notes\lib\main.dart -Pbase-application-name=android.app.Application -Pdart-defines=Zmx1dHRlci5pbnNwZWN0b3Iuc3RydWN0dXJlZEVycm9ycz10cnVl,RkxVVFRFUl9XRUJfQVVUT19ERVRFQ1Q9dHJ1ZQ==,RkxVVFRFUl9XRUJfQ0FOVkFTS0lUX1VSTD1odHRwczovL3d3dy5nc3RhdGljLmNvbS9mbHV0dGVyLWNhbnZhc2tpdC80NWY2ZTAwOTExMGRmNGYzNGVjMmNmOTlmNjNjZjczYjcxYjdhNDIwLw== -Pdart-obfuscation=false -Ptrack-widget-creation=true -Ptree-shake-icons=false -Pfilesystem-scheme=org-dartlang-root assembleDebug
java_class_path (initial): D:\vadymkon\Kaiters\apps\witcher_notes\android\\gradle\wrapper\gradle-wrapper.jar
Launcher Type: SUN_STANDARD

[Global flags]
     intx CICompilerCount                          = 12                                        {product} {ergonomic}
     uint ConcGCThreads                            = 3                                         {product} {ergonomic}
     uint G1ConcRefinementThreads                  = 13                                        {product} {ergonomic}
   size_t G1HeapRegionSize                         = 2097152                                   {product} {ergonomic}
    uintx GCDrainStackTargetSize                   = 64                                        {product} {ergonomic}
   size_t InitialHeapSize                          = 266338304                                 {product} {ergonomic}
   size_t MarkStackSize                            = 4194304                                   {product} {ergonomic}
   size_t MaxHeapSize                              = 4236247040                                {product} {ergonomic}
   size_t MaxNewSize                               = 2541748224                                {product} {ergonomic}
   size_t MinHeapDeltaBytes                        = 2097152                                   {product} {ergonomic}
   size_t MinHeapSize                              = 8388608                                   {product} {ergonomic}
    uintx NonNMethodCodeHeapSize                   = 7602480                                {pd product} {ergonomic}
    uintx NonProfiledCodeHeapSize                  = 122027880                              {pd product} {ergonomic}
    uintx ProfiledCodeHeapSize                     = 122027880                              {pd product} {ergonomic}
    uintx ReservedCodeCacheSize                    = 251658240                              {pd product} {ergonomic}
     bool SegmentedCodeCache                       = true                                      {product} {ergonomic}
   size_t SoftMaxHeapSize                          = 4236247040                             {manageable} {ergonomic}
     bool UseCompressedClassPointers               = true                           {product lp64_product} {ergonomic}
     bool UseCompressedOops                        = true                           {product lp64_product} {ergonomic}
     bool UseG1GC                                  = true                                      {product} {ergonomic}
     bool UseLargePagesIndividualAllocation        = false                                  {pd product} {ergonomic}

Logging:
Log output configuration:
 #0: stdout all=warning uptime,level,tags
 #1: stderr all=off uptime,level,tags

Environment Variables:
JAVA_HOME=D:\install\soft\Android Studio\jbr
CLASSPATH=D:\vadymkon\Kaiters\apps\witcher_notes\android\\gradle\wrapper\gradle-wrapper.jar
PATH=C:\Windows\system32;C:\Windows;C:\Windows\System32\Wbem;C:\Windows\System32\WindowsPowerShell\v1.0\;C:\Windows\System32\OpenSSH\;C:\Program Files\Cloudflare\Cloudflare WARP\;C:\Users\vadymkon\AppData\Local\Microsoft\WindowsApps;;D:\install\soft\flutterSDK\flutter\bin\mingit\cmd
USERNAME=vadymkon
OS=Windows_NT
PROCESSOR_IDENTIFIER=Intel64 Family 6 Model 141 Stepping 1, GenuineIntel
TMP=C:\Temp
TEMP=C:\Temp



---------------  S Y S T E M  ---------------

OS:
 Windows 10 , 64 bit Build 19041 (10.0.19041.1202)
OS uptime: 2 days 13:04 hours

CPU: total 16 (initial active 16) (8 cores per cpu, 2 threads per core) family 6 model 141 stepping 1 microcode 0x34, cx8, cmov, fxsr, ht, mmx, 3dnowpref, sse, sse2, sse3, ssse3, sse4.1, sse4.2, popcnt, lzcnt, tsc, tscinvbit, avx, avx2, aes, erms, clmul, bmi1, bmi2, adx, avx512f, avx512dq, avx512cd, avx512bw, avx512vl, sha, fma, vzeroupper, avx512_vpopcntdq, avx512_vpclmulqdq, avx512_vaes, avx512_vnni, clflush, clflushopt, clwb, avx512_vbmi2, avx512_vbmi

Memory: 4k page, system-wide physical 16155M (4904M free)
TotalPageFile size 16155M (AvailPageFile size 4M)
current process WorkingSet (physical memory assigned to process): 97M, peak: 97M
current process commit charge ("private bytes"): 374M, peak: 374M

vm_info: OpenJDK 64-Bit Server VM (17.0.6+0-b2043.56-9586694) for windows-amd64 JRE (17.0.6+0-b2043.56-9586694), built on Feb  9 2023 20:06:20 by "androidbuild" with MS VC++ 16.10 / 16.11 (VS2019)

END.
