#
# There is insufficient memory for the Java Runtime Environment to continue.
# Native memory allocation (mmap) failed to map 65536 bytes for Failed to commit metaspace.
# Possible reasons:
#   The system is out of physical RAM or swap space
#   The process is running with CompressedOops enabled, and the Java Heap may be blocking the growth of the native heap
# Possible solutions:
#   Reduce memory load on the system
#   Increase physical memory or swap space
#   Check if swap backing store is full
#   Decrease Java heap size (-Xmx/-Xms)
#   Decrease number of Java threads
#   Decrease Java thread stack sizes (-Xss)
#   Set larger code cache with -XX:ReservedCodeCacheSize=
#   JVM is running with Zero Based Compressed Oops mode in which the Java heap is
#     placed in the first 32GB address space. The Java Heap base address is the
#     maximum limit for the native heap growth. Please use -XX:HeapBaseMinAddress
#     to set the Java Heap base and to place the Java Heap above 32GB virtual address.
# This output file may be truncated or incomplete.
#
#  Out of Memory Error (virtualSpaceNode.cpp:110), pid=3232, tid=9560
#
# JRE version: OpenJDK Runtime Environment (17.0.6) (build 17.0.6+0-b2043.56-9586694)
# Java VM: OpenJDK 64-Bit Server VM (17.0.6+0-b2043.56-9586694, mixed mode, tiered, compressed oops, compressed class ptrs, g1 gc, windows-amd64)
# No core dump will be written. Minidumps are not enabled by default on client versions of Windows
#

---------------  S U M M A R Y ------------

Command Line: -Dorg.gradle.appname=gradlew org.gradle.wrapper.GradleWrapperMain -q -Ptarget-platform=android-x64 -Ptarget=D:\vadymkon\Kaiters\apps\WitcherNotes\lib\main.dart -Pbase-application-name=android.app.Application -Pdart-defines=Zmx1dHRlci5pbnNwZWN0b3Iuc3RydWN0dXJlZEVycm9ycz10cnVl,RkxVVFRFUl9XRUJfQVVUT19ERVRFQ1Q9dHJ1ZQ==,RkxVVFRFUl9XRUJfQ0FOVkFTS0lUX1VSTD1odHRwczovL3d3dy5nc3RhdGljLmNvbS9mbHV0dGVyLWNhbnZhc2tpdC80NWY2ZTAwOTExMGRmNGYzNGVjMmNmOTlmNjNjZjczYjcxYjdhNDIwLw== -Pdart-obfuscation=false -Ptrack-widget-creation=true -Ptree-shake-icons=false -Pfilesystem-scheme=org-dartlang-root assembleDebug

Host: 11th Gen Intel(R) Core(TM) i7-11800H @ 2.30GHz, 16 cores, 15G,  Windows 10 , 64 bit Build 19041 (10.0.19041.1202)
Time: Thu Jul 13 22:01:34 2023  Windows 10 , 64 bit Build 19041 (10.0.19041.1202) elapsed time: 0.527667 seconds (0d 0h 0m 0s)

---------------  T H R E A D  ---------------

Current thread (0x000001cd3bb6bed0):  JavaThread "main" [_thread_in_vm, id=9560, stack(0x0000003f79c00000,0x0000003f79d00000)]

Stack: [0x0000003f79c00000,0x0000003f79d00000]
Native frames: (J=compiled Java code, j=interpreted, Vv=VM code, C=native code)
V  [jvm.dll+0x683b4a]
V  [jvm.dll+0x842654]
V  [jvm.dll+0x843dfe]
V  [jvm.dll+0x844463]
V  [jvm.dll+0x249b75]
V  [jvm.dll+0x83e6ab]
V  [jvm.dll+0x627fa6]
V  [jvm.dll+0x62800a]
V  [jvm.dll+0x62a81a]
V  [jvm.dll+0x628946]
V  [jvm.dll+0x3707f2]
V  [jvm.dll+0x1e565b]
V  [jvm.dll+0x547fb6]
V  [jvm.dll+0x1f46eb]
V  [jvm.dll+0x7bc67b]
V  [jvm.dll+0x7bdac2]
V  [jvm.dll+0x7be259]
V  [jvm.dll+0x1eecf4]
V  [jvm.dll+0x1e3de5]
V  [jvm.dll+0x547f8d]
V  [jvm.dll+0x1f46eb]
V  [jvm.dll+0x7bc67b]
V  [jvm.dll+0x7bdac2]
V  [jvm.dll+0x7bddf8]
V  [jvm.dll+0x24190e]
V  [jvm.dll+0x242fd3]
V  [jvm.dll+0x23f895]
V  [jvm.dll+0x1243c0]
V  [jvm.dll+0x12478f]
V  [jvm.dll+0x7bb972]
V  [jvm.dll+0x5690fc]
V  [jvm.dll+0x568f46]
V  [jvm.dll+0x387c61]
C  0x000001cd464ab31a

Java frames: (J=compiled Java code, j=interpreted, Vv=VM code)
j  sun.nio.ch.DefaultSelectorProvider.<clinit>()V+0 java.base@17.0.6
v  ~StubRoutines::call_stub
j  java.net.DatagramSocket.createDelegate(Ljava/net/SocketAddress;Ljava/lang/Class;)Ljava/net/DatagramSocket;+112 java.base@17.0.6
j  java.net.DatagramSocket.<init>(Ljava/net/SocketAddress;)V+4 java.base@17.0.6
j  java.net.DatagramSocket.<init>(ILjava/net/InetAddress;)V+10 java.base@17.0.6
j  org.gradle.cache.internal.locklistener.FileLockCommunicator.<init>(Lorg/gradle/internal/remote/internal/inet/InetAddressFactory;)V+19
j  org.gradle.cache.internal.locklistener.DefaultFileLockContentionHandler.getCommunicator()Lorg/gradle/cache/internal/locklistener/FileLockCommunicator;+29
j  org.gradle.cache.internal.locklistener.DefaultFileLockContentionHandler.reservePort()I+1
j  org.gradle.cache.internal.DefaultFileLockManager.lock(Ljava/io/File;Lorg/gradle/cache/LockOptions;Ljava/lang/String;Ljava/lang/String;Lorg/gradle/api/Action;)Lorg/gradle/cache/FileLock;+78
j  org.gradle.cache.internal.DefaultFileLockManager.lock(Ljava/io/File;Lorg/gradle/cache/LockOptions;Ljava/lang/String;Ljava/lang/String;)Lorg/gradle/cache/FileLock;+7
j  org.gradle.cache.internal.DefaultFileLockManager.lock(Ljava/io/File;Lorg/gradle/cache/LockOptions;Ljava/lang/String;)Lorg/gradle/cache/FileLock;+6
j  org.gradle.cache.internal.OnDemandFileAccess.readFile(Lorg/gradle/internal/Factory;)Ljava/lang/Object;+18
j  org.gradle.cache.internal.SimpleStateCache.get()Ljava/lang/Object;+12
j  org.gradle.cache.internal.FileIntegrityViolationSuppressingPersistentStateCacheDecorator.get()Ljava/lang/Object;+4
j  org.gradle.launcher.daemon.registry.PersistentDaemonRegistry.getAll()Ljava/util/List;+13
j  org.gradle.launcher.daemon.client.DefaultDaemonConnector.connect(Lorg/gradle/api/internal/specs/ExplainingSpec;)Lorg/gradle/launcher/daemon/client/DaemonClientConnection;+5
j  org.gradle.launcher.daemon.client.DaemonClient.execute(Lorg/gradle/internal/invocation/BuildAction;Lorg/gradle/launcher/exec/BuildActionParameters;Lorg/gradle/initialization/BuildRequestContext;)Lorg/gradle/launcher/exec/BuildActionResult;+62
j  org.gradle.launcher.daemon.client.DaemonClient.execute(Lorg/gradle/internal/invocation/BuildAction;Ljava/lang/Object;Ljava/lang/Object;)Lorg/gradle/launcher/exec/BuildActionResult;+10
j  org.gradle.launcher.cli.RunBuildAction.run()V+74
j  org.gradle.internal.Actions$RunnableActionAdapter.execute(Ljava/lang/Object;)V+4
j  org.gradle.launcher.cli.DefaultCommandLineActionFactory$ParseAndBuildAction.execute(Lorg/gradle/launcher/bootstrap/ExecutionListener;)V+60
j  org.gradle.launcher.cli.DefaultCommandLineActionFactory$ParseAndBuildAction.execute(Ljava/lang/Object;)V+5
j  org.gradle.launcher.cli.DebugLoggerWarningAction.execute(Lorg/gradle/launcher/bootstrap/ExecutionListener;)V+9
j  org.gradle.launcher.cli.DebugLoggerWarningAction.execute(Ljava/lang/Object;)V+5
j  org.gradle.launcher.cli.WelcomeMessageAction.execute(Lorg/gradle/launcher/bootstrap/ExecutionListener;)V+218
j  org.gradle.launcher.cli.WelcomeMessageAction.execute(Ljava/lang/Object;)V+5
j  org.gradle.launcher.cli.NativeServicesInitializingAction.execute(Lorg/gradle/launcher/bootstrap/ExecutionListener;)V+35
j  org.gradle.launcher.cli.NativeServicesInitializingAction.execute(Ljava/lang/Object;)V+5
j  org.gradle.launcher.cli.ExceptionReportingAction.execute(Lorg/gradle/launcher/bootstrap/ExecutionListener;)V+5
j  org.gradle.launcher.cli.ExceptionReportingAction.execute(Ljava/lang/Object;)V+5
j  org.gradle.launcher.cli.DefaultCommandLineActionFactory$WithLogging.execute(Lorg/gradle/launcher/bootstrap/ExecutionListener;)V+299
j  org.gradle.launcher.Main.doAction([Ljava/lang/String;Lorg/gradle/launcher/bootstrap/ExecutionListener;)V+14
j  org.gradle.launcher.bootstrap.EntryPoint.run([Ljava/lang/String;)V+12
v  ~StubRoutines::call_stub
j  jdk.internal.reflect.NativeMethodAccessorImpl.invoke0(Ljava/lang/reflect/Method;Ljava/lang/Object;[Ljava/lang/Object;)Ljava/lang/Object;+0 java.base@17.0.6
j  jdk.internal.reflect.NativeMethodAccessorImpl.invoke(Ljava/lang/Object;[Ljava/lang/Object;)Ljava/lang/Object;+133 java.base@17.0.6
j  jdk.internal.reflect.DelegatingMethodAccessorImpl.invoke(Ljava/lang/Object;[Ljava/lang/Object;)Ljava/lang/Object;+6 java.base@17.0.6
j  java.lang.reflect.Method.invoke(Ljava/lang/Object;[Ljava/lang/Object;)Ljava/lang/Object;+59 java.base@17.0.6
j  org.gradle.launcher.bootstrap.ProcessBootstrap.runNoExit(Ljava/lang/String;[Ljava/lang/String;)V+159
j  org.gradle.launcher.bootstrap.ProcessBootstrap.run(Ljava/lang/String;[Ljava/lang/String;)V+2
v  ~StubRoutines::call_stub
j  jdk.internal.reflect.NativeMethodAccessorImpl.invoke0(Ljava/lang/reflect/Method;Ljava/lang/Object;[Ljava/lang/Object;)Ljava/lang/Object;+0 java.base@17.0.6
j  jdk.internal.reflect.NativeMethodAccessorImpl.invoke(Ljava/lang/Object;[Ljava/lang/Object;)Ljava/lang/Object;+133 java.base@17.0.6
j  jdk.internal.reflect.DelegatingMethodAccessorImpl.invoke(Ljava/lang/Object;[Ljava/lang/Object;)Ljava/lang/Object;+6 java.base@17.0.6
j  java.lang.reflect.Method.invoke(Ljava/lang/Object;[Ljava/lang/Object;)Ljava/lang/Object;+59 java.base@17.0.6
j  org.gradle.launcher.GradleMain.main([Ljava/lang/String;)V+100
v  ~StubRoutines::call_stub
j  jdk.internal.reflect.NativeMethodAccessorImpl.invoke0(Ljava/lang/reflect/Method;Ljava/lang/Object;[Ljava/lang/Object;)Ljava/lang/Object;+0 java.base@17.0.6
j  jdk.internal.reflect.NativeMethodAccessorImpl.invoke(Ljava/lang/Object;[Ljava/lang/Object;)Ljava/lang/Object;+133 java.base@17.0.6
j  jdk.internal.reflect.DelegatingMethodAccessorImpl.invoke(Ljava/lang/Object;[Ljava/lang/Object;)Ljava/lang/Object;+6 java.base@17.0.6
j  java.lang.reflect.Method.invoke(Ljava/lang/Object;[Ljava/lang/Object;)Ljava/lang/Object;+59 java.base@17.0.6
j  org.gradle.wrapper.BootstrapMainStarter.start([Ljava/lang/String;Ljava/io/File;)V+82
j  org.gradle.wrapper.WrapperExecutor.execute([Ljava/lang/String;Lorg/gradle/wrapper/Install;Lorg/gradle/wrapper/BootstrapMainStarter;)V+14
j  org.gradle.wrapper.GradleWrapperMain.main([Ljava/lang/String;)V+190
v  ~StubRoutines::call_stub

---------------  P R O C E S S  ---------------

Threads class SMR info:
_java_thread_list=0x000001cd5c9b0530, length=17, elements={
0x000001cd3bb6bed0, 0x000001cd5b850270, 0x000001cd5b850d30, 0x000001cd5b8a5830,
0x000001cd5b8a62f0, 0x000001cd5b8abc00, 0x000001cd5b8ac4c0, 0x000001cd5b8ad0b0,
0x000001cd5b8b22b0, 0x000001cd5b8be0c0, 0x000001cd5ba1a240, 0x000001cd5ba1e760,
0x000001cd5ba39020, 0x000001cd5ba3f510, 0x000001cd5be18510, 0x000001cd5c368350,
0x000001cd5cab7620
}

Java Threads: ( => current thread )
=>0x000001cd3bb6bed0 JavaThread "main" [_thread_in_vm, id=9560, stack(0x0000003f79c00000,0x0000003f79d00000)]
  0x000001cd5b850270 JavaThread "Reference Handler" daemon [_thread_blocked, id=1888, stack(0x0000003f7a300000,0x0000003f7a400000)]
  0x000001cd5b850d30 JavaThread "Finalizer" daemon [_thread_blocked, id=8760, stack(0x0000003f7a400000,0x0000003f7a500000)]
  0x000001cd5b8a5830 JavaThread "Signal Dispatcher" daemon [_thread_blocked, id=12792, stack(0x0000003f7a500000,0x0000003f7a600000)]
  0x000001cd5b8a62f0 JavaThread "Attach Listener" daemon [_thread_blocked, id=12112, stack(0x0000003f7a600000,0x0000003f7a700000)]
  0x000001cd5b8abc00 JavaThread "Service Thread" daemon [_thread_blocked, id=13524, stack(0x0000003f7a700000,0x0000003f7a800000)]
  0x000001cd5b8ac4c0 JavaThread "Monitor Deflation Thread" daemon [_thread_blocked, id=7832, stack(0x0000003f7a800000,0x0000003f7a900000)]
  0x000001cd5b8ad0b0 JavaThread "C2 CompilerThread0" daemon [_thread_blocked, id=9896, stack(0x0000003f7a900000,0x0000003f7aa00000)]
  0x000001cd5b8b22b0 JavaThread "C1 CompilerThread0" daemon [_thread_blocked, id=5612, stack(0x0000003f7aa00000,0x0000003f7ab00000)]
  0x000001cd5b8be0c0 JavaThread "Sweeper thread" daemon [_thread_blocked, id=4684, stack(0x0000003f7ab00000,0x0000003f7ac00000)]
  0x000001cd5ba1a240 JavaThread "C1 CompilerThread1" daemon [_thread_blocked, id=11748, stack(0x0000003f7ac00000,0x0000003f7ad00000)]
  0x000001cd5ba1e760 JavaThread "C1 CompilerThread2" daemon [_thread_blocked, id=9888, stack(0x0000003f7ad00000,0x0000003f7ae00000)]
  0x000001cd5ba39020 JavaThread "Notification Thread" daemon [_thread_blocked, id=12152, stack(0x0000003f7ae00000,0x0000003f7af00000)]
  0x000001cd5ba3f510 JavaThread "Common-Cleaner" daemon [_thread_blocked, id=7664, stack(0x0000003f7b000000,0x0000003f7b100000)]
  0x000001cd5be18510 JavaThread "C2 CompilerThread1" daemon [_thread_blocked, id=8884, stack(0x0000003f7b100000,0x0000003f7b200000)]
  0x000001cd5c368350 JavaThread "C1 CompilerThread3" daemon [_thread_blocked, id=5484, stack(0x0000003f7b200000,0x0000003f7b300000)]
  0x000001cd5cab7620 JavaThread "pool-1-thread-1" [_thread_blocked, id=4048, stack(0x0000003f7b800000,0x0000003f7b900000)]

Other Threads:
  0x000001cd5af9ec60 VMThread "VM Thread" [stack: 0x0000003f7a200000,0x0000003f7a300000] [id=2328]
  0x000001cd5ba3aee0 WatcherThread [stack: 0x0000003f7af00000,0x0000003f7b000000] [id=12840]
  0x000001cd3bbd9670 GCTaskThread "GC Thread#0" [stack: 0x0000003f79d00000,0x0000003f79e00000] [id=8712]
  0x000001cd5c8e7960 GCTaskThread "GC Thread#1" [stack: 0x0000003f7b300000,0x0000003f7b400000] [id=3608]
  0x000001cd5c797100 GCTaskThread "GC Thread#2" [stack: 0x0000003f7b400000,0x0000003f7b500000] [id=6504]
  0x000001cd5c2ec840 GCTaskThread "GC Thread#3" [stack: 0x0000003f7b500000,0x0000003f7b600000] [id=10220]
  0x000001cd5c2ecaf0 GCTaskThread "GC Thread#4" [stack: 0x0000003f7b600000,0x0000003f7b700000] [id=9552]
  0x000001cd5c2ecda0 GCTaskThread "GC Thread#5" [stack: 0x0000003f7b700000,0x0000003f7b800000] [id=8880]
  0x000001cd3bbea140 ConcurrentGCThread "G1 Main Marker" [stack: 0x0000003f79e00000,0x0000003f79f00000] [id=9060]
  0x000001cd3bbeb200 ConcurrentGCThread "G1 Conc#0" [stack: 0x0000003f79f00000,0x0000003f7a000000] [id=2864]
  0x000001cd5ae38510 ConcurrentGCThread "G1 Refine#0" [stack: 0x0000003f7a000000,0x0000003f7a100000] [id=9344]
  0x000001cd5ae38d40 ConcurrentGCThread "G1 Service" [stack: 0x0000003f7a100000,0x0000003f7a200000] [id=524]

Threads with active compile tasks:

VM state: not at safepoint (normal execution)

VM Mutex/Monitor currently owned by a thread:  ([mutex/lock_event])
[0x000001cd3bb598b0] Metaspace_lock - owner thread: 0x000001cd3bb6bed0

Heap address: 0x0000000703800000, size: 4040 MB, Compressed Oops mode: Zero based, Oop shift amount: 3

CDS archive(s) not mapped
Compressed class space mapped at: 0x0000000800000000-0x0000000840000000, reserved size: 1073741824
Narrow klass base: 0x0000000800000000, Narrow klass shift: 0, Narrow klass range: 0x40000000

GC Precious Log:
 CPUs: 16 total, 16 available
 Memory: 16155M
 Large Page Support: Disabled
 NUMA Support: Disabled
 Compressed Oops: Enabled (Zero based)
 Heap Region Size: 2M
 Heap Min Capacity: 8M
 Heap Initial Capacity: 254M
 Heap Max Capacity: 4040M
 Pre-touch: Disabled
 Parallel Workers: 13
 Concurrent Workers: 3
 Concurrent Refinement Workers: 13
 Periodic GC: Disabled

Heap:
 garbage-first heap   total 260096K, used 22235K [0x0000000703800000, 0x0000000800000000)
  region size 2048K, 9 young (18432K), 2 survivors (4096K)
 Metaspace       used 14505K, committed 14656K, reserved 1064960K
  class space    used 1687K, committed 1728K, reserved 1048576K

Heap Regions: E=young(eden), S=young(survivor), O=old, HS=humongous(starts), HC=humongous(continues), CS=collection set, F=free, OA=open archive, CA=closed archive, TAMS=top-at-mark-start (previous, next)
|   0|0x0000000703800000, 0x0000000703800000, 0x0000000703a00000|  0%| F|  |TAMS 0x0000000703800000, 0x0000000703800000| Untracked 
|   1|0x0000000703a00000, 0x0000000703a00000, 0x0000000703c00000|  0%| F|  |TAMS 0x0000000703a00000, 0x0000000703a00000| Untracked 
|   2|0x0000000703c00000, 0x0000000703e00000, 0x0000000703e00000|100%|HS|  |TAMS 0x0000000703c00000, 0x0000000703c00000| Complete 
|   3|0x0000000703e00000, 0x0000000704000000, 0x0000000704000000|100%|HC|  |TAMS 0x0000000703e00000, 0x0000000703e00000| Complete 
|   4|0x0000000704000000, 0x00000007041b6e00, 0x0000000704200000| 85%| O|  |TAMS 0x0000000704000000, 0x0000000704000000| Untracked 
|   5|0x0000000704200000, 0x0000000704200000, 0x0000000704400000|  0%| F|  |TAMS 0x0000000704200000, 0x0000000704200000| Untracked 
|   6|0x0000000704400000, 0x0000000704400000, 0x0000000704600000|  0%| F|  |TAMS 0x0000000704400000, 0x0000000704400000| Untracked 
|   7|0x0000000704600000, 0x0000000704600000, 0x0000000704800000|  0%| F|  |TAMS 0x0000000704600000, 0x0000000704600000| Untracked 
|   8|0x0000000704800000, 0x0000000704800000, 0x0000000704a00000|  0%| F|  |TAMS 0x0000000704800000, 0x0000000704800000| Untracked 
|   9|0x0000000704a00000, 0x0000000704a00000, 0x0000000704c00000|  0%| F|  |TAMS 0x0000000704a00000, 0x0000000704a00000| Untracked 
|  10|0x0000000704c00000, 0x0000000704c00000, 0x0000000704e00000|  0%| F|  |TAMS 0x0000000704c00000, 0x0000000704c00000| Untracked 
|  11|0x0000000704e00000, 0x0000000704e00000, 0x0000000705000000|  0%| F|  |TAMS 0x0000000704e00000, 0x0000000704e00000| Untracked 
|  12|0x0000000705000000, 0x0000000705000000, 0x0000000705200000|  0%| F|  |TAMS 0x0000000705000000, 0x0000000705000000| Untracked 
|  13|0x0000000705200000, 0x0000000705200000, 0x0000000705400000|  0%| F|  |TAMS 0x0000000705200000, 0x0000000705200000| Untracked 
|  14|0x0000000705400000, 0x0000000705400000, 0x0000000705600000|  0%| F|  |TAMS 0x0000000705400000, 0x0000000705400000| Untracked 
|  15|0x0000000705600000, 0x0000000705600000, 0x0000000705800000|  0%| F|  |TAMS 0x0000000705600000, 0x0000000705600000| Untracked 
|  16|0x0000000705800000, 0x0000000705800000, 0x0000000705a00000|  0%| F|  |TAMS 0x0000000705800000, 0x0000000705800000| Untracked 
|  17|0x0000000705a00000, 0x0000000705a00000, 0x0000000705c00000|  0%| F|  |TAMS 0x0000000705a00000, 0x0000000705a00000| Untracked 
|  18|0x0000000705c00000, 0x0000000705c00000, 0x0000000705e00000|  0%| F|  |TAMS 0x0000000705c00000, 0x0000000705c00000| Untracked 
|  19|0x0000000705e00000, 0x0000000705e00000, 0x0000000706000000|  0%| F|  |TAMS 0x0000000705e00000, 0x0000000705e00000| Untracked 
|  20|0x0000000706000000, 0x0000000706000000, 0x0000000706200000|  0%| F|  |TAMS 0x0000000706000000, 0x0000000706000000| Untracked 
|  21|0x0000000706200000, 0x0000000706200000, 0x0000000706400000|  0%| F|  |TAMS 0x0000000706200000, 0x0000000706200000| Untracked 
|  22|0x0000000706400000, 0x0000000706400000, 0x0000000706600000|  0%| F|  |TAMS 0x0000000706400000, 0x0000000706400000| Untracked 
|  23|0x0000000706600000, 0x0000000706600000, 0x0000000706800000|  0%| F|  |TAMS 0x0000000706600000, 0x0000000706600000| Untracked 
|  24|0x0000000706800000, 0x0000000706800000, 0x0000000706a00000|  0%| F|  |TAMS 0x0000000706800000, 0x0000000706800000| Untracked 
|  25|0x0000000706a00000, 0x0000000706a00000, 0x0000000706c00000|  0%| F|  |TAMS 0x0000000706a00000, 0x0000000706a00000| Untracked 
|  26|0x0000000706c00000, 0x0000000706c00000, 0x0000000706e00000|  0%| F|  |TAMS 0x0000000706c00000, 0x0000000706c00000| Untracked 
|  27|0x0000000706e00000, 0x0000000706e00000, 0x0000000707000000|  0%| F|  |TAMS 0x0000000706e00000, 0x0000000706e00000| Untracked 
|  28|0x0000000707000000, 0x0000000707000000, 0x0000000707200000|  0%| F|  |TAMS 0x0000000707000000, 0x0000000707000000| Untracked 
|  29|0x0000000707200000, 0x0000000707200000, 0x0000000707400000|  0%| F|  |TAMS 0x0000000707200000, 0x0000000707200000| Untracked 
|  30|0x0000000707400000, 0x0000000707400000, 0x0000000707600000|  0%| F|  |TAMS 0x0000000707400000, 0x0000000707400000| Untracked 
|  31|0x0000000707600000, 0x0000000707600000, 0x0000000707800000|  0%| F|  |TAMS 0x0000000707600000, 0x0000000707600000| Untracked 
|  32|0x0000000707800000, 0x0000000707800000, 0x0000000707a00000|  0%| F|  |TAMS 0x0000000707800000, 0x0000000707800000| Untracked 
|  33|0x0000000707a00000, 0x0000000707a00000, 0x0000000707c00000|  0%| F|  |TAMS 0x0000000707a00000, 0x0000000707a00000| Untracked 
|  34|0x0000000707c00000, 0x0000000707c00000, 0x0000000707e00000|  0%| F|  |TAMS 0x0000000707c00000, 0x0000000707c00000| Untracked 
|  35|0x0000000707e00000, 0x0000000707e00000, 0x0000000708000000|  0%| F|  |TAMS 0x0000000707e00000, 0x0000000707e00000| Untracked 
|  36|0x0000000708000000, 0x0000000708000000, 0x0000000708200000|  0%| F|  |TAMS 0x0000000708000000, 0x0000000708000000| Untracked 
|  37|0x0000000708200000, 0x0000000708200000, 0x0000000708400000|  0%| F|  |TAMS 0x0000000708200000, 0x0000000708200000| Untracked 
|  38|0x0000000708400000, 0x0000000708400000, 0x0000000708600000|  0%| F|  |TAMS 0x0000000708400000, 0x0000000708400000| Untracked 
|  39|0x0000000708600000, 0x0000000708600000, 0x0000000708800000|  0%| F|  |TAMS 0x0000000708600000, 0x0000000708600000| Untracked 
|  40|0x0000000708800000, 0x0000000708800000, 0x0000000708a00000|  0%| F|  |TAMS 0x0000000708800000, 0x0000000708800000| Untracked 
|  41|0x0000000708a00000, 0x0000000708a00000, 0x0000000708c00000|  0%| F|  |TAMS 0x0000000708a00000, 0x0000000708a00000| Untracked 
|  42|0x0000000708c00000, 0x0000000708c00000, 0x0000000708e00000|  0%| F|  |TAMS 0x0000000708c00000, 0x0000000708c00000| Untracked 
|  43|0x0000000708e00000, 0x0000000708e00000, 0x0000000709000000|  0%| F|  |TAMS 0x0000000708e00000, 0x0000000708e00000| Untracked 
|  44|0x0000000709000000, 0x0000000709000000, 0x0000000709200000|  0%| F|  |TAMS 0x0000000709000000, 0x0000000709000000| Untracked 
|  45|0x0000000709200000, 0x0000000709200000, 0x0000000709400000|  0%| F|  |TAMS 0x0000000709200000, 0x0000000709200000| Untracked 
|  46|0x0000000709400000, 0x0000000709400000, 0x0000000709600000|  0%| F|  |TAMS 0x0000000709400000, 0x0000000709400000| Untracked 
|  47|0x0000000709600000, 0x0000000709600000, 0x0000000709800000|  0%| F|  |TAMS 0x0000000709600000, 0x0000000709600000| Untracked 
|  48|0x0000000709800000, 0x0000000709800000, 0x0000000709a00000|  0%| F|  |TAMS 0x0000000709800000, 0x0000000709800000| Untracked 
|  49|0x0000000709a00000, 0x0000000709a00000, 0x0000000709c00000|  0%| F|  |TAMS 0x0000000709a00000, 0x0000000709a00000| Untracked 
|  50|0x0000000709c00000, 0x0000000709c00000, 0x0000000709e00000|  0%| F|  |TAMS 0x0000000709c00000, 0x0000000709c00000| Untracked 
|  51|0x0000000709e00000, 0x0000000709e00000, 0x000000070a000000|  0%| F|  |TAMS 0x0000000709e00000, 0x0000000709e00000| Untracked 
|  52|0x000000070a000000, 0x000000070a000000, 0x000000070a200000|  0%| F|  |TAMS 0x000000070a000000, 0x000000070a000000| Untracked 
|  53|0x000000070a200000, 0x000000070a200000, 0x000000070a400000|  0%| F|  |TAMS 0x000000070a200000, 0x000000070a200000| Untracked 
|  54|0x000000070a400000, 0x000000070a400000, 0x000000070a600000|  0%| F|  |TAMS 0x000000070a400000, 0x000000070a400000| Untracked 
|  55|0x000000070a600000, 0x000000070a600000, 0x000000070a800000|  0%| F|  |TAMS 0x000000070a600000, 0x000000070a600000| Untracked 
|  56|0x000000070a800000, 0x000000070a800000, 0x000000070aa00000|  0%| F|  |TAMS 0x000000070a800000, 0x000000070a800000| Untracked 
|  57|0x000000070aa00000, 0x000000070aa00000, 0x000000070ac00000|  0%| F|  |TAMS 0x000000070aa00000, 0x000000070aa00000| Untracked 
|  58|0x000000070ac00000, 0x000000070ac00000, 0x000000070ae00000|  0%| F|  |TAMS 0x000000070ac00000, 0x000000070ac00000| Untracked 
|  59|0x000000070ae00000, 0x000000070ae00000, 0x000000070b000000|  0%| F|  |TAMS 0x000000070ae00000, 0x000000070ae00000| Untracked 
|  60|0x000000070b000000, 0x000000070b000000, 0x000000070b200000|  0%| F|  |TAMS 0x000000070b000000, 0x000000070b000000| Untracked 
|  61|0x000000070b200000, 0x000000070b200000, 0x000000070b400000|  0%| F|  |TAMS 0x000000070b200000, 0x000000070b200000| Untracked 
|  62|0x000000070b400000, 0x000000070b400000, 0x000000070b600000|  0%| F|  |TAMS 0x000000070b400000, 0x000000070b400000| Untracked 
|  63|0x000000070b600000, 0x000000070b600000, 0x000000070b800000|  0%| F|  |TAMS 0x000000070b600000, 0x000000070b600000| Untracked 
|  64|0x000000070b800000, 0x000000070b800000, 0x000000070ba00000|  0%| F|  |TAMS 0x000000070b800000, 0x000000070b800000| Untracked 
|  65|0x000000070ba00000, 0x000000070ba00000, 0x000000070bc00000|  0%| F|  |TAMS 0x000000070ba00000, 0x000000070ba00000| Untracked 
|  66|0x000000070bc00000, 0x000000070bc00000, 0x000000070be00000|  0%| F|  |TAMS 0x000000070bc00000, 0x000000070bc00000| Untracked 
|  67|0x000000070be00000, 0x000000070be00000, 0x000000070c000000|  0%| F|  |TAMS 0x000000070be00000, 0x000000070be00000| Untracked 
|  68|0x000000070c000000, 0x000000070c000000, 0x000000070c200000|  0%| F|  |TAMS 0x000000070c000000, 0x000000070c000000| Untracked 
|  69|0x000000070c200000, 0x000000070c200000, 0x000000070c400000|  0%| F|  |TAMS 0x000000070c200000, 0x000000070c200000| Untracked 
|  70|0x000000070c400000, 0x000000070c400000, 0x000000070c600000|  0%| F|  |TAMS 0x000000070c400000, 0x000000070c400000| Untracked 
|  71|0x000000070c600000, 0x000000070c600000, 0x000000070c800000|  0%| F|  |TAMS 0x000000070c600000, 0x000000070c600000| Untracked 
|  72|0x000000070c800000, 0x000000070c800000, 0x000000070ca00000|  0%| F|  |TAMS 0x000000070c800000, 0x000000070c800000| Untracked 
|  73|0x000000070ca00000, 0x000000070ca00000, 0x000000070cc00000|  0%| F|  |TAMS 0x000000070ca00000, 0x000000070ca00000| Untracked 
|  74|0x000000070cc00000, 0x000000070cc00000, 0x000000070ce00000|  0%| F|  |TAMS 0x000000070cc00000, 0x000000070cc00000| Untracked 
|  75|0x000000070ce00000, 0x000000070ce00000, 0x000000070d000000|  0%| F|  |TAMS 0x000000070ce00000, 0x000000070ce00000| Untracked 
|  76|0x000000070d000000, 0x000000070d000000, 0x000000070d200000|  0%| F|  |TAMS 0x000000070d000000, 0x000000070d000000| Untracked 
|  77|0x000000070d200000, 0x000000070d200000, 0x000000070d400000|  0%| F|  |TAMS 0x000000070d200000, 0x000000070d200000| Untracked 
|  78|0x000000070d400000, 0x000000070d400000, 0x000000070d600000|  0%| F|  |TAMS 0x000000070d400000, 0x000000070d400000| Untracked 
|  79|0x000000070d600000, 0x000000070d600000, 0x000000070d800000|  0%| F|  |TAMS 0x000000070d600000, 0x000000070d600000| Untracked 
|  80|0x000000070d800000, 0x000000070d800000, 0x000000070da00000|  0%| F|  |TAMS 0x000000070d800000, 0x000000070d800000| Untracked 
|  81|0x000000070da00000, 0x000000070da00000, 0x000000070dc00000|  0%| F|  |TAMS 0x000000070da00000, 0x000000070da00000| Untracked 
|  82|0x000000070dc00000, 0x000000070dc00000, 0x000000070de00000|  0%| F|  |TAMS 0x000000070dc00000, 0x000000070dc00000| Untracked 
|  83|0x000000070de00000, 0x000000070de00000, 0x000000070e000000|  0%| F|  |TAMS 0x000000070de00000, 0x000000070de00000| Untracked 
|  84|0x000000070e000000, 0x000000070e000000, 0x000000070e200000|  0%| F|  |TAMS 0x000000070e000000, 0x000000070e000000| Untracked 
|  85|0x000000070e200000, 0x000000070e200000, 0x000000070e400000|  0%| F|  |TAMS 0x000000070e200000, 0x000000070e200000| Untracked 
|  86|0x000000070e400000, 0x000000070e400000, 0x000000070e600000|  0%| F|  |TAMS 0x000000070e400000, 0x000000070e400000| Untracked 
|  87|0x000000070e600000, 0x000000070e600000, 0x000000070e800000|  0%| F|  |TAMS 0x000000070e600000, 0x000000070e600000| Untracked 
|  88|0x000000070e800000, 0x000000070e800000, 0x000000070ea00000|  0%| F|  |TAMS 0x000000070e800000, 0x000000070e800000| Untracked 
|  89|0x000000070ea00000, 0x000000070ea00000, 0x000000070ec00000|  0%| F|  |TAMS 0x000000070ea00000, 0x000000070ea00000| Untracked 
|  90|0x000000070ec00000, 0x000000070ec00000, 0x000000070ee00000|  0%| F|  |TAMS 0x000000070ec00000, 0x000000070ec00000| Untracked 
|  91|0x000000070ee00000, 0x000000070ee00000, 0x000000070f000000|  0%| F|  |TAMS 0x000000070ee00000, 0x000000070ee00000| Untracked 
|  92|0x000000070f000000, 0x000000070f000000, 0x000000070f200000|  0%| F|  |TAMS 0x000000070f000000, 0x000000070f000000| Untracked 
|  93|0x000000070f200000, 0x000000070f200000, 0x000000070f400000|  0%| F|  |TAMS 0x000000070f200000, 0x000000070f200000| Untracked 
|  94|0x000000070f400000, 0x000000070f400000, 0x000000070f600000|  0%| F|  |TAMS 0x000000070f400000, 0x000000070f400000| Untracked 
|  95|0x000000070f600000, 0x000000070f600000, 0x000000070f800000|  0%| F|  |TAMS 0x000000070f600000, 0x000000070f600000| Untracked 
|  96|0x000000070f800000, 0x000000070f800000, 0x000000070fa00000|  0%| F|  |TAMS 0x000000070f800000, 0x000000070f800000| Untracked 
|  97|0x000000070fa00000, 0x000000070fa00000, 0x000000070fc00000|  0%| F|  |TAMS 0x000000070fa00000, 0x000000070fa00000| Untracked 
|  98|0x000000070fc00000, 0x000000070fc00000, 0x000000070fe00000|  0%| F|  |TAMS 0x000000070fc00000, 0x000000070fc00000| Untracked 
|  99|0x000000070fe00000, 0x000000070fe00000, 0x0000000710000000|  0%| F|  |TAMS 0x000000070fe00000, 0x000000070fe00000| Untracked 
| 100|0x0000000710000000, 0x0000000710000000, 0x0000000710200000|  0%| F|  |TAMS 0x0000000710000000, 0x0000000710000000| Untracked 
| 101|0x0000000710200000, 0x0000000710200000, 0x0000000710400000|  0%| F|  |TAMS 0x0000000710200000, 0x0000000710200000| Untracked 
| 102|0x0000000710400000, 0x0000000710400000, 0x0000000710600000|  0%| F|  |TAMS 0x0000000710400000, 0x0000000710400000| Untracked 
| 103|0x0000000710600000, 0x0000000710600000, 0x0000000710800000|  0%| F|  |TAMS 0x0000000710600000, 0x0000000710600000| Untracked 
| 104|0x0000000710800000, 0x0000000710800000, 0x0000000710a00000|  0%| F|  |TAMS 0x0000000710800000, 0x0000000710800000| Untracked 
| 105|0x0000000710a00000, 0x0000000710a00000, 0x0000000710c00000|  0%| F|  |TAMS 0x0000000710a00000, 0x0000000710a00000| Untracked 
| 106|0x0000000710c00000, 0x0000000710c00000, 0x0000000710e00000|  0%| F|  |TAMS 0x0000000710c00000, 0x0000000710c00000| Untracked 
| 107|0x0000000710e00000, 0x0000000710e00000, 0x0000000711000000|  0%| F|  |TAMS 0x0000000710e00000, 0x0000000710e00000| Untracked 
| 108|0x0000000711000000, 0x0000000711000000, 0x0000000711200000|  0%| F|  |TAMS 0x0000000711000000, 0x0000000711000000| Untracked 
| 109|0x0000000711200000, 0x0000000711200000, 0x0000000711400000|  0%| F|  |TAMS 0x0000000711200000, 0x0000000711200000| Untracked 
| 110|0x0000000711400000, 0x0000000711400000, 0x0000000711600000|  0%| F|  |TAMS 0x0000000711400000, 0x0000000711400000| Untracked 
| 111|0x0000000711600000, 0x0000000711600000, 0x0000000711800000|  0%| F|  |TAMS 0x0000000711600000, 0x0000000711600000| Untracked 
| 112|0x0000000711800000, 0x0000000711800000, 0x0000000711a00000|  0%| F|  |TAMS 0x0000000711800000, 0x0000000711800000| Untracked 
| 113|0x0000000711a00000, 0x0000000711a00000, 0x0000000711c00000|  0%| F|  |TAMS 0x0000000711a00000, 0x0000000711a00000| Untracked 
| 114|0x0000000711c00000, 0x0000000711e00000, 0x0000000711e00000|100%| S|CS|TAMS 0x0000000711c00000, 0x0000000711c00000| Complete 
| 115|0x0000000711e00000, 0x0000000712000000, 0x0000000712000000|100%| S|CS|TAMS 0x0000000711e00000, 0x0000000711e00000| Complete 
| 116|0x0000000712000000, 0x0000000712000000, 0x0000000712200000|  0%| F|  |TAMS 0x0000000712000000, 0x0000000712000000| Untracked 
| 117|0x0000000712200000, 0x0000000712200000, 0x0000000712400000|  0%| F|  |TAMS 0x0000000712200000, 0x0000000712200000| Untracked 
| 118|0x0000000712400000, 0x0000000712400000, 0x0000000712600000|  0%| F|  |TAMS 0x0000000712400000, 0x0000000712400000| Untracked 
| 119|0x0000000712600000, 0x0000000712600000, 0x0000000712800000|  0%| F|  |TAMS 0x0000000712600000, 0x0000000712600000| Untracked 
| 120|0x0000000712800000, 0x0000000712885ee8, 0x0000000712a00000| 26%| E|  |TAMS 0x0000000712800000, 0x0000000712800000| Complete 
| 121|0x0000000712a00000, 0x0000000712c00000, 0x0000000712c00000|100%| E|CS|TAMS 0x0000000712a00000, 0x0000000712a00000| Complete 
| 122|0x0000000712c00000, 0x0000000712e00000, 0x0000000712e00000|100%| E|CS|TAMS 0x0000000712c00000, 0x0000000712c00000| Complete 
| 123|0x0000000712e00000, 0x0000000713000000, 0x0000000713000000|100%| E|CS|TAMS 0x0000000712e00000, 0x0000000712e00000| Complete 
| 124|0x0000000713000000, 0x0000000713200000, 0x0000000713200000|100%| E|CS|TAMS 0x0000000713000000, 0x0000000713000000| Complete 
| 125|0x0000000713200000, 0x0000000713400000, 0x0000000713400000|100%| E|CS|TAMS 0x0000000713200000, 0x0000000713200000| Complete 
| 126|0x0000000713400000, 0x0000000713600000, 0x0000000713600000|100%| E|CS|TAMS 0x0000000713400000, 0x0000000713400000| Complete 

Card table byte_map: [0x000001cd4f0c0000,0x000001cd4f8b0000] _byte_map_base: 0x000001cd4b8a4000

Marking Bits (Prev, Next): (CMBitMap*) 0x000001cd3bbd9b90, (CMBitMap*) 0x000001cd3bbd9bd0
 Prev Bits: [0x000001cd500a0000, 0x000001cd53fc0000)
 Next Bits: [0x000001cd53fc0000, 0x000001cd57ee0000)

Polling page: 0x000001cd39a00000

Metaspace:

Usage:
  Non-class:     12.52 MB used.
      Class:      1.65 MB used.
       Both:     14.17 MB used.

Virtual space:
  Non-class space:       16.00 MB reserved,      12.62 MB ( 79%) committed,  2 nodes.
      Class space:        1.00 GB reserved,       1.69 MB ( <1%) committed,  1 nodes.
             Both:        1.02 GB reserved,      14.31 MB (  1%) committed. 

Chunk freelists:
   Non-Class:  2.51 MB
       Class:  2.26 MB
        Both:  4.77 MB

MaxMetaspaceSize: unlimited
CompressedClassSpaceSize: 1.00 GB
Initial GC threshold: 21.00 MB
Current GC threshold: 21.00 MB
CDS: off
MetaspaceReclaimPolicy: balanced
 - commit_granule_bytes: 65536.
 - commit_granule_words: 8192.
 - virtual_space_node_default_size: 1048576.
 - enlarge_chunks_in_place: 1.
 - new_chunks_are_fully_committed: 0.
 - uncommit_free_chunks: 1.
 - use_allocation_guard: 0.
 - handle_deallocations: 1.


Internal statistics:

num_allocs_failed_limit: 0.
num_arena_births: 72.
num_arena_deaths: 0.
num_vsnodes_births: 3.
num_vsnodes_deaths: 0.
num_space_committed: 229.
num_space_uncommitted: 0.
num_chunks_returned_to_freelist: 0.
num_chunks_taken_from_freelist: 261.
num_chunk_merges: 0.
num_chunk_splits: 169.
num_chunks_enlarged: 142.
num_purges: 0.
num_inconsistent_stats: 0.

CodeHeap 'non-profiled nmethods': size=119168Kb used=435Kb max_used=435Kb free=118732Kb
 bounds [0x000001cd46be0000, 0x000001cd46e50000, 0x000001cd4e040000]
CodeHeap 'profiled nmethods': size=119104Kb used=2041Kb max_used=2041Kb free=117062Kb
 bounds [0x000001cd3f040000, 0x000001cd3f2b0000, 0x000001cd46490000]
CodeHeap 'non-nmethods': size=7488Kb used=2848Kb max_used=2866Kb free=4639Kb
 bounds [0x000001cd46490000, 0x000001cd46760000, 0x000001cd46be0000]
 total_blobs=1541 nmethods=1102 adapters=349
 compilation: enabled
              stopped_count=0, restarted_count=0
 full_count=0

Compilation events (20 events):
Event: 0.482 Thread 0x000001cd5c368350 1092       3       sun.nio.fs.WindowsPathParser$Result::<init> (20 bytes)
Event: 0.482 Thread 0x000001cd5b8b22b0 1093       3       sun.nio.fs.WindowsPathParser::isLetter (30 bytes)
Event: 0.483 Thread 0x000001cd5b8b22b0 nmethod 1093 0x000001cd3f234b10 code [0x000001cd3f234ca0, 0x000001cd3f234e98]
Event: 0.483 Thread 0x000001cd5c368350 nmethod 1092 0x000001cd3f234f10 code [0x000001cd3f2350c0, 0x000001cd3f235358]
Event: 0.484 Thread 0x000001cd5b8b22b0 1094       3       sun.nio.fs.WindowsPath::<init> (26 bytes)
Event: 0.484 Thread 0x000001cd5ba1a240 1095       3       sun.nio.fs.WindowsFileAttributes::isReparsePoint (14 bytes)
Event: 0.484 Thread 0x000001cd5c368350 1096       3       sun.nio.fs.WindowsFileAttributes::<init> (57 bytes)
Event: 0.484 Thread 0x000001cd5b8b22b0 nmethod 1094 0x000001cd3f235410 code [0x000001cd3f2355c0, 0x000001cd3f2358b8]
Event: 0.484 Thread 0x000001cd5ba1a240 nmethod 1095 0x000001cd3f235990 code [0x000001cd3f235b20, 0x000001cd3f235c78]
Event: 0.484 Thread 0x000001cd5c368350 nmethod 1096 0x000001cd3f235d10 code [0x000001cd3f235ea0, 0x000001cd3f236038]
Event: 0.485 Thread 0x000001cd5c368350 1098       3       java.lang.invoke.InvokerBytecodeGenerator::emitPushArgument (150 bytes)
Event: 0.485 Thread 0x000001cd5ba1e760 nmethod 1091 0x000001cd3f236110 code [0x000001cd3f236820, 0x000001cd3f23a628]
Event: 0.485 Thread 0x000001cd5c368350 nmethod 1098 0x000001cd3f23bc90 code [0x000001cd3f23bf60, 0x000001cd3f23ce68]
Event: 0.486 Thread 0x000001cd5b8ad0b0 1099       4       java.lang.Math::min (11 bytes)
Event: 0.486 Thread 0x000001cd5ba1a240 1100       3       sun.security.provider.DigestBase::engineUpdate (189 bytes)
Event: 0.486 Thread 0x000001cd5b8ad0b0 nmethod 1099 0x000001cd46c4c310 code [0x000001cd46c4c480, 0x000001cd46c4c4d8]
Event: 0.486 Thread 0x000001cd5ba1a240 nmethod 1100 0x000001cd3f23d290 code [0x000001cd3f23d500, 0x000001cd3f23e1f8]
Event: 0.499 Thread 0x000001cd5ba1a240 1101       1       java.util.concurrent.atomic.AtomicReference::get (5 bytes)
Event: 0.499 Thread 0x000001cd5ba1a240 nmethod 1101 0x000001cd46c4c610 code [0x000001cd46c4c7a0, 0x000001cd46c4c878]
Event: 0.527 Thread 0x000001cd5b8ad0b0 1102       4       java.lang.String::startsWith (7 bytes)

GC Heap History (2 events):
Event: 0.332 GC heap before
{Heap before GC invocations=0 (full 0):
 garbage-first heap   total 260096K, used 28672K [0x0000000703800000, 0x0000000800000000)
  region size 2048K, 11 young (22528K), 0 survivors (0K)
 Metaspace       used 10702K, committed 10944K, reserved 1064960K
  class space    used 1085K, committed 1216K, reserved 1048576K
}
Event: 0.334 GC heap after
{Heap after GC invocations=1 (full 0):
 garbage-first heap   total 260096K, used 9947K [0x0000000703800000, 0x0000000800000000)
  region size 2048K, 2 young (4096K), 2 survivors (4096K)
 Metaspace       used 10702K, committed 10944K, reserved 1064960K
  class space    used 1085K, committed 1216K, reserved 1048576K
}

Dll operation events (2 events):
Event: 0.003 Loaded shared library D:\install\soft\Android Studio\jbr\bin\java.dll
Event: 0.067 Loaded shared library D:\install\soft\Android Studio\jbr\bin\verify.dll

Deoptimization events (20 events):
Event: 0.406 Thread 0x000001cd3bb6bed0 Uncommon trap: trap_request=0xffffffde fr.pc=0x000001cd46c3f034 relative=0x0000000000000114
Event: 0.406 Thread 0x000001cd3bb6bed0 Uncommon trap: reason=class_check action=maybe_recompile pc=0x000001cd46c3f034 method=jdk.internal.misc.Unsafe.allocateUninitializedArray(Ljava/lang/Class;I)Ljava/lang/Object; @ 51 c2
Event: 0.406 Thread 0x000001cd3bb6bed0 DEOPT PACKING pc=0x000001cd46c3f034 sp=0x0000003f79cf9510
Event: 0.406 Thread 0x000001cd3bb6bed0 DEOPT UNPACKING pc=0x000001cd464ea1a3 sp=0x0000003f79cf9498 mode 2
Event: 0.406 Thread 0x000001cd3bb6bed0 Uncommon trap: trap_request=0xffffffde fr.pc=0x000001cd46c3f034 relative=0x0000000000000114
Event: 0.406 Thread 0x000001cd3bb6bed0 Uncommon trap: reason=class_check action=maybe_recompile pc=0x000001cd46c3f034 method=jdk.internal.misc.Unsafe.allocateUninitializedArray(Ljava/lang/Class;I)Ljava/lang/Object; @ 51 c2
Event: 0.406 Thread 0x000001cd3bb6bed0 DEOPT PACKING pc=0x000001cd46c3f034 sp=0x0000003f79cf95b0
Event: 0.406 Thread 0x000001cd3bb6bed0 DEOPT UNPACKING pc=0x000001cd464ea1a3 sp=0x0000003f79cf9538 mode 2
Event: 0.415 Thread 0x000001cd3bb6bed0 Uncommon trap: trap_request=0xffffff45 fr.pc=0x000001cd46c179c8 relative=0x0000000000001028
Event: 0.415 Thread 0x000001cd3bb6bed0 Uncommon trap: reason=unstable_if action=reinterpret pc=0x000001cd46c179c8 method=java.util.HashMap.putVal(ILjava/lang/Object;Ljava/lang/Object;ZZ)Ljava/lang/Object; @ 236 c2
Event: 0.415 Thread 0x000001cd3bb6bed0 DEOPT PACKING pc=0x000001cd46c179c8 sp=0x0000003f79cfba40
Event: 0.415 Thread 0x000001cd3bb6bed0 DEOPT UNPACKING pc=0x000001cd464ea1a3 sp=0x0000003f79cfba08 mode 2
Event: 0.420 Thread 0x000001cd3bb6bed0 DEOPT PACKING pc=0x000001cd3f0e90e5 sp=0x0000003f79cfb1e0
Event: 0.420 Thread 0x000001cd3bb6bed0 DEOPT UNPACKING pc=0x000001cd464eace3 sp=0x0000003f79cfa630 mode 0
Event: 0.441 Thread 0x000001cd3bb6bed0 DEOPT PACKING pc=0x000001cd3f13e448 sp=0x0000003f79cf9c10
Event: 0.441 Thread 0x000001cd3bb6bed0 DEOPT UNPACKING pc=0x000001cd464eace3 sp=0x0000003f79cf9128 mode 0
Event: 0.481 Thread 0x000001cd3bb6bed0 Uncommon trap: trap_request=0xffffff45 fr.pc=0x000001cd46c31500 relative=0x0000000000001e40
Event: 0.481 Thread 0x000001cd3bb6bed0 Uncommon trap: reason=unstable_if action=reinterpret pc=0x000001cd46c31500 method=java.io.WinNTFileSystem.normalize(Ljava/lang/String;)Ljava/lang/String; @ 128 c2
Event: 0.481 Thread 0x000001cd3bb6bed0 DEOPT PACKING pc=0x000001cd46c31500 sp=0x0000003f79cfb520
Event: 0.481 Thread 0x000001cd3bb6bed0 DEOPT UNPACKING pc=0x000001cd464ea1a3 sp=0x0000003f79cfb508 mode 2

Classes unloaded (0 events):
No events

Classes redefined (0 events):
No events

Internal exceptions (17 events):
Event: 0.128 Thread 0x000001cd3bb6bed0 Exception <a 'java/lang/NoSuchMethodError'{0x00000007133ef618}: 'int java.lang.invoke.DirectMethodHandle$Holder.invokeStaticInit(java.lang.Object, java.lang.Object)'> (0x00000007133ef618) 
thrown [s\src\hotspot\share\interpreter\linkResolver.cpp, line 771]
Event: 0.325 Thread 0x000001cd3bb6bed0 Exception <a 'java/lang/NoSuchMethodError'{0x00000007121c16d0}: 'void java.lang.invoke.DirectMethodHandle$Holder.invokeStatic(java.lang.Object, java.lang.Object)'> (0x00000007121c16d0) 
thrown [s\src\hotspot\share\interpreter\linkResolver.cpp, line 771]
Event: 0.339 Thread 0x000001cd3bb6bed0 Exception <a 'java/lang/NoClassDefFoundError'{0x00000007134482b0}: org/slf4j/impl/StaticMarkerBinder> (0x00000007134482b0) 
thrown [s\src\hotspot\share\classfile\systemDictionary.cpp, line 245]
Event: 0.346 Thread 0x000001cd3bb6bed0 Exception <a 'java/lang/NoSuchMethodError'{0x0000000713568960}: 'java.lang.Object java.lang.invoke.DirectMethodHandle$Holder.invokeVirtual(java.lang.Object, java.lang.Object, java.lang.Object, java.lang.Object, java.lang.Object, java.lang.Object, java.lang.Object)'> (0x0000000713568960) 
thrown [s\src\hotspot\share\interpreter\linkResolver.cpp, line 771]
Event: 0.347 Thread 0x000001cd3bb6bed0 Exception <a 'java/lang/NoSuchMethodError'{0x000000071357a4f0}: 'java.lang.Object java.lang.invoke.Invokers$Holder.invoker(java.lang.Object, java.lang.Object, java.lang.Object)'> (0x000000071357a4f0) 
thrown [s\src\hotspot\share\interpreter\linkResolver.cpp, line 771]
Event: 0.348 Thread 0x000001cd3bb6bed0 Exception <a 'java/lang/NoSuchMethodError'{0x00000007135836a0}: 'java.lang.Object java.lang.invoke.DirectMethodHandle$Holder.invokeStatic(java.lang.Object, java.lang.Object, int)'> (0x00000007135836a0) 
thrown [s\src\hotspot\share\interpreter\linkResolver.cpp, line 771]
Event: 0.349 Thread 0x000001cd3bb6bed0 Exception <a 'java/lang/NoSuchMethodError'{0x000000071358f390}: 'void java.lang.invoke.DelegatingMethodHandle$Holder.delegate(java.lang.Object, java.lang.Object, int, java.lang.Object)'> (0x000000071358f390) 
thrown [s\src\hotspot\share\interpreter\linkResolver.cpp, line 771]
Event: 0.349 Thread 0x000001cd3bb6bed0 Exception <a 'java/lang/NoSuchMethodError'{0x0000000713203c00}: 'int java.lang.invoke.DirectMethodHandle$Holder.invokeSpecial(java.lang.Object, java.lang.Object, java.lang.Object)'> (0x0000000713203c00) 
thrown [s\src\hotspot\share\interpreter\linkResolver.cpp, line 771]
Event: 0.351 Thread 0x000001cd3bb6bed0 Exception <a 'java/lang/NoSuchMethodError'{0x0000000713216e20}: 'java.lang.Object java.lang.invoke.Invokers$Holder.invokeExact_MT(java.lang.Object, java.lang.Object, java.lang.Object, java.lang.Object)'> (0x0000000713216e20) 
thrown [s\src\hotspot\share\interpreter\linkResolver.cpp, line 771]
Event: 0.391 Thread 0x000001cd3bb6bed0 Exception <a 'java/lang/NoSuchMethodError'{0x0000000712e17580}: 'java.lang.Object java.lang.invoke.DirectMethodHandle$Holder.invokeInterface(java.lang.Object, java.lang.Object, java.lang.Object)'> (0x0000000712e17580) 
thrown [s\src\hotspot\share\interpreter\linkResolver.cpp, line 771]
Event: 0.393 Thread 0x000001cd3bb6bed0 Exception <a 'java/lang/NoSuchMethodError'{0x0000000712e38fa8}: 'void java.lang.invoke.DirectMethodHandle$Holder.invokeSpecial(java.lang.Object, java.lang.Object, java.lang.Object)'> (0x0000000712e38fa8) 
thrown [s\src\hotspot\share\interpreter\linkResolver.cpp, line 771]
Event: 0.399 Thread 0x000001cd3bb6bed0 Implicit null exception at 0x000001cd46c3428f to 0x000001cd46c346f0
Event: 0.399 Thread 0x000001cd3bb6bed0 Implicit null exception at 0x000001cd46c2118f to 0x000001cd46c215d4
Event: 0.399 Thread 0x000001cd3bb6bed0 Implicit null exception at 0x000001cd46c1a10f to 0x000001cd46c1a189
Event: 0.409 Thread 0x000001cd3bb6bed0 Exception <a 'java/lang/NoSuchMethodError'{0x0000000712fd5a70}: 'java.lang.Object java.lang.invoke.DirectMethodHandle$Holder.invokeStaticInit(java.lang.Object)'> (0x0000000712fd5a70) 
thrown [s\src\hotspot\share\interpreter\linkResolver.cpp, line 771]
Event: 0.458 Thread 0x000001cd3bb6bed0 Exception <a 'java/lang/NoSuchMethodError'{0x0000000712bcff80}: 'java.lang.Object java.lang.invoke.DirectMethodHandle$Holder.invokeStaticInit(java.lang.Object, int, int, int, int)'> (0x0000000712bcff80) 
thrown [s\src\hotspot\share\interpreter\linkResolver.cpp, line 771]
Event: 0.485 Thread 0x000001cd3bb6bed0 Exception <a 'java/lang/NoSuchMethodError'{0x0000000712bf5578}: 'java.lang.Object java.lang.invoke.DirectMethodHandle$Holder.invokeStaticInit(java.lang.Object, java.lang.Object, int, int, int, int)'> (0x0000000712bf5578) 
thrown [s\src\hotspot\share\interpreter\linkResolver.cpp, line 771]

VM Operations (12 events):
Event: 0.064 Executing VM operation: HandshakeAllThreads
Event: 0.064 Executing VM operation: HandshakeAllThreads done
Event: 0.279 Executing VM operation: HandshakeAllThreads
Event: 0.279 Executing VM operation: HandshakeAllThreads done
Event: 0.331 Executing VM operation: G1CollectForAllocation
Event: 0.334 Executing VM operation: G1CollectForAllocation done
Event: 0.348 Executing VM operation: HandshakeAllThreads
Event: 0.348 Executing VM operation: HandshakeAllThreads done
Event: 0.437 Executing VM operation: HandshakeAllThreads
Event: 0.437 Executing VM operation: HandshakeAllThreads done
Event: 0.482 Executing VM operation: HandshakeAllThreads
Event: 0.482 Executing VM operation: HandshakeAllThreads done

Events (20 events):
Event: 0.488 loading class java/net/DatagramSocket$1
Event: 0.488 loading class java/net/DatagramSocket$1 done
Event: 0.488 loading class sun/net/NetProperties
Event: 0.488 loading class sun/net/NetProperties done
Event: 0.488 loading class sun/net/NetProperties$1
Event: 0.488 loading class sun/net/NetProperties$1 done
Event: 0.525 loading class java/net/Inet4AddressImpl
Event: 0.525 loading class java/net/Inet4AddressImpl done
Event: 0.525 loading class java/net/InetSocketAddress$InetSocketAddressHolder
Event: 0.525 loading class java/net/InetSocketAddress$InetSocketAddressHolder done
Event: 0.526 loading class java/lang/ProcessEnvironment$CheckedKeySet
Event: 0.527 loading class java/lang/ProcessEnvironment$CheckedKeySet done
Event: 0.527 loading class java/net/MulticastSocket
Event: 0.527 loading class java/net/MulticastSocket done
Event: 0.527 loading class sun/nio/ch/DefaultSelectorProvider
Event: 0.527 loading class sun/nio/ch/DefaultSelectorProvider done
Event: 0.527 loading class sun/nio/ch/WEPollSelectorProvider
Event: 0.527 loading class sun/nio/ch/SelectorProviderImpl
Event: 0.527 loading class java/nio/channels/spi/SelectorProvider
Event: 0.527 loading class java/nio/channels/spi/SelectorProvider done


Dynamic libraries:
0x00007ff787a00000 - 0x00007ff787a0a000 	D:\install\soft\Android Studio\jbr\bin\java.exe
0x00007ff9567f0000 - 0x00007ff9569e5000 	C:\Windows\SYSTEM32\ntdll.dll
0x00007ff955d00000 - 0x00007ff955dbe000 	C:\Windows\System32\KERNEL32.DLL
0x00007ff954570000 - 0x00007ff954839000 	C:\Windows\System32\KERNELBASE.dll
0x00007ff954470000 - 0x00007ff954570000 	C:\Windows\System32\ucrtbase.dll
0x00007ff9278f0000 - 0x00007ff92790b000 	D:\install\soft\Android Studio\jbr\bin\VCRUNTIME140.dll
0x00007ff928190000 - 0x00007ff9281a7000 	D:\install\soft\Android Studio\jbr\bin\jli.dll
0x00007ff955700000 - 0x00007ff9558a1000 	C:\Windows\System32\USER32.dll
0x00007ff953f10000 - 0x00007ff953f32000 	C:\Windows\System32\win32u.dll
0x00007ff955dc0000 - 0x00007ff955deb000 	C:\Windows\System32\GDI32.dll
0x00007ff93b870000 - 0x00007ff93bb0a000 	C:\Windows\WinSxS\amd64_microsoft.windows.common-controls_6595b64144ccf1df_6.0.19041.1110_none_60b5254171f9507e\COMCTL32.dll
0x00007ff954360000 - 0x00007ff95446b000 	C:\Windows\System32\gdi32full.dll
0x00007ff955c00000 - 0x00007ff955c9e000 	C:\Windows\System32\msvcrt.dll
0x00007ff953fc0000 - 0x00007ff95405d000 	C:\Windows\System32\msvcp_win.dll
0x00007ff955df0000 - 0x00007ff955e20000 	C:\Windows\System32\IMM32.DLL
0x00007ff934c80000 - 0x00007ff934c8c000 	D:\install\soft\Android Studio\jbr\bin\vcruntime140_1.dll
0x00007ff90c7e0000 - 0x00007ff90c86d000 	D:\install\soft\Android Studio\jbr\bin\msvcp140.dll
0x00007ff90fdb0000 - 0x00007ff910a1d000 	D:\install\soft\Android Studio\jbr\bin\server\jvm.dll
0x00007ff956550000 - 0x00007ff9565fc000 	C:\Windows\System32\ADVAPI32.dll
0x00007ff9559c0000 - 0x00007ff955a5b000 	C:\Windows\System32\sechost.dll
0x00007ff9555d0000 - 0x00007ff9556fa000 	C:\Windows\System32\RPCRT4.dll
0x00007ff949d00000 - 0x00007ff949d09000 	C:\Windows\SYSTEM32\WSOCK32.dll
0x00007ff939860000 - 0x00007ff939887000 	C:\Windows\SYSTEM32\WINMM.dll
0x00007ff949e50000 - 0x00007ff949e5a000 	C:\Windows\SYSTEM32\VERSION.dll
0x00007ff955ea0000 - 0x00007ff955f0b000 	C:\Windows\System32\WS2_32.dll
0x00007ff952790000 - 0x00007ff9527a2000 	C:\Windows\SYSTEM32\kernel.appcore.dll
0x00007ff944510000 - 0x00007ff94451a000 	D:\install\soft\Android Studio\jbr\bin\jimage.dll
0x00007ff9519e0000 - 0x00007ff951bc4000 	C:\Windows\SYSTEM32\DBGHELP.DLL
0x00007ff941580000 - 0x00007ff9415ac000 	C:\Windows\SYSTEM32\dbgcore.DLL
0x00007ff954220000 - 0x00007ff9542a3000 	C:\Windows\System32\bcryptPrimitives.dll
0x00007ff9377d0000 - 0x00007ff9377f5000 	D:\install\soft\Android Studio\jbr\bin\java.dll
0x00007ff93d9d0000 - 0x00007ff93d9e8000 	D:\install\soft\Android Studio\jbr\bin\zip.dll
0x00007ff954840000 - 0x00007ff954f7f000 	C:\Windows\System32\SHELL32.dll
0x00007ff951e40000 - 0x00007ff9525d0000 	C:\Windows\SYSTEM32\windows.storage.dll
0x00007ff9561f0000 - 0x00007ff956545000 	C:\Windows\System32\combase.dll
0x00007ff953960000 - 0x00007ff95398c000 	C:\Windows\SYSTEM32\Wldp.dll
0x00007ff955b50000 - 0x00007ff955bfd000 	C:\Windows\System32\SHCORE.dll
0x00007ff955960000 - 0x00007ff9559b5000 	C:\Windows\System32\shlwapi.dll
0x00007ff953e50000 - 0x00007ff953e6f000 	C:\Windows\SYSTEM32\profapi.dll
0x00007ff93d6f0000 - 0x00007ff93d709000 	D:\install\soft\Android Studio\jbr\bin\net.dll
0x00007ff94a790000 - 0x00007ff94a898000 	C:\Windows\SYSTEM32\WINHTTP.dll
0x00007ff9536c0000 - 0x00007ff95372a000 	C:\Windows\system32\mswsock.dll
0x00007ff9377b0000 - 0x00007ff9377c6000 	D:\install\soft\Android Studio\jbr\bin\nio.dll
0x00007ff93e980000 - 0x00007ff93e990000 	D:\install\soft\Android Studio\jbr\bin\verify.dll
0x00007ff923720000 - 0x00007ff923747000 	C:\Users\vadymkon\.gradle\native\e1d6ef7f7dcc3fd88c89a11ec53ec762bb8ba0a96d01ffa2cd45eb1d1d8dd5c5\windows-amd64\native-platform.dll
0x00007ff943c50000 - 0x00007ff943c59000 	D:\install\soft\Android Studio\jbr\bin\management.dll
0x00007ff9415b0000 - 0x00007ff9415bb000 	D:\install\soft\Android Studio\jbr\bin\management_ext.dll
0x00007ff955a60000 - 0x00007ff955a68000 	C:\Windows\System32\PSAPI.DLL
0x00007ff9538b0000 - 0x00007ff9538c8000 	C:\Windows\SYSTEM32\CRYPTSP.dll
0x00007ff952fd0000 - 0x00007ff953004000 	C:\Windows\system32\rsaenh.dll
0x00007ff953f90000 - 0x00007ff953fb7000 	C:\Windows\System32\bcrypt.dll
0x00007ff953dd0000 - 0x00007ff953dfe000 	C:\Windows\SYSTEM32\USERENV.dll
0x00007ff9538d0000 - 0x00007ff9538dc000 	C:\Windows\SYSTEM32\CRYPTBASE.dll
0x00007ff953360000 - 0x00007ff95339b000 	C:\Windows\SYSTEM32\IPHLPAPI.DLL
0x00007ff955140000 - 0x00007ff955148000 	C:\Windows\System32\NSI.dll
0x00007ff947e90000 - 0x00007ff947ea7000 	C:\Windows\SYSTEM32\dhcpcsvc6.DLL
0x00007ff947de0000 - 0x00007ff947dfd000 	C:\Windows\SYSTEM32\dhcpcsvc.DLL
0x00007ff9533b0000 - 0x00007ff95347c000 	C:\Windows\SYSTEM32\DNSAPI.dll

dbghelp: loaded successfully - version: 4.0.5 - missing functions: none
symbol engine: initialized successfully - sym options: 0x614 - pdb path: .;D:\install\soft\Android Studio\jbr\bin;C:\Windows\SYSTEM32;C:\Windows\WinSxS\amd64_microsoft.windows.common-controls_6595b64144ccf1df_6.0.19041.1110_none_60b5254171f9507e;D:\install\soft\Android Studio\jbr\bin\server;C:\Users\vadymkon\.gradle\native\e1d6ef7f7dcc3fd88c89a11ec53ec762bb8ba0a96d01ffa2cd45eb1d1d8dd5c5\windows-amd64

VM Arguments:
jvm_args: -Dorg.gradle.appname=gradlew 
java_command: org.gradle.wrapper.GradleWrapperMain -q -Ptarget-platform=android-x64 -Ptarget=D:\vadymkon\Kaiters\apps\WitcherNotes\lib\main.dart -Pbase-application-name=android.app.Application -Pdart-defines=Zmx1dHRlci5pbnNwZWN0b3Iuc3RydWN0dXJlZEVycm9ycz10cnVl,RkxVVFRFUl9XRUJfQVVUT19ERVRFQ1Q9dHJ1ZQ==,RkxVVFRFUl9XRUJfQ0FOVkFTS0lUX1VSTD1odHRwczovL3d3dy5nc3RhdGljLmNvbS9mbHV0dGVyLWNhbnZhc2tpdC80NWY2ZTAwOTExMGRmNGYzNGVjMmNmOTlmNjNjZjczYjcxYjdhNDIwLw== -Pdart-obfuscation=false -Ptrack-widget-creation=true -Ptree-shake-icons=false -Pfilesystem-scheme=org-dartlang-root assembleDebug
java_class_path (initial): D:\vadymkon\Kaiters\apps\WitcherNotes\android\\gradle\wrapper\gradle-wrapper.jar
Launcher Type: SUN_STANDARD

[Global flags]
     intx CICompilerCount                          = 12                                        {product} {ergonomic}
     uint ConcGCThreads                            = 3                                         {product} {ergonomic}
     uint G1ConcRefinementThreads                  = 13                                        {product} {ergonomic}
   size_t G1HeapRegionSize                         = 2097152                                   {product} {ergonomic}
    uintx GCDrainStackTargetSize                   = 64                                        {product} {ergonomic}
   size_t InitialHeapSize                          = 266338304                                 {product} {ergonomic}
   size_t MarkStackSize                            = 4194304                                   {product} {ergonomic}
   size_t MaxHeapSize                              = 4236247040                                {product} {ergonomic}
   size_t MaxNewSize                               = 2541748224                                {product} {ergonomic}
   size_t MinHeapDeltaBytes                        = 2097152                                   {product} {ergonomic}
   size_t MinHeapSize                              = 8388608                                   {product} {ergonomic}
    uintx NonNMethodCodeHeapSize                   = 7602480                                {pd product} {ergonomic}
    uintx NonProfiledCodeHeapSize                  = 122027880                              {pd product} {ergonomic}
    uintx ProfiledCodeHeapSize                     = 122027880                              {pd product} {ergonomic}
    uintx ReservedCodeCacheSize                    = 251658240                              {pd product} {ergonomic}
     bool SegmentedCodeCache                       = true                                      {product} {ergonomic}
   size_t SoftMaxHeapSize                          = 4236247040                             {manageable} {ergonomic}
     bool UseCompressedClassPointers               = true                           {product lp64_product} {ergonomic}
     bool UseCompressedOops                        = true                           {product lp64_product} {ergonomic}
     bool UseG1GC                                  = true                                      {product} {ergonomic}
     bool UseLargePagesIndividualAllocation        = false                                  {pd product} {ergonomic}

Logging:
Log output configuration:
 #0: stdout all=warning uptime,level,tags
 #1: stderr all=off uptime,level,tags

Environment Variables:
JAVA_HOME=D:\install\soft\Android Studio\jbr
CLASSPATH=D:\vadymkon\Kaiters\apps\WitcherNotes\android\\gradle\wrapper\gradle-wrapper.jar
PATH=C:\Windows\system32;C:\Windows;C:\Windows\System32\Wbem;C:\Windows\System32\WindowsPowerShell\v1.0\;C:\Windows\System32\OpenSSH\;C:\Program Files\Cloudflare\Cloudflare WARP\;C:\Users\vadymkon\AppData\Local\Microsoft\WindowsApps;D:\install\soft\flutterSDK\flutter\bin;;D:\install\soft\flutterSDK\flutter\bin\mingit\cmd
USERNAME=vadymkon
OS=Windows_NT
PROCESSOR_IDENTIFIER=Intel64 Family 6 Model 141 Stepping 1, GenuineIntel
TMP=C:\Temp
TEMP=C:\Temp



---------------  S Y S T E M  ---------------

OS:
 Windows 10 , 64 bit Build 19041 (10.0.19041.1202)
OS uptime: 2 days 1:49 hours

CPU: total 16 (initial active 16) (8 cores per cpu, 2 threads per core) family 6 model 141 stepping 1 microcode 0x34, cx8, cmov, fxsr, ht, mmx, 3dnowpref, sse, sse2, sse3, ssse3, sse4.1, sse4.2, popcnt, lzcnt, tsc, tscinvbit, avx, avx2, aes, erms, clmul, bmi1, bmi2, adx, avx512f, avx512dq, avx512cd, avx512bw, avx512vl, sha, fma, vzeroupper, avx512_vpopcntdq, avx512_vpclmulqdq, avx512_vaes, avx512_vnni, clflush, clflushopt, clwb, avx512_vbmi2, avx512_vbmi

Memory: 4k page, system-wide physical 16155M (3943M free)
TotalPageFile size 16155M (AvailPageFile size 5M)
current process WorkingSet (physical memory assigned to process): 97M, peak: 97M
current process commit charge ("private bytes"): 374M, peak: 374M

vm_info: OpenJDK 64-Bit Server VM (17.0.6+0-b2043.56-9586694) for windows-amd64 JRE (17.0.6+0-b2043.56-9586694), built on Feb  9 2023 20:06:20 by "androidbuild" with MS VC++ 16.10 / 16.11 (VS2019)

END.
