#
# There is insufficient memory for the Java Runtime Environment to continue.
# Native memory allocation (malloc) failed to allocate 32744 bytes for ChunkPool::allocate
# Possible reasons:
#   The system is out of physical RAM or swap space
#   The process is running with CompressedOops enabled, and the Java Heap may be blocking the growth of the native heap
# Possible solutions:
#   Reduce memory load on the system
#   Increase physical memory or swap space
#   Check if swap backing store is full
#   Decrease Java heap size (-Xmx/-Xms)
#   Decrease number of Java threads
#   Decrease Java thread stack sizes (-Xss)
#   Set larger code cache with -XX:ReservedCodeCacheSize=
#   JVM is running with Zero Based Compressed Oops mode in which the Java heap is
#     placed in the first 32GB address space. The Java Heap base address is the
#     maximum limit for the native heap growth. Please use -XX:HeapBaseMinAddress
#     to set the Java Heap base and to place the Java Heap above 32GB virtual address.
# This output file may be truncated or incomplete.
#
#  Out of Memory Error (src/hotspot/share/memory/arena.cpp:81), pid=3768, tid=8760
#
# JRE version: OpenJDK Runtime Environment (11.0.15) (build 11.0.15+0-b2043.56-9505619)
# Java VM: OpenJDK 64-Bit Server VM (11.0.15+0-b2043.56-9505619, mixed mode, tiered, compressed oops, g1 gc, windows-amd64)
# No core dump will be written. Minidumps are not enabled by default on client versions of Windows
#

---------------  S U M M A R Y ------------

Command Line: -Dorg.gradle.appname=gradlew org.gradle.wrapper.GradleWrapperMain -q -Ptarget-platform=android-x86 -Ptarget=D:\vadymkon\Kaiters\apps\witcher_notes\lib\main.dart -Pbase-application-name=android.app.Application -Pdart-defines=Zmx1dHRlci5pbnNwZWN0b3Iuc3RydWN0dXJlZEVycm9ycz10cnVl,RkxVVFRFUl9XRUJfQVVUT19ERVRFQ1Q9dHJ1ZQ==,RkxVVFRFUl9XRUJfQ0FOVkFTS0lUX1VSTD1odHRwczovL3d3dy5nc3RhdGljLmNvbS9mbHV0dGVyLWNhbnZhc2tpdC9jZTgxNDNlMjUzMTc1OTgyYjlkMDY0NDQ0MmY2YWQ3YzVhYTAyNTc5Lw== -Pdart-obfuscation=false -Ptrack-widget-creation=true -Ptree-shake-icons=false -Pfilesystem-scheme=org-dartlang-root assembleDebug

Host: 11th Gen Intel(R) Core(TM) i7-11800H @ 2.30GHz, 16 cores, 15G,  Windows 10 , 64 bit Build 19041 (10.0.19041.1202)
Time: Thu Apr 13 00:36:14 2023  Windows 10 , 64 bit Build 19041 (10.0.19041.1202) elapsed time: 5.690395 seconds (0d 0h 0m 5s)

---------------  T H R E A D  ---------------

Current thread (0x00000192f9dda000):  JavaThread "C1 CompilerThread0" daemon [_thread_in_native, id=8760, stack(0x00000060f4d00000,0x00000060f4e00000)]


Current CompileTask:
C1:   5690 1611       3       org.gradle.internal.logging.slf4j.OutputEventListenerBackedLogger::isLevelAtMost (20 bytes)

Stack: [0x00000060f4d00000,0x00000060f4e00000]
Native frames: (J=compiled Java code, j=interpreted, Vv=VM code, C=native code)
V  [jvm.dll+0x64135a]
V  [jvm.dll+0x7d39f9]
V  [jvm.dll+0x7d51b9]
V  [jvm.dll+0x7d58a3]
V  [jvm.dll+0x2691c5]
V  [jvm.dll+0xc1cbf]
V  [jvm.dll+0xc200c]
V  [jvm.dll+0xcdd4a]
V  [jvm.dll+0x1752a0]
V  [jvm.dll+0x16bb88]
V  [jvm.dll+0x1685ce]
V  [jvm.dll+0x154bd0]
V  [jvm.dll+0x13bf69]
V  [jvm.dll+0x13b89f]
V  [jvm.dll+0x13bad4]
V  [jvm.dll+0x13ae22]
V  [jvm.dll+0x13ccbc]
V  [jvm.dll+0x230479]
V  [jvm.dll+0x22e5ef]
V  [jvm.dll+0x794de1]
V  [jvm.dll+0x78dc24]
V  [jvm.dll+0x6400f6]
C  [ucrtbase.dll+0x21bb2]
C  [KERNEL32.DLL+0x17034]
C  [ntdll.dll+0x52651]


---------------  P R O C E S S  ---------------

Threads class SMR info:
_java_thread_list=0x00000192fb1be7f0, length=12, elements={
0x00000192d9994000, 0x00000192f94c0000, 0x00000192f94c1000, 0x00000192f9dc7800,
0x00000192f9dce000, 0x00000192f9dcf000, 0x00000192f9dd1000, 0x00000192f9dda000,
0x00000192f9dde800, 0x00000192f9f48000, 0x00000192fae8e000, 0x00000192fb6a2800
}

Java Threads: ( => current thread )
  0x00000192d9994000 JavaThread "main" [_thread_in_vm, id=2248, stack(0x00000060f4000000,0x00000060f4100000)]
  0x00000192f94c0000 JavaThread "Reference Handler" daemon [_thread_blocked, id=1620, stack(0x00000060f4700000,0x00000060f4800000)]
  0x00000192f94c1000 JavaThread "Finalizer" daemon [_thread_blocked, id=3268, stack(0x00000060f4800000,0x00000060f4900000)]
  0x00000192f9dc7800 JavaThread "Signal Dispatcher" daemon [_thread_blocked, id=6664, stack(0x00000060f4900000,0x00000060f4a00000)]
  0x00000192f9dce000 JavaThread "Attach Listener" daemon [_thread_blocked, id=9436, stack(0x00000060f4a00000,0x00000060f4b00000)]
  0x00000192f9dcf000 JavaThread "Service Thread" daemon [_thread_blocked, id=3016, stack(0x00000060f4b00000,0x00000060f4c00000)]
  0x00000192f9dd1000 JavaThread "C2 CompilerThread0" daemon [_thread_blocked, id=6528, stack(0x00000060f4c00000,0x00000060f4d00000)]
=>0x00000192f9dda000 JavaThread "C1 CompilerThread0" daemon [_thread_in_native, id=8760, stack(0x00000060f4d00000,0x00000060f4e00000)]
  0x00000192f9dde800 JavaThread "Sweeper thread" daemon [_thread_blocked, id=6404, stack(0x00000060f4e00000,0x00000060f4f00000)]
  0x00000192f9f48000 JavaThread "Common-Cleaner" daemon [_thread_blocked, id=6412, stack(0x00000060f5100000,0x00000060f5200000)]
  0x00000192fae8e000 JavaThread "pool-1-thread-1" [_thread_blocked, id=6660, stack(0x00000060f5b00000,0x00000060f5c00000)]
  0x00000192fb6a2800 JavaThread "DisconnectableInputStream source reader" daemon [_thread_in_native, id=9880, stack(0x00000060f5200000,0x00000060f5300000)]

Other Threads:
  0x00000192f9d76000 VMThread "VM Thread" [stack: 0x00000060f4600000,0x00000060f4700000] [id=11568]
  0x00000192f9f41800 WatcherThread [stack: 0x00000060f5000000,0x00000060f5100000] [id=8996]
  0x00000192d99ad000 GCTaskThread "GC Thread#0" [stack: 0x00000060f4100000,0x00000060f4200000] [id=32]
  0x00000192fae81800 GCTaskThread "GC Thread#1" [stack: 0x00000060f5600000,0x00000060f5700000] [id=11000]
  0x00000192facb4000 GCTaskThread "GC Thread#2" [stack: 0x00000060f5700000,0x00000060f5800000] [id=7776]
  0x00000192fac64000 GCTaskThread "GC Thread#3" [stack: 0x00000060f5800000,0x00000060f5900000] [id=11144]
  0x00000192fab12000 GCTaskThread "GC Thread#4" [stack: 0x00000060f5900000,0x00000060f5a00000] [id=7644]
  0x00000192fa31c000 GCTaskThread "GC Thread#5" [stack: 0x00000060f5a00000,0x00000060f5b00000] [id=11536]
  0x00000192d9a09800 ConcurrentGCThread "G1 Main Marker" [stack: 0x00000060f4200000,0x00000060f4300000] [id=10540]
  0x00000192d9a0b800 ConcurrentGCThread "G1 Conc#0" [stack: 0x00000060f4300000,0x00000060f4400000] [id=6772]
  0x00000192f93a2800 ConcurrentGCThread "G1 Refine#0" [stack: 0x00000060f4400000,0x00000060f4500000] [id=7524]
  0x00000192f93a3800 ConcurrentGCThread "G1 Young RemSet Sampling" [stack: 0x00000060f4500000,0x00000060f4600000] [id=4392]

Threads with active compile tasks:
C1 CompilerThread0     5697 1611       3       org.gradle.internal.logging.slf4j.OutputEventListenerBackedLogger::isLevelAtMost (20 bytes)

VM state:not at safepoint (normal execution)

VM Mutex/Monitor currently owned by a thread: None

Heap address: 0x0000000703800000, size: 4040 MB, Compressed Oops mode: Zero based, Oop shift amount: 3
Narrow klass base: 0x0000000800000000, Narrow klass shift: 0
Compressed class space size: 1073741824 Address: 0x0000000800000000

Heap:
 garbage-first heap   total 260096K, used 37929K [0x0000000703800000, 0x0000000800000000)
  region size 1024K, 32 young (32768K), 3 survivors (3072K)
 Metaspace       used 16849K, capacity 17274K, committed 17408K, reserved 1064960K
  class space    used 1873K, capacity 1998K, committed 2048K, reserved 1048576K
Heap Regions: E=young(eden), S=young(survivor), O=old, HS=humongous(starts), HC=humongous(continues), CS=collection set, F=free, A=archive, TAMS=top-at-mark-start (previous, next)
|   0|0x0000000703800000, 0x0000000703800000, 0x0000000703900000|  0%| F|  |TAMS 0x0000000703800000, 0x0000000703800000| Untracked 
|   1|0x0000000703900000, 0x0000000703900000, 0x0000000703a00000|  0%| F|  |TAMS 0x0000000703900000, 0x0000000703900000| Untracked 
|   2|0x0000000703a00000, 0x0000000703a00000, 0x0000000703b00000|  0%| F|  |TAMS 0x0000000703a00000, 0x0000000703a00000| Untracked 
|   3|0x0000000703b00000, 0x0000000703c00000, 0x0000000703c00000|100%|HS|  |TAMS 0x0000000703b00000, 0x0000000703b00000| Complete 
|   4|0x0000000703c00000, 0x0000000703d00000, 0x0000000703d00000|100%|HC|  |TAMS 0x0000000703c00000, 0x0000000703c00000| Complete 
|   5|0x0000000703d00000, 0x0000000703e00000, 0x0000000703e00000|100%|HC|  |TAMS 0x0000000703d00000, 0x0000000703d00000| Complete 
|   6|0x0000000703e00000, 0x0000000703f00000, 0x0000000703f00000|100%| O|  |TAMS 0x0000000703e00000, 0x0000000703e00000| Untracked 
|   7|0x0000000703f00000, 0x0000000704000000, 0x0000000704000000|100%| O|  |TAMS 0x0000000703f00000, 0x0000000703f00000| Untracked 
|   8|0x0000000704000000, 0x0000000704100000, 0x0000000704100000|100%| O|  |TAMS 0x0000000704000000, 0x0000000704000000| Untracked 
|   9|0x0000000704100000, 0x000000070410a400, 0x0000000704200000|  4%| O|  |TAMS 0x0000000704100000, 0x0000000704100000| Untracked 
|  10|0x0000000704200000, 0x0000000704200000, 0x0000000704300000|  0%| F|  |TAMS 0x0000000704200000, 0x0000000704200000| Untracked 
|  11|0x0000000704300000, 0x0000000704300000, 0x0000000704400000|  0%| F|  |TAMS 0x0000000704300000, 0x0000000704300000| Untracked 
|  12|0x0000000704400000, 0x0000000704400000, 0x0000000704500000|  0%| F|  |TAMS 0x0000000704400000, 0x0000000704400000| Untracked 
|  13|0x0000000704500000, 0x0000000704500000, 0x0000000704600000|  0%| F|  |TAMS 0x0000000704500000, 0x0000000704500000| Untracked 
|  14|0x0000000704600000, 0x0000000704600000, 0x0000000704700000|  0%| F|  |TAMS 0x0000000704600000, 0x0000000704600000| Untracked 
|  15|0x0000000704700000, 0x0000000704700000, 0x0000000704800000|  0%| F|  |TAMS 0x0000000704700000, 0x0000000704700000| Untracked 
|  16|0x0000000704800000, 0x0000000704800000, 0x0000000704900000|  0%| F|  |TAMS 0x0000000704800000, 0x0000000704800000| Untracked 
|  17|0x0000000704900000, 0x0000000704900000, 0x0000000704a00000|  0%| F|  |TAMS 0x0000000704900000, 0x0000000704900000| Untracked 
|  18|0x0000000704a00000, 0x0000000704a00000, 0x0000000704b00000|  0%| F|  |TAMS 0x0000000704a00000, 0x0000000704a00000| Untracked 
|  19|0x0000000704b00000, 0x0000000704b00000, 0x0000000704c00000|  0%| F|  |TAMS 0x0000000704b00000, 0x0000000704b00000| Untracked 
|  20|0x0000000704c00000, 0x0000000704c00000, 0x0000000704d00000|  0%| F|  |TAMS 0x0000000704c00000, 0x0000000704c00000| Untracked 
|  21|0x0000000704d00000, 0x0000000704d00000, 0x0000000704e00000|  0%| F|  |TAMS 0x0000000704d00000, 0x0000000704d00000| Untracked 
|  22|0x0000000704e00000, 0x0000000704e00000, 0x0000000704f00000|  0%| F|  |TAMS 0x0000000704e00000, 0x0000000704e00000| Untracked 
|  23|0x0000000704f00000, 0x0000000704f00000, 0x0000000705000000|  0%| F|  |TAMS 0x0000000704f00000, 0x0000000704f00000| Untracked 
|  24|0x0000000705000000, 0x0000000705000000, 0x0000000705100000|  0%| F|  |TAMS 0x0000000705000000, 0x0000000705000000| Untracked 
|  25|0x0000000705100000, 0x0000000705100000, 0x0000000705200000|  0%| F|  |TAMS 0x0000000705100000, 0x0000000705100000| Untracked 
|  26|0x0000000705200000, 0x0000000705200000, 0x0000000705300000|  0%| F|  |TAMS 0x0000000705200000, 0x0000000705200000| Untracked 
|  27|0x0000000705300000, 0x0000000705300000, 0x0000000705400000|  0%| F|  |TAMS 0x0000000705300000, 0x0000000705300000| Untracked 
|  28|0x0000000705400000, 0x0000000705400000, 0x0000000705500000|  0%| F|  |TAMS 0x0000000705400000, 0x0000000705400000| Untracked 
|  29|0x0000000705500000, 0x0000000705500000, 0x0000000705600000|  0%| F|  |TAMS 0x0000000705500000, 0x0000000705500000| Untracked 
|  30|0x0000000705600000, 0x0000000705600000, 0x0000000705700000|  0%| F|  |TAMS 0x0000000705600000, 0x0000000705600000| Untracked 
|  31|0x0000000705700000, 0x0000000705700000, 0x0000000705800000|  0%| F|  |TAMS 0x0000000705700000, 0x0000000705700000| Untracked 
|  32|0x0000000705800000, 0x0000000705800000, 0x0000000705900000|  0%| F|  |TAMS 0x0000000705800000, 0x0000000705800000| Untracked 
|  33|0x0000000705900000, 0x0000000705900000, 0x0000000705a00000|  0%| F|  |TAMS 0x0000000705900000, 0x0000000705900000| Untracked 
|  34|0x0000000705a00000, 0x0000000705a00000, 0x0000000705b00000|  0%| F|  |TAMS 0x0000000705a00000, 0x0000000705a00000| Untracked 
|  35|0x0000000705b00000, 0x0000000705b00000, 0x0000000705c00000|  0%| F|  |TAMS 0x0000000705b00000, 0x0000000705b00000| Untracked 
|  36|0x0000000705c00000, 0x0000000705c00000, 0x0000000705d00000|  0%| F|  |TAMS 0x0000000705c00000, 0x0000000705c00000| Untracked 
|  37|0x0000000705d00000, 0x0000000705d00000, 0x0000000705e00000|  0%| F|  |TAMS 0x0000000705d00000, 0x0000000705d00000| Untracked 
|  38|0x0000000705e00000, 0x0000000705e00000, 0x0000000705f00000|  0%| F|  |TAMS 0x0000000705e00000, 0x0000000705e00000| Untracked 
|  39|0x0000000705f00000, 0x0000000705f00000, 0x0000000706000000|  0%| F|  |TAMS 0x0000000705f00000, 0x0000000705f00000| Untracked 
|  40|0x0000000706000000, 0x0000000706000000, 0x0000000706100000|  0%| F|  |TAMS 0x0000000706000000, 0x0000000706000000| Untracked 
|  41|0x0000000706100000, 0x0000000706100000, 0x0000000706200000|  0%| F|  |TAMS 0x0000000706100000, 0x0000000706100000| Untracked 
|  42|0x0000000706200000, 0x0000000706200000, 0x0000000706300000|  0%| F|  |TAMS 0x0000000706200000, 0x0000000706200000| Untracked 
|  43|0x0000000706300000, 0x0000000706300000, 0x0000000706400000|  0%| F|  |TAMS 0x0000000706300000, 0x0000000706300000| Untracked 
|  44|0x0000000706400000, 0x0000000706400000, 0x0000000706500000|  0%| F|  |TAMS 0x0000000706400000, 0x0000000706400000| Untracked 
|  45|0x0000000706500000, 0x0000000706500000, 0x0000000706600000|  0%| F|  |TAMS 0x0000000706500000, 0x0000000706500000| Untracked 
|  46|0x0000000706600000, 0x0000000706600000, 0x0000000706700000|  0%| F|  |TAMS 0x0000000706600000, 0x0000000706600000| Untracked 
|  47|0x0000000706700000, 0x0000000706700000, 0x0000000706800000|  0%| F|  |TAMS 0x0000000706700000, 0x0000000706700000| Untracked 
|  48|0x0000000706800000, 0x0000000706800000, 0x0000000706900000|  0%| F|  |TAMS 0x0000000706800000, 0x0000000706800000| Untracked 
|  49|0x0000000706900000, 0x0000000706900000, 0x0000000706a00000|  0%| F|  |TAMS 0x0000000706900000, 0x0000000706900000| Untracked 
|  50|0x0000000706a00000, 0x0000000706a00000, 0x0000000706b00000|  0%| F|  |TAMS 0x0000000706a00000, 0x0000000706a00000| Untracked 
|  51|0x0000000706b00000, 0x0000000706b00000, 0x0000000706c00000|  0%| F|  |TAMS 0x0000000706b00000, 0x0000000706b00000| Untracked 
|  52|0x0000000706c00000, 0x0000000706c00000, 0x0000000706d00000|  0%| F|  |TAMS 0x0000000706c00000, 0x0000000706c00000| Untracked 
|  53|0x0000000706d00000, 0x0000000706d00000, 0x0000000706e00000|  0%| F|  |TAMS 0x0000000706d00000, 0x0000000706d00000| Untracked 
|  54|0x0000000706e00000, 0x0000000706e00000, 0x0000000706f00000|  0%| F|  |TAMS 0x0000000706e00000, 0x0000000706e00000| Untracked 
|  55|0x0000000706f00000, 0x0000000706f00000, 0x0000000707000000|  0%| F|  |TAMS 0x0000000706f00000, 0x0000000706f00000| Untracked 
|  56|0x0000000707000000, 0x0000000707000000, 0x0000000707100000|  0%| F|  |TAMS 0x0000000707000000, 0x0000000707000000| Untracked 
|  57|0x0000000707100000, 0x0000000707100000, 0x0000000707200000|  0%| F|  |TAMS 0x0000000707100000, 0x0000000707100000| Untracked 
|  58|0x0000000707200000, 0x0000000707200000, 0x0000000707300000|  0%| F|  |TAMS 0x0000000707200000, 0x0000000707200000| Untracked 
|  59|0x0000000707300000, 0x0000000707300000, 0x0000000707400000|  0%| F|  |TAMS 0x0000000707300000, 0x0000000707300000| Untracked 
|  60|0x0000000707400000, 0x0000000707400000, 0x0000000707500000|  0%| F|  |TAMS 0x0000000707400000, 0x0000000707400000| Untracked 
|  61|0x0000000707500000, 0x0000000707500000, 0x0000000707600000|  0%| F|  |TAMS 0x0000000707500000, 0x0000000707500000| Untracked 
|  62|0x0000000707600000, 0x0000000707600000, 0x0000000707700000|  0%| F|  |TAMS 0x0000000707600000, 0x0000000707600000| Untracked 
|  63|0x0000000707700000, 0x0000000707700000, 0x0000000707800000|  0%| F|  |TAMS 0x0000000707700000, 0x0000000707700000| Untracked 
|  64|0x0000000707800000, 0x0000000707800000, 0x0000000707900000|  0%| F|  |TAMS 0x0000000707800000, 0x0000000707800000| Untracked 
|  65|0x0000000707900000, 0x0000000707900000, 0x0000000707a00000|  0%| F|  |TAMS 0x0000000707900000, 0x0000000707900000| Untracked 
|  66|0x0000000707a00000, 0x0000000707a00000, 0x0000000707b00000|  0%| F|  |TAMS 0x0000000707a00000, 0x0000000707a00000| Untracked 
|  67|0x0000000707b00000, 0x0000000707b00000, 0x0000000707c00000|  0%| F|  |TAMS 0x0000000707b00000, 0x0000000707b00000| Untracked 
|  68|0x0000000707c00000, 0x0000000707c00000, 0x0000000707d00000|  0%| F|  |TAMS 0x0000000707c00000, 0x0000000707c00000| Untracked 
|  69|0x0000000707d00000, 0x0000000707d00000, 0x0000000707e00000|  0%| F|  |TAMS 0x0000000707d00000, 0x0000000707d00000| Untracked 
|  70|0x0000000707e00000, 0x0000000707e00000, 0x0000000707f00000|  0%| F|  |TAMS 0x0000000707e00000, 0x0000000707e00000| Untracked 
|  71|0x0000000707f00000, 0x0000000707f00000, 0x0000000708000000|  0%| F|  |TAMS 0x0000000707f00000, 0x0000000707f00000| Untracked 
|  72|0x0000000708000000, 0x0000000708000000, 0x0000000708100000|  0%| F|  |TAMS 0x0000000708000000, 0x0000000708000000| Untracked 
|  73|0x0000000708100000, 0x0000000708100000, 0x0000000708200000|  0%| F|  |TAMS 0x0000000708100000, 0x0000000708100000| Untracked 
|  74|0x0000000708200000, 0x0000000708200000, 0x0000000708300000|  0%| F|  |TAMS 0x0000000708200000, 0x0000000708200000| Untracked 
|  75|0x0000000708300000, 0x0000000708300000, 0x0000000708400000|  0%| F|  |TAMS 0x0000000708300000, 0x0000000708300000| Untracked 
|  76|0x0000000708400000, 0x0000000708400000, 0x0000000708500000|  0%| F|  |TAMS 0x0000000708400000, 0x0000000708400000| Untracked 
|  77|0x0000000708500000, 0x0000000708500000, 0x0000000708600000|  0%| F|  |TAMS 0x0000000708500000, 0x0000000708500000| Untracked 
|  78|0x0000000708600000, 0x0000000708600000, 0x0000000708700000|  0%| F|  |TAMS 0x0000000708600000, 0x0000000708600000| Untracked 
|  79|0x0000000708700000, 0x0000000708700000, 0x0000000708800000|  0%| F|  |TAMS 0x0000000708700000, 0x0000000708700000| Untracked 
|  80|0x0000000708800000, 0x0000000708800000, 0x0000000708900000|  0%| F|  |TAMS 0x0000000708800000, 0x0000000708800000| Untracked 
|  81|0x0000000708900000, 0x0000000708900000, 0x0000000708a00000|  0%| F|  |TAMS 0x0000000708900000, 0x0000000708900000| Untracked 
|  82|0x0000000708a00000, 0x0000000708a00000, 0x0000000708b00000|  0%| F|  |TAMS 0x0000000708a00000, 0x0000000708a00000| Untracked 
|  83|0x0000000708b00000, 0x0000000708b00000, 0x0000000708c00000|  0%| F|  |TAMS 0x0000000708b00000, 0x0000000708b00000| Untracked 
|  84|0x0000000708c00000, 0x0000000708c00000, 0x0000000708d00000|  0%| F|  |TAMS 0x0000000708c00000, 0x0000000708c00000| Untracked 
|  85|0x0000000708d00000, 0x0000000708d00000, 0x0000000708e00000|  0%| F|  |TAMS 0x0000000708d00000, 0x0000000708d00000| Untracked 
|  86|0x0000000708e00000, 0x0000000708e00000, 0x0000000708f00000|  0%| F|  |TAMS 0x0000000708e00000, 0x0000000708e00000| Untracked 
|  87|0x0000000708f00000, 0x0000000708f00000, 0x0000000709000000|  0%| F|  |TAMS 0x0000000708f00000, 0x0000000708f00000| Untracked 
|  88|0x0000000709000000, 0x0000000709000000, 0x0000000709100000|  0%| F|  |TAMS 0x0000000709000000, 0x0000000709000000| Untracked 
|  89|0x0000000709100000, 0x0000000709100000, 0x0000000709200000|  0%| F|  |TAMS 0x0000000709100000, 0x0000000709100000| Untracked 
|  90|0x0000000709200000, 0x0000000709200000, 0x0000000709300000|  0%| F|  |TAMS 0x0000000709200000, 0x0000000709200000| Untracked 
|  91|0x0000000709300000, 0x0000000709300000, 0x0000000709400000|  0%| F|  |TAMS 0x0000000709300000, 0x0000000709300000| Untracked 
|  92|0x0000000709400000, 0x0000000709400000, 0x0000000709500000|  0%| F|  |TAMS 0x0000000709400000, 0x0000000709400000| Untracked 
|  93|0x0000000709500000, 0x0000000709500000, 0x0000000709600000|  0%| F|  |TAMS 0x0000000709500000, 0x0000000709500000| Untracked 
|  94|0x0000000709600000, 0x0000000709600000, 0x0000000709700000|  0%| F|  |TAMS 0x0000000709600000, 0x0000000709600000| Untracked 
|  95|0x0000000709700000, 0x0000000709700000, 0x0000000709800000|  0%| F|  |TAMS 0x0000000709700000, 0x0000000709700000| Untracked 
|  96|0x0000000709800000, 0x0000000709800000, 0x0000000709900000|  0%| F|  |TAMS 0x0000000709800000, 0x0000000709800000| Untracked 
|  97|0x0000000709900000, 0x0000000709900000, 0x0000000709a00000|  0%| F|  |TAMS 0x0000000709900000, 0x0000000709900000| Untracked 
|  98|0x0000000709a00000, 0x0000000709a00000, 0x0000000709b00000|  0%| F|  |TAMS 0x0000000709a00000, 0x0000000709a00000| Untracked 
|  99|0x0000000709b00000, 0x0000000709b00000, 0x0000000709c00000|  0%| F|  |TAMS 0x0000000709b00000, 0x0000000709b00000| Untracked 
| 100|0x0000000709c00000, 0x0000000709c00000, 0x0000000709d00000|  0%| F|  |TAMS 0x0000000709c00000, 0x0000000709c00000| Untracked 
| 101|0x0000000709d00000, 0x0000000709d00000, 0x0000000709e00000|  0%| F|  |TAMS 0x0000000709d00000, 0x0000000709d00000| Untracked 
| 102|0x0000000709e00000, 0x0000000709e00000, 0x0000000709f00000|  0%| F|  |TAMS 0x0000000709e00000, 0x0000000709e00000| Untracked 
| 103|0x0000000709f00000, 0x0000000709f00000, 0x000000070a000000|  0%| F|  |TAMS 0x0000000709f00000, 0x0000000709f00000| Untracked 
| 104|0x000000070a000000, 0x000000070a000000, 0x000000070a100000|  0%| F|  |TAMS 0x000000070a000000, 0x000000070a000000| Untracked 
| 105|0x000000070a100000, 0x000000070a100000, 0x000000070a200000|  0%| F|  |TAMS 0x000000070a100000, 0x000000070a100000| Untracked 
| 106|0x000000070a200000, 0x000000070a200000, 0x000000070a300000|  0%| F|  |TAMS 0x000000070a200000, 0x000000070a200000| Untracked 
| 107|0x000000070a300000, 0x000000070a300000, 0x000000070a400000|  0%| F|  |TAMS 0x000000070a300000, 0x000000070a300000| Untracked 
| 108|0x000000070a400000, 0x000000070a400000, 0x000000070a500000|  0%| F|  |TAMS 0x000000070a400000, 0x000000070a400000| Untracked 
| 109|0x000000070a500000, 0x000000070a500000, 0x000000070a600000|  0%| F|  |TAMS 0x000000070a500000, 0x000000070a500000| Untracked 
| 110|0x000000070a600000, 0x000000070a600000, 0x000000070a700000|  0%| F|  |TAMS 0x000000070a600000, 0x000000070a600000| Untracked 
| 111|0x000000070a700000, 0x000000070a700000, 0x000000070a800000|  0%| F|  |TAMS 0x000000070a700000, 0x000000070a700000| Untracked 
| 112|0x000000070a800000, 0x000000070a800000, 0x000000070a900000|  0%| F|  |TAMS 0x000000070a800000, 0x000000070a800000| Untracked 
| 113|0x000000070a900000, 0x000000070a900000, 0x000000070aa00000|  0%| F|  |TAMS 0x000000070a900000, 0x000000070a900000| Untracked 
| 114|0x000000070aa00000, 0x000000070aa00000, 0x000000070ab00000|  0%| F|  |TAMS 0x000000070aa00000, 0x000000070aa00000| Untracked 
| 115|0x000000070ab00000, 0x000000070ab00000, 0x000000070ac00000|  0%| F|  |TAMS 0x000000070ab00000, 0x000000070ab00000| Untracked 
| 116|0x000000070ac00000, 0x000000070ac00000, 0x000000070ad00000|  0%| F|  |TAMS 0x000000070ac00000, 0x000000070ac00000| Untracked 
| 117|0x000000070ad00000, 0x000000070ad00000, 0x000000070ae00000|  0%| F|  |TAMS 0x000000070ad00000, 0x000000070ad00000| Untracked 
| 118|0x000000070ae00000, 0x000000070ae00000, 0x000000070af00000|  0%| F|  |TAMS 0x000000070ae00000, 0x000000070ae00000| Untracked 
| 119|0x000000070af00000, 0x000000070af00000, 0x000000070b000000|  0%| F|  |TAMS 0x000000070af00000, 0x000000070af00000| Untracked 
| 120|0x000000070b000000, 0x000000070b000000, 0x000000070b100000|  0%| F|  |TAMS 0x000000070b000000, 0x000000070b000000| Untracked 
| 121|0x000000070b100000, 0x000000070b100000, 0x000000070b200000|  0%| F|  |TAMS 0x000000070b100000, 0x000000070b100000| Untracked 
| 122|0x000000070b200000, 0x000000070b200000, 0x000000070b300000|  0%| F|  |TAMS 0x000000070b200000, 0x000000070b200000| Untracked 
| 123|0x000000070b300000, 0x000000070b300000, 0x000000070b400000|  0%| F|  |TAMS 0x000000070b300000, 0x000000070b300000| Untracked 
| 124|0x000000070b400000, 0x000000070b400000, 0x000000070b500000|  0%| F|  |TAMS 0x000000070b400000, 0x000000070b400000| Untracked 
| 125|0x000000070b500000, 0x000000070b500000, 0x000000070b600000|  0%| F|  |TAMS 0x000000070b500000, 0x000000070b500000| Untracked 
| 126|0x000000070b600000, 0x000000070b600000, 0x000000070b700000|  0%| F|  |TAMS 0x000000070b600000, 0x000000070b600000| Untracked 
| 127|0x000000070b700000, 0x000000070b700000, 0x000000070b800000|  0%| F|  |TAMS 0x000000070b700000, 0x000000070b700000| Untracked 
| 128|0x000000070b800000, 0x000000070b800000, 0x000000070b900000|  0%| F|  |TAMS 0x000000070b800000, 0x000000070b800000| Untracked 
| 129|0x000000070b900000, 0x000000070b900000, 0x000000070ba00000|  0%| F|  |TAMS 0x000000070b900000, 0x000000070b900000| Untracked 
| 130|0x000000070ba00000, 0x000000070ba00000, 0x000000070bb00000|  0%| F|  |TAMS 0x000000070ba00000, 0x000000070ba00000| Untracked 
| 131|0x000000070bb00000, 0x000000070bb00000, 0x000000070bc00000|  0%| F|  |TAMS 0x000000070bb00000, 0x000000070bb00000| Untracked 
| 132|0x000000070bc00000, 0x000000070bc00000, 0x000000070bd00000|  0%| F|  |TAMS 0x000000070bc00000, 0x000000070bc00000| Untracked 
| 133|0x000000070bd00000, 0x000000070bd00000, 0x000000070be00000|  0%| F|  |TAMS 0x000000070bd00000, 0x000000070bd00000| Untracked 
| 134|0x000000070be00000, 0x000000070be00000, 0x000000070bf00000|  0%| F|  |TAMS 0x000000070be00000, 0x000000070be00000| Untracked 
| 135|0x000000070bf00000, 0x000000070bf00000, 0x000000070c000000|  0%| F|  |TAMS 0x000000070bf00000, 0x000000070bf00000| Untracked 
| 136|0x000000070c000000, 0x000000070c000000, 0x000000070c100000|  0%| F|  |TAMS 0x000000070c000000, 0x000000070c000000| Untracked 
| 137|0x000000070c100000, 0x000000070c100000, 0x000000070c200000|  0%| F|  |TAMS 0x000000070c100000, 0x000000070c100000| Untracked 
| 138|0x000000070c200000, 0x000000070c200000, 0x000000070c300000|  0%| F|  |TAMS 0x000000070c200000, 0x000000070c200000| Untracked 
| 139|0x000000070c300000, 0x000000070c300000, 0x000000070c400000|  0%| F|  |TAMS 0x000000070c300000, 0x000000070c300000| Untracked 
| 140|0x000000070c400000, 0x000000070c400000, 0x000000070c500000|  0%| F|  |TAMS 0x000000070c400000, 0x000000070c400000| Untracked 
| 141|0x000000070c500000, 0x000000070c500000, 0x000000070c600000|  0%| F|  |TAMS 0x000000070c500000, 0x000000070c500000| Untracked 
| 142|0x000000070c600000, 0x000000070c600000, 0x000000070c700000|  0%| F|  |TAMS 0x000000070c600000, 0x000000070c600000| Untracked 
| 143|0x000000070c700000, 0x000000070c700000, 0x000000070c800000|  0%| F|  |TAMS 0x000000070c700000, 0x000000070c700000| Untracked 
| 144|0x000000070c800000, 0x000000070c800000, 0x000000070c900000|  0%| F|  |TAMS 0x000000070c800000, 0x000000070c800000| Untracked 
| 145|0x000000070c900000, 0x000000070c900000, 0x000000070ca00000|  0%| F|  |TAMS 0x000000070c900000, 0x000000070c900000| Untracked 
| 146|0x000000070ca00000, 0x000000070ca00000, 0x000000070cb00000|  0%| F|  |TAMS 0x000000070ca00000, 0x000000070ca00000| Untracked 
| 147|0x000000070cb00000, 0x000000070cb00000, 0x000000070cc00000|  0%| F|  |TAMS 0x000000070cb00000, 0x000000070cb00000| Untracked 
| 148|0x000000070cc00000, 0x000000070cc00000, 0x000000070cd00000|  0%| F|  |TAMS 0x000000070cc00000, 0x000000070cc00000| Untracked 
| 149|0x000000070cd00000, 0x000000070cd00000, 0x000000070ce00000|  0%| F|  |TAMS 0x000000070cd00000, 0x000000070cd00000| Untracked 
| 150|0x000000070ce00000, 0x000000070ce00000, 0x000000070cf00000|  0%| F|  |TAMS 0x000000070ce00000, 0x000000070ce00000| Untracked 
| 151|0x000000070cf00000, 0x000000070cf00000, 0x000000070d000000|  0%| F|  |TAMS 0x000000070cf00000, 0x000000070cf00000| Untracked 
| 152|0x000000070d000000, 0x000000070d000000, 0x000000070d100000|  0%| F|  |TAMS 0x000000070d000000, 0x000000070d000000| Untracked 
| 153|0x000000070d100000, 0x000000070d100000, 0x000000070d200000|  0%| F|  |TAMS 0x000000070d100000, 0x000000070d100000| Untracked 
| 154|0x000000070d200000, 0x000000070d200000, 0x000000070d300000|  0%| F|  |TAMS 0x000000070d200000, 0x000000070d200000| Untracked 
| 155|0x000000070d300000, 0x000000070d300000, 0x000000070d400000|  0%| F|  |TAMS 0x000000070d300000, 0x000000070d300000| Untracked 
| 156|0x000000070d400000, 0x000000070d400000, 0x000000070d500000|  0%| F|  |TAMS 0x000000070d400000, 0x000000070d400000| Untracked 
| 157|0x000000070d500000, 0x000000070d500000, 0x000000070d600000|  0%| F|  |TAMS 0x000000070d500000, 0x000000070d500000| Untracked 
| 158|0x000000070d600000, 0x000000070d600000, 0x000000070d700000|  0%| F|  |TAMS 0x000000070d600000, 0x000000070d600000| Untracked 
| 159|0x000000070d700000, 0x000000070d700000, 0x000000070d800000|  0%| F|  |TAMS 0x000000070d700000, 0x000000070d700000| Untracked 
| 160|0x000000070d800000, 0x000000070d800000, 0x000000070d900000|  0%| F|  |TAMS 0x000000070d800000, 0x000000070d800000| Untracked 
| 161|0x000000070d900000, 0x000000070d900000, 0x000000070da00000|  0%| F|  |TAMS 0x000000070d900000, 0x000000070d900000| Untracked 
| 162|0x000000070da00000, 0x000000070da00000, 0x000000070db00000|  0%| F|  |TAMS 0x000000070da00000, 0x000000070da00000| Untracked 
| 163|0x000000070db00000, 0x000000070db00000, 0x000000070dc00000|  0%| F|  |TAMS 0x000000070db00000, 0x000000070db00000| Untracked 
| 164|0x000000070dc00000, 0x000000070dc00000, 0x000000070dd00000|  0%| F|  |TAMS 0x000000070dc00000, 0x000000070dc00000| Untracked 
| 165|0x000000070dd00000, 0x000000070dd00000, 0x000000070de00000|  0%| F|  |TAMS 0x000000070dd00000, 0x000000070dd00000| Untracked 
| 166|0x000000070de00000, 0x000000070de00000, 0x000000070df00000|  0%| F|  |TAMS 0x000000070de00000, 0x000000070de00000| Untracked 
| 167|0x000000070df00000, 0x000000070df00000, 0x000000070e000000|  0%| F|  |TAMS 0x000000070df00000, 0x000000070df00000| Untracked 
| 168|0x000000070e000000, 0x000000070e000000, 0x000000070e100000|  0%| F|  |TAMS 0x000000070e000000, 0x000000070e000000| Untracked 
| 169|0x000000070e100000, 0x000000070e100000, 0x000000070e200000|  0%| F|  |TAMS 0x000000070e100000, 0x000000070e100000| Untracked 
| 170|0x000000070e200000, 0x000000070e200000, 0x000000070e300000|  0%| F|  |TAMS 0x000000070e200000, 0x000000070e200000| Untracked 
| 171|0x000000070e300000, 0x000000070e300000, 0x000000070e400000|  0%| F|  |TAMS 0x000000070e300000, 0x000000070e300000| Untracked 
| 172|0x000000070e400000, 0x000000070e400000, 0x000000070e500000|  0%| F|  |TAMS 0x000000070e400000, 0x000000070e400000| Untracked 
| 173|0x000000070e500000, 0x000000070e500000, 0x000000070e600000|  0%| F|  |TAMS 0x000000070e500000, 0x000000070e500000| Untracked 
| 174|0x000000070e600000, 0x000000070e600000, 0x000000070e700000|  0%| F|  |TAMS 0x000000070e600000, 0x000000070e600000| Untracked 
| 175|0x000000070e700000, 0x000000070e700000, 0x000000070e800000|  0%| F|  |TAMS 0x000000070e700000, 0x000000070e700000| Untracked 
| 176|0x000000070e800000, 0x000000070e800000, 0x000000070e900000|  0%| F|  |TAMS 0x000000070e800000, 0x000000070e800000| Untracked 
| 177|0x000000070e900000, 0x000000070e900000, 0x000000070ea00000|  0%| F|  |TAMS 0x000000070e900000, 0x000000070e900000| Untracked 
| 178|0x000000070ea00000, 0x000000070ea00000, 0x000000070eb00000|  0%| F|  |TAMS 0x000000070ea00000, 0x000000070ea00000| Untracked 
| 179|0x000000070eb00000, 0x000000070eb00000, 0x000000070ec00000|  0%| F|  |TAMS 0x000000070eb00000, 0x000000070eb00000| Untracked 
| 180|0x000000070ec00000, 0x000000070ec00000, 0x000000070ed00000|  0%| F|  |TAMS 0x000000070ec00000, 0x000000070ec00000| Untracked 
| 181|0x000000070ed00000, 0x000000070ed00000, 0x000000070ee00000|  0%| F|  |TAMS 0x000000070ed00000, 0x000000070ed00000| Untracked 
| 182|0x000000070ee00000, 0x000000070ee00000, 0x000000070ef00000|  0%| F|  |TAMS 0x000000070ee00000, 0x000000070ee00000| Untracked 
| 183|0x000000070ef00000, 0x000000070ef00000, 0x000000070f000000|  0%| F|  |TAMS 0x000000070ef00000, 0x000000070ef00000| Untracked 
| 184|0x000000070f000000, 0x000000070f000000, 0x000000070f100000|  0%| F|  |TAMS 0x000000070f000000, 0x000000070f000000| Untracked 
| 185|0x000000070f100000, 0x000000070f100000, 0x000000070f200000|  0%| F|  |TAMS 0x000000070f100000, 0x000000070f100000| Untracked 
| 186|0x000000070f200000, 0x000000070f200000, 0x000000070f300000|  0%| F|  |TAMS 0x000000070f200000, 0x000000070f200000| Untracked 
| 187|0x000000070f300000, 0x000000070f300000, 0x000000070f400000|  0%| F|  |TAMS 0x000000070f300000, 0x000000070f300000| Untracked 
| 188|0x000000070f400000, 0x000000070f400000, 0x000000070f500000|  0%| F|  |TAMS 0x000000070f400000, 0x000000070f400000| Untracked 
| 189|0x000000070f500000, 0x000000070f500000, 0x000000070f600000|  0%| F|  |TAMS 0x000000070f500000, 0x000000070f500000| Untracked 
| 190|0x000000070f600000, 0x000000070f600000, 0x000000070f700000|  0%| F|  |TAMS 0x000000070f600000, 0x000000070f600000| Untracked 
| 191|0x000000070f700000, 0x000000070f700000, 0x000000070f800000|  0%| F|  |TAMS 0x000000070f700000, 0x000000070f700000| Untracked 
| 192|0x000000070f800000, 0x000000070f800000, 0x000000070f900000|  0%| F|  |TAMS 0x000000070f800000, 0x000000070f800000| Untracked 
| 193|0x000000070f900000, 0x000000070f900000, 0x000000070fa00000|  0%| F|  |TAMS 0x000000070f900000, 0x000000070f900000| Untracked 
| 194|0x000000070fa00000, 0x000000070fa00000, 0x000000070fb00000|  0%| F|  |TAMS 0x000000070fa00000, 0x000000070fa00000| Untracked 
| 195|0x000000070fb00000, 0x000000070fb00000, 0x000000070fc00000|  0%| F|  |TAMS 0x000000070fb00000, 0x000000070fb00000| Untracked 
| 196|0x000000070fc00000, 0x000000070fc00000, 0x000000070fd00000|  0%| F|  |TAMS 0x000000070fc00000, 0x000000070fc00000| Untracked 
| 197|0x000000070fd00000, 0x000000070fd00000, 0x000000070fe00000|  0%| F|  |TAMS 0x000000070fd00000, 0x000000070fd00000| Untracked 
| 198|0x000000070fe00000, 0x000000070fe00000, 0x000000070ff00000|  0%| F|  |TAMS 0x000000070fe00000, 0x000000070fe00000| Untracked 
| 199|0x000000070ff00000, 0x000000070ff00000, 0x0000000710000000|  0%| F|  |TAMS 0x000000070ff00000, 0x000000070ff00000| Untracked 
| 200|0x0000000710000000, 0x0000000710000000, 0x0000000710100000|  0%| F|  |TAMS 0x0000000710000000, 0x0000000710000000| Untracked 
| 201|0x0000000710100000, 0x0000000710100000, 0x0000000710200000|  0%| F|  |TAMS 0x0000000710100000, 0x0000000710100000| Untracked 
| 202|0x0000000710200000, 0x0000000710200000, 0x0000000710300000|  0%| F|  |TAMS 0x0000000710200000, 0x0000000710200000| Untracked 
| 203|0x0000000710300000, 0x0000000710300000, 0x0000000710400000|  0%| F|  |TAMS 0x0000000710300000, 0x0000000710300000| Untracked 
| 204|0x0000000710400000, 0x0000000710400000, 0x0000000710500000|  0%| F|  |TAMS 0x0000000710400000, 0x0000000710400000| Untracked 
| 205|0x0000000710500000, 0x0000000710500000, 0x0000000710600000|  0%| F|  |TAMS 0x0000000710500000, 0x0000000710500000| Untracked 
| 206|0x0000000710600000, 0x0000000710600000, 0x0000000710700000|  0%| F|  |TAMS 0x0000000710600000, 0x0000000710600000| Untracked 
| 207|0x0000000710700000, 0x0000000710700000, 0x0000000710800000|  0%| F|  |TAMS 0x0000000710700000, 0x0000000710700000| Untracked 
| 208|0x0000000710800000, 0x0000000710800000, 0x0000000710900000|  0%| F|  |TAMS 0x0000000710800000, 0x0000000710800000| Untracked 
| 209|0x0000000710900000, 0x0000000710900000, 0x0000000710a00000|  0%| F|  |TAMS 0x0000000710900000, 0x0000000710900000| Untracked 
| 210|0x0000000710a00000, 0x0000000710a00000, 0x0000000710b00000|  0%| F|  |TAMS 0x0000000710a00000, 0x0000000710a00000| Untracked 
| 211|0x0000000710b00000, 0x0000000710b00000, 0x0000000710c00000|  0%| F|  |TAMS 0x0000000710b00000, 0x0000000710b00000| Untracked 
| 212|0x0000000710c00000, 0x0000000710c00000, 0x0000000710d00000|  0%| F|  |TAMS 0x0000000710c00000, 0x0000000710c00000| Untracked 
| 213|0x0000000710d00000, 0x0000000710d00000, 0x0000000710e00000|  0%| F|  |TAMS 0x0000000710d00000, 0x0000000710d00000| Untracked 
| 214|0x0000000710e00000, 0x0000000710e00000, 0x0000000710f00000|  0%| F|  |TAMS 0x0000000710e00000, 0x0000000710e00000| Untracked 
| 215|0x0000000710f00000, 0x0000000710f00000, 0x0000000711000000|  0%| F|  |TAMS 0x0000000710f00000, 0x0000000710f00000| Untracked 
| 216|0x0000000711000000, 0x0000000711000000, 0x0000000711100000|  0%| F|  |TAMS 0x0000000711000000, 0x0000000711000000| Untracked 
| 217|0x0000000711100000, 0x0000000711100000, 0x0000000711200000|  0%| F|  |TAMS 0x0000000711100000, 0x0000000711100000| Untracked 
| 218|0x0000000711200000, 0x0000000711200000, 0x0000000711300000|  0%| F|  |TAMS 0x0000000711200000, 0x0000000711200000| Untracked 
| 219|0x0000000711300000, 0x0000000711300000, 0x0000000711400000|  0%| F|  |TAMS 0x0000000711300000, 0x0000000711300000| Untracked 
| 220|0x0000000711400000, 0x0000000711400000, 0x0000000711500000|  0%| F|  |TAMS 0x0000000711400000, 0x0000000711400000| Untracked 
| 221|0x0000000711500000, 0x0000000711500000, 0x0000000711600000|  0%| F|  |TAMS 0x0000000711500000, 0x0000000711500000| Untracked 
| 222|0x0000000711600000, 0x0000000711680f40, 0x0000000711700000| 50%| E|  |TAMS 0x0000000711600000, 0x0000000711600000| Complete 
| 223|0x0000000711700000, 0x0000000711800000, 0x0000000711800000|100%| E|CS|TAMS 0x0000000711700000, 0x0000000711700000| Complete 
| 224|0x0000000711800000, 0x0000000711900000, 0x0000000711900000|100%| E|CS|TAMS 0x0000000711800000, 0x0000000711800000| Complete 
| 225|0x0000000711900000, 0x0000000711a00000, 0x0000000711a00000|100%| E|CS|TAMS 0x0000000711900000, 0x0000000711900000| Complete 
| 226|0x0000000711a00000, 0x0000000711b00000, 0x0000000711b00000|100%| E|CS|TAMS 0x0000000711a00000, 0x0000000711a00000| Complete 
| 227|0x0000000711b00000, 0x0000000711c00000, 0x0000000711c00000|100%| S|CS|TAMS 0x0000000711b00000, 0x0000000711b00000| Complete 
| 228|0x0000000711c00000, 0x0000000711d00000, 0x0000000711d00000|100%| S|CS|TAMS 0x0000000711c00000, 0x0000000711c00000| Complete 
| 229|0x0000000711d00000, 0x0000000711e00000, 0x0000000711e00000|100%| S|CS|TAMS 0x0000000711d00000, 0x0000000711d00000| Complete 
| 230|0x0000000711e00000, 0x0000000711f00000, 0x0000000711f00000|100%| E|CS|TAMS 0x0000000711e00000, 0x0000000711e00000| Complete 
| 231|0x0000000711f00000, 0x0000000712000000, 0x0000000712000000|100%| E|CS|TAMS 0x0000000711f00000, 0x0000000711f00000| Complete 
| 232|0x0000000712000000, 0x0000000712100000, 0x0000000712100000|100%| E|CS|TAMS 0x0000000712000000, 0x0000000712000000| Complete 
| 233|0x0000000712100000, 0x0000000712200000, 0x0000000712200000|100%| E|CS|TAMS 0x0000000712100000, 0x0000000712100000| Complete 
| 234|0x0000000712200000, 0x0000000712300000, 0x0000000712300000|100%| E|CS|TAMS 0x0000000712200000, 0x0000000712200000| Complete 
| 235|0x0000000712300000, 0x0000000712400000, 0x0000000712400000|100%| E|CS|TAMS 0x0000000712300000, 0x0000000712300000| Complete 
| 236|0x0000000712400000, 0x0000000712500000, 0x0000000712500000|100%| E|CS|TAMS 0x0000000712400000, 0x0000000712400000| Complete 
| 237|0x0000000712500000, 0x0000000712600000, 0x0000000712600000|100%| E|CS|TAMS 0x0000000712500000, 0x0000000712500000| Complete 
| 238|0x0000000712600000, 0x0000000712700000, 0x0000000712700000|100%| E|CS|TAMS 0x0000000712600000, 0x0000000712600000| Complete 
| 239|0x0000000712700000, 0x0000000712800000, 0x0000000712800000|100%| E|CS|TAMS 0x0000000712700000, 0x0000000712700000| Complete 
| 240|0x0000000712800000, 0x0000000712900000, 0x0000000712900000|100%| E|CS|TAMS 0x0000000712800000, 0x0000000712800000| Complete 
| 241|0x0000000712900000, 0x0000000712a00000, 0x0000000712a00000|100%| E|CS|TAMS 0x0000000712900000, 0x0000000712900000| Complete 
| 242|0x0000000712a00000, 0x0000000712b00000, 0x0000000712b00000|100%| E|CS|TAMS 0x0000000712a00000, 0x0000000712a00000| Complete 
| 243|0x0000000712b00000, 0x0000000712c00000, 0x0000000712c00000|100%| E|CS|TAMS 0x0000000712b00000, 0x0000000712b00000| Complete 
| 244|0x0000000712c00000, 0x0000000712d00000, 0x0000000712d00000|100%| E|CS|TAMS 0x0000000712c00000, 0x0000000712c00000| Complete 
| 245|0x0000000712d00000, 0x0000000712e00000, 0x0000000712e00000|100%| E|CS|TAMS 0x0000000712d00000, 0x0000000712d00000| Complete 
| 246|0x0000000712e00000, 0x0000000712f00000, 0x0000000712f00000|100%| E|CS|TAMS 0x0000000712e00000, 0x0000000712e00000| Complete 
| 247|0x0000000712f00000, 0x0000000713000000, 0x0000000713000000|100%| E|CS|TAMS 0x0000000712f00000, 0x0000000712f00000| Complete 
| 248|0x0000000713000000, 0x0000000713100000, 0x0000000713100000|100%| E|CS|TAMS 0x0000000713000000, 0x0000000713000000| Complete 
| 249|0x0000000713100000, 0x0000000713200000, 0x0000000713200000|100%| E|CS|TAMS 0x0000000713100000, 0x0000000713100000| Complete 
| 250|0x0000000713200000, 0x0000000713300000, 0x0000000713300000|100%| E|CS|TAMS 0x0000000713200000, 0x0000000713200000| Complete 
| 251|0x0000000713300000, 0x0000000713400000, 0x0000000713400000|100%| E|CS|TAMS 0x0000000713300000, 0x0000000713300000| Complete 
| 252|0x0000000713400000, 0x0000000713500000, 0x0000000713500000|100%| E|CS|TAMS 0x0000000713400000, 0x0000000713400000| Complete 
| 253|0x0000000713500000, 0x0000000713600000, 0x0000000713600000|100%| E|CS|TAMS 0x0000000713500000, 0x0000000713500000| Complete 

Card table byte_map: [0x00000192ed540000,0x00000192edd30000] _byte_map_base: 0x00000192e9d24000

Marking Bits (Prev, Next): (CMBitMap*) 0x00000192d99f8a88, (CMBitMap*) 0x00000192d99f8ac0
 Prev Bits: [0x00000192ee520000, 0x00000192f2440000)
 Next Bits: [0x00000192f2440000, 0x00000192f6360000)

Polling page: 0x00000192d7700000

Metaspace:

Usage:
  Non-class:     14.92 MB capacity,    14.63 MB ( 98%) used,   273.82 KB (  2%) free+waste,    26.06 KB ( <1%) overhead. 
      Class:      1.95 MB capacity,     1.83 MB ( 94%) used,   112.16 KB (  6%) free+waste,    12.62 KB ( <1%) overhead. 
       Both:     16.87 MB capacity,    16.45 MB ( 98%) used,   385.98 KB (  2%) free+waste,    38.69 KB ( <1%) overhead. 

Virtual space:
  Non-class space:       16.00 MB reserved,      15.00 MB ( 94%) committed 
      Class space:        1.00 GB reserved,       2.00 MB ( <1%) committed 
             Both:        1.02 GB reserved,      17.00 MB (  2%) committed 

Chunk freelists:
   Non-Class:  20.00 KB
       Class:  18.00 KB
        Both:  38.00 KB

MaxMetaspaceSize: 17179869184.00 GB
CompressedClassSpaceSize: 1.00 GB
Initial GC threshold: 20.80 MB
Current GC threshold: 20.80 MB
CDS: off

CodeHeap 'non-profiled nmethods': size=119168Kb used=598Kb max_used=598Kb free=118569Kb
 bounds [0x00000192e5060000, 0x00000192e52d0000, 0x00000192ec4c0000]
CodeHeap 'profiled nmethods': size=119168Kb used=3438Kb max_used=3438Kb free=115729Kb
 bounds [0x00000192ddc00000, 0x00000192ddf60000, 0x00000192e5060000]
CodeHeap 'non-nmethods': size=7424Kb used=1178Kb max_used=2888Kb free=6245Kb
 bounds [0x00000192dd4c0000, 0x00000192dd7a0000, 0x00000192ddc00000]
 total_blobs=2043 nmethods=1611 adapters=345
 compilation: enabled
              stopped_count=0, restarted_count=0
 full_count=0

Compilation events (20 events):
Event: 5.086 Thread 0x00000192f9dda000 1602       3       com.esotericsoftware.kryo.io.Output::require (209 bytes)
Event: 5.087 Thread 0x00000192f9dda000 nmethod 1602 0x00000192ddf57290 code [0x00000192ddf57580, 0x00000192ddf58058]
Event: 5.087 Thread 0x00000192f9dda000 1600       3       java.lang.Long::<init> (10 bytes)
Event: 5.087 Thread 0x00000192f9dda000 nmethod 1600 0x00000192ddf58410 code [0x00000192ddf585c0, 0x00000192ddf58778]
Event: 5.087 Thread 0x00000192f9dda000 1603       3       org.gradle.internal.serialize.kryo.KryoBackedEncoder::writeString (23 bytes)
Event: 5.087 Thread 0x00000192f9dda000 nmethod 1603 0x00000192ddf58890 code [0x00000192ddf58a60, 0x00000192ddf58cb8]
Event: 5.087 Thread 0x00000192f9dda000 1604       3       com.esotericsoftware.kryo.io.Output::writeUtf8Length (405 bytes)
Event: 5.087 Thread 0x00000192f9dda000 nmethod 1604 0x00000192ddf58e10 code [0x00000192ddf59060, 0x00000192ddf597e8]
Event: 5.087 Thread 0x00000192f9dda000 1599       3       java.lang.Enum::compareTo (44 bytes)
Event: 5.087 Thread 0x00000192f9dda000 nmethod 1599 0x00000192ddf59b90 code [0x00000192ddf59da0, 0x00000192ddf5a2c8]
Event: 5.208 Thread 0x00000192f9dda000 1605       3       java.util.concurrent.ThreadPoolExecutor::runStateAtLeast (11 bytes)
Event: 5.208 Thread 0x00000192f9dda000 nmethod 1605 0x00000192ddf5a510 code [0x00000192ddf5a6c0, 0x00000192ddf5a7f8]
Event: 5.255 Thread 0x00000192f9dda000 1606       3       java.nio.MappedByteBuffer::position (6 bytes)
Event: 5.255 Thread 0x00000192f9dda000 nmethod 1606 0x00000192ddf5a890 code [0x00000192ddf5aa60, 0x00000192ddf5ac68]
Event: 5.412 Thread 0x00000192f9dda000 1607       3       java.util.concurrent.locks.AbstractQueuedSynchronizer::acquire (27 bytes)
Event: 5.412 Thread 0x00000192f9dda000 nmethod 1607 0x00000192ddf5ad90 code [0x00000192ddf5af80, 0x00000192ddf5b378]
Event: 5.599 Thread 0x00000192f9dda000 1608       3       java.util.concurrent.locks.ReentrantLock::unlock (10 bytes)
Event: 5.600 Thread 0x00000192f9dda000 nmethod 1608 0x00000192ddf5b490 code [0x00000192ddf5b660, 0x00000192ddf5b998]
Event: 5.689 Thread 0x00000192f9dd1000 1609       4       java.lang.String::substring (68 bytes)
Event: 5.690 Thread 0x00000192f9dda000 1611       3       org.gradle.internal.logging.slf4j.OutputEventListenerBackedLogger::isLevelAtMost (20 bytes)

GC Heap History (2 events):
Event: 0.368 GC heap before
{Heap before GC invocations=0 (full 0):
 garbage-first heap   total 260096K, used 29696K [0x0000000703800000, 0x0000000800000000)
  region size 1024K, 24 young (24576K), 0 survivors (0K)
 Metaspace       used 10611K, capacity 10913K, committed 11264K, reserved 1058816K
  class space    used 1064K, capacity 1166K, committed 1280K, reserved 1048576K
}
Event: 0.371 GC heap after
{Heap after GC invocations=1 (full 0):
 garbage-first heap   total 260096K, used 9257K [0x0000000703800000, 0x0000000800000000)
  region size 1024K, 3 young (3072K), 3 survivors (3072K)
 Metaspace       used 10611K, capacity 10913K, committed 11264K, reserved 1058816K
  class space    used 1064K, capacity 1166K, committed 1280K, reserved 1048576K
}

Deoptimization events (20 events):
Event: 3.943 Thread 0x00000192d9994000 DEOPT PACKING pc=0x00000192ddcc6b61 sp=0x00000060f40fc620
Event: 3.943 Thread 0x00000192d9994000 DEOPT UNPACKING pc=0x00000192dd509d0e sp=0x00000060f40fbae8 mode 0
Event: 3.944 Thread 0x00000192d9994000 DEOPT PACKING pc=0x00000192ddcc6b61 sp=0x00000060f40fc620
Event: 3.944 Thread 0x00000192d9994000 DEOPT UNPACKING pc=0x00000192dd509d0e sp=0x00000060f40fbae8 mode 0
Event: 3.978 Thread 0x00000192fb6a2800 Uncommon trap: trap_request=0xffffff4d fr.pc=0x00000192e50b6c78 relative=0x0000000000000058
Event: 3.978 Thread 0x00000192fb6a2800 Uncommon trap: reason=unstable_if action=reinterpret pc=0x00000192e50b6c78 method=java.lang.AbstractStringBuilder.isLatin1()Z @ 10 c2
Event: 3.978 Thread 0x00000192fb6a2800 DEOPT PACKING pc=0x00000192e50b6c78 sp=0x00000060f5cfe910
Event: 3.978 Thread 0x00000192fb6a2800 DEOPT UNPACKING pc=0x00000192dd4c85af sp=0x00000060f5cfe8a0 mode 2
Event: 3.978 Thread 0x00000192fb6a2800 Uncommon trap: trap_request=0xffffff4d fr.pc=0x00000192e50de7e4 relative=0x0000000000000484
Event: 3.978 Thread 0x00000192fb6a2800 Uncommon trap: reason=unstable_if action=reinterpret pc=0x00000192e50de7e4 method=java.lang.String.getBytes([BIB)V @ 5 c2
Event: 3.978 Thread 0x00000192fb6a2800 DEOPT PACKING pc=0x00000192e50de7e4 sp=0x00000060f5cfe9b0
Event: 3.978 Thread 0x00000192fb6a2800 DEOPT UNPACKING pc=0x00000192dd4c85af sp=0x00000060f5cfe850 mode 2
Event: 3.978 Thread 0x00000192fb6a2800 Uncommon trap: trap_request=0xffffff4d fr.pc=0x00000192e50e0ecc relative=0x000000000000046c
Event: 3.978 Thread 0x00000192fb6a2800 Uncommon trap: reason=unstable_if action=reinterpret pc=0x00000192e50e0ecc method=java.lang.String.getBytes([BIB)V @ 5 c2
Event: 3.978 Thread 0x00000192fb6a2800 DEOPT PACKING pc=0x00000192e50e0ecc sp=0x00000060f5cfe950
Event: 3.978 Thread 0x00000192fb6a2800 DEOPT UNPACKING pc=0x00000192dd4c85af sp=0x00000060f5cfe848 mode 2
Event: 5.688 Thread 0x00000192d9994000 Uncommon trap: trap_request=0xffffff4d fr.pc=0x00000192e5078fa8 relative=0x0000000000000308
Event: 5.688 Thread 0x00000192d9994000 Uncommon trap: reason=unstable_if action=reinterpret pc=0x00000192e5078fa8 method=java.lang.StringUTF16.compress([CI[BII)I @ 20 c2
Event: 5.688 Thread 0x00000192d9994000 DEOPT PACKING pc=0x00000192e5078fa8 sp=0x00000060f40fb7d0
Event: 5.688 Thread 0x00000192d9994000 DEOPT UNPACKING pc=0x00000192dd4c85af sp=0x00000060f40fb750 mode 2

Classes redefined (0 events):
No events

Internal exceptions (20 events):
Event: 0.092 Thread 0x00000192d9994000 Exception <a 'java/lang/NoSuchMethodError'{0x000000071349fb00}: 'int java.lang.invoke.DirectMethodHandle$Holder.invokeSpecialIFC(java.lang.Object, java.lang.Object, int)'> (0x000000071349fb00) thrown at [src/hotspot/share/interpreter/linkResolver.cpp, line 773]
Event: 0.140 Thread 0x00000192d9994000 Exception <a 'java/lang/NoSuchMethodError'{0x000000071327feb0}: 'int java.lang.invoke.DirectMethodHandle$Holder.invokeStaticInit(java.lang.Object, java.lang.Object)'> (0x000000071327feb0) thrown at [src/hotspot/share/interpreter/linkResolver.cpp, line 773]
Event: 0.154 Thread 0x00000192d9994000 Exception <a 'java/lang/NoSuchMethodError'{0x0000000713151ef8}: 'int java.lang.invoke.DirectMethodHandle$Holder.invokeSpecial(java.lang.Object, java.lang.Object, java.lang.Object, java.lang.Object)'> (0x0000000713151ef8) thrown at [src/hotspot/share/interpreter/linkResolver.cpp, line 773]
Event: 0.357 Thread 0x00000192d9994000 Implicit null exception at 0x00000192e50a55f5 to 0x00000192e50a57e0
Event: 0.368 Thread 0x00000192d9994000 Exception <a 'java/lang/NoClassDefFoundError'{0x0000000711efe478}: org/slf4j/impl/StaticMarkerBinder> (0x0000000711efe478) thrown at [src/hotspot/share/classfile/systemDictionary.cpp, line 219]
Event: 0.379 Thread 0x00000192d9994000 Exception <a 'java/lang/NoSuchMethodError'{0x00000007135f4228}: 'java.lang.Object java.lang.invoke.DirectMethodHandle$Holder.invokeVirtual(java.lang.Object, java.lang.Object, java.lang.Object, java.lang.Object, java.lang.Object, java.lang.Object, java.lang.Object)'> (0x00000007135f4228) thrown at [src/hotspot/share/interpreter/linkResolver.cpp, line 773]
Event: 0.380 Thread 0x00000192d9994000 Exception <a 'java/lang/NoSuchMethodError'{0x0000000713409058}: 'java.lang.Object java.lang.invoke.Invokers$Holder.invoker(java.lang.Object, java.lang.Object, java.lang.Object)'> (0x0000000713409058) thrown at [src/hotspot/share/interpreter/linkResolver.cpp, line 773]
Event: 0.381 Thread 0x00000192d9994000 Exception <a 'java/lang/NoSuchMethodError'{0x0000000713419d98}: 'void java.lang.invoke.DelegatingMethodHandle$Holder.delegate(java.lang.Object, java.lang.Object, int, java.lang.Object)'> (0x0000000713419d98) thrown at [src/hotspot/share/interpreter/linkResolver.cpp, line 773]
Event: 0.424 Thread 0x00000192d9994000 Exception <a 'java/lang/NoSuchMethodError'{0x0000000712d48000}: 'java.lang.Object java.lang.invoke.DirectMethodHandle$Holder.invokeInterface(java.lang.Object, java.lang.Object, java.lang.Object)'> (0x0000000712d48000) thrown at [src/hotspot/share/interpreter/linkResolver.cpp, line 773]
Event: 0.448 Thread 0x00000192d9994000 Exception <a 'java/lang/NoSuchMethodError'{0x0000000712be2060}: 'java.lang.Object java.lang.invoke.DirectMethodHandle$Holder.invokeStaticInit(java.lang.Object, java.lang.Object, java.lang.Object)'> (0x0000000712be2060) thrown at [src/hotspot/share/interpreter/linkResolver.cpp, line 773]
Event: 0.495 Thread 0x00000192d9994000 Exception <a 'java/lang/NoSuchMethodError'{0x00000007126cca68}: 'java.lang.Object java.lang.invoke.DirectMethodHandle$Holder.invokeStaticInit(java.lang.Object, int, int, int, int)'> (0x00000007126cca68) thrown at [src/hotspot/share/interpreter/linkResolver.cpp, line 773]
Event: 0.639 Thread 0x00000192d9994000 Exception <a 'java/lang/NoSuchMethodError'{0x00000007125ae778}: 'java.lang.Object java.lang.invoke.DirectMethodHandle$Holder.invokeStaticInit(java.lang.Object, java.lang.Object, int, int, int, int)'> (0x00000007125ae778) thrown at [src/hotspot/share/interpreter/linkResolver.cpp, line 773]
Event: 0.845 Thread 0x00000192d9994000 Implicit null exception at 0x00000192e509b974 to 0x00000192e509bea4
Event: 3.971 Thread 0x00000192fb6a2800 Exception <a 'java/lang/NoSuchMethodError'{0x000000071198c880}: 'void java.lang.invoke.DirectMethodHandle$Holder.invokeStatic(java.lang.Object, long)'> (0x000000071198c880) thrown at [src/hotspot/share/interpreter/linkResolver.cpp, line 773]
Event: 3.971 Thread 0x00000192fb6a2800 Exception <a 'java/lang/NoSuchMethodError'{0x00000007119917e8}: 'java.lang.Object java.lang.invoke.DirectMethodHandle$Holder.invokeStatic(java.lang.Object, long)'> (0x00000007119917e8) thrown at [src/hotspot/share/interpreter/linkResolver.cpp, line 773]
Event: 3.972 Thread 0x00000192fb6a2800 Exception <a 'java/lang/NoSuchMethodError'{0x000000071199f888}: 'java.lang.Object java.lang.invoke.DirectMethodHandle$Holder.invokeStaticInit(java.lang.Object, java.lang.Object, long, java.lang.Object)'> (0x000000071199f888) thrown at [src/hotspot/share/interpreter/linkResolver.cpp, line 773]
Event: 3.972 Thread 0x00000192fb6a2800 Exception <a 'java/lang/NoSuchMethodError'{0x00000007119a5778}: 'java.lang.Object java.lang.invoke.DirectMethodHandle$Holder.invokeStatic(java.lang.Object, java.lang.Object, long)'> (0x00000007119a5778) thrown at [src/hotspot/share/interpreter/linkResolver.cpp, line 773]
Event: 3.973 Thread 0x00000192fb6a2800 Exception <a 'java/lang/NoSuchMethodError'{0x00000007119aba48}: 'java.lang.Object java.lang.invoke.Invokers$Holder.linkToTargetMethod(java.lang.Object, long, java.lang.Object)'> (0x00000007119aba48) thrown at [src/hotspot/share/interpreter/linkResolver.cpp, line 773]
Event: 5.688 Thread 0x00000192d9994000 Exception <a 'java/io/IOException'{0x0000000711731c98}> (0x0000000711731c98) thrown at [src/hotspot/share/prims/jni.cpp, line 617]
Event: 5.689 Thread 0x00000192fb42e000 Exception <a 'java/io/IOException'{0x0000000711785d68}> (0x0000000711785d68) thrown at [src/hotspot/share/prims/jni.cpp, line 617]

Events (20 events):
Event: 5.102 loading class org/gradle/launcher/daemon/client/DaemonCancelForwarder done
Event: 5.103 loading class org/gradle/launcher/daemon/client/DaemonCancelForwarder$1
Event: 5.103 loading class org/gradle/launcher/daemon/client/DaemonCancelForwarder$1 done
Event: 5.103 Thread 0x00000192fb6a2800 Thread added: 0x00000192fb6a2800
Event: 5.103 loading class org/gradle/launcher/daemon/client/InputForwarder$1
Event: 5.103 loading class org/gradle/launcher/daemon/client/InputForwarder$1 done
Event: 5.103 loading class java/nio/channels/AsynchronousCloseException
Event: 5.103 loading class java/nio/channels/ClosedChannelException
Event: 5.103 loading class java/nio/channels/ClosedChannelException done
Event: 5.103 loading class java/nio/channels/AsynchronousCloseException done
Event: 5.103 Thread 0x00000192fb42e000 Thread added: 0x00000192fb42e000
Event: 5.688 loading class com/google/common/base/Objects
Event: 5.688 loading class com/google/common/base/Objects done
Event: 5.689 loading class com/google/common/base/ExtraObjectsMethodsForWeb
Event: 5.689 loading class com/google/common/base/ExtraObjectsMethodsForWeb done
Event: 5.690 Executing VM operation: RevokeBias
Event: 5.690 Executing VM operation: RevokeBias done
Event: 5.690 Thread 0x00000192fb42e000 Thread exited: 0x00000192fb42e000
Event: 5.690 loading class org/gradle/internal/remote/internal/inet/SocketConnection$1
Event: 5.690 loading class org/gradle/internal/remote/internal/inet/SocketConnection$1 done


Dynamic libraries:
0x00007ff7803d0000 - 0x00007ff7803da000 	C:\Program Files\Android\Android Studio1\jbr\bin\java.exe
0x00007ffaa32f0000 - 0x00007ffaa34e5000 	C:\Windows\SYSTEM32\ntdll.dll
0x00007ffaa31f0000 - 0x00007ffaa32ae000 	C:\Windows\System32\KERNEL32.DLL
0x00007ffaa0d70000 - 0x00007ffaa1039000 	C:\Windows\System32\KERNELBASE.dll
0x00007ffaa11e0000 - 0x00007ffaa12e0000 	C:\Windows\System32\ucrtbase.dll
0x00007ffa6d520000 - 0x00007ffa6d537000 	C:\Program Files\Android\Android Studio1\jbr\bin\jli.dll
0x00007ffa6c300000 - 0x00007ffa6c31b000 	C:\Program Files\Android\Android Studio1\jbr\bin\VCRUNTIME140.dll
0x00007ffaa3040000 - 0x00007ffaa31e1000 	C:\Windows\System32\USER32.dll
0x00007ffa85ab0000 - 0x00007ffa85d4a000 	C:\Windows\WinSxS\amd64_microsoft.windows.common-controls_6595b64144ccf1df_6.0.19041.1110_none_60b5254171f9507e\COMCTL32.dll
0x00007ffaa0bb0000 - 0x00007ffaa0bd2000 	C:\Windows\System32\win32u.dll
0x00007ffaa2f40000 - 0x00007ffaa2fde000 	C:\Windows\System32\msvcrt.dll
0x00007ffaa2b60000 - 0x00007ffaa2b8b000 	C:\Windows\System32\GDI32.dll
0x00007ffaa10d0000 - 0x00007ffaa11db000 	C:\Windows\System32\gdi32full.dll
0x00007ffaa0a10000 - 0x00007ffaa0aad000 	C:\Windows\System32\msvcp_win.dll
0x00007ffaa14d0000 - 0x00007ffaa1500000 	C:\Windows\System32\IMM32.DLL
0x00007ffa876a0000 - 0x00007ffa876ac000 	C:\Program Files\Android\Android Studio1\jbr\bin\vcruntime140_1.dll
0x00007ffa514d0000 - 0x00007ffa5155d000 	C:\Program Files\Android\Android Studio1\jbr\bin\msvcp140.dll
0x00007ffa575b0000 - 0x00007ffa5816c000 	C:\Program Files\Android\Android Studio1\jbr\bin\server\jvm.dll
0x00007ffaa1b80000 - 0x00007ffaa1c2c000 	C:\Windows\System32\ADVAPI32.dll
0x00007ffaa1780000 - 0x00007ffaa181b000 	C:\Windows\System32\sechost.dll
0x00007ffaa2a30000 - 0x00007ffaa2b5a000 	C:\Windows\System32\RPCRT4.dll
0x00007ffaa2c60000 - 0x00007ffaa2c68000 	C:\Windows\System32\PSAPI.DLL
0x00007ffa96850000 - 0x00007ffa96859000 	C:\Windows\SYSTEM32\WSOCK32.dll
0x00007ffa96730000 - 0x00007ffa9673a000 	C:\Windows\SYSTEM32\VERSION.dll
0x00007ffa98460000 - 0x00007ffa98487000 	C:\Windows\SYSTEM32\WINMM.dll
0x00007ffaa2b90000 - 0x00007ffaa2bfb000 	C:\Windows\System32\WS2_32.dll
0x00007ffa9f290000 - 0x00007ffa9f2a2000 	C:\Windows\SYSTEM32\kernel.appcore.dll
0x00007ffa96840000 - 0x00007ffa96850000 	C:\Program Files\Android\Android Studio1\jbr\bin\verify.dll
0x00007ffa9e4e0000 - 0x00007ffa9e6c4000 	C:\Windows\SYSTEM32\DBGHELP.DLL
0x00007ffa88220000 - 0x00007ffa8824c000 	C:\Windows\SYSTEM32\dbgcore.DLL
0x00007ffaa1040000 - 0x00007ffaa10c3000 	C:\Windows\System32\bcryptPrimitives.dll
0x00007ffa87c40000 - 0x00007ffa87c68000 	C:\Program Files\Android\Android Studio1\jbr\bin\java.dll
0x00007ffa88e70000 - 0x00007ffa88e7a000 	C:\Program Files\Android\Android Studio1\jbr\bin\jimage.dll
0x00007ffa87c20000 - 0x00007ffa87c38000 	C:\Program Files\Android\Android Studio1\jbr\bin\zip.dll
0x00007ffaa2190000 - 0x00007ffaa28cf000 	C:\Windows\System32\SHELL32.dll
0x00007ffa9eaf0000 - 0x00007ffa9f280000 	C:\Windows\SYSTEM32\windows.storage.dll
0x00007ffaa1820000 - 0x00007ffaa1b75000 	C:\Windows\System32\combase.dll
0x00007ffaa0460000 - 0x00007ffaa048c000 	C:\Windows\SYSTEM32\Wldp.dll
0x00007ffaa20d0000 - 0x00007ffaa217d000 	C:\Windows\System32\SHCORE.dll
0x00007ffaa2c00000 - 0x00007ffaa2c55000 	C:\Windows\System32\shlwapi.dll
0x00007ffaa0950000 - 0x00007ffaa096f000 	C:\Windows\SYSTEM32\profapi.dll
0x00007ffa84600000 - 0x00007ffa84619000 	C:\Program Files\Android\Android Studio1\jbr\bin\net.dll
0x00007ffa91010000 - 0x00007ffa91118000 	C:\Windows\SYSTEM32\WINHTTP.dll
0x00007ffaa01c0000 - 0x00007ffaa022a000 	C:\Windows\system32\mswsock.dll
0x00007ffa824b0000 - 0x00007ffa824c3000 	C:\Program Files\Android\Android Studio1\jbr\bin\nio.dll
0x00007ffa58a60000 - 0x00007ffa58a87000 	C:\Users\vadymkon\.gradle\native\e1d6ef7f7dcc3fd88c89a11ec53ec762bb8ba0a96d01ffa2cd45eb1d1d8dd5c5\windows-amd64\native-platform.dll
0x00007ffa88440000 - 0x00007ffa8844a000 	C:\Program Files\Android\Android Studio1\jbr\bin\management.dll
0x00007ffa87b90000 - 0x00007ffa87b9b000 	C:\Program Files\Android\Android Studio1\jbr\bin\management_ext.dll
0x00007ffaa03b0000 - 0x00007ffaa03c8000 	C:\Windows\SYSTEM32\CRYPTSP.dll
0x00007ffa9fad0000 - 0x00007ffa9fb04000 	C:\Windows\system32\rsaenh.dll
0x00007ffaa0be0000 - 0x00007ffaa0c07000 	C:\Windows\System32\bcrypt.dll
0x00007ffaa0910000 - 0x00007ffaa093e000 	C:\Windows\SYSTEM32\USERENV.dll
0x00007ffaa03d0000 - 0x00007ffaa03dc000 	C:\Windows\SYSTEM32\CRYPTBASE.dll
0x00007ffa9fe60000 - 0x00007ffa9fe9b000 	C:\Windows\SYSTEM32\IPHLPAPI.DLL
0x00007ffaa2180000 - 0x00007ffaa2188000 	C:\Windows\System32\NSI.dll
0x00007ffa933b0000 - 0x00007ffa933c7000 	C:\Windows\SYSTEM32\dhcpcsvc6.DLL
0x00007ffa93390000 - 0x00007ffa933ad000 	C:\Windows\SYSTEM32\dhcpcsvc.DLL
0x00007ffa9fea0000 - 0x00007ffa9ff6c000 	C:\Windows\SYSTEM32\DNSAPI.dll

dbghelp: loaded successfully - version: 4.0.5 - missing functions: none
symbol engine: initialized successfully - sym options: 0x614 - pdb path: .;C:\Program Files\Android\Android Studio1\jbr\bin;C:\Windows\SYSTEM32;C:\Windows\WinSxS\amd64_microsoft.windows.common-controls_6595b64144ccf1df_6.0.19041.1110_none_60b5254171f9507e;C:\Program Files\Android\Android Studio1\jbr\bin\server;C:\Users\vadymkon\.gradle\native\e1d6ef7f7dcc3fd88c89a11ec53ec762bb8ba0a96d01ffa2cd45eb1d1d8dd5c5\windows-amd64

VM Arguments:
jvm_args: -Dorg.gradle.appname=gradlew 
java_command: org.gradle.wrapper.GradleWrapperMain -q -Ptarget-platform=android-x86 -Ptarget=D:\vadymkon\Kaiters\apps\witcher_notes\lib\main.dart -Pbase-application-name=android.app.Application -Pdart-defines=Zmx1dHRlci5pbnNwZWN0b3Iuc3RydWN0dXJlZEVycm9ycz10cnVl,RkxVVFRFUl9XRUJfQVVUT19ERVRFQ1Q9dHJ1ZQ==,RkxVVFRFUl9XRUJfQ0FOVkFTS0lUX1VSTD1odHRwczovL3d3dy5nc3RhdGljLmNvbS9mbHV0dGVyLWNhbnZhc2tpdC9jZTgxNDNlMjUzMTc1OTgyYjlkMDY0NDQ0MmY2YWQ3YzVhYTAyNTc5Lw== -Pdart-obfuscation=false -Ptrack-widget-creation=true -Ptree-shake-icons=false -Pfilesystem-scheme=org-dartlang-root assembleDebug
java_class_path (initial): D:\vadymkon\Kaiters\apps\witcher_notes\android\\gradle\wrapper\gradle-wrapper.jar
Launcher Type: SUN_STANDARD

[Global flags]
     intx CICompilerCount                          = 12                                        {product} {ergonomic}
     uint ConcGCThreads                            = 3                                         {product} {ergonomic}
     uint G1ConcRefinementThreads                  = 13                                        {product} {ergonomic}
   size_t G1HeapRegionSize                         = 1048576                                   {product} {ergonomic}
    uintx GCDrainStackTargetSize                   = 64                                        {product} {ergonomic}
   size_t InitialHeapSize                          = 266338304                                 {product} {ergonomic}
   size_t MarkStackSize                            = 4194304                                   {product} {ergonomic}
   size_t MaxHeapSize                              = 4236247040                                {product} {ergonomic}
   size_t MaxNewSize                               = 2541748224                                {product} {ergonomic}
   size_t MinHeapDeltaBytes                        = 1048576                                   {product} {ergonomic}
    uintx NonNMethodCodeHeapSize                   = 7594288                                {pd product} {ergonomic}
    uintx NonProfiledCodeHeapSize                  = 122031976                              {pd product} {ergonomic}
    uintx ProfiledCodeHeapSize                     = 122031976                              {pd product} {ergonomic}
    uintx ReservedCodeCacheSize                    = 251658240                              {pd product} {ergonomic}
     bool SegmentedCodeCache                       = true                                      {product} {ergonomic}
     bool UseCompressedClassPointers               = true                                 {lp64_product} {ergonomic}
     bool UseCompressedOops                        = true                                 {lp64_product} {ergonomic}
     bool UseG1GC                                  = true                                      {product} {ergonomic}
     bool UseLargePagesIndividualAllocation        = false                                  {pd product} {ergonomic}

Logging:
Log output configuration:
 #0: stdout all=warning uptime,level,tags
 #1: stderr all=off uptime,level,tags

Environment Variables:
JAVA_HOME=C:\Program Files\Android\Android Studio1\jbr
CLASSPATH=D:\vadymkon\Kaiters\apps\witcher_notes\android\\gradle\wrapper\gradle-wrapper.jar
PATH=C:\masm64\bin64;C:\Program Files\Eclipse Foundation\jdk-8.0.302.8-hotspot\bin;C:\Windows\system32;C:\Windows;C:\Windows\System32\Wbem;C:\Windows\System32\WindowsPowerShell\v1.0\;C:\Windows\System32\OpenSSH\;C:\Program Files\Cloudflare\Cloudflare WARP\;C:\Program Files (x86)\Common Files\Acronis\SnapAPI\;C:\Program Files (x86)\NVIDIA Corporation\PhysX\Common;C:\Program Files\NVIDIA Corporation\NVIDIA NvDLISR;C:\Program Files\dotnet\;C:\Users\vadymkon\AppData\Local\Microsoft\WindowsApps;C:\Users\vadymkon\.dotnet\tools;D:\install\soft\sdk2\flutter\bin;;D:\install\soft\sdk2\flutter\bin\mingit\cmd
USERNAME=vadymkon
OS=Windows_NT
PROCESSOR_IDENTIFIER=Intel64 Family 6 Model 141 Stepping 1, GenuineIntel



---------------  S Y S T E M  ---------------

OS: Windows 10 , 64 bit Build 19041 (10.0.19041.1202)
OS uptime: 0 days 7:48 hours

CPU:total 16 (initial active 16) (8 cores per cpu, 2 threads per core) family 6 model 141 stepping 1 microcode 0x34, cmov, cx8, fxsr, mmx, sse, sse2, sse3, ssse3, sse4.1, sse4.2, popcnt, avx, avx2, aes, clmul, erms, 3dnowpref, lzcnt, ht, tsc, tscinvbit, bmi1, bmi2, adx, evex, sha, fma

Memory: 4k page, system-wide physical 16155M (4166M free)
TotalPageFile size 16155M (AvailPageFile size 330M)
current process WorkingSet (physical memory assigned to process): 110M, peak: 119M
current process commit charge ("private bytes"): 377M, peak: 384M

vm_info: OpenJDK 64-Bit Server VM (11.0.15+0-b2043.56-9505619) for windows-amd64 JRE (11.0.15+0-b2043.56-9505619), built on Jan 19 2023 02:48:00 by "builduser" with unknown MS VC++:1929

END.
