#
# There is insufficient memory for the Java Runtime Environment to continue.
# Native memory allocation (malloc) failed to allocate 143808 bytes for Chunk::new
# Possible reasons:
#   The system is out of physical RAM or swap space
#   The process is running with CompressedOops enabled, and the Java Heap may be blocking the growth of the native heap
# Possible solutions:
#   Reduce memory load on the system
#   Increase physical memory or swap space
#   Check if swap backing store is full
#   Decrease Java heap size (-Xmx/-Xms)
#   Decrease number of Java threads
#   Decrease Java thread stack sizes (-Xss)
#   Set larger code cache with -XX:ReservedCodeCacheSize=
#   JVM is running with Zero Based Compressed Oops mode in which the Java heap is
#     placed in the first 32GB address space. The Java Heap base address is the
#     maximum limit for the native heap growth. Please use -XX:HeapBaseMinAddress
#     to set the Java Heap base and to place the Java Heap above 32GB virtual address.
# This output file may be truncated or incomplete.
#
#  Out of Memory Error (arena.cpp:189), pid=13960, tid=3776
#
# JRE version: OpenJDK Runtime Environment (17.0.6) (build 17.0.6+0-b2043.56-9586694)
# Java VM: OpenJDK 64-Bit Server VM (17.0.6+0-b2043.56-9586694, mixed mode, tiered, compressed oops, compressed class ptrs, g1 gc, windows-amd64)
# No core dump will be written. Minidumps are not enabled by default on client versions of Windows
#

---------------  S U M M A R Y ------------

Command Line: -Dorg.gradle.appname=gradlew org.gradle.wrapper.GradleWrapperMain -q -Ptarget-platform=android-x64 -Ptarget=D:\vadymkon\Kaiters\apps\WitcherNotes\lib\main.dart -Pbase-application-name=android.app.Application -Pdart-defines=Zmx1dHRlci5pbnNwZWN0b3Iuc3RydWN0dXJlZEVycm9ycz10cnVl,RkxVVFRFUl9XRUJfQVVUT19ERVRFQ1Q9dHJ1ZQ==,RkxVVFRFUl9XRUJfQ0FOVkFTS0lUX1VSTD1odHRwczovL3d3dy5nc3RhdGljLmNvbS9mbHV0dGVyLWNhbnZhc2tpdC80NWY2ZTAwOTExMGRmNGYzNGVjMmNmOTlmNjNjZjczYjcxYjdhNDIwLw== -Pdart-obfuscation=false -Ptrack-widget-creation=true -Ptree-shake-icons=false -Pfilesystem-scheme=org-dartlang-root assembleDebug

Host: 11th Gen Intel(R) Core(TM) i7-11800H @ 2.30GHz, 16 cores, 15G,  Windows 10 , 64 bit Build 19041 (10.0.19041.1202)
Time: Thu Jul 13 21:59:51 2023  Windows 10 , 64 bit Build 19041 (10.0.19041.1202) elapsed time: 0.190288 seconds (0d 0h 0m 0s)

---------------  T H R E A D  ---------------

Current thread (0x000001fe4c0a6230):  JavaThread "C2 CompilerThread0" daemon [_thread_in_native, id=3776, stack(0x0000005aaf800000,0x0000005aaf900000)]


Current CompileTask:
C2:    190  461       4       java.io.File::<init> (78 bytes)

Stack: [0x0000005aaf800000,0x0000005aaf900000]
Native frames: (J=compiled Java code, j=interpreted, Vv=VM code, C=native code)
V  [jvm.dll+0x683b4a]
V  [jvm.dll+0x842654]
V  [jvm.dll+0x843dfe]
V  [jvm.dll+0x844463]
V  [jvm.dll+0x249b75]
V  [jvm.dll+0xabcac]
V  [jvm.dll+0xac27c]
V  [jvm.dll+0x368857]
V  [jvm.dll+0x1bced2]
V  [jvm.dll+0x21c359]
V  [jvm.dll+0x21b621]
V  [jvm.dll+0x1a4fdd]
V  [jvm.dll+0x22b098]
V  [jvm.dll+0x229159]
V  [jvm.dll+0x7f809c]
V  [jvm.dll+0x7f25fa]
V  [jvm.dll+0x682985]
C  [ucrtbase.dll+0x21bb2]
C  [KERNEL32.DLL+0x17034]
C  [ntdll.dll+0x52651]


---------------  P R O C E S S  ---------------

Threads class SMR info:
_java_thread_list=0x000001fe4c5ced50, length=14, elements={
0x000001fe2c3ccfe0, 0x000001fe4c04dee0, 0x000001fe4c04e9a0, 0x000001fe4c08a0f0,
0x000001fe4c0ad060, 0x000001fe4c0ad920, 0x000001fe4c0aea00, 0x000001fe4c0a6230,
0x000001fe4c0bcef0, 0x000001fe4c0bdc00, 0x000001fe4c20c460, 0x000001fe4c231bc0,
0x000001fe4c234280, 0x000001fe4c5ae5f0
}

Java Threads: ( => current thread )
  0x000001fe2c3ccfe0 JavaThread "main" [_thread_in_Java, id=11228, stack(0x0000005aaeb00000,0x0000005aaec00000)]
  0x000001fe4c04dee0 JavaThread "Reference Handler" daemon [_thread_blocked, id=2448, stack(0x0000005aaf200000,0x0000005aaf300000)]
  0x000001fe4c04e9a0 JavaThread "Finalizer" daemon [_thread_blocked, id=12308, stack(0x0000005aaf300000,0x0000005aaf400000)]
  0x000001fe4c08a0f0 JavaThread "Signal Dispatcher" daemon [_thread_blocked, id=10356, stack(0x0000005aaf400000,0x0000005aaf500000)]
  0x000001fe4c0ad060 JavaThread "Attach Listener" daemon [_thread_blocked, id=8792, stack(0x0000005aaf500000,0x0000005aaf600000)]
  0x000001fe4c0ad920 JavaThread "Service Thread" daemon [_thread_blocked, id=1584, stack(0x0000005aaf600000,0x0000005aaf700000)]
  0x000001fe4c0aea00 JavaThread "Monitor Deflation Thread" daemon [_thread_blocked, id=6296, stack(0x0000005aaf700000,0x0000005aaf800000)]
=>0x000001fe4c0a6230 JavaThread "C2 CompilerThread0" daemon [_thread_in_native, id=3776, stack(0x0000005aaf800000,0x0000005aaf900000)]
  0x000001fe4c0bcef0 JavaThread "C1 CompilerThread0" daemon [_thread_blocked, id=10868, stack(0x0000005aaf900000,0x0000005aafa00000)]
  0x000001fe4c0bdc00 JavaThread "Sweeper thread" daemon [_thread_blocked, id=10804, stack(0x0000005aafa00000,0x0000005aafb00000)]
  0x000001fe4c20c460 JavaThread "C1 CompilerThread1" daemon [_thread_blocked, id=5976, stack(0x0000005aafb00000,0x0000005aafc00000)]
  0x000001fe4c231bc0 JavaThread "Notification Thread" daemon [_thread_blocked, id=12196, stack(0x0000005aafc00000,0x0000005aafd00000)]
  0x000001fe4c234280 JavaThread "Common-Cleaner" daemon [_thread_blocked, id=7864, stack(0x0000005aafe00000,0x0000005aaff00000)]
  0x000001fe4c5ae5f0 JavaThread "C2 CompilerThread1" daemon [_thread_in_native, id=4328, stack(0x0000005aaff00000,0x0000005ab0000000)]

Other Threads:
  0x000001fe4c04a640 VMThread "VM Thread" [stack: 0x0000005aaf100000,0x0000005aaf200000] [id=10040]
  0x000001fe2c45b8e0 WatcherThread [stack: 0x0000005aafd00000,0x0000005aafe00000] [id=13564]
  0x000001fe2c43b070 GCTaskThread "GC Thread#0" [stack: 0x0000005aaec00000,0x0000005aaed00000] [id=3464]
  0x000001fe2c44bb40 ConcurrentGCThread "G1 Main Marker" [stack: 0x0000005aaed00000,0x0000005aaee00000] [id=1560]
  0x000001fe2c44c460 ConcurrentGCThread "G1 Conc#0" [stack: 0x0000005aaee00000,0x0000005aaef00000] [id=8132]
  0x000001fe2c49ebf0 ConcurrentGCThread "G1 Refine#0" [stack: 0x0000005aaef00000,0x0000005aaf000000] [id=6788]
  0x000001fe4b5aca80 ConcurrentGCThread "G1 Service" [stack: 0x0000005aaf000000,0x0000005aaf100000] [id=13956]

Threads with active compile tasks:
C2 CompilerThread0      198  461       4       java.io.File::<init> (78 bytes)
C2 CompilerThread1      198  487   !   4       java.util.zip.ZipFile$Source::checkAndAddEntry (209 bytes)

VM state: not at safepoint (normal execution)

VM Mutex/Monitor currently owned by a thread: None

Heap address: 0x0000000703800000, size: 4040 MB, Compressed Oops mode: Zero based, Oop shift amount: 3

CDS archive(s) not mapped
Compressed class space mapped at: 0x0000000800000000-0x0000000840000000, reserved size: 1073741824
Narrow klass base: 0x0000000800000000, Narrow klass shift: 0, Narrow klass range: 0x40000000

GC Precious Log:
 CPUs: 16 total, 16 available
 Memory: 16155M
 Large Page Support: Disabled
 NUMA Support: Disabled
 Compressed Oops: Enabled (Zero based)
 Heap Region Size: 2M
 Heap Min Capacity: 8M
 Heap Initial Capacity: 254M
 Heap Max Capacity: 4040M
 Pre-touch: Disabled
 Parallel Workers: 13
 Concurrent Workers: 3
 Concurrent Refinement Workers: 13
 Periodic GC: Disabled

Heap:
 garbage-first heap   total 260096K, used 14336K [0x0000000703800000, 0x0000000800000000)
  region size 2048K, 6 young (12288K), 0 survivors (0K)
 Metaspace       used 8180K, committed 8256K, reserved 1056768K
  class space    used 720K, committed 768K, reserved 1048576K

Heap Regions: E=young(eden), S=young(survivor), O=old, HS=humongous(starts), HC=humongous(continues), CS=collection set, F=free, OA=open archive, CA=closed archive, TAMS=top-at-mark-start (previous, next)
|   0|0x0000000703800000, 0x0000000703a00000, 0x0000000703a00000|100%|HS|  |TAMS 0x0000000703800000, 0x0000000703800000| Complete 
|   1|0x0000000703a00000, 0x0000000703c00000, 0x0000000703c00000|100%|HC|  |TAMS 0x0000000703a00000, 0x0000000703a00000| Complete 
|   2|0x0000000703c00000, 0x0000000703c00000, 0x0000000703e00000|  0%| F|  |TAMS 0x0000000703c00000, 0x0000000703c00000| Untracked 
|   3|0x0000000703e00000, 0x0000000703e00000, 0x0000000704000000|  0%| F|  |TAMS 0x0000000703e00000, 0x0000000703e00000| Untracked 
|   4|0x0000000704000000, 0x0000000704000000, 0x0000000704200000|  0%| F|  |TAMS 0x0000000704000000, 0x0000000704000000| Untracked 
|   5|0x0000000704200000, 0x0000000704200000, 0x0000000704400000|  0%| F|  |TAMS 0x0000000704200000, 0x0000000704200000| Untracked 
|   6|0x0000000704400000, 0x0000000704400000, 0x0000000704600000|  0%| F|  |TAMS 0x0000000704400000, 0x0000000704400000| Untracked 
|   7|0x0000000704600000, 0x0000000704600000, 0x0000000704800000|  0%| F|  |TAMS 0x0000000704600000, 0x0000000704600000| Untracked 
|   8|0x0000000704800000, 0x0000000704800000, 0x0000000704a00000|  0%| F|  |TAMS 0x0000000704800000, 0x0000000704800000| Untracked 
|   9|0x0000000704a00000, 0x0000000704a00000, 0x0000000704c00000|  0%| F|  |TAMS 0x0000000704a00000, 0x0000000704a00000| Untracked 
|  10|0x0000000704c00000, 0x0000000704c00000, 0x0000000704e00000|  0%| F|  |TAMS 0x0000000704c00000, 0x0000000704c00000| Untracked 
|  11|0x0000000704e00000, 0x0000000704e00000, 0x0000000705000000|  0%| F|  |TAMS 0x0000000704e00000, 0x0000000704e00000| Untracked 
|  12|0x0000000705000000, 0x0000000705000000, 0x0000000705200000|  0%| F|  |TAMS 0x0000000705000000, 0x0000000705000000| Untracked 
|  13|0x0000000705200000, 0x0000000705200000, 0x0000000705400000|  0%| F|  |TAMS 0x0000000705200000, 0x0000000705200000| Untracked 
|  14|0x0000000705400000, 0x0000000705400000, 0x0000000705600000|  0%| F|  |TAMS 0x0000000705400000, 0x0000000705400000| Untracked 
|  15|0x0000000705600000, 0x0000000705600000, 0x0000000705800000|  0%| F|  |TAMS 0x0000000705600000, 0x0000000705600000| Untracked 
|  16|0x0000000705800000, 0x0000000705800000, 0x0000000705a00000|  0%| F|  |TAMS 0x0000000705800000, 0x0000000705800000| Untracked 
|  17|0x0000000705a00000, 0x0000000705a00000, 0x0000000705c00000|  0%| F|  |TAMS 0x0000000705a00000, 0x0000000705a00000| Untracked 
|  18|0x0000000705c00000, 0x0000000705c00000, 0x0000000705e00000|  0%| F|  |TAMS 0x0000000705c00000, 0x0000000705c00000| Untracked 
|  19|0x0000000705e00000, 0x0000000705e00000, 0x0000000706000000|  0%| F|  |TAMS 0x0000000705e00000, 0x0000000705e00000| Untracked 
|  20|0x0000000706000000, 0x0000000706000000, 0x0000000706200000|  0%| F|  |TAMS 0x0000000706000000, 0x0000000706000000| Untracked 
|  21|0x0000000706200000, 0x0000000706200000, 0x0000000706400000|  0%| F|  |TAMS 0x0000000706200000, 0x0000000706200000| Untracked 
|  22|0x0000000706400000, 0x0000000706400000, 0x0000000706600000|  0%| F|  |TAMS 0x0000000706400000, 0x0000000706400000| Untracked 
|  23|0x0000000706600000, 0x0000000706600000, 0x0000000706800000|  0%| F|  |TAMS 0x0000000706600000, 0x0000000706600000| Untracked 
|  24|0x0000000706800000, 0x0000000706800000, 0x0000000706a00000|  0%| F|  |TAMS 0x0000000706800000, 0x0000000706800000| Untracked 
|  25|0x0000000706a00000, 0x0000000706a00000, 0x0000000706c00000|  0%| F|  |TAMS 0x0000000706a00000, 0x0000000706a00000| Untracked 
|  26|0x0000000706c00000, 0x0000000706c00000, 0x0000000706e00000|  0%| F|  |TAMS 0x0000000706c00000, 0x0000000706c00000| Untracked 
|  27|0x0000000706e00000, 0x0000000706e00000, 0x0000000707000000|  0%| F|  |TAMS 0x0000000706e00000, 0x0000000706e00000| Untracked 
|  28|0x0000000707000000, 0x0000000707000000, 0x0000000707200000|  0%| F|  |TAMS 0x0000000707000000, 0x0000000707000000| Untracked 
|  29|0x0000000707200000, 0x0000000707200000, 0x0000000707400000|  0%| F|  |TAMS 0x0000000707200000, 0x0000000707200000| Untracked 
|  30|0x0000000707400000, 0x0000000707400000, 0x0000000707600000|  0%| F|  |TAMS 0x0000000707400000, 0x0000000707400000| Untracked 
|  31|0x0000000707600000, 0x0000000707600000, 0x0000000707800000|  0%| F|  |TAMS 0x0000000707600000, 0x0000000707600000| Untracked 
|  32|0x0000000707800000, 0x0000000707800000, 0x0000000707a00000|  0%| F|  |TAMS 0x0000000707800000, 0x0000000707800000| Untracked 
|  33|0x0000000707a00000, 0x0000000707a00000, 0x0000000707c00000|  0%| F|  |TAMS 0x0000000707a00000, 0x0000000707a00000| Untracked 
|  34|0x0000000707c00000, 0x0000000707c00000, 0x0000000707e00000|  0%| F|  |TAMS 0x0000000707c00000, 0x0000000707c00000| Untracked 
|  35|0x0000000707e00000, 0x0000000707e00000, 0x0000000708000000|  0%| F|  |TAMS 0x0000000707e00000, 0x0000000707e00000| Untracked 
|  36|0x0000000708000000, 0x0000000708000000, 0x0000000708200000|  0%| F|  |TAMS 0x0000000708000000, 0x0000000708000000| Untracked 
|  37|0x0000000708200000, 0x0000000708200000, 0x0000000708400000|  0%| F|  |TAMS 0x0000000708200000, 0x0000000708200000| Untracked 
|  38|0x0000000708400000, 0x0000000708400000, 0x0000000708600000|  0%| F|  |TAMS 0x0000000708400000, 0x0000000708400000| Untracked 
|  39|0x0000000708600000, 0x0000000708600000, 0x0000000708800000|  0%| F|  |TAMS 0x0000000708600000, 0x0000000708600000| Untracked 
|  40|0x0000000708800000, 0x0000000708800000, 0x0000000708a00000|  0%| F|  |TAMS 0x0000000708800000, 0x0000000708800000| Untracked 
|  41|0x0000000708a00000, 0x0000000708a00000, 0x0000000708c00000|  0%| F|  |TAMS 0x0000000708a00000, 0x0000000708a00000| Untracked 
|  42|0x0000000708c00000, 0x0000000708c00000, 0x0000000708e00000|  0%| F|  |TAMS 0x0000000708c00000, 0x0000000708c00000| Untracked 
|  43|0x0000000708e00000, 0x0000000708e00000, 0x0000000709000000|  0%| F|  |TAMS 0x0000000708e00000, 0x0000000708e00000| Untracked 
|  44|0x0000000709000000, 0x0000000709000000, 0x0000000709200000|  0%| F|  |TAMS 0x0000000709000000, 0x0000000709000000| Untracked 
|  45|0x0000000709200000, 0x0000000709200000, 0x0000000709400000|  0%| F|  |TAMS 0x0000000709200000, 0x0000000709200000| Untracked 
|  46|0x0000000709400000, 0x0000000709400000, 0x0000000709600000|  0%| F|  |TAMS 0x0000000709400000, 0x0000000709400000| Untracked 
|  47|0x0000000709600000, 0x0000000709600000, 0x0000000709800000|  0%| F|  |TAMS 0x0000000709600000, 0x0000000709600000| Untracked 
|  48|0x0000000709800000, 0x0000000709800000, 0x0000000709a00000|  0%| F|  |TAMS 0x0000000709800000, 0x0000000709800000| Untracked 
|  49|0x0000000709a00000, 0x0000000709a00000, 0x0000000709c00000|  0%| F|  |TAMS 0x0000000709a00000, 0x0000000709a00000| Untracked 
|  50|0x0000000709c00000, 0x0000000709c00000, 0x0000000709e00000|  0%| F|  |TAMS 0x0000000709c00000, 0x0000000709c00000| Untracked 
|  51|0x0000000709e00000, 0x0000000709e00000, 0x000000070a000000|  0%| F|  |TAMS 0x0000000709e00000, 0x0000000709e00000| Untracked 
|  52|0x000000070a000000, 0x000000070a000000, 0x000000070a200000|  0%| F|  |TAMS 0x000000070a000000, 0x000000070a000000| Untracked 
|  53|0x000000070a200000, 0x000000070a200000, 0x000000070a400000|  0%| F|  |TAMS 0x000000070a200000, 0x000000070a200000| Untracked 
|  54|0x000000070a400000, 0x000000070a400000, 0x000000070a600000|  0%| F|  |TAMS 0x000000070a400000, 0x000000070a400000| Untracked 
|  55|0x000000070a600000, 0x000000070a600000, 0x000000070a800000|  0%| F|  |TAMS 0x000000070a600000, 0x000000070a600000| Untracked 
|  56|0x000000070a800000, 0x000000070a800000, 0x000000070aa00000|  0%| F|  |TAMS 0x000000070a800000, 0x000000070a800000| Untracked 
|  57|0x000000070aa00000, 0x000000070aa00000, 0x000000070ac00000|  0%| F|  |TAMS 0x000000070aa00000, 0x000000070aa00000| Untracked 
|  58|0x000000070ac00000, 0x000000070ac00000, 0x000000070ae00000|  0%| F|  |TAMS 0x000000070ac00000, 0x000000070ac00000| Untracked 
|  59|0x000000070ae00000, 0x000000070ae00000, 0x000000070b000000|  0%| F|  |TAMS 0x000000070ae00000, 0x000000070ae00000| Untracked 
|  60|0x000000070b000000, 0x000000070b000000, 0x000000070b200000|  0%| F|  |TAMS 0x000000070b000000, 0x000000070b000000| Untracked 
|  61|0x000000070b200000, 0x000000070b200000, 0x000000070b400000|  0%| F|  |TAMS 0x000000070b200000, 0x000000070b200000| Untracked 
|  62|0x000000070b400000, 0x000000070b400000, 0x000000070b600000|  0%| F|  |TAMS 0x000000070b400000, 0x000000070b400000| Untracked 
|  63|0x000000070b600000, 0x000000070b600000, 0x000000070b800000|  0%| F|  |TAMS 0x000000070b600000, 0x000000070b600000| Untracked 
|  64|0x000000070b800000, 0x000000070b800000, 0x000000070ba00000|  0%| F|  |TAMS 0x000000070b800000, 0x000000070b800000| Untracked 
|  65|0x000000070ba00000, 0x000000070ba00000, 0x000000070bc00000|  0%| F|  |TAMS 0x000000070ba00000, 0x000000070ba00000| Untracked 
|  66|0x000000070bc00000, 0x000000070bc00000, 0x000000070be00000|  0%| F|  |TAMS 0x000000070bc00000, 0x000000070bc00000| Untracked 
|  67|0x000000070be00000, 0x000000070be00000, 0x000000070c000000|  0%| F|  |TAMS 0x000000070be00000, 0x000000070be00000| Untracked 
|  68|0x000000070c000000, 0x000000070c000000, 0x000000070c200000|  0%| F|  |TAMS 0x000000070c000000, 0x000000070c000000| Untracked 
|  69|0x000000070c200000, 0x000000070c200000, 0x000000070c400000|  0%| F|  |TAMS 0x000000070c200000, 0x000000070c200000| Untracked 
|  70|0x000000070c400000, 0x000000070c400000, 0x000000070c600000|  0%| F|  |TAMS 0x000000070c400000, 0x000000070c400000| Untracked 
|  71|0x000000070c600000, 0x000000070c600000, 0x000000070c800000|  0%| F|  |TAMS 0x000000070c600000, 0x000000070c600000| Untracked 
|  72|0x000000070c800000, 0x000000070c800000, 0x000000070ca00000|  0%| F|  |TAMS 0x000000070c800000, 0x000000070c800000| Untracked 
|  73|0x000000070ca00000, 0x000000070ca00000, 0x000000070cc00000|  0%| F|  |TAMS 0x000000070ca00000, 0x000000070ca00000| Untracked 
|  74|0x000000070cc00000, 0x000000070cc00000, 0x000000070ce00000|  0%| F|  |TAMS 0x000000070cc00000, 0x000000070cc00000| Untracked 
|  75|0x000000070ce00000, 0x000000070ce00000, 0x000000070d000000|  0%| F|  |TAMS 0x000000070ce00000, 0x000000070ce00000| Untracked 
|  76|0x000000070d000000, 0x000000070d000000, 0x000000070d200000|  0%| F|  |TAMS 0x000000070d000000, 0x000000070d000000| Untracked 
|  77|0x000000070d200000, 0x000000070d200000, 0x000000070d400000|  0%| F|  |TAMS 0x000000070d200000, 0x000000070d200000| Untracked 
|  78|0x000000070d400000, 0x000000070d400000, 0x000000070d600000|  0%| F|  |TAMS 0x000000070d400000, 0x000000070d400000| Untracked 
|  79|0x000000070d600000, 0x000000070d600000, 0x000000070d800000|  0%| F|  |TAMS 0x000000070d600000, 0x000000070d600000| Untracked 
|  80|0x000000070d800000, 0x000000070d800000, 0x000000070da00000|  0%| F|  |TAMS 0x000000070d800000, 0x000000070d800000| Untracked 
|  81|0x000000070da00000, 0x000000070da00000, 0x000000070dc00000|  0%| F|  |TAMS 0x000000070da00000, 0x000000070da00000| Untracked 
|  82|0x000000070dc00000, 0x000000070dc00000, 0x000000070de00000|  0%| F|  |TAMS 0x000000070dc00000, 0x000000070dc00000| Untracked 
|  83|0x000000070de00000, 0x000000070de00000, 0x000000070e000000|  0%| F|  |TAMS 0x000000070de00000, 0x000000070de00000| Untracked 
|  84|0x000000070e000000, 0x000000070e000000, 0x000000070e200000|  0%| F|  |TAMS 0x000000070e000000, 0x000000070e000000| Untracked 
|  85|0x000000070e200000, 0x000000070e200000, 0x000000070e400000|  0%| F|  |TAMS 0x000000070e200000, 0x000000070e200000| Untracked 
|  86|0x000000070e400000, 0x000000070e400000, 0x000000070e600000|  0%| F|  |TAMS 0x000000070e400000, 0x000000070e400000| Untracked 
|  87|0x000000070e600000, 0x000000070e600000, 0x000000070e800000|  0%| F|  |TAMS 0x000000070e600000, 0x000000070e600000| Untracked 
|  88|0x000000070e800000, 0x000000070e800000, 0x000000070ea00000|  0%| F|  |TAMS 0x000000070e800000, 0x000000070e800000| Untracked 
|  89|0x000000070ea00000, 0x000000070ea00000, 0x000000070ec00000|  0%| F|  |TAMS 0x000000070ea00000, 0x000000070ea00000| Untracked 
|  90|0x000000070ec00000, 0x000000070ec00000, 0x000000070ee00000|  0%| F|  |TAMS 0x000000070ec00000, 0x000000070ec00000| Untracked 
|  91|0x000000070ee00000, 0x000000070ee00000, 0x000000070f000000|  0%| F|  |TAMS 0x000000070ee00000, 0x000000070ee00000| Untracked 
|  92|0x000000070f000000, 0x000000070f000000, 0x000000070f200000|  0%| F|  |TAMS 0x000000070f000000, 0x000000070f000000| Untracked 
|  93|0x000000070f200000, 0x000000070f200000, 0x000000070f400000|  0%| F|  |TAMS 0x000000070f200000, 0x000000070f200000| Untracked 
|  94|0x000000070f400000, 0x000000070f400000, 0x000000070f600000|  0%| F|  |TAMS 0x000000070f400000, 0x000000070f400000| Untracked 
|  95|0x000000070f600000, 0x000000070f600000, 0x000000070f800000|  0%| F|  |TAMS 0x000000070f600000, 0x000000070f600000| Untracked 
|  96|0x000000070f800000, 0x000000070f800000, 0x000000070fa00000|  0%| F|  |TAMS 0x000000070f800000, 0x000000070f800000| Untracked 
|  97|0x000000070fa00000, 0x000000070fa00000, 0x000000070fc00000|  0%| F|  |TAMS 0x000000070fa00000, 0x000000070fa00000| Untracked 
|  98|0x000000070fc00000, 0x000000070fc00000, 0x000000070fe00000|  0%| F|  |TAMS 0x000000070fc00000, 0x000000070fc00000| Untracked 
|  99|0x000000070fe00000, 0x000000070fe00000, 0x0000000710000000|  0%| F|  |TAMS 0x000000070fe00000, 0x000000070fe00000| Untracked 
| 100|0x0000000710000000, 0x0000000710000000, 0x0000000710200000|  0%| F|  |TAMS 0x0000000710000000, 0x0000000710000000| Untracked 
| 101|0x0000000710200000, 0x0000000710200000, 0x0000000710400000|  0%| F|  |TAMS 0x0000000710200000, 0x0000000710200000| Untracked 
| 102|0x0000000710400000, 0x0000000710400000, 0x0000000710600000|  0%| F|  |TAMS 0x0000000710400000, 0x0000000710400000| Untracked 
| 103|0x0000000710600000, 0x0000000710600000, 0x0000000710800000|  0%| F|  |TAMS 0x0000000710600000, 0x0000000710600000| Untracked 
| 104|0x0000000710800000, 0x0000000710800000, 0x0000000710a00000|  0%| F|  |TAMS 0x0000000710800000, 0x0000000710800000| Untracked 
| 105|0x0000000710a00000, 0x0000000710a00000, 0x0000000710c00000|  0%| F|  |TAMS 0x0000000710a00000, 0x0000000710a00000| Untracked 
| 106|0x0000000710c00000, 0x0000000710c00000, 0x0000000710e00000|  0%| F|  |TAMS 0x0000000710c00000, 0x0000000710c00000| Untracked 
| 107|0x0000000710e00000, 0x0000000710e00000, 0x0000000711000000|  0%| F|  |TAMS 0x0000000710e00000, 0x0000000710e00000| Untracked 
| 108|0x0000000711000000, 0x0000000711000000, 0x0000000711200000|  0%| F|  |TAMS 0x0000000711000000, 0x0000000711000000| Untracked 
| 109|0x0000000711200000, 0x0000000711200000, 0x0000000711400000|  0%| F|  |TAMS 0x0000000711200000, 0x0000000711200000| Untracked 
| 110|0x0000000711400000, 0x0000000711400000, 0x0000000711600000|  0%| F|  |TAMS 0x0000000711400000, 0x0000000711400000| Untracked 
| 111|0x0000000711600000, 0x0000000711600000, 0x0000000711800000|  0%| F|  |TAMS 0x0000000711600000, 0x0000000711600000| Untracked 
| 112|0x0000000711800000, 0x0000000711800000, 0x0000000711a00000|  0%| F|  |TAMS 0x0000000711800000, 0x0000000711800000| Untracked 
| 113|0x0000000711a00000, 0x0000000711a00000, 0x0000000711c00000|  0%| F|  |TAMS 0x0000000711a00000, 0x0000000711a00000| Untracked 
| 114|0x0000000711c00000, 0x0000000711c00000, 0x0000000711e00000|  0%| F|  |TAMS 0x0000000711c00000, 0x0000000711c00000| Untracked 
| 115|0x0000000711e00000, 0x0000000711e00000, 0x0000000712000000|  0%| F|  |TAMS 0x0000000711e00000, 0x0000000711e00000| Untracked 
| 116|0x0000000712000000, 0x0000000712000000, 0x0000000712200000|  0%| F|  |TAMS 0x0000000712000000, 0x0000000712000000| Untracked 
| 117|0x0000000712200000, 0x0000000712200000, 0x0000000712400000|  0%| F|  |TAMS 0x0000000712200000, 0x0000000712200000| Untracked 
| 118|0x0000000712400000, 0x0000000712400000, 0x0000000712600000|  0%| F|  |TAMS 0x0000000712400000, 0x0000000712400000| Untracked 
| 119|0x0000000712600000, 0x0000000712600000, 0x0000000712800000|  0%| F|  |TAMS 0x0000000712600000, 0x0000000712600000| Untracked 
| 120|0x0000000712800000, 0x0000000712800000, 0x0000000712a00000|  0%| F|  |TAMS 0x0000000712800000, 0x0000000712800000| Untracked 
| 121|0x0000000712a00000, 0x0000000712b450f8, 0x0000000712c00000| 63%| E|  |TAMS 0x0000000712a00000, 0x0000000712a00000| Complete 
| 122|0x0000000712c00000, 0x0000000712e00000, 0x0000000712e00000|100%| E|CS|TAMS 0x0000000712c00000, 0x0000000712c00000| Complete 
| 123|0x0000000712e00000, 0x0000000713000000, 0x0000000713000000|100%| E|CS|TAMS 0x0000000712e00000, 0x0000000712e00000| Complete 
| 124|0x0000000713000000, 0x0000000713200000, 0x0000000713200000|100%| E|CS|TAMS 0x0000000713000000, 0x0000000713000000| Complete 
| 125|0x0000000713200000, 0x0000000713400000, 0x0000000713400000|100%| E|CS|TAMS 0x0000000713200000, 0x0000000713200000| Complete 
| 126|0x0000000713400000, 0x0000000713600000, 0x0000000713600000|100%| E|CS|TAMS 0x0000000713400000, 0x0000000713400000| Complete 

Card table byte_map: [0x000001fe3f920000,0x000001fe40110000] _byte_map_base: 0x000001fe3c104000

Marking Bits (Prev, Next): (CMBitMap*) 0x000001fe2c43b590, (CMBitMap*) 0x000001fe2c43b5d0
 Prev Bits: [0x000001fe40900000, 0x000001fe44820000)
 Next Bits: [0x000001fe44820000, 0x000001fe48740000)

Polling page: 0x000001fe2a3c0000

Metaspace:

Usage:
  Non-class:      7.29 MB used.
      Class:    720.54 KB used.
       Both:      7.99 MB used.

Virtual space:
  Non-class space:        8.00 MB reserved,       7.38 MB ( 92%) committed,  1 nodes.
      Class space:        1.00 GB reserved,     768.00 KB ( <1%) committed,  1 nodes.
             Both:        1.01 GB reserved,       8.12 MB ( <1%) committed. 

Chunk freelists:
   Non-Class:  338.00 KB
       Class:  3.20 MB
        Both:  3.53 MB

MaxMetaspaceSize: unlimited
CompressedClassSpaceSize: 1.00 GB
Initial GC threshold: 21.00 MB
Current GC threshold: 21.00 MB
CDS: off
MetaspaceReclaimPolicy: balanced
 - commit_granule_bytes: 65536.
 - commit_granule_words: 8192.
 - virtual_space_node_default_size: 1048576.
 - enlarge_chunks_in_place: 1.
 - new_chunks_are_fully_committed: 0.
 - uncommit_free_chunks: 1.
 - use_allocation_guard: 0.
 - handle_deallocations: 1.


Internal statistics:

num_allocs_failed_limit: 0.
num_arena_births: 12.
num_arena_deaths: 0.
num_vsnodes_births: 2.
num_vsnodes_deaths: 0.
num_space_committed: 130.
num_space_uncommitted: 0.
num_chunks_returned_to_freelist: 0.
num_chunks_taken_from_freelist: 52.
num_chunk_merges: 0.
num_chunk_splits: 22.
num_chunks_enlarged: 16.
num_purges: 0.
num_inconsistent_stats: 0.

CodeHeap 'non-profiled nmethods': size=119168Kb used=143Kb max_used=143Kb free=119024Kb
 bounds [0x000001fe37440000, 0x000001fe376b0000, 0x000001fe3e8a0000]
CodeHeap 'profiled nmethods': size=119104Kb used=770Kb max_used=770Kb free=118333Kb
 bounds [0x000001fe2f8a0000, 0x000001fe2fb10000, 0x000001fe36cf0000]
CodeHeap 'non-nmethods': size=7488Kb used=1698Kb max_used=1715Kb free=5789Kb
 bounds [0x000001fe36cf0000, 0x000001fe36f60000, 0x000001fe37440000]
 total_blobs=904 nmethods=497 adapters=319
 compilation: enabled
              stopped_count=0, restarted_count=0
 full_count=0

Compilation events (20 events):
Event: 0.185 Thread 0x000001fe4c0bcef0  468       3       org.gradle.api.internal.classpath.DefaultModuleRegistry::findDependencyJar (146 bytes)
Event: 0.185 Thread 0x000001fe4c20c460 nmethod 465 0x000001fe2f94be10 code [0x000001fe2f94c2c0, 0x000001fe2f94f228]
Event: 0.186 Thread 0x000001fe4c20c460  469       3       java.util.HashMap::tableSizeFor (32 bytes)
Event: 0.186 Thread 0x000001fe4c0bcef0 nmethod 468 0x000001fe2f94fd10 code [0x000001fe2f950160, 0x000001fe2f952818]
Event: 0.186 Thread 0x000001fe4c20c460 nmethod 469 0x000001fe2f953290 code [0x000001fe2f953440, 0x000001fe2f953668]
Event: 0.187 Thread 0x000001fe4c20c460  470       3       java.util.regex.Pattern$$Lambda$6/0x0000000800084808::is (5 bytes)
Event: 0.187 Thread 0x000001fe4c0bcef0  471       3       java.util.regex.Pattern::lambda$DOT$4 (34 bytes)
Event: 0.187 Thread 0x000001fe4c20c460 nmethod 470 0x000001fe2f953710 code [0x000001fe2f9538c0, 0x000001fe2f953b38]
Event: 0.187 Thread 0x000001fe4c0bcef0 nmethod 471 0x000001fe2f953c10 code [0x000001fe2f953da0, 0x000001fe2f953f98]
Event: 0.188 Thread 0x000001fe4c5ae5f0 nmethod 456 0x000001fe37460b90 code [0x000001fe37460d80, 0x000001fe37461bc8]
Event: 0.188 Thread 0x000001fe4c5ae5f0  466       4       sun.nio.fs.WindowsPathParser::isInvalidPathChar (22 bytes)
Event: 0.188 Thread 0x000001fe4c5ae5f0 nmethod 466 0x000001fe37462610 code [0x000001fe37462780, 0x000001fe374628f8]
Event: 0.189 Thread 0x000001fe4c0bcef0  472       3       java.util.HashMap::<init> (98 bytes)
Event: 0.189 Thread 0x000001fe4c20c460  473       3       org.gradle.api.internal.classpath.DefaultModuleRegistry::getModule (38 bytes)
Event: 0.189 Thread 0x000001fe4c20c460 nmethod 473 0x000001fe2f954010 code [0x000001fe2f9541e0, 0x000001fe2f954648]
Event: 0.189 Thread 0x000001fe4c20c460  474       3       org.gradle.api.internal.classpath.DefaultModuleRegistry$DefaultModule::collectRequiredModules (99 bytes)
Event: 0.189 Thread 0x000001fe4c0bcef0 nmethod 472 0x000001fe2f954790 code [0x000001fe2f954ae0, 0x000001fe2f955bf8]
Event: 0.189 Thread 0x000001fe4c0bcef0  476       3       java.util.LinkedHashMap::afterNodeAccess (116 bytes)
Event: 0.190 Thread 0x000001fe4c0bcef0 nmethod 476 0x000001fe2f956190 code [0x000001fe2f956360, 0x000001fe2f9569f8]
Event: 0.190 Thread 0x000001fe4c0bcef0  475       3       org.gradle.api.internal.classpath.DefaultModuleRegistry$DefaultModule::collectDependenciesOf (9 bytes)

GC Heap History (0 events):
No events

Dll operation events (2 events):
Event: 0.002 Loaded shared library D:\install\soft\Android Studio\jbr\bin\java.dll
Event: 0.063 Loaded shared library D:\install\soft\Android Studio\jbr\bin\verify.dll

Deoptimization events (20 events):
Event: 0.141 Thread 0x000001fe2c3ccfe0 DEOPT PACKING pc=0x000001fe2f8f0f3e sp=0x0000005aaebfd8a0
Event: 0.141 Thread 0x000001fe2c3ccfe0 DEOPT UNPACKING pc=0x000001fe36d4ace3 sp=0x0000005aaebfcd18 mode 0
Event: 0.143 Thread 0x000001fe2c3ccfe0 DEOPT PACKING pc=0x000001fe2f8d3d7e sp=0x0000005aaebfd7d0
Event: 0.143 Thread 0x000001fe2c3ccfe0 DEOPT UNPACKING pc=0x000001fe36d4ace3 sp=0x0000005aaebfcc40 mode 0
Event: 0.143 Thread 0x000001fe2c3ccfe0 DEOPT PACKING pc=0x000001fe2f8f0f3e sp=0x0000005aaebfd800
Event: 0.143 Thread 0x000001fe2c3ccfe0 DEOPT UNPACKING pc=0x000001fe36d4ace3 sp=0x0000005aaebfcc78 mode 0
Event: 0.143 Thread 0x000001fe2c3ccfe0 DEOPT PACKING pc=0x000001fe2f8d3d7e sp=0x0000005aaebfd7d0
Event: 0.143 Thread 0x000001fe2c3ccfe0 DEOPT UNPACKING pc=0x000001fe36d4ace3 sp=0x0000005aaebfcc40 mode 0
Event: 0.143 Thread 0x000001fe2c3ccfe0 DEOPT PACKING pc=0x000001fe2f8f0f3e sp=0x0000005aaebfd800
Event: 0.143 Thread 0x000001fe2c3ccfe0 DEOPT UNPACKING pc=0x000001fe36d4ace3 sp=0x0000005aaebfcc78 mode 0
Event: 0.146 Thread 0x000001fe2c3ccfe0 DEOPT PACKING pc=0x000001fe2f8d3d7e sp=0x0000005aaebfd500
Event: 0.146 Thread 0x000001fe2c3ccfe0 DEOPT UNPACKING pc=0x000001fe36d4ace3 sp=0x0000005aaebfc970 mode 0
Event: 0.146 Thread 0x000001fe2c3ccfe0 DEOPT PACKING pc=0x000001fe2f8d3d7e sp=0x0000005aaebfd500
Event: 0.146 Thread 0x000001fe2c3ccfe0 DEOPT UNPACKING pc=0x000001fe36d4ace3 sp=0x0000005aaebfc970 mode 0
Event: 0.166 Thread 0x000001fe2c3ccfe0 DEOPT PACKING pc=0x000001fe2f8fe282 sp=0x0000005aaebfd5c0
Event: 0.166 Thread 0x000001fe2c3ccfe0 DEOPT UNPACKING pc=0x000001fe36d4ace3 sp=0x0000005aaebfca80 mode 0
Event: 0.168 Thread 0x000001fe2c3ccfe0 DEOPT PACKING pc=0x000001fe2f8fe282 sp=0x0000005aaebfd520
Event: 0.168 Thread 0x000001fe2c3ccfe0 DEOPT UNPACKING pc=0x000001fe36d4ace3 sp=0x0000005aaebfc9e0 mode 0
Event: 0.168 Thread 0x000001fe2c3ccfe0 DEOPT PACKING pc=0x000001fe2f8fe282 sp=0x0000005aaebfd520
Event: 0.168 Thread 0x000001fe2c3ccfe0 DEOPT UNPACKING pc=0x000001fe36d4ace3 sp=0x0000005aaebfc9e0 mode 0

Classes unloaded (0 events):
No events

Classes redefined (0 events):
No events

Internal exceptions (1 events):
Event: 0.126 Thread 0x000001fe2c3ccfe0 Exception <a 'java/lang/NoSuchMethodError'{0x00000007133bb698}: 'int java.lang.invoke.DirectMethodHandle$Holder.invokeStaticInit(java.lang.Object, java.lang.Object)'> (0x00000007133bb698) 
thrown [s\src\hotspot\share\interpreter\linkResolver.cpp, line 771]

VM Operations (2 events):
Event: 0.061 Executing VM operation: HandshakeAllThreads
Event: 0.061 Executing VM operation: HandshakeAllThreads done

Events (20 events):
Event: 0.128 loading class java/io/FileFilter done
Event: 0.133 loading class java/util/Collections$UnmodifiableList
Event: 0.133 loading class java/util/Collections$UnmodifiableList done
Event: 0.133 loading class java/util/Collections$UnmodifiableRandomAccessList
Event: 0.133 loading class java/util/Collections$UnmodifiableRandomAccessList done
Event: 0.135 loading class java/util/AbstractList$Itr
Event: 0.135 loading class java/util/AbstractList$Itr done
Event: 0.135 loading class java/util/zip/ZipException
Event: 0.135 loading class java/util/zip/ZipException done
Event: 0.136 loading class java/util/ArrayList$SubList
Event: 0.136 loading class java/util/ArrayList$SubList done
Event: 0.139 loading class java/util/Collections$UnmodifiableCollection$1
Event: 0.139 loading class java/util/Collections$UnmodifiableCollection$1 done
Event: 0.140 loading class java/util/Collections$SingletonSet
Event: 0.140 loading class java/util/Collections$SingletonSet done
Event: 0.140 loading class java/util/Collections$1
Event: 0.140 loading class java/util/Collections$1 done
Event: 0.142 loading class java/lang/invoke/DirectMethodHandle$Special
Event: 0.142 loading class java/lang/invoke/DirectMethodHandle$Special done
Event: 0.175 Thread 0x000001fe4c5ae5f0 Thread added: 0x000001fe4c5ae5f0


Dynamic libraries:
0x00007ff787a00000 - 0x00007ff787a0a000 	D:\install\soft\Android Studio\jbr\bin\java.exe
0x00007ff9567f0000 - 0x00007ff9569e5000 	C:\Windows\SYSTEM32\ntdll.dll
0x00007ff955d00000 - 0x00007ff955dbe000 	C:\Windows\System32\KERNEL32.DLL
0x00007ff954570000 - 0x00007ff954839000 	C:\Windows\System32\KERNELBASE.dll
0x00007ff954470000 - 0x00007ff954570000 	C:\Windows\System32\ucrtbase.dll
0x00007ff928190000 - 0x00007ff9281a7000 	D:\install\soft\Android Studio\jbr\bin\jli.dll
0x00007ff9278f0000 - 0x00007ff92790b000 	D:\install\soft\Android Studio\jbr\bin\VCRUNTIME140.dll
0x00007ff955700000 - 0x00007ff9558a1000 	C:\Windows\System32\USER32.dll
0x00007ff953f10000 - 0x00007ff953f32000 	C:\Windows\System32\win32u.dll
0x00007ff955dc0000 - 0x00007ff955deb000 	C:\Windows\System32\GDI32.dll
0x00007ff954360000 - 0x00007ff95446b000 	C:\Windows\System32\gdi32full.dll
0x00007ff93b870000 - 0x00007ff93bb0a000 	C:\Windows\WinSxS\amd64_microsoft.windows.common-controls_6595b64144ccf1df_6.0.19041.1110_none_60b5254171f9507e\COMCTL32.dll
0x00007ff953fc0000 - 0x00007ff95405d000 	C:\Windows\System32\msvcp_win.dll
0x00007ff955c00000 - 0x00007ff955c9e000 	C:\Windows\System32\msvcrt.dll
0x00007ff955df0000 - 0x00007ff955e20000 	C:\Windows\System32\IMM32.DLL
0x00007ff934c80000 - 0x00007ff934c8c000 	D:\install\soft\Android Studio\jbr\bin\vcruntime140_1.dll
0x00007ff90c7e0000 - 0x00007ff90c86d000 	D:\install\soft\Android Studio\jbr\bin\msvcp140.dll
0x00007ff90fdb0000 - 0x00007ff910a1d000 	D:\install\soft\Android Studio\jbr\bin\server\jvm.dll
0x00007ff956550000 - 0x00007ff9565fc000 	C:\Windows\System32\ADVAPI32.dll
0x00007ff9559c0000 - 0x00007ff955a5b000 	C:\Windows\System32\sechost.dll
0x00007ff9555d0000 - 0x00007ff9556fa000 	C:\Windows\System32\RPCRT4.dll
0x00007ff949d00000 - 0x00007ff949d09000 	C:\Windows\SYSTEM32\WSOCK32.dll
0x00007ff955ea0000 - 0x00007ff955f0b000 	C:\Windows\System32\WS2_32.dll
0x00007ff939860000 - 0x00007ff939887000 	C:\Windows\SYSTEM32\WINMM.dll
0x00007ff949e50000 - 0x00007ff949e5a000 	C:\Windows\SYSTEM32\VERSION.dll
0x00007ff952790000 - 0x00007ff9527a2000 	C:\Windows\SYSTEM32\kernel.appcore.dll
0x00007ff944510000 - 0x00007ff94451a000 	D:\install\soft\Android Studio\jbr\bin\jimage.dll
0x00007ff9519e0000 - 0x00007ff951bc4000 	C:\Windows\SYSTEM32\DBGHELP.DLL
0x00007ff941580000 - 0x00007ff9415ac000 	C:\Windows\SYSTEM32\dbgcore.DLL
0x00007ff954220000 - 0x00007ff9542a3000 	C:\Windows\System32\bcryptPrimitives.dll
0x00007ff9377d0000 - 0x00007ff9377f5000 	D:\install\soft\Android Studio\jbr\bin\java.dll
0x00007ff93d9d0000 - 0x00007ff93d9e8000 	D:\install\soft\Android Studio\jbr\bin\zip.dll
0x00007ff954840000 - 0x00007ff954f7f000 	C:\Windows\System32\SHELL32.dll
0x00007ff951e40000 - 0x00007ff9525d0000 	C:\Windows\SYSTEM32\windows.storage.dll
0x00007ff9561f0000 - 0x00007ff956545000 	C:\Windows\System32\combase.dll
0x00007ff953960000 - 0x00007ff95398c000 	C:\Windows\SYSTEM32\Wldp.dll
0x00007ff955b50000 - 0x00007ff955bfd000 	C:\Windows\System32\SHCORE.dll
0x00007ff955960000 - 0x00007ff9559b5000 	C:\Windows\System32\shlwapi.dll
0x00007ff953e50000 - 0x00007ff953e6f000 	C:\Windows\SYSTEM32\profapi.dll
0x00007ff93d6f0000 - 0x00007ff93d709000 	D:\install\soft\Android Studio\jbr\bin\net.dll
0x00007ff94a790000 - 0x00007ff94a898000 	C:\Windows\SYSTEM32\WINHTTP.dll
0x00007ff9536c0000 - 0x00007ff95372a000 	C:\Windows\system32\mswsock.dll
0x00007ff9377b0000 - 0x00007ff9377c6000 	D:\install\soft\Android Studio\jbr\bin\nio.dll
0x00007ff93e980000 - 0x00007ff93e990000 	D:\install\soft\Android Studio\jbr\bin\verify.dll

dbghelp: loaded successfully - version: 4.0.5 - missing functions: none
symbol engine: initialized successfully - sym options: 0x614 - pdb path: .;D:\install\soft\Android Studio\jbr\bin;C:\Windows\SYSTEM32;C:\Windows\WinSxS\amd64_microsoft.windows.common-controls_6595b64144ccf1df_6.0.19041.1110_none_60b5254171f9507e;D:\install\soft\Android Studio\jbr\bin\server

VM Arguments:
jvm_args: -Dorg.gradle.appname=gradlew 
java_command: org.gradle.wrapper.GradleWrapperMain -q -Ptarget-platform=android-x64 -Ptarget=D:\vadymkon\Kaiters\apps\WitcherNotes\lib\main.dart -Pbase-application-name=android.app.Application -Pdart-defines=Zmx1dHRlci5pbnNwZWN0b3Iuc3RydWN0dXJlZEVycm9ycz10cnVl,RkxVVFRFUl9XRUJfQVVUT19ERVRFQ1Q9dHJ1ZQ==,RkxVVFRFUl9XRUJfQ0FOVkFTS0lUX1VSTD1odHRwczovL3d3dy5nc3RhdGljLmNvbS9mbHV0dGVyLWNhbnZhc2tpdC80NWY2ZTAwOTExMGRmNGYzNGVjMmNmOTlmNjNjZjczYjcxYjdhNDIwLw== -Pdart-obfuscation=false -Ptrack-widget-creation=true -Ptree-shake-icons=false -Pfilesystem-scheme=org-dartlang-root assembleDebug
java_class_path (initial): D:\vadymkon\Kaiters\apps\WitcherNotes\android\\gradle\wrapper\gradle-wrapper.jar
Launcher Type: SUN_STANDARD

[Global flags]
     intx CICompilerCount                          = 12                                        {product} {ergonomic}
     uint ConcGCThreads                            = 3                                         {product} {ergonomic}
     uint G1ConcRefinementThreads                  = 13                                        {product} {ergonomic}
   size_t G1HeapRegionSize                         = 2097152                                   {product} {ergonomic}
    uintx GCDrainStackTargetSize                   = 64                                        {product} {ergonomic}
   size_t InitialHeapSize                          = 266338304                                 {product} {ergonomic}
   size_t MarkStackSize                            = 4194304                                   {product} {ergonomic}
   size_t MaxHeapSize                              = 4236247040                                {product} {ergonomic}
   size_t MaxNewSize                               = 2541748224                                {product} {ergonomic}
   size_t MinHeapDeltaBytes                        = 2097152                                   {product} {ergonomic}
   size_t MinHeapSize                              = 8388608                                   {product} {ergonomic}
    uintx NonNMethodCodeHeapSize                   = 7602480                                {pd product} {ergonomic}
    uintx NonProfiledCodeHeapSize                  = 122027880                              {pd product} {ergonomic}
    uintx ProfiledCodeHeapSize                     = 122027880                              {pd product} {ergonomic}
    uintx ReservedCodeCacheSize                    = 251658240                              {pd product} {ergonomic}
     bool SegmentedCodeCache                       = true                                      {product} {ergonomic}
   size_t SoftMaxHeapSize                          = 4236247040                             {manageable} {ergonomic}
     bool UseCompressedClassPointers               = true                           {product lp64_product} {ergonomic}
     bool UseCompressedOops                        = true                           {product lp64_product} {ergonomic}
     bool UseG1GC                                  = true                                      {product} {ergonomic}
     bool UseLargePagesIndividualAllocation        = false                                  {pd product} {ergonomic}

Logging:
Log output configuration:
 #0: stdout all=warning uptime,level,tags
 #1: stderr all=off uptime,level,tags

Environment Variables:
JAVA_HOME=D:\install\soft\Android Studio\jbr
CLASSPATH=D:\vadymkon\Kaiters\apps\WitcherNotes\android\\gradle\wrapper\gradle-wrapper.jar
PATH=C:\Windows\system32;C:\Windows;C:\Windows\System32\Wbem;C:\Windows\System32\WindowsPowerShell\v1.0\;C:\Windows\System32\OpenSSH\;C:\Program Files\Cloudflare\Cloudflare WARP\;C:\Users\vadymkon\AppData\Local\Microsoft\WindowsApps;D:\install\soft\flutterSDK\flutter\bin;;D:\install\soft\flutterSDK\flutter\bin\mingit\cmd
USERNAME=vadymkon
OS=Windows_NT
PROCESSOR_IDENTIFIER=Intel64 Family 6 Model 141 Stepping 1, GenuineIntel
TMP=C:\Temp
TEMP=C:\Temp



---------------  S Y S T E M  ---------------

OS:
 Windows 10 , 64 bit Build 19041 (10.0.19041.1202)
OS uptime: 2 days 1:48 hours

CPU: total 16 (initial active 16) (8 cores per cpu, 2 threads per core) family 6 model 141 stepping 1 microcode 0x34, cx8, cmov, fxsr, ht, mmx, 3dnowpref, sse, sse2, sse3, ssse3, sse4.1, sse4.2, popcnt, lzcnt, tsc, tscinvbit, avx, avx2, aes, erms, clmul, bmi1, bmi2, adx, avx512f, avx512dq, avx512cd, avx512bw, avx512vl, sha, fma, vzeroupper, avx512_vpopcntdq, avx512_vpclmulqdq, avx512_vaes, avx512_vnni, clflush, clflushopt, clwb, avx512_vbmi2, avx512_vbmi

Memory: 4k page, system-wide physical 16155M (4756M free)
TotalPageFile size 16155M (AvailPageFile size 4M)
current process WorkingSet (physical memory assigned to process): 54M, peak: 54M
current process commit charge ("private bytes"): 352M, peak: 353M

vm_info: OpenJDK 64-Bit Server VM (17.0.6+0-b2043.56-9586694) for windows-amd64 JRE (17.0.6+0-b2043.56-9586694), built on Feb  9 2023 20:06:20 by "androidbuild" with MS VC++ 16.10 / 16.11 (VS2019)

END.
