#
# There is insufficient memory for the Java Runtime Environment to continue.
# Native memory allocation (mmap) failed to map 101711872 bytes for G1 virtual space
# Possible reasons:
#   The system is out of physical RAM or swap space
#   The process is running with CompressedOops enabled, and the Java Heap may be blocking the growth of the native heap
# Possible solutions:
#   Reduce memory load on the system
#   Increase physical memory or swap space
#   Check if swap backing store is full
#   Decrease Java heap size (-Xmx/-Xms)
#   Decrease number of Java threads
#   Decrease Java thread stack sizes (-Xss)
#   Set larger code cache with -XX:ReservedCodeCacheSize=
#   JVM is running with Unscaled Compressed Oops mode in which the Java heap is
#     placed in the first 4GB address space. The Java Heap base address is the
#     maximum limit for the native heap growth. Please use -XX:HeapBaseMinAddress
#     to set the Java Heap base and to place the Java Heap above 4GB virtual address.
# This output file may be truncated or incomplete.
#
#  Out of Memory Error (os_windows.cpp:3769), pid=5628, tid=8476
#
# JRE version: OpenJDK Runtime Environment (17.0.6) (build 17.0.6+0-b2043.56-9586694)
# Java VM: OpenJDK 64-Bit Server VM (17.0.6+0-b2043.56-9586694, mixed mode, tiered, compressed oops, compressed class ptrs, g1 gc, windows-amd64)
# No core dump will be written. Minidumps are not enabled by default on client versions of Windows
#

---------------  S U M M A R Y ------------

Command Line: --add-opens=java.base/java.util=ALL-UNNAMED --add-opens=java.base/java.lang=ALL-UNNAMED --add-opens=java.base/java.lang.invoke=ALL-UNNAMED --add-opens=java.base/java.util=ALL-UNNAMED --add-opens=java.prefs/java.util.prefs=ALL-UNNAMED --add-opens=java.prefs/java.util.prefs=ALL-UNNAMED --add-opens=java.base/java.nio.charset=ALL-UNNAMED --add-opens=java.base/java.net=ALL-UNNAMED --add-opens=java.base/java.util.concurrent.atomic=ALL-UNNAMED -Xmx1536M -Dfile.encoding=windows-1251 -Duser.country=RU -Duser.language=ru -Duser.variant org.gradle.launcher.daemon.bootstrap.GradleDaemon 7.5

Host: 11th Gen Intel(R) Core(TM) i7-11800H @ 2.30GHz, 16 cores, 15G,  Windows 10 , 64 bit Build 19041 (10.0.19041.1202)
Time: Thu Jul 13 22:11:26 2023  Windows 10 , 64 bit Build 19041 (10.0.19041.1202) elapsed time: 3.533954 seconds (0d 0h 0m 3s)

---------------  T H R E A D  ---------------

Current thread (0x00000265eb5ad110):  VMThread "VM Thread" [stack: 0x0000007a42a00000,0x0000007a42b00000] [id=8476]

Stack: [0x0000007a42a00000,0x0000007a42b00000]
Native frames: (J=compiled Java code, j=interpreted, Vv=VM code, C=native code)
V  [jvm.dll+0x683b4a]
V  [jvm.dll+0x842654]
V  [jvm.dll+0x843dfe]
V  [jvm.dll+0x844463]
V  [jvm.dll+0x249b75]
V  [jvm.dll+0x680a19]
V  [jvm.dll+0x674f0a]
V  [jvm.dll+0x309acb]
V  [jvm.dll+0x310f86]
V  [jvm.dll+0x3608ee]
V  [jvm.dll+0x360b1f]
V  [jvm.dll+0x2dfbf8]
V  [jvm.dll+0x2ddec4]
V  [jvm.dll+0x2dd4cc]
V  [jvm.dll+0x322261]
V  [jvm.dll+0x84893b]
V  [jvm.dll+0x849674]
V  [jvm.dll+0x849b8d]
V  [jvm.dll+0x849f64]
V  [jvm.dll+0x84a030]
V  [jvm.dll+0x7f25fa]
V  [jvm.dll+0x682985]
C  [ucrtbase.dll+0x21bb2]
C  [KERNEL32.DLL+0x17034]
C  [ntdll.dll+0x52651]

VM_Operation (0x0000007a449f0600): G1TryInitiateConcMark, mode: safepoint, requested by thread 0x00000265edc62810


---------------  P R O C E S S  ---------------

Threads class SMR info:
_java_thread_list=0x00000265f501eac0, length=212, elements={
0x00000265d1f8f250, 0x00000265ec054150, 0x00000265ec055430, 0x00000265ec0711d0,
0x00000265ec071c90, 0x00000265ec0974d0, 0x00000265ec072550, 0x00000265ec08d450,
0x00000265ec08df60, 0x00000265ec09c2d0, 0x00000265ec1f4880, 0x00000265ec218b50,
0x00000265ec21d9b0, 0x00000265ec220300, 0x00000265ec3f62b0, 0x00000265ec477510,
0x00000265ecdd2a40, 0x00000265ec477e20, 0x00000265ed47ee90, 0x00000265ef7466b0,
0x00000265ee5fef10, 0x00000265ed2fe3d0, 0x00000265ed329720, 0x00000265ede77690,
0x00000265edc649c0, 0x00000265edc62810, 0x00000265edc64020, 0x00000265edc62340,
0x00000265edc62ce0, 0x00000265edc63b50, 0x00000265edc631b0, 0x00000265edc619a0,
0x00000265edc644f0, 0x00000265edc61000, 0x00000265edc614d0, 0x00000265edc63680,
0x00000265f0083a40, 0x00000265f0086590, 0x00000265f0085250, 0x00000265f0087da0,
0x00000265ee0a0e70, 0x00000265ee09f010, 0x00000265f0083570, 0x00000265f00843e0,
0x00000265f00860c0, 0x00000265f0084d80, 0x00000265f0088270, 0x00000265f0089a80,
0x00000265f008a420, 0x00000265f0085bf0, 0x00000265f0086a60, 0x00000265f0086f30,
0x00000265f008a8f0, 0x00000265f0087400, 0x00000265f00878d0, 0x00000265f0088740,
0x00000265f00895b0, 0x00000265f0089f50, 0x00000265f52adc20, 0x00000265f52aef60,
0x00000265f52aa260, 0x00000265f52ab5a0, 0x00000265f52aba70, 0x00000265f52aac00,
0x00000265f52a9d90, 0x00000265f52ae5c0, 0x00000265f52a8f20, 0x00000265f52acdb0,
0x00000265f52af430, 0x00000265f52af900, 0x00000265f52aea90, 0x00000265f52ac410,
0x00000265f52ad280, 0x00000265f52ad750, 0x00000265f52ac8e0, 0x00000265f52abf40,
0x00000265f52a8a50, 0x00000265f52a80b0, 0x00000265f52aa730, 0x00000265f52a8580,
0x00000265f52ae0f0, 0x00000265f52a93f0, 0x00000265f52a98c0, 0x00000265f52ab0d0,
0x00000265f2b9b2a0, 0x00000265f2ba0470, 0x00000265f2b9cf80, 0x00000265f2ba0940,
0x00000265f2b9add0, 0x00000265f2ba0e10, 0x00000265f2b9d450, 0x00000265f2b9b770,
0x00000265f2b9ffa0, 0x00000265f2b99a90, 0x00000265f2b9cab0, 0x00000265f2ba12e0,
0x00000265f2b99f60, 0x00000265f2b9f130, 0x00000265f2b9d920, 0x00000265f2b9a900,
0x00000265f2b9ddf0, 0x00000265f2b9bc40, 0x00000265f2b9a430, 0x00000265f2b9ec60,
0x00000265f2b9c110, 0x00000265f2b9c5e0, 0x00000265f2b9e790, 0x00000265f2b9f600,
0x00000265f2b9e2c0, 0x00000265f2b9fad0, 0x00000265ef75de90, 0x00000265ef75cb50,
0x00000265ef759190, 0x00000265ef7587f0, 0x00000265ef75a000, 0x00000265ef759660,
0x00000265ef75d9c0, 0x00000265ef757e50, 0x00000265ef7574b0, 0x00000265ef75c1b0,
0x00000265ef75ae70, 0x00000265ef75e360, 0x00000265ef75e830, 0x00000265ef75d4f0,
0x00000265ef75d020, 0x00000265ef756fe0, 0x00000265ef759b30, 0x00000265ef75a4d0,
0x00000265ef757980, 0x00000265ef75a9a0, 0x00000265ef75b340, 0x00000265ef758320,
0x00000265ef75b810, 0x00000265ef758cc0, 0x00000265ef75bce0, 0x00000265ef75c680,
0x00000265efaa2ed0, 0x00000265efaa33a0, 0x00000265efaa8a40, 0x00000265efaa5080,
0x00000265efaa5550, 0x00000265efaa5ef0, 0x00000265efaa3870, 0x00000265efaa93e0,
0x00000265efaa4210, 0x00000265efaa8f10, 0x00000265efaa3d40, 0x00000265efaa8570,
0x00000265efaa4bb0, 0x00000265efaa98b0, 0x00000265efaa7230, 0x00000265efaa6d60,
0x00000265efaa6890, 0x00000265efaa2060, 0x00000265efaa46e0, 0x00000265efaa5a20,
0x00000265efaa2a00, 0x00000265efaa2530, 0x00000265efaa7700, 0x00000265efaa63c0,
0x00000265efaa7bd0, 0x00000265efaa80a0, 0x00000265f54b90b0, 0x00000265f54b3540,
0x00000265f54b8240, 0x00000265f54b4d50, 0x00000265f54b6090, 0x00000265f54b7d70,
0x00000265f54b8710, 0x00000265f54b9580, 0x00000265f54b73d0, 0x00000265f54b5220,
0x00000265f54b8be0, 0x00000265f54b1d30, 0x00000265f54b3070, 0x00000265f54b3a10,
0x00000265f54b56f0, 0x00000265f54b2200, 0x00000265f54b5bc0, 0x00000265f54b6a30,
0x00000265f54b26d0, 0x00000265f54b2ba0, 0x00000265f54b3ee0, 0x00000265f54b43b0,
0x00000265f54b4880, 0x00000265f54b6560, 0x00000265f54b6f00, 0x00000265f54b78a0,
0x00000265f4838ad0, 0x00000265f483b620, 0x00000265f4837c60, 0x00000265f4835f80,
0x00000265f483c490, 0x00000265f48355e0, 0x00000265f4838fa0, 0x00000265f483c960,
0x00000265f4835ab0, 0x00000265f4836450, 0x00000265f4839470, 0x00000265f4837790,
0x00000265f483baf0, 0x00000265f4835110, 0x00000265f4838130, 0x00000265f4838600,
0x00000265f4839e10, 0x00000265f4836920, 0x00000265f48372c0, 0x00000265f4839940,
0x00000265f483a2e0, 0x00000265f483a7b0, 0x00000265f483ac80, 0x00000265f4836df0
}

Java Threads: ( => current thread )
  0x00000265d1f8f250 JavaThread "main" [_thread_blocked, id=10416, stack(0x0000007a42400000,0x0000007a42500000)]
  0x00000265ec054150 JavaThread "Reference Handler" daemon [_thread_blocked, id=6468, stack(0x0000007a42b00000,0x0000007a42c00000)]
  0x00000265ec055430 JavaThread "Finalizer" daemon [_thread_blocked, id=3516, stack(0x0000007a42c00000,0x0000007a42d00000)]
  0x00000265ec0711d0 JavaThread "Signal Dispatcher" daemon [_thread_blocked, id=12264, stack(0x0000007a42d00000,0x0000007a42e00000)]
  0x00000265ec071c90 JavaThread "Attach Listener" daemon [_thread_blocked, id=7484, stack(0x0000007a42e00000,0x0000007a42f00000)]
  0x00000265ec0974d0 JavaThread "Service Thread" daemon [_thread_blocked, id=13504, stack(0x0000007a42f00000,0x0000007a43000000)]
  0x00000265ec072550 JavaThread "Monitor Deflation Thread" daemon [_thread_blocked, id=8816, stack(0x0000007a43000000,0x0000007a43100000)]
  0x00000265ec08d450 JavaThread "C2 CompilerThread0" daemon [_thread_blocked, id=11984, stack(0x0000007a43100000,0x0000007a43200000)]
  0x00000265ec08df60 JavaThread "C1 CompilerThread0" daemon [_thread_blocked, id=488, stack(0x0000007a43200000,0x0000007a43300000)]
  0x00000265ec09c2d0 JavaThread "Sweeper thread" daemon [_thread_blocked, id=9048, stack(0x0000007a43300000,0x0000007a43400000)]
  0x00000265ec1f4880 JavaThread "C1 CompilerThread1" daemon [_thread_blocked, id=1472, stack(0x0000007a43400000,0x0000007a43500000)]
  0x00000265ec218b50 JavaThread "C1 CompilerThread2" daemon [_thread_blocked, id=1868, stack(0x0000007a43500000,0x0000007a43600000)]
  0x00000265ec21d9b0 JavaThread "Common-Cleaner" daemon [_thread_blocked, id=10888, stack(0x0000007a43600000,0x0000007a43700000)]
  0x00000265ec220300 JavaThread "Notification Thread" daemon [_thread_blocked, id=5508, stack(0x0000007a43700000,0x0000007a43800000)]
  0x00000265ec3f62b0 JavaThread "C2 CompilerThread1" daemon [_thread_in_native, id=11992, stack(0x0000007a43900000,0x0000007a43a00000)]
  0x00000265ec477510 JavaThread "C2 CompilerThread2" daemon [_thread_blocked, id=11576, stack(0x0000007a43a00000,0x0000007a43b00000)]
  0x00000265ecdd2a40 JavaThread "C2 CompilerThread3" daemon [_thread_blocked, id=3600, stack(0x0000007a43b00000,0x0000007a43c00000)]
  0x00000265ec477e20 JavaThread "C2 CompilerThread4" daemon [_thread_blocked, id=13640, stack(0x0000007a43c00000,0x0000007a43d00000)]
  0x00000265ed47ee90 JavaThread "C1 CompilerThread3" daemon [_thread_blocked, id=1652, stack(0x0000007a44200000,0x0000007a44300000)]
  0x00000265ef7466b0 JavaThread "Daemon health stats" [_thread_blocked, id=8208, stack(0x0000007a44300000,0x0000007a44400000)]
  0x00000265ee5fef10 JavaThread "Incoming local TCP Connector on port 3107" [_thread_in_native, id=10120, stack(0x0000007a44400000,0x0000007a44500000)]
  0x00000265ed2fe3d0 JavaThread "Daemon periodic checks" [_thread_blocked, id=11364, stack(0x0000007a44500000,0x0000007a44600000)]
  0x00000265ed329720 JavaThread "Daemon" [_thread_blocked, id=7892, stack(0x0000007a44600000,0x0000007a44700000)]
  0x00000265ede77690 JavaThread "Handler for socket connection from /127.0.0.1:3107 to /127.0.0.1:3108" [_thread_in_native, id=3216, stack(0x0000007a44700000,0x0000007a44800000)]
  0x00000265edc649c0 JavaThread "Cancel handler" [_thread_blocked, id=6708, stack(0x0000007a44800000,0x0000007a44900000)]
  0x00000265edc62810 JavaThread "Daemon worker" [_thread_blocked, id=13272, stack(0x0000007a44900000,0x0000007a44a00000)]
  0x00000265edc64020 JavaThread "Asynchronous log dispatcher for DefaultDaemonConnection: socket connection from /127.0.0.1:3107 to /127.0.0.1:3108" [_thread_blocked, id=1336, stack(0x0000007a44a00000,0x0000007a44b00000)]
  0x00000265edc62340 JavaThread "Stdin handler" [_thread_blocked, id=5600, stack(0x0000007a44b00000,0x0000007a44c00000)]
  0x00000265edc62ce0 JavaThread "Daemon client event forwarder" [_thread_blocked, id=1408, stack(0x0000007a44c00000,0x0000007a44d00000)]
  0x00000265edc63b50 JavaThread "Cache worker for journal cache (C:\Users\vadymkon\.gradle\caches\journal-1)" [_thread_blocked, id=520, stack(0x0000007a44d00000,0x0000007a44e00000)]
  0x00000265edc631b0 JavaThread "File lock request listener" [_thread_in_native, id=3336, stack(0x0000007a44e00000,0x0000007a44f00000)]
  0x00000265edc619a0 JavaThread "Cache worker for file hash cache (C:\Users\vadymkon\.gradle\caches\7.5\fileHashes)" [_thread_blocked, id=7476, stack(0x0000007a45800000,0x0000007a45900000)]
  0x00000265edc644f0 JavaThread "File watcher server" daemon [_thread_in_native, id=8576, stack(0x0000007a45900000,0x0000007a45a00000)]
  0x00000265edc61000 JavaThread "File watcher consumer" daemon [_thread_blocked, id=10272, stack(0x0000007a45a00000,0x0000007a45b00000)]
  0x00000265edc614d0 JavaThread "Cache worker for checksums cache (D:\vadymkon\Kaiters\apps\WitcherNotes\android\.gradle\7.5\checksums)" [_thread_blocked, id=13636, stack(0x0000007a45b00000,0x0000007a45c00000)]
  0x00000265edc63680 JavaThread "Cache worker for cache directory md-rule (C:\Users\vadymkon\.gradle\caches\7.5\md-rule)" [_thread_blocked, id=3768, stack(0x0000007a45c00000,0x0000007a45d00000)]
  0x00000265f0083a40 JavaThread "Cache worker for file content cache (C:\Users\vadymkon\.gradle\caches\7.5\fileContent)" [_thread_blocked, id=11408, stack(0x0000007a45d00000,0x0000007a45e00000)]
  0x00000265f0086590 JavaThread "Cache worker for file hash cache (D:\vadymkon\Kaiters\apps\WitcherNotes\android\.gradle\7.5\fileHashes)" [_thread_blocked, id=10532, stack(0x0000007a45e00000,0x0000007a45f00000)]
  0x00000265f0085250 JavaThread "Cache worker for cache directory md-supplier (C:\Users\vadymkon\.gradle\caches\7.5\md-supplier)" [_thread_blocked, id=13048, stack(0x0000007a45f00000,0x0000007a46000000)]
  0x00000265f0087da0 JavaThread "Cache worker for execution history cache (C:\Users\vadymkon\.gradle\caches\7.5\executionHistory)" [_thread_blocked, id=9144, stack(0x0000007a46000000,0x0000007a46100000)]
  0x00000265ee0a0e70 JavaThread "C2 CompilerThread5" daemon [_thread_blocked, id=10840, stack(0x0000007a46100000,0x0000007a46200000)]
  0x00000265ee09f010 JavaThread "C2 CompilerThread6" daemon [_thread_blocked, id=8656, stack(0x0000007a46200000,0x0000007a46300000)]
  0x00000265f0083570 JavaThread "jar transforms" [_thread_blocked, id=9748, stack(0x0000007a46300000,0x0000007a46400000)]
  0x00000265f00843e0 JavaThread "jar transforms Thread 2" [_thread_blocked, id=8880, stack(0x0000007a46400000,0x0000007a46500000)]
  0x00000265f00860c0 JavaThread "jar transforms Thread 3" [_thread_blocked, id=13948, stack(0x0000007a46500000,0x0000007a46600000)]
  0x00000265f0084d80 JavaThread "jar transforms Thread 4" [_thread_blocked, id=4608, stack(0x0000007a46600000,0x0000007a46700000)]
  0x00000265f0088270 JavaThread "Cache worker for dependencies-accessors (D:\vadymkon\Kaiters\apps\WitcherNotes\android\.gradle\7.5\dependencies-accessors)" [_thread_blocked, id=7500, stack(0x0000007a46700000,0x0000007a46800000)]
  0x00000265f0089a80 JavaThread "jar transforms Thread 5" [_thread_blocked, id=3468, stack(0x0000007a46800000,0x0000007a46900000)]
  0x00000265f008a420 JavaThread "Cache worker for Build Output Cleanup Cache (D:\vadymkon\Kaiters\apps\WitcherNotes\android\.gradle\buildOutputCleanup)" [_thread_blocked, id=5664, stack(0x0000007a46900000,0x0000007a46a00000)]
  0x00000265f0085bf0 JavaThread "Unconstrained build operations" [_thread_blocked, id=4336, stack(0x0000007a46a00000,0x0000007a46b00000)]
  0x00000265f0086a60 JavaThread "Unconstrained build operations Thread 2" [_thread_blocked, id=13172, stack(0x0000007a46b00000,0x0000007a46c00000)]
  0x00000265f0086f30 JavaThread "Unconstrained build operations Thread 3" [_thread_blocked, id=1412, stack(0x0000007a46c00000,0x0000007a46d00000)]
  0x00000265f008a8f0 JavaThread "Unconstrained build operations Thread 4" [_thread_blocked, id=13788, stack(0x0000007a46d00000,0x0000007a46e00000)]
  0x00000265f0087400 JavaThread "Unconstrained build operations Thread 5" [_thread_blocked, id=13796, stack(0x0000007a46e00000,0x0000007a46f00000)]
  0x00000265f00878d0 JavaThread "Unconstrained build operations Thread 6" [_thread_blocked, id=11064, stack(0x0000007a46f00000,0x0000007a47000000)]
  0x00000265f0088740 JavaThread "Unconstrained build operations Thread 7" [_thread_blocked, id=9784, stack(0x0000007a47000000,0x0000007a47100000)]
  0x00000265f00895b0 JavaThread "Unconstrained build operations Thread 8" [_thread_blocked, id=1688, stack(0x0000007a47100000,0x0000007a47200000)]
  0x00000265f0089f50 JavaThread "Unconstrained build operations Thread 9" [_thread_blocked, id=10812, stack(0x0000007a47200000,0x0000007a47300000)]
  0x00000265f52adc20 JavaThread "Unconstrained build operations Thread 10" [_thread_blocked, id=884, stack(0x0000007a47300000,0x0000007a47400000)]
  0x00000265f52aef60 JavaThread "Unconstrained build operations Thread 11" [_thread_blocked, id=4984, stack(0x0000007a47400000,0x0000007a47500000)]
  0x00000265f52aa260 JavaThread "Unconstrained build operations Thread 12" [_thread_blocked, id=13956, stack(0x0000007a47500000,0x0000007a47600000)]
  0x00000265f52ab5a0 JavaThread "Unconstrained build operations Thread 13" [_thread_blocked, id=2436, stack(0x0000007a47600000,0x0000007a47700000)]
  0x00000265f52aba70 JavaThread "Unconstrained build operations Thread 14" [_thread_blocked, id=9592, stack(0x0000007a47700000,0x0000007a47800000)]
  0x00000265f52aac00 JavaThread "Unconstrained build operations Thread 15" [_thread_blocked, id=8256, stack(0x0000007a47800000,0x0000007a47900000)]
  0x00000265f52a9d90 JavaThread "Unconstrained build operations Thread 16" [_thread_blocked, id=9848, stack(0x0000007a47900000,0x0000007a47a00000)]
  0x00000265f52ae5c0 JavaThread "Unconstrained build operations Thread 17" [_thread_blocked, id=8228, stack(0x0000007a47a00000,0x0000007a47b00000)]
  0x00000265f52a8f20 JavaThread "Unconstrained build operations Thread 18" [_thread_blocked, id=10884, stack(0x0000007a47b00000,0x0000007a47c00000)]
  0x00000265f52acdb0 JavaThread "Unconstrained build operations Thread 19" [_thread_blocked, id=9036, stack(0x0000007a47c00000,0x0000007a47d00000)]
  0x00000265f52af430 JavaThread "Unconstrained build operations Thread 20" [_thread_blocked, id=11180, stack(0x0000007a47d00000,0x0000007a47e00000)]
  0x00000265f52af900 JavaThread "Unconstrained build operations Thread 21" [_thread_blocked, id=2512, stack(0x0000007a47e00000,0x0000007a47f00000)]
  0x00000265f52aea90 JavaThread "Unconstrained build operations Thread 22" [_thread_blocked, id=1744, stack(0x0000007a47f00000,0x0000007a48000000)]
  0x00000265f52ac410 JavaThread "Unconstrained build operations Thread 23" [_thread_blocked, id=13352, stack(0x0000007a48000000,0x0000007a48100000)]
  0x00000265f52ad280 JavaThread "Unconstrained build operations Thread 24" [_thread_blocked, id=13852, stack(0x0000007a48100000,0x0000007a48200000)]
  0x00000265f52ad750 JavaThread "Unconstrained build operations Thread 25" [_thread_blocked, id=12540, stack(0x0000007a48200000,0x0000007a48300000)]
  0x00000265f52ac8e0 JavaThread "Unconstrained build operations Thread 26" [_thread_blocked, id=6328, stack(0x0000007a48300000,0x0000007a48400000)]
  0x00000265f52abf40 JavaThread "Unconstrained build operations Thread 27" [_thread_blocked, id=9908, stack(0x0000007a48400000,0x0000007a48500000)]
  0x00000265f52a8a50 JavaThread "Unconstrained build operations Thread 28" [_thread_blocked, id=10832, stack(0x0000007a48500000,0x0000007a48600000)]
  0x00000265f52a80b0 JavaThread "Unconstrained build operations Thread 29" [_thread_blocked, id=9356, stack(0x0000007a48600000,0x0000007a48700000)]
  0x00000265f52aa730 JavaThread "Unconstrained build operations Thread 30" [_thread_blocked, id=10912, stack(0x0000007a48700000,0x0000007a48800000)]
  0x00000265f52a8580 JavaThread "Unconstrained build operations Thread 31" [_thread_blocked, id=10232, stack(0x0000007a48800000,0x0000007a48900000)]
  0x00000265f52ae0f0 JavaThread "Unconstrained build operations Thread 32" [_thread_blocked, id=32, stack(0x0000007a48900000,0x0000007a48a00000)]
  0x00000265f52a93f0 JavaThread "Unconstrained build operations Thread 33" [_thread_blocked, id=10016, stack(0x0000007a48a00000,0x0000007a48b00000)]
  0x00000265f52a98c0 JavaThread "Unconstrained build operations Thread 34" [_thread_blocked, id=10856, stack(0x0000007a48b00000,0x0000007a48c00000)]
  0x00000265f52ab0d0 JavaThread "Unconstrained build operations Thread 35" [_thread_blocked, id=7388, stack(0x0000007a48c00000,0x0000007a48d00000)]
  0x00000265f2b9b2a0 JavaThread "Unconstrained build operations Thread 36" [_thread_blocked, id=7796, stack(0x0000007a48d00000,0x0000007a48e00000)]
  0x00000265f2ba0470 JavaThread "Unconstrained build operations Thread 37" [_thread_blocked, id=14016, stack(0x0000007a48e00000,0x0000007a48f00000)]
  0x00000265f2b9cf80 JavaThread "Unconstrained build operations Thread 38" [_thread_blocked, id=2324, stack(0x0000007a48f00000,0x0000007a49000000)]
  0x00000265f2ba0940 JavaThread "Unconstrained build operations Thread 39" [_thread_blocked, id=9808, stack(0x0000007a49000000,0x0000007a49100000)]
  0x00000265f2b9add0 JavaThread "Unconstrained build operations Thread 40" [_thread_blocked, id=2448, stack(0x0000007a49100000,0x0000007a49200000)]
  0x00000265f2ba0e10 JavaThread "Unconstrained build operations Thread 41" [_thread_blocked, id=9988, stack(0x0000007a49200000,0x0000007a49300000)]
  0x00000265f2b9d450 JavaThread "Unconstrained build operations Thread 42" [_thread_blocked, id=6972, stack(0x0000007a49300000,0x0000007a49400000)]
  0x00000265f2b9b770 JavaThread "Unconstrained build operations Thread 43" [_thread_blocked, id=9308, stack(0x0000007a49400000,0x0000007a49500000)]
  0x00000265f2b9ffa0 JavaThread "Unconstrained build operations Thread 44" [_thread_blocked, id=10900, stack(0x0000007a49500000,0x0000007a49600000)]
  0x00000265f2b99a90 JavaThread "Unconstrained build operations Thread 45" [_thread_blocked, id=7932, stack(0x0000007a49600000,0x0000007a49700000)]
  0x00000265f2b9cab0 JavaThread "Unconstrained build operations Thread 46" [_thread_blocked, id=14132, stack(0x0000007a49700000,0x0000007a49800000)]
  0x00000265f2ba12e0 JavaThread "Unconstrained build operations Thread 47" [_thread_blocked, id=12728, stack(0x0000007a49800000,0x0000007a49900000)]
  0x00000265f2b99f60 JavaThread "Unconstrained build operations Thread 48" [_thread_blocked, id=7744, stack(0x0000007a49900000,0x0000007a49a00000)]
  0x00000265f2b9f130 JavaThread "Unconstrained build operations Thread 49" [_thread_blocked, id=1396, stack(0x0000007a49a00000,0x0000007a49b00000)]
  0x00000265f2b9d920 JavaThread "Unconstrained build operations Thread 50" [_thread_blocked, id=2904, stack(0x0000007a49b00000,0x0000007a49c00000)]
  0x00000265f2b9a900 JavaThread "Unconstrained build operations Thread 51" [_thread_blocked, id=3728, stack(0x0000007a49c00000,0x0000007a49d00000)]
  0x00000265f2b9ddf0 JavaThread "Unconstrained build operations Thread 52" [_thread_blocked, id=9164, stack(0x0000007a49d00000,0x0000007a49e00000)]
  0x00000265f2b9bc40 JavaThread "Unconstrained build operations Thread 53" [_thread_blocked, id=1696, stack(0x0000007a49e00000,0x0000007a49f00000)]
  0x00000265f2b9a430 JavaThread "Unconstrained build operations Thread 54" [_thread_blocked, id=10116, stack(0x0000007a49f00000,0x0000007a4a000000)]
  0x00000265f2b9ec60 JavaThread "Unconstrained build operations Thread 55" [_thread_blocked, id=8136, stack(0x0000007a4a000000,0x0000007a4a100000)]
  0x00000265f2b9c110 JavaThread "Unconstrained build operations Thread 56" [_thread_blocked, id=14172, stack(0x0000007a4a100000,0x0000007a4a200000)]
  0x00000265f2b9c5e0 JavaThread "Unconstrained build operations Thread 57" [_thread_blocked, id=5020, stack(0x0000007a4a200000,0x0000007a4a300000)]
  0x00000265f2b9e790 JavaThread "Unconstrained build operations Thread 58" [_thread_blocked, id=9996, stack(0x0000007a4a300000,0x0000007a4a400000)]
  0x00000265f2b9f600 JavaThread "Unconstrained build operations Thread 59" [_thread_blocked, id=13248, stack(0x0000007a4a400000,0x0000007a4a500000)]
  0x00000265f2b9e2c0 JavaThread "Unconstrained build operations Thread 60" [_thread_blocked, id=3200, stack(0x0000007a4a500000,0x0000007a4a600000)]
  0x00000265f2b9fad0 JavaThread "Unconstrained build operations Thread 61" [_thread_blocked, id=10728, stack(0x0000007a4a600000,0x0000007a4a700000)]
  0x00000265ef75de90 JavaThread "Unconstrained build operations Thread 62" [_thread_blocked, id=1468, stack(0x0000007a4a700000,0x0000007a4a800000)]
  0x00000265ef75cb50 JavaThread "Unconstrained build operations Thread 63" [_thread_blocked, id=13184, stack(0x0000007a4a800000,0x0000007a4a900000)]
  0x00000265ef759190 JavaThread "Unconstrained build operations Thread 64" [_thread_blocked, id=9732, stack(0x0000007a4a900000,0x0000007a4aa00000)]
  0x00000265ef7587f0 JavaThread "Unconstrained build operations Thread 65" [_thread_blocked, id=7860, stack(0x0000007a4aa00000,0x0000007a4ab00000)]
  0x00000265ef75a000 JavaThread "Unconstrained build operations Thread 66" [_thread_blocked, id=8596, stack(0x0000007a4ab00000,0x0000007a4ac00000)]
  0x00000265ef759660 JavaThread "Unconstrained build operations Thread 67" [_thread_blocked, id=5100, stack(0x0000007a4ac00000,0x0000007a4ad00000)]
  0x00000265ef75d9c0 JavaThread "Unconstrained build operations Thread 68" [_thread_blocked, id=12752, stack(0x0000007a4ad00000,0x0000007a4ae00000)]
  0x00000265ef757e50 JavaThread "Unconstrained build operations Thread 69" [_thread_blocked, id=13628, stack(0x0000007a4ae00000,0x0000007a4af00000)]
  0x00000265ef7574b0 JavaThread "Unconstrained build operations Thread 70" [_thread_blocked, id=10808, stack(0x0000007a4af00000,0x0000007a4b000000)]
  0x00000265ef75c1b0 JavaThread "Unconstrained build operations Thread 71" [_thread_blocked, id=12968, stack(0x0000007a4b000000,0x0000007a4b100000)]
  0x00000265ef75ae70 JavaThread "Unconstrained build operations Thread 72" [_thread_blocked, id=4072, stack(0x0000007a4b100000,0x0000007a4b200000)]
  0x00000265ef75e360 JavaThread "Unconstrained build operations Thread 73" [_thread_blocked, id=12756, stack(0x0000007a4b200000,0x0000007a4b300000)]
  0x00000265ef75e830 JavaThread "Unconstrained build operations Thread 74" [_thread_blocked, id=12692, stack(0x0000007a4b300000,0x0000007a4b400000)]
  0x00000265ef75d4f0 JavaThread "Unconstrained build operations Thread 75" [_thread_blocked, id=12072, stack(0x0000007a4b400000,0x0000007a4b500000)]
  0x00000265ef75d020 JavaThread "Unconstrained build operations Thread 76" [_thread_blocked, id=4640, stack(0x0000007a4b500000,0x0000007a4b600000)]
  0x00000265ef756fe0 JavaThread "Unconstrained build operations Thread 77" [_thread_blocked, id=10160, stack(0x0000007a4b600000,0x0000007a4b700000)]
  0x00000265ef759b30 JavaThread "Unconstrained build operations Thread 78" [_thread_blocked, id=8784, stack(0x0000007a4b700000,0x0000007a4b800000)]
  0x00000265ef75a4d0 JavaThread "Unconstrained build operations Thread 79" [_thread_blocked, id=8956, stack(0x0000007a4b800000,0x0000007a4b900000)]
  0x00000265ef757980 JavaThread "Unconstrained build operations Thread 80" [_thread_blocked, id=10088, stack(0x0000007a4b900000,0x0000007a4ba00000)]
  0x00000265ef75a9a0 JavaThread "Unconstrained build operations Thread 81" [_thread_blocked, id=10164, stack(0x0000007a4ba00000,0x0000007a4bb00000)]
  0x00000265ef75b340 JavaThread "Unconstrained build operations Thread 82" [_thread_blocked, id=6364, stack(0x0000007a4bb00000,0x0000007a4bc00000)]
  0x00000265ef758320 JavaThread "Unconstrained build operations Thread 83" [_thread_blocked, id=10704, stack(0x0000007a4bc00000,0x0000007a4bd00000)]
  0x00000265ef75b810 JavaThread "Unconstrained build operations Thread 84" [_thread_blocked, id=3096, stack(0x0000007a4bd00000,0x0000007a4be00000)]
  0x00000265ef758cc0 JavaThread "Unconstrained build operations Thread 85" [_thread_blocked, id=1452, stack(0x0000007a4be00000,0x0000007a4bf00000)]
  0x00000265ef75bce0 JavaThread "Unconstrained build operations Thread 86" [_thread_blocked, id=11136, stack(0x0000007a4bf00000,0x0000007a4c000000)]
  0x00000265ef75c680 JavaThread "Unconstrained build operations Thread 87" [_thread_blocked, id=2808, stack(0x0000007a4c000000,0x0000007a4c100000)]
  0x00000265efaa2ed0 JavaThread "Unconstrained build operations Thread 88" [_thread_blocked, id=3168, stack(0x0000007a4c100000,0x0000007a4c200000)]
  0x00000265efaa33a0 JavaThread "Unconstrained build operations Thread 89" [_thread_blocked, id=10708, stack(0x0000007a4c200000,0x0000007a4c300000)]
  0x00000265efaa8a40 JavaThread "Unconstrained build operations Thread 90" [_thread_blocked, id=1752, stack(0x0000007a4c300000,0x0000007a4c400000)]
  0x00000265efaa5080 JavaThread "Unconstrained build operations Thread 91" [_thread_blocked, id=13380, stack(0x0000007a4c400000,0x0000007a4c500000)]
  0x00000265efaa5550 JavaThread "Unconstrained build operations Thread 92" [_thread_blocked, id=5276, stack(0x0000007a4c500000,0x0000007a4c600000)]
  0x00000265efaa5ef0 JavaThread "Unconstrained build operations Thread 93" [_thread_blocked, id=608, stack(0x0000007a4c600000,0x0000007a4c700000)]
  0x00000265efaa3870 JavaThread "Unconstrained build operations Thread 94" [_thread_blocked, id=5896, stack(0x0000007a4c700000,0x0000007a4c800000)]
  0x00000265efaa93e0 JavaThread "Unconstrained build operations Thread 95" [_thread_blocked, id=12908, stack(0x0000007a4c800000,0x0000007a4c900000)]
  0x00000265efaa4210 JavaThread "Unconstrained build operations Thread 96" [_thread_blocked, id=13080, stack(0x0000007a4c900000,0x0000007a4ca00000)]
  0x00000265efaa8f10 JavaThread "Unconstrained build operations Thread 97" [_thread_blocked, id=7440, stack(0x0000007a4ca00000,0x0000007a4cb00000)]
  0x00000265efaa3d40 JavaThread "Unconstrained build operations Thread 98" [_thread_blocked, id=13580, stack(0x0000007a4cb00000,0x0000007a4cc00000)]
  0x00000265efaa8570 JavaThread "Unconstrained build operations Thread 99" [_thread_blocked, id=9056, stack(0x0000007a4cc00000,0x0000007a4cd00000)]
  0x00000265efaa4bb0 JavaThread "Unconstrained build operations Thread 100" [_thread_blocked, id=8624, stack(0x0000007a4cd00000,0x0000007a4ce00000)]
  0x00000265efaa98b0 JavaThread "Unconstrained build operations Thread 101" [_thread_blocked, id=8844, stack(0x0000007a4ce00000,0x0000007a4cf00000)]
  0x00000265efaa7230 JavaThread "Unconstrained build operations Thread 102" [_thread_blocked, id=13548, stack(0x0000007a4cf00000,0x0000007a4d000000)]
  0x00000265efaa6d60 JavaThread "Unconstrained build operations Thread 103" [_thread_blocked, id=6864, stack(0x0000007a4d000000,0x0000007a4d100000)]
  0x00000265efaa6890 JavaThread "Unconstrained build operations Thread 104" [_thread_blocked, id=1988, stack(0x0000007a4d100000,0x0000007a4d200000)]
  0x00000265efaa2060 JavaThread "Unconstrained build operations Thread 105" [_thread_blocked, id=9564, stack(0x0000007a4d200000,0x0000007a4d300000)]
  0x00000265efaa46e0 JavaThread "Unconstrained build operations Thread 106" [_thread_blocked, id=9348, stack(0x0000007a4d300000,0x0000007a4d400000)]
  0x00000265efaa5a20 JavaThread "Unconstrained build operations Thread 107" [_thread_blocked, id=10916, stack(0x0000007a4d400000,0x0000007a4d500000)]
  0x00000265efaa2a00 JavaThread "Unconstrained build operations Thread 108" [_thread_blocked, id=12176, stack(0x0000007a4d500000,0x0000007a4d600000)]
  0x00000265efaa2530 JavaThread "Unconstrained build operations Thread 109" [_thread_blocked, id=6904, stack(0x0000007a4d600000,0x0000007a4d700000)]
  0x00000265efaa7700 JavaThread "Unconstrained build operations Thread 110" [_thread_blocked, id=11268, stack(0x0000007a4d700000,0x0000007a4d800000)]
  0x00000265efaa63c0 JavaThread "Unconstrained build operations Thread 111" [_thread_blocked, id=8460, stack(0x0000007a4d800000,0x0000007a4d900000)]
  0x00000265efaa7bd0 JavaThread "Unconstrained build operations Thread 112" [_thread_blocked, id=9796, stack(0x0000007a4d900000,0x0000007a4da00000)]
  0x00000265efaa80a0 JavaThread "Unconstrained build operations Thread 113" [_thread_blocked, id=10992, stack(0x0000007a4da00000,0x0000007a4db00000)]
  0x00000265f54b90b0 JavaThread "Unconstrained build operations Thread 114" [_thread_blocked, id=11116, stack(0x0000007a4db00000,0x0000007a4dc00000)]
  0x00000265f54b3540 JavaThread "Unconstrained build operations Thread 115" [_thread_blocked, id=1684, stack(0x0000007a4dc00000,0x0000007a4dd00000)]
  0x00000265f54b8240 JavaThread "Unconstrained build operations Thread 116" [_thread_blocked, id=14068, stack(0x0000007a4dd00000,0x0000007a4de00000)]
  0x00000265f54b4d50 JavaThread "Unconstrained build operations Thread 117" [_thread_blocked, id=8892, stack(0x0000007a4de00000,0x0000007a4df00000)]
  0x00000265f54b6090 JavaThread "Unconstrained build operations Thread 118" [_thread_blocked, id=11368, stack(0x0000007a4df00000,0x0000007a4e000000)]
  0x00000265f54b7d70 JavaThread "Unconstrained build operations Thread 119" [_thread_blocked, id=6804, stack(0x0000007a4e000000,0x0000007a4e100000)]
  0x00000265f54b8710 JavaThread "Unconstrained build operations Thread 120" [_thread_blocked, id=13552, stack(0x0000007a4e100000,0x0000007a4e200000)]
  0x00000265f54b9580 JavaThread "Unconstrained build operations Thread 121" [_thread_blocked, id=12172, stack(0x0000007a4e200000,0x0000007a4e300000)]
  0x00000265f54b73d0 JavaThread "Unconstrained build operations Thread 122" [_thread_blocked, id=1324, stack(0x0000007a4e300000,0x0000007a4e400000)]
  0x00000265f54b5220 JavaThread "Unconstrained build operations Thread 123" [_thread_blocked, id=12792, stack(0x0000007a4e400000,0x0000007a4e500000)]
  0x00000265f54b8be0 JavaThread "Unconstrained build operations Thread 124" [_thread_blocked, id=12848, stack(0x0000007a4e500000,0x0000007a4e600000)]
  0x00000265f54b1d30 JavaThread "Unconstrained build operations Thread 125" [_thread_blocked, id=12932, stack(0x0000007a4e600000,0x0000007a4e700000)]
  0x00000265f54b3070 JavaThread "Unconstrained build operations Thread 126" [_thread_blocked, id=13368, stack(0x0000007a4e700000,0x0000007a4e800000)]
  0x00000265f54b3a10 JavaThread "Unconstrained build operations Thread 127" [_thread_blocked, id=8812, stack(0x0000007a4e800000,0x0000007a4e900000)]
  0x00000265f54b56f0 JavaThread "Unconstrained build operations Thread 128" [_thread_blocked, id=11344, stack(0x0000007a4e900000,0x0000007a4ea00000)]
  0x00000265f54b2200 JavaThread "Unconstrained build operations Thread 129" [_thread_blocked, id=2112, stack(0x0000007a4ea00000,0x0000007a4eb00000)]
  0x00000265f54b5bc0 JavaThread "Unconstrained build operations Thread 130" [_thread_blocked, id=11624, stack(0x0000007a4eb00000,0x0000007a4ec00000)]
  0x00000265f54b6a30 JavaThread "Unconstrained build operations Thread 131" [_thread_blocked, id=12988, stack(0x0000007a4ec00000,0x0000007a4ed00000)]
  0x00000265f54b26d0 JavaThread "Unconstrained build operations Thread 132" [_thread_blocked, id=11480, stack(0x0000007a4ed00000,0x0000007a4ee00000)]
  0x00000265f54b2ba0 JavaThread "Unconstrained build operations Thread 133" [_thread_blocked, id=1836, stack(0x0000007a4ee00000,0x0000007a4ef00000)]
  0x00000265f54b3ee0 JavaThread "Unconstrained build operations Thread 134" [_thread_blocked, id=7336, stack(0x0000007a4ef00000,0x0000007a4f000000)]
  0x00000265f54b43b0 JavaThread "Unconstrained build operations Thread 135" [_thread_blocked, id=5460, stack(0x0000007a4f000000,0x0000007a4f100000)]
  0x00000265f54b4880 JavaThread "Unconstrained build operations Thread 136" [_thread_blocked, id=6120, stack(0x0000007a4f100000,0x0000007a4f200000)]
  0x00000265f54b6560 JavaThread "Unconstrained build operations Thread 137" [_thread_blocked, id=8416, stack(0x0000007a4f200000,0x0000007a4f300000)]
  0x00000265f54b6f00 JavaThread "Unconstrained build operations Thread 138" [_thread_blocked, id=12516, stack(0x0000007a4f300000,0x0000007a4f400000)]
  0x00000265f54b78a0 JavaThread "Unconstrained build operations Thread 139" [_thread_blocked, id=10280, stack(0x0000007a4f400000,0x0000007a4f500000)]
  0x00000265f4838ad0 JavaThread "Unconstrained build operations Thread 140" [_thread_blocked, id=12136, stack(0x0000007a4f500000,0x0000007a4f600000)]
  0x00000265f483b620 JavaThread "Unconstrained build operations Thread 141" [_thread_blocked, id=992, stack(0x0000007a4f600000,0x0000007a4f700000)]
  0x00000265f4837c60 JavaThread "Unconstrained build operations Thread 142" [_thread_blocked, id=13704, stack(0x0000007a4f700000,0x0000007a4f800000)]
  0x00000265f4835f80 JavaThread "Unconstrained build operations Thread 143" [_thread_blocked, id=4380, stack(0x0000007a4f800000,0x0000007a4f900000)]
  0x00000265f483c490 JavaThread "Unconstrained build operations Thread 144" [_thread_blocked, id=10212, stack(0x0000007a4f900000,0x0000007a4fa00000)]
  0x00000265f48355e0 JavaThread "Unconstrained build operations Thread 145" [_thread_blocked, id=8520, stack(0x0000007a4fa00000,0x0000007a4fb00000)]
  0x00000265f4838fa0 JavaThread "Unconstrained build operations Thread 146" [_thread_blocked, id=8508, stack(0x0000007a4fb00000,0x0000007a4fc00000)]
  0x00000265f483c960 JavaThread "Unconstrained build operations Thread 147" [_thread_blocked, id=3992, stack(0x0000007a4fc00000,0x0000007a4fd00000)]
  0x00000265f4835ab0 JavaThread "Unconstrained build operations Thread 148" [_thread_blocked, id=11168, stack(0x0000007a4fd00000,0x0000007a4fe00000)]
  0x00000265f4836450 JavaThread "Unconstrained build operations Thread 149" [_thread_blocked, id=10220, stack(0x0000007a4fe00000,0x0000007a4ff00000)]
  0x00000265f4839470 JavaThread "Unconstrained build operations Thread 150" [_thread_blocked, id=6768, stack(0x0000007a4ff00000,0x0000007a50000000)]
  0x00000265f4837790 JavaThread "Unconstrained build operations Thread 151" [_thread_blocked, id=8504, stack(0x0000007a50000000,0x0000007a50100000)]
  0x00000265f483baf0 JavaThread "jar transforms Thread 6" [_thread_blocked, id=2628, stack(0x0000007a50100000,0x0000007a50200000)]
  0x00000265f4835110 JavaThread "jar transforms Thread 7" [_thread_blocked, id=11068, stack(0x0000007a50200000,0x0000007a50300000)]
  0x00000265f4838130 JavaThread "jar transforms Thread 8" [_thread_blocked, id=5336, stack(0x0000007a50300000,0x0000007a50400000)]
  0x00000265f4838600 JavaThread "jar transforms Thread 9" [_thread_blocked, id=6496, stack(0x0000007a50400000,0x0000007a50500000)]
  0x00000265f4839e10 JavaThread "jar transforms Thread 10" [_thread_blocked, id=10744, stack(0x0000007a50500000,0x0000007a50600000)]
  0x00000265f4836920 JavaThread "jar transforms Thread 11" [_thread_blocked, id=13180, stack(0x0000007a50600000,0x0000007a50700000)]
  0x00000265f48372c0 JavaThread "jar transforms Thread 12" [_thread_blocked, id=12868, stack(0x0000007a50700000,0x0000007a50800000)]
  0x00000265f4839940 JavaThread "jar transforms Thread 13" [_thread_blocked, id=528, stack(0x0000007a50800000,0x0000007a50900000)]
  0x00000265f483a2e0 JavaThread "jar transforms Thread 14" [_thread_blocked, id=10420, stack(0x0000007a50900000,0x0000007a50a00000)]
  0x00000265f483a7b0 JavaThread "jar transforms Thread 15" [_thread_blocked, id=2556, stack(0x0000007a50a00000,0x0000007a50b00000)]
  0x00000265f483ac80 JavaThread "jar transforms Thread 16" [_thread_blocked, id=14004, stack(0x0000007a50b00000,0x0000007a50c00000)]
  0x00000265f4836df0 JavaThread "Memory manager" [_thread_blocked, id=9336, stack(0x0000007a50c00000,0x0000007a50d00000)]

Other Threads:
=>0x00000265eb5ad110 VMThread "VM Thread" [stack: 0x0000007a42a00000,0x0000007a42b00000] [id=8476]
  0x00000265d1ffd730 WatcherThread [stack: 0x0000007a43800000,0x0000007a43900000] [id=14316]
  0x00000265d1fdc1f0 GCTaskThread "GC Thread#0" [stack: 0x0000007a42500000,0x0000007a42600000] [id=5220]
  0x00000265ed480450 GCTaskThread "GC Thread#1" [stack: 0x0000007a43d00000,0x0000007a43e00000] [id=7916]
  0x00000265ed5080b0 GCTaskThread "GC Thread#2" [stack: 0x0000007a43e00000,0x0000007a43f00000] [id=10408]
  0x00000265ed7ea2b0 GCTaskThread "GC Thread#3" [stack: 0x0000007a43f00000,0x0000007a44000000] [id=13452]
  0x00000265ed7ea970 GCTaskThread "GC Thread#4" [stack: 0x0000007a44000000,0x0000007a44100000] [id=11076]
  0x00000265ed9a6ca0 GCTaskThread "GC Thread#5" [stack: 0x0000007a44100000,0x0000007a44200000] [id=11972]
  0x00000265ed329bf0 GCTaskThread "GC Thread#6" [stack: 0x0000007a44f00000,0x0000007a45000000] [id=8088]
  0x00000265ee22fb20 GCTaskThread "GC Thread#7" [stack: 0x0000007a45000000,0x0000007a45100000] [id=3100]
  0x00000265ee9f9470 GCTaskThread "GC Thread#8" [stack: 0x0000007a45100000,0x0000007a45200000] [id=10620]
  0x00000265ef6a9cd0 GCTaskThread "GC Thread#9" [stack: 0x0000007a45200000,0x0000007a45300000] [id=13536]
  0x00000265ef6a9f80 GCTaskThread "GC Thread#10" [stack: 0x0000007a45300000,0x0000007a45400000] [id=8672]
  0x00000265ee9fc430 GCTaskThread "GC Thread#11" [stack: 0x0000007a45400000,0x0000007a45500000] [id=10780]
  0x00000265ee9fc6e0 GCTaskThread "GC Thread#12" [stack: 0x0000007a45500000,0x0000007a45600000] [id=1488]
  0x00000265d1fe9040 ConcurrentGCThread "G1 Main Marker" [stack: 0x0000007a42600000,0x0000007a42700000] [id=14084]
  0x00000265d1fe9960 ConcurrentGCThread "G1 Conc#0" [stack: 0x0000007a42700000,0x0000007a42800000] [id=12196]
  0x00000265ed3ea840 ConcurrentGCThread "G1 Conc#1" [stack: 0x0000007a45600000,0x0000007a45700000] [id=4008]
  0x00000265ef6a80a0 ConcurrentGCThread "G1 Conc#2" [stack: 0x0000007a45700000,0x0000007a45800000] [id=13972]
  0x00000265d205d600 ConcurrentGCThread "G1 Refine#0" [stack: 0x0000007a42800000,0x0000007a42900000] [id=4296]
  0x00000265d205df30 ConcurrentGCThread "G1 Service" [stack: 0x0000007a42900000,0x0000007a42a00000] [id=7176]

Threads with active compile tasks:
C1 CompilerThread1     3544 7648   !   3       java.nio.charset.CharsetDecoder::decode (275 bytes)
C2 CompilerThread1     3544 7554       4       sun.reflect.generics.parser.SignatureParser::parsePackageNameAndSimpleClassTypeSignature (119 bytes)
C2 CompilerThread4     3544 7598 %     4       org.gradle.internal.instantiation.generator.AbstractClassGenerator::inspectType @ 107 (560 bytes)
C2 CompilerThread6     3544 7650       4       java.nio.ByteBuffer::arrayOffset (35 bytes)

VM state: at safepoint (normal execution)

VM Mutex/Monitor currently owned by a thread:  ([mutex/lock_event])
[0x00000265d1f8c690] Threads_lock - owner thread: 0x00000265eb5ad110
[0x00000265d1f8b5b0] Heap_lock - owner thread: 0x00000265edc62810

Heap address: 0x00000000a0000000, size: 1536 MB, Compressed Oops mode: 32-bit

CDS archive(s) not mapped
Compressed class space mapped at: 0x0000000100000000-0x0000000140000000, reserved size: 1073741824
Narrow klass base: 0x0000000000000000, Narrow klass shift: 3, Narrow klass range: 0x140000000

GC Precious Log:
 CPUs: 16 total, 16 available
 Memory: 16155M
 Large Page Support: Disabled
 NUMA Support: Disabled
 Compressed Oops: Enabled (32-bit)
 Heap Region Size: 1M
 Heap Min Capacity: 8M
 Heap Initial Capacity: 254M
 Heap Max Capacity: 1536M
 Pre-touch: Disabled
 Parallel Workers: 13
 Concurrent Workers: 3
 Concurrent Refinement Workers: 13
 Periodic GC: Disabled

Heap:
 garbage-first heap   total 114688K, used 58262K [0x00000000a0000000, 0x0000000100000000)
  region size 1024K, 2 young (2048K), 2 survivors (2048K)
 Metaspace       used 66144K, committed 66624K, reserved 1114112K
  class space    used 8611K, committed 8832K, reserved 1048576K

Heap Regions: E=young(eden), S=young(survivor), O=old, HS=humongous(starts), HC=humongous(continues), CS=collection set, F=free, OA=open archive, CA=closed archive, TAMS=top-at-mark-start (previous, next)
|   0|0x00000000a0000000, 0x00000000a0100000, 0x00000000a0100000|100%| O|  |TAMS 0x00000000a0100000, 0x00000000a0100000| Untracked 
|   1|0x00000000a0100000, 0x00000000a0200000, 0x00000000a0200000|100%| O|  |TAMS 0x00000000a0200000, 0x00000000a0200000| Untracked 
|   2|0x00000000a0200000, 0x00000000a0300000, 0x00000000a0300000|100%| O|  |TAMS 0x00000000a0300000, 0x00000000a0300000| Untracked 
|   3|0x00000000a0300000, 0x00000000a0400000, 0x00000000a0400000|100%|HS|  |TAMS 0x00000000a0400000, 0x00000000a0400000| Complete 
|   4|0x00000000a0400000, 0x00000000a0500000, 0x00000000a0500000|100%|HC|  |TAMS 0x00000000a0500000, 0x00000000a0500000| Complete 
|   5|0x00000000a0500000, 0x00000000a0600000, 0x00000000a0600000|100%|HC|  |TAMS 0x00000000a0600000, 0x00000000a0600000| Complete 
|   6|0x00000000a0600000, 0x00000000a0700000, 0x00000000a0700000|100%| O|  |TAMS 0x00000000a0700000, 0x00000000a0700000| Untracked 
|   7|0x00000000a0700000, 0x00000000a0800000, 0x00000000a0800000|100%| O|  |TAMS 0x00000000a0800000, 0x00000000a0800000| Untracked 
|   8|0x00000000a0800000, 0x00000000a0900000, 0x00000000a0900000|100%| O|  |TAMS 0x00000000a0900000, 0x00000000a0900000| Untracked 
|   9|0x00000000a0900000, 0x00000000a0a00000, 0x00000000a0a00000|100%| O|  |TAMS 0x00000000a0a00000, 0x00000000a0a00000| Untracked 
|  10|0x00000000a0a00000, 0x00000000a0a00000, 0x00000000a0b00000|  0%| F|  |TAMS 0x00000000a0a00000, 0x00000000a0a00000| Untracked 
|  11|0x00000000a0b00000, 0x00000000a0c00000, 0x00000000a0c00000|100%| O|  |TAMS 0x00000000a0c00000, 0x00000000a0c00000| Untracked 
|  12|0x00000000a0c00000, 0x00000000a0d00000, 0x00000000a0d00000|100%| O|  |TAMS 0x00000000a0d00000, 0x00000000a0d00000| Untracked 
|  13|0x00000000a0d00000, 0x00000000a0e00000, 0x00000000a0e00000|100%| O|  |TAMS 0x00000000a0e00000, 0x00000000a0e00000| Untracked 
|  14|0x00000000a0e00000, 0x00000000a0f00000, 0x00000000a0f00000|100%| O|  |TAMS 0x00000000a0f00000, 0x00000000a0f00000| Untracked 
|  15|0x00000000a0f00000, 0x00000000a1000000, 0x00000000a1000000|100%| O|  |TAMS 0x00000000a1000000, 0x00000000a1000000| Untracked 
|  16|0x00000000a1000000, 0x00000000a1100000, 0x00000000a1100000|100%| O|  |TAMS 0x00000000a1100000, 0x00000000a1100000| Untracked 
|  17|0x00000000a1100000, 0x00000000a1200000, 0x00000000a1200000|100%| O|  |TAMS 0x00000000a1200000, 0x00000000a1200000| Untracked 
|  18|0x00000000a1200000, 0x00000000a1300000, 0x00000000a1300000|100%| O|  |TAMS 0x00000000a1300000, 0x00000000a1300000| Untracked 
|  19|0x00000000a1300000, 0x00000000a1400000, 0x00000000a1400000|100%| O|  |TAMS 0x00000000a1400000, 0x00000000a1400000| Untracked 
|  20|0x00000000a1400000, 0x00000000a1500000, 0x00000000a1500000|100%| O|  |TAMS 0x00000000a1500000, 0x00000000a1500000| Untracked 
|  21|0x00000000a1500000, 0x00000000a1600000, 0x00000000a1600000|100%| O|  |TAMS 0x00000000a1600000, 0x00000000a1600000| Untracked 
|  22|0x00000000a1600000, 0x00000000a1700000, 0x00000000a1700000|100%| O|  |TAMS 0x00000000a1700000, 0x00000000a1700000| Untracked 
|  23|0x00000000a1700000, 0x00000000a1800000, 0x00000000a1800000|100%| O|  |TAMS 0x00000000a1800000, 0x00000000a1800000| Untracked 
|  24|0x00000000a1800000, 0x00000000a1900000, 0x00000000a1900000|100%| O|  |TAMS 0x00000000a1900000, 0x00000000a1900000| Untracked 
|  25|0x00000000a1900000, 0x00000000a1a00000, 0x00000000a1a00000|100%| O|  |TAMS 0x00000000a1a00000, 0x00000000a1a00000| Untracked 
|  26|0x00000000a1a00000, 0x00000000a1b00000, 0x00000000a1b00000|100%| O|  |TAMS 0x00000000a1b00000, 0x00000000a1b00000| Untracked 
|  27|0x00000000a1b00000, 0x00000000a1c00000, 0x00000000a1c00000|100%| O|  |TAMS 0x00000000a1c00000, 0x00000000a1c00000| Untracked 
|  28|0x00000000a1c00000, 0x00000000a1d00000, 0x00000000a1d00000|100%| O|  |TAMS 0x00000000a1d00000, 0x00000000a1d00000| Untracked 
|  29|0x00000000a1d00000, 0x00000000a1e00000, 0x00000000a1e00000|100%| O|  |TAMS 0x00000000a1e00000, 0x00000000a1e00000| Untracked 
|  30|0x00000000a1e00000, 0x00000000a1f00000, 0x00000000a1f00000|100%| O|  |TAMS 0x00000000a1f00000, 0x00000000a1f00000| Untracked 
|  31|0x00000000a1f00000, 0x00000000a2000000, 0x00000000a2000000|100%| O|  |TAMS 0x00000000a2000000, 0x00000000a2000000| Untracked 
|  32|0x00000000a2000000, 0x00000000a2100000, 0x00000000a2100000|100%|HS|  |TAMS 0x00000000a2100000, 0x00000000a2100000| Complete 
|  33|0x00000000a2100000, 0x00000000a2200000, 0x00000000a2200000|100%|HS|  |TAMS 0x00000000a2200000, 0x00000000a2200000| Complete 
|  34|0x00000000a2200000, 0x00000000a2300000, 0x00000000a2300000|100%|HS|  |TAMS 0x00000000a2300000, 0x00000000a2300000| Complete 
|  35|0x00000000a2300000, 0x00000000a2400000, 0x00000000a2400000|100%| O|  |TAMS 0x00000000a2400000, 0x00000000a2400000| Untracked 
|  36|0x00000000a2400000, 0x00000000a2500000, 0x00000000a2500000|100%| O|  |TAMS 0x00000000a2500000, 0x00000000a2500000| Untracked 
|  37|0x00000000a2500000, 0x00000000a2600000, 0x00000000a2600000|100%|HS|  |TAMS 0x00000000a2600000, 0x00000000a2600000| Complete 
|  38|0x00000000a2600000, 0x00000000a2700000, 0x00000000a2700000|100%|HC|  |TAMS 0x00000000a2700000, 0x00000000a2700000| Complete 
|  39|0x00000000a2700000, 0x00000000a2800000, 0x00000000a2800000|100%|HC|  |TAMS 0x00000000a2800000, 0x00000000a2800000| Complete 
|  40|0x00000000a2800000, 0x00000000a2900000, 0x00000000a2900000|100%| O|  |TAMS 0x00000000a2900000, 0x00000000a2900000| Untracked 
|  41|0x00000000a2900000, 0x00000000a2a00000, 0x00000000a2a00000|100%|HS|  |TAMS 0x00000000a2a00000, 0x00000000a2a00000| Complete 
|  42|0x00000000a2a00000, 0x00000000a2b00000, 0x00000000a2b00000|100%|HC|  |TAMS 0x00000000a2b00000, 0x00000000a2b00000| Complete 
|  43|0x00000000a2b00000, 0x00000000a2c00000, 0x00000000a2c00000|100%| O|  |TAMS 0x00000000a2c00000, 0x00000000a2c00000| Untracked 
|  44|0x00000000a2c00000, 0x00000000a2d00000, 0x00000000a2d00000|100%| O|  |TAMS 0x00000000a2d00000, 0x00000000a2d00000| Untracked 
|  45|0x00000000a2d00000, 0x00000000a2e00000, 0x00000000a2e00000|100%| O|  |TAMS 0x00000000a2e00000, 0x00000000a2e00000| Untracked 
|  46|0x00000000a2e00000, 0x00000000a2f00000, 0x00000000a2f00000|100%| O|  |TAMS 0x00000000a2f00000, 0x00000000a2f00000| Untracked 
|  47|0x00000000a2f00000, 0x00000000a3000000, 0x00000000a3000000|100%| O|  |TAMS 0x00000000a3000000, 0x00000000a3000000| Untracked 
|  48|0x00000000a3000000, 0x00000000a3100000, 0x00000000a3100000|100%| O|  |TAMS 0x00000000a3100000, 0x00000000a3100000| Untracked 
|  49|0x00000000a3100000, 0x00000000a3200000, 0x00000000a3200000|100%| O|  |TAMS 0x00000000a31bc000, 0x00000000a3200000| Untracked 
|  50|0x00000000a3200000, 0x00000000a3300000, 0x00000000a3300000|100%| O|  |TAMS 0x00000000a3200000, 0x00000000a3300000| Untracked 
|  51|0x00000000a3300000, 0x00000000a3400000, 0x00000000a3400000|100%| O|  |TAMS 0x00000000a3300000, 0x00000000a3400000| Untracked 
|  52|0x00000000a3400000, 0x00000000a3500000, 0x00000000a3500000|100%| O|  |TAMS 0x00000000a3400000, 0x00000000a3500000| Untracked 
|  53|0x00000000a3500000, 0x00000000a3600000, 0x00000000a3600000|100%| O|  |TAMS 0x00000000a3500000, 0x00000000a3600000| Untracked 
|  54|0x00000000a3600000, 0x00000000a3700000, 0x00000000a3700000|100%| O|  |TAMS 0x00000000a3600000, 0x00000000a3700000| Untracked 
|  55|0x00000000a3700000, 0x00000000a3734e00, 0x00000000a3800000| 20%| O|  |TAMS 0x00000000a3700000, 0x00000000a3734e00| Untracked 
|  56|0x00000000a3800000, 0x00000000a3900000, 0x00000000a3900000|100%| O|  |TAMS 0x00000000a3800000, 0x00000000a3900000| Untracked 
|  57|0x00000000a3900000, 0x00000000a3900000, 0x00000000a3a00000|  0%| F|  |TAMS 0x00000000a3900000, 0x00000000a3900000| Untracked 
|  58|0x00000000a3a00000, 0x00000000a3a00000, 0x00000000a3b00000|  0%| F|  |TAMS 0x00000000a3a00000, 0x00000000a3a00000| Untracked 
|  59|0x00000000a3b00000, 0x00000000a3b00000, 0x00000000a3c00000|  0%| F|  |TAMS 0x00000000a3b00000, 0x00000000a3b00000| Untracked 
|  60|0x00000000a3c00000, 0x00000000a3c00000, 0x00000000a3d00000|  0%| F|  |TAMS 0x00000000a3c00000, 0x00000000a3c00000| Untracked 
|  61|0x00000000a3d00000, 0x00000000a3d00000, 0x00000000a3e00000|  0%| F|  |TAMS 0x00000000a3d00000, 0x00000000a3d00000| Untracked 
|  62|0x00000000a3e00000, 0x00000000a3e00000, 0x00000000a3f00000|  0%| F|  |TAMS 0x00000000a3e00000, 0x00000000a3e00000| Untracked 
|  63|0x00000000a3f00000, 0x00000000a3f00000, 0x00000000a4000000|  0%| F|  |TAMS 0x00000000a3f00000, 0x00000000a3f00000| Untracked 
|  64|0x00000000a4000000, 0x00000000a4000000, 0x00000000a4100000|  0%| F|  |TAMS 0x00000000a4000000, 0x00000000a4000000| Untracked 
|  65|0x00000000a4100000, 0x00000000a4100000, 0x00000000a4200000|  0%| F|  |TAMS 0x00000000a4100000, 0x00000000a4100000| Untracked 
|  66|0x00000000a4200000, 0x00000000a4200000, 0x00000000a4300000|  0%| F|  |TAMS 0x00000000a4200000, 0x00000000a4200000| Untracked 
|  67|0x00000000a4300000, 0x00000000a4300000, 0x00000000a4400000|  0%| F|  |TAMS 0x00000000a4300000, 0x00000000a4300000| Untracked 
|  68|0x00000000a4400000, 0x00000000a4400000, 0x00000000a4500000|  0%| F|  |TAMS 0x00000000a4400000, 0x00000000a4400000| Untracked 
|  69|0x00000000a4500000, 0x00000000a4500000, 0x00000000a4600000|  0%| F|  |TAMS 0x00000000a4500000, 0x00000000a4500000| Untracked 
|  70|0x00000000a4600000, 0x00000000a4600000, 0x00000000a4700000|  0%| F|  |TAMS 0x00000000a4600000, 0x00000000a4600000| Untracked 
|  71|0x00000000a4700000, 0x00000000a4700000, 0x00000000a4800000|  0%| F|  |TAMS 0x00000000a4700000, 0x00000000a4700000| Untracked 
|  72|0x00000000a4800000, 0x00000000a4800000, 0x00000000a4900000|  0%| F|  |TAMS 0x00000000a4800000, 0x00000000a4800000| Untracked 
|  73|0x00000000a4900000, 0x00000000a4900000, 0x00000000a4a00000|  0%| F|  |TAMS 0x00000000a4900000, 0x00000000a4900000| Untracked 
|  74|0x00000000a4a00000, 0x00000000a4a00000, 0x00000000a4b00000|  0%| F|  |TAMS 0x00000000a4a00000, 0x00000000a4a00000| Untracked 
|  75|0x00000000a4b00000, 0x00000000a4b00000, 0x00000000a4c00000|  0%| F|  |TAMS 0x00000000a4b00000, 0x00000000a4b00000| Untracked 
|  76|0x00000000a4c00000, 0x00000000a4c00000, 0x00000000a4d00000|  0%| F|  |TAMS 0x00000000a4c00000, 0x00000000a4c00000| Untracked 
|  77|0x00000000a4d00000, 0x00000000a4d00000, 0x00000000a4e00000|  0%| F|  |TAMS 0x00000000a4d00000, 0x00000000a4d00000| Untracked 
|  78|0x00000000a4e00000, 0x00000000a4e00000, 0x00000000a4f00000|  0%| F|  |TAMS 0x00000000a4e00000, 0x00000000a4e00000| Untracked 
|  79|0x00000000a4f00000, 0x00000000a4f00000, 0x00000000a5000000|  0%| F|  |TAMS 0x00000000a4f00000, 0x00000000a4f00000| Untracked 
|  80|0x00000000a5000000, 0x00000000a5000000, 0x00000000a5100000|  0%| F|  |TAMS 0x00000000a5000000, 0x00000000a5000000| Untracked 
|  81|0x00000000a5100000, 0x00000000a5100000, 0x00000000a5200000|  0%| F|  |TAMS 0x00000000a5100000, 0x00000000a5100000| Untracked 
|  82|0x00000000a5200000, 0x00000000a5200000, 0x00000000a5300000|  0%| F|  |TAMS 0x00000000a5200000, 0x00000000a5200000| Untracked 
|  83|0x00000000a5300000, 0x00000000a5300000, 0x00000000a5400000|  0%| F|  |TAMS 0x00000000a5300000, 0x00000000a5300000| Untracked 
|  84|0x00000000a5400000, 0x00000000a5400000, 0x00000000a5500000|  0%| F|  |TAMS 0x00000000a5400000, 0x00000000a5400000| Untracked 
|  85|0x00000000a5500000, 0x00000000a5500000, 0x00000000a5600000|  0%| F|  |TAMS 0x00000000a5500000, 0x00000000a5500000| Untracked 
|  86|0x00000000a5600000, 0x00000000a5600000, 0x00000000a5700000|  0%| F|  |TAMS 0x00000000a5600000, 0x00000000a5600000| Untracked 
|  87|0x00000000a5700000, 0x00000000a57b0d98, 0x00000000a5800000| 69%| S|CS|TAMS 0x00000000a5700000, 0x00000000a5700000| Complete 
|  88|0x00000000a5800000, 0x00000000a5900000, 0x00000000a5900000|100%| S|CS|TAMS 0x00000000a5800000, 0x00000000a5800000| Complete 
|  89|0x00000000a5900000, 0x00000000a5900000, 0x00000000a5a00000|  0%| F|  |TAMS 0x00000000a5900000, 0x00000000a5900000| Untracked 
|  90|0x00000000a5a00000, 0x00000000a5a00000, 0x00000000a5b00000|  0%| F|  |TAMS 0x00000000a5a00000, 0x00000000a5a00000| Untracked 
|  91|0x00000000a5b00000, 0x00000000a5b00000, 0x00000000a5c00000|  0%| F|  |TAMS 0x00000000a5b00000, 0x00000000a5b00000| Untracked 
|  92|0x00000000a5c00000, 0x00000000a5c00000, 0x00000000a5d00000|  0%| F|  |TAMS 0x00000000a5c00000, 0x00000000a5c00000| Untracked 
|  93|0x00000000a5d00000, 0x00000000a5d00000, 0x00000000a5e00000|  0%| F|  |TAMS 0x00000000a5d00000, 0x00000000a5d00000| Untracked 
|  94|0x00000000a5e00000, 0x00000000a5e00000, 0x00000000a5f00000|  0%| F|  |TAMS 0x00000000a5e00000, 0x00000000a5e00000| Untracked 
|  95|0x00000000a5f00000, 0x00000000a5f00000, 0x00000000a6000000|  0%| F|  |TAMS 0x00000000a5f00000, 0x00000000a5f00000| Untracked 
|  96|0x00000000a6000000, 0x00000000a6000000, 0x00000000a6100000|  0%| F|  |TAMS 0x00000000a6000000, 0x00000000a6000000| Untracked 
|  97|0x00000000a6100000, 0x00000000a6100000, 0x00000000a6200000|  0%| F|  |TAMS 0x00000000a6100000, 0x00000000a6100000| Untracked 
|  98|0x00000000a6200000, 0x00000000a6200000, 0x00000000a6300000|  0%| F|  |TAMS 0x00000000a6200000, 0x00000000a6200000| Untracked 
|  99|0x00000000a6300000, 0x00000000a6300000, 0x00000000a6400000|  0%| F|  |TAMS 0x00000000a6300000, 0x00000000a6300000| Untracked 
| 100|0x00000000a6400000, 0x00000000a6400000, 0x00000000a6500000|  0%| F|  |TAMS 0x00000000a6400000, 0x00000000a6400000| Untracked 
| 101|0x00000000a6500000, 0x00000000a6500000, 0x00000000a6600000|  0%| F|  |TAMS 0x00000000a6500000, 0x00000000a6500000| Untracked 
| 102|0x00000000a6600000, 0x00000000a6600000, 0x00000000a6700000|  0%| F|  |TAMS 0x00000000a6600000, 0x00000000a6600000| Untracked 
| 200|0x00000000ac800000, 0x00000000ac800000, 0x00000000ac900000|  0%| F|  |TAMS 0x00000000ac800000, 0x00000000ac800000| Untracked 
| 201|0x00000000ac900000, 0x00000000ac900000, 0x00000000aca00000|  0%| F|  |TAMS 0x00000000ac900000, 0x00000000ac900000| Untracked 
| 202|0x00000000aca00000, 0x00000000aca00000, 0x00000000acb00000|  0%| F|  |TAMS 0x00000000aca00000, 0x00000000aca00000| Untracked 
| 203|0x00000000acb00000, 0x00000000acb00000, 0x00000000acc00000|  0%| F|  |TAMS 0x00000000acb00000, 0x00000000acb00000| Untracked 
| 204|0x00000000acc00000, 0x00000000acc00000, 0x00000000acd00000|  0%| F|  |TAMS 0x00000000acc00000, 0x00000000acc00000| Untracked 
| 205|0x00000000acd00000, 0x00000000acd00000, 0x00000000ace00000|  0%| F|  |TAMS 0x00000000acd00000, 0x00000000acd00000| Untracked 
| 206|0x00000000ace00000, 0x00000000ace00000, 0x00000000acf00000|  0%| F|  |TAMS 0x00000000ace00000, 0x00000000ace00000| Untracked 
| 207|0x00000000acf00000, 0x00000000acf00000, 0x00000000ad000000|  0%| F|  |TAMS 0x00000000acf00000, 0x00000000acf00000| Untracked 
| 253|0x00000000afd00000, 0x00000000afd00000, 0x00000000afe00000|  0%| F|  |TAMS 0x00000000afd00000, 0x00000000afd00000| Untracked 

Card table byte_map: [0x00000265e4fe0000,0x00000265e52e0000] _byte_map_base: 0x00000265e4ae0000

Marking Bits (Prev, Next): (CMBitMap*) 0x00000265d1fdc750, (CMBitMap*) 0x00000265d1fdc710
 Prev Bits: [0x00000265e6de0000, 0x00000265e85e0000)
 Next Bits: [0x00000265e55e0000, 0x00000265e6de0000)

Polling page: 0x00000265d1760000

Metaspace:

Usage:
  Non-class:     56.18 MB used.
      Class:      8.41 MB used.
       Both:     64.59 MB used.

Virtual space:
  Non-class space:       64.00 MB reserved,      56.44 MB ( 88%) committed,  8 nodes.
      Class space:        1.00 GB reserved,       8.62 MB ( <1%) committed,  1 nodes.
             Both:        1.06 GB reserved,      65.06 MB (  6%) committed. 

Chunk freelists:
   Non-Class:  3.59 MB
       Class:  3.33 MB
        Both:  6.92 MB

MaxMetaspaceSize: unlimited
CompressedClassSpaceSize: 1.00 GB
Initial GC threshold: 21.00 MB
Current GC threshold: 102.75 MB
CDS: off
MetaspaceReclaimPolicy: balanced
 - commit_granule_bytes: 65536.
 - commit_granule_words: 8192.
 - virtual_space_node_default_size: 1048576.
 - enlarge_chunks_in_place: 1.
 - new_chunks_are_fully_committed: 0.
 - uncommit_free_chunks: 1.
 - use_allocation_guard: 0.
 - handle_deallocations: 1.


Internal statistics:

num_allocs_failed_limit: 6.
num_arena_births: 536.
num_arena_deaths: 0.
num_vsnodes_births: 9.
num_vsnodes_deaths: 0.
num_space_committed: 1041.
num_space_uncommitted: 0.
num_chunks_returned_to_freelist: 6.
num_chunks_taken_from_freelist: 2649.
num_chunk_merges: 3.
num_chunk_splits: 1800.
num_chunks_enlarged: 1265.
num_purges: 0.
num_inconsistent_stats: 0.

CodeHeap 'non-profiled nmethods': size=119168Kb used=3673Kb max_used=3673Kb free=115494Kb
 bounds [0x00000265dd000000, 0x00000265dd3a0000, 0x00000265e4460000]
CodeHeap 'profiled nmethods': size=119104Kb used=13629Kb max_used=13629Kb free=105474Kb
 bounds [0x00000265d5460000, 0x00000265d61b0000, 0x00000265dc8b0000]
CodeHeap 'non-nmethods': size=7488Kb used=4060Kb max_used=4088Kb free=3427Kb
 bounds [0x00000265dc8b0000, 0x00000265dccc0000, 0x00000265dd000000]
 total_blobs=7801 nmethods=6917 adapters=792
 compilation: enabled
              stopped_count=0, restarted_count=0
 full_count=0

Compilation events (20 events):
Event: 3.523 Thread 0x00000265ec1f4880 nmethod 7642 0x00000265dd392f10 code [0x00000265dd3930a0, 0x00000265dd393178]
Event: 3.523 Thread 0x00000265ec1f4880 7643       1       org.gradle.api.internal.collections.DefaultCollectionEventRegister::getDecorator (5 bytes)
Event: 3.523 Thread 0x00000265ec218b50 nmethod 7641 0x00000265d6191690 code [0x00000265d6191860, 0x00000265d6191cd8]
Event: 3.523 Thread 0x00000265ec218b50 7646   !   3       org.gradle.internal.event.DefaultListenerManager::getBroadcasterInternal (155 bytes)
Event: 3.523 Thread 0x00000265ec08df60 nmethod 7640 0x00000265d6191e10 code [0x00000265d6192000, 0x00000265d6192568]
Event: 3.523 Thread 0x00000265ec1f4880 nmethod 7643 0x00000265dd393210 code [0x00000265dd3933a0, 0x00000265dd393478]
Event: 3.523 Thread 0x00000265ec08df60 7644       1       org.gradle.api.internal.DefaultCollectionCallbackActionDecorator::access$100 (5 bytes)
Event: 3.523 Thread 0x00000265ec1f4880 7645       1       org.gradle.api.internal.DefaultCollectionCallbackActionDecorator$BuildOperationEmittingAction::access$000 (5 bytes)
Event: 3.523 Thread 0x00000265ec08df60 nmethod 7644 0x00000265dd393510 code [0x00000265dd3936a0, 0x00000265dd393758]
Event: 3.523 Thread 0x00000265ec1f4880 nmethod 7645 0x00000265dd393810 code [0x00000265dd3939a0, 0x00000265dd393a58]
Event: 3.523 Thread 0x00000265ec1f4880 7647       3       org.gradle.api.internal.DefaultNamedDomainObjectCollection$UnfilteredIndex::getPending (14 bytes)
Event: 3.523 Thread 0x00000265ec1f4880 nmethod 7647 0x00000265d6192710 code [0x00000265d61928c0, 0x00000265d6192b88]
Event: 3.523 Thread 0x00000265ec218b50 nmethod 7646 0x00000265d6192c90 code [0x00000265d6192f40, 0x00000265d6193ec8]
Event: 3.527 Thread 0x00000265ed47ee90 nmethod 7612 0x00000265d6194590 code [0x00000265d6195a80, 0x00000265d61a7288]
Event: 3.527 Thread 0x00000265ecdd2a40 nmethod 7614 0x00000265dd393b10 code [0x00000265dd393cc0, 0x00000265dd394878]
Event: 3.528 Thread 0x00000265ec08d450 nmethod 7615 0x00000265dd394e10 code [0x00000265dd394fc0, 0x00000265dd395c58]
Event: 3.531 Thread 0x00000265ec1f4880 7648   !   3       java.nio.charset.CharsetDecoder::decode (275 bytes)
Event: 3.531 Thread 0x00000265ec08df60 7649       3       java.io.FilterInputStream::read (11 bytes)
Event: 3.531 Thread 0x00000265ec08df60 nmethod 7649 0x00000265d61af310 code [0x00000265d61af4c0, 0x00000265d61af688]
Event: 3.531 Thread 0x00000265ee09f010 7650       4       java.nio.ByteBuffer::arrayOffset (35 bytes)

GC Heap History (20 events):
Event: 2.192 GC heap after
{Heap after GC invocations=12 (full 0):
 garbage-first heap   total 78848K, used 29732K [0x00000000a0000000, 0x0000000100000000)
  region size 1024K, 4 young (4096K), 4 survivors (4096K)
 Metaspace       used 44677K, committed 44992K, reserved 1089536K
  class space    used 5897K, committed 6080K, reserved 1048576K
}
Event: 2.355 GC heap before
{Heap before GC invocations=12 (full 0):
 garbage-first heap   total 78848K, used 60452K [0x00000000a0000000, 0x0000000100000000)
  region size 1024K, 33 young (33792K), 4 survivors (4096K)
 Metaspace       used 47633K, committed 48064K, reserved 1097728K
  class space    used 6250K, committed 6464K, reserved 1048576K
}
Event: 2.357 GC heap after
{Heap after GC invocations=13 (full 0):
 garbage-first heap   total 78848K, used 32301K [0x00000000a0000000, 0x0000000100000000)
  region size 1024K, 5 young (5120K), 5 survivors (5120K)
 Metaspace       used 47633K, committed 48064K, reserved 1097728K
  class space    used 6250K, committed 6464K, reserved 1048576K
}
Event: 2.567 GC heap before
{Heap before GC invocations=13 (full 0):
 garbage-first heap   total 78848K, used 59949K [0x00000000a0000000, 0x0000000100000000)
  region size 1024K, 32 young (32768K), 5 survivors (5120K)
 Metaspace       used 50308K, committed 50688K, reserved 1097728K
  class space    used 6605K, committed 6784K, reserved 1048576K
}
Event: 2.569 GC heap after
{Heap after GC invocations=14 (full 0):
 garbage-first heap   total 78848K, used 34064K [0x00000000a0000000, 0x0000000100000000)
  region size 1024K, 2 young (2048K), 2 survivors (2048K)
 Metaspace       used 50308K, committed 50688K, reserved 1097728K
  class space    used 6605K, committed 6784K, reserved 1048576K
}
Event: 2.687 GC heap before
{Heap before GC invocations=14 (full 0):
 garbage-first heap   total 78848K, used 58640K [0x00000000a0000000, 0x0000000100000000)
  region size 1024K, 25 young (25600K), 2 survivors (2048K)
 Metaspace       used 50823K, committed 51264K, reserved 1097728K
  class space    used 6651K, committed 6848K, reserved 1048576K
}
Event: 2.689 GC heap after
{Heap after GC invocations=15 (full 0):
 garbage-first heap   total 78848K, used 41581K [0x00000000a0000000, 0x0000000100000000)
  region size 1024K, 4 young (4096K), 4 survivors (4096K)
 Metaspace       used 50823K, committed 51264K, reserved 1097728K
  class space    used 6651K, committed 6848K, reserved 1048576K
}
Event: 2.788 GC heap before
{Heap before GC invocations=16 (full 0):
 garbage-first heap   total 83968K, used 68205K [0x00000000a0000000, 0x0000000100000000)
  region size 1024K, 24 young (24576K), 4 survivors (4096K)
 Metaspace       used 52764K, committed 53184K, reserved 1097728K
  class space    used 6922K, committed 7104K, reserved 1048576K
}
Event: 2.791 GC heap after
{Heap after GC invocations=17 (full 0):
 garbage-first heap   total 83968K, used 50985K [0x00000000a0000000, 0x0000000100000000)
  region size 1024K, 3 young (3072K), 3 survivors (3072K)
 Metaspace       used 52764K, committed 53184K, reserved 1097728K
  class space    used 6922K, committed 7104K, reserved 1048576K
}
Event: 2.904 GC heap before
{Heap before GC invocations=17 (full 0):
 garbage-first heap   total 83968K, used 66345K [0x00000000a0000000, 0x0000000100000000)
  region size 1024K, 18 young (18432K), 3 survivors (3072K)
 Metaspace       used 54843K, committed 55296K, reserved 1097728K
  class space    used 7185K, committed 7360K, reserved 1048576K
}
Event: 2.906 GC heap after
{Heap after GC invocations=18 (full 0):
 garbage-first heap   total 83968K, used 51177K [0x00000000a0000000, 0x0000000100000000)
  region size 1024K, 1 young (1024K), 1 survivors (1024K)
 Metaspace       used 54843K, committed 55296K, reserved 1097728K
  class space    used 7185K, committed 7360K, reserved 1048576K
}
Event: 3.021 GC heap before
{Heap before GC invocations=19 (full 0):
 garbage-first heap   total 91136K, used 67561K [0x00000000a0000000, 0x0000000100000000)
  region size 1024K, 17 young (17408K), 1 survivors (1024K)
 Metaspace       used 57427K, committed 57920K, reserved 1105920K
  class space    used 7505K, committed 7744K, reserved 1048576K
}
Event: 3.022 GC heap after
{Heap after GC invocations=20 (full 0):
 garbage-first heap   total 109568K, used 51675K [0x00000000a0000000, 0x0000000100000000)
  region size 1024K, 2 young (2048K), 2 survivors (2048K)
 Metaspace       used 57427K, committed 57920K, reserved 1105920K
  class space    used 7505K, committed 7744K, reserved 1048576K
}
Event: 3.278 GC heap before
{Heap before GC invocations=20 (full 0):
 garbage-first heap   total 109568K, used 79323K [0x00000000a0000000, 0x0000000100000000)
  region size 1024K, 30 young (30720K), 2 survivors (2048K)
 Metaspace       used 62552K, committed 63104K, reserved 1105920K
  class space    used 8176K, committed 8448K, reserved 1048576K
}
Event: 3.280 GC heap after
{Heap after GC invocations=21 (full 0):
 garbage-first heap   total 109568K, used 54030K [0x00000000a0000000, 0x0000000100000000)
  region size 1024K, 4 young (4096K), 4 survivors (4096K)
 Metaspace       used 62552K, committed 63104K, reserved 1105920K
  class space    used 8176K, committed 8448K, reserved 1048576K
}
Event: 3.417 GC heap before
{Heap before GC invocations=22 (full 0):
 garbage-first heap   total 114688K, used 89870K [0x00000000a0000000, 0x0000000100000000)
  region size 1024K, 33 young (33792K), 4 survivors (4096K)
 Metaspace       used 64359K, committed 64832K, reserved 1105920K
  class space    used 8421K, committed 8640K, reserved 1048576K
}
Event: 3.419 GC heap after
{Heap after GC invocations=23 (full 0):
 garbage-first heap   total 114688K, used 56712K [0x00000000a0000000, 0x0000000100000000)
  region size 1024K, 5 young (5120K), 5 survivors (5120K)
 Metaspace       used 64359K, committed 64832K, reserved 1105920K
  class space    used 8421K, committed 8640K, reserved 1048576K
}
Event: 3.423 GC heap before
{Heap before GC invocations=23 (full 0):
 garbage-first heap   total 114688K, used 57736K [0x00000000a0000000, 0x0000000100000000)
  region size 1024K, 6 young (6144K), 5 survivors (5120K)
 Metaspace       used 64444K, committed 64960K, reserved 1105920K
  class space    used 8427K, committed 8704K, reserved 1048576K
}
Event: 3.425 GC heap after
{Heap after GC invocations=24 (full 0):
 garbage-first heap   total 114688K, used 57300K [0x00000000a0000000, 0x0000000100000000)
  region size 1024K, 1 young (1024K), 1 survivors (1024K)
 Metaspace       used 64444K, committed 64960K, reserved 1105920K
  class space    used 8427K, committed 8704K, reserved 1048576K
}
Event: 3.531 GC heap before
{Heap before GC invocations=24 (full 0):
 garbage-first heap   total 114688K, used 78804K [0x00000000a0000000, 0x0000000100000000)
  region size 1024K, 23 young (23552K), 1 survivors (1024K)
 Metaspace       used 66144K, committed 66624K, reserved 1114112K
  class space    used 8611K, committed 8832K, reserved 1048576K
}

Dll operation events (2 events):
Event: 0.003 Loaded shared library D:\install\soft\Android Studio\jbr\bin\java.dll
Event: 0.187 Loaded shared library D:\install\soft\Android Studio\jbr\bin\verify.dll

Deoptimization events (20 events):
Event: 3.419 Thread 0x00000265edc62810 Uncommon trap: trap_request=0xffffffdc fr.pc=0x00000265dd371b20 relative=0x0000000000000280
Event: 3.419 Thread 0x00000265edc62810 Uncommon trap: reason=class_check action=make_not_entrant pc=0x00000265dd371b20 method=java.util.ArrayList.toArray([Ljava/lang/Object;)[Ljava/lang/Object; @ 21 c2
Event: 3.419 Thread 0x00000265edc62810 DEOPT PACKING pc=0x00000265dd371b20 sp=0x0000007a449f2ce0
Event: 3.419 Thread 0x00000265edc62810 DEOPT UNPACKING pc=0x00000265dc90a1a3 sp=0x0000007a449f2cb0 mode 2
Event: 3.507 Thread 0x00000265edc62810 Uncommon trap: trap_request=0xffffff45 fr.pc=0x00000265dd2b5854 relative=0x0000000000000314
Event: 3.507 Thread 0x00000265edc62810 Uncommon trap: reason=unstable_if action=reinterpret pc=0x00000265dd2b5854 method=org.gradle.internal.reflect.PropertyAccessorType.of(Ljava/lang/reflect/Method;)Lorg/gradle/internal/reflect/PropertyAccessorType; @ 56 c2
Event: 3.507 Thread 0x00000265edc62810 DEOPT PACKING pc=0x00000265dd2b5854 sp=0x0000007a449f2a00
Event: 3.507 Thread 0x00000265edc62810 DEOPT UNPACKING pc=0x00000265dc90a1a3 sp=0x0000007a449f29c0 mode 2
Event: 3.516 Thread 0x00000265edc62810 Uncommon trap: trap_request=0xffffff45 fr.pc=0x00000265dd377b54 relative=0x0000000000000154
Event: 3.516 Thread 0x00000265edc62810 Uncommon trap: reason=unstable_if action=reinterpret pc=0x00000265dd377b54 method=org.objectweb.asm.ByteVector.putByteArray([BII)Lorg/objectweb/asm/ByteVector; @ 20 c2
Event: 3.516 Thread 0x00000265edc62810 DEOPT PACKING pc=0x00000265dd377b54 sp=0x0000007a449f1450
Event: 3.516 Thread 0x00000265edc62810 DEOPT UNPACKING pc=0x00000265dc90a1a3 sp=0x0000007a449f1420 mode 2
Event: 3.516 Thread 0x00000265edc62810 Uncommon trap: trap_request=0xffffff45 fr.pc=0x00000265dd30470c relative=0x00000000000009cc
Event: 3.516 Thread 0x00000265edc62810 Uncommon trap: reason=unstable_if action=reinterpret pc=0x00000265dd30470c method=org.objectweb.asm.Label.resolve([BI)Z @ 80 c2
Event: 3.516 Thread 0x00000265edc62810 DEOPT PACKING pc=0x00000265dd30470c sp=0x0000007a449f1470
Event: 3.516 Thread 0x00000265edc62810 DEOPT UNPACKING pc=0x00000265dc90a1a3 sp=0x0000007a449f1390 mode 2
Event: 3.516 Thread 0x00000265edc62810 Uncommon trap: trap_request=0xffffff45 fr.pc=0x00000265dd2d4a98 relative=0x00000000000001f8
Event: 3.516 Thread 0x00000265edc62810 Uncommon trap: reason=unstable_if action=reinterpret pc=0x00000265dd2d4a98 method=org.objectweb.asm.Label.resolve([BI)Z @ 80 c2
Event: 3.516 Thread 0x00000265edc62810 DEOPT PACKING pc=0x00000265dd2d4a98 sp=0x0000007a449f1400
Event: 3.516 Thread 0x00000265edc62810 DEOPT UNPACKING pc=0x00000265dc90a1a3 sp=0x0000007a449f1380 mode 2

Classes unloaded (0 events):
No events

Classes redefined (0 events):
No events

Internal exceptions (20 events):
Event: 2.705 Thread 0x00000265edc62810 Exception <a 'java/lang/ClassNotFoundException'{0x00000000acc50358}: build_6hlejnvjvy77p9pezyli75qu1BeanInfo> (0x00000000acc50358) 
thrown [s\src\hotspot\share\classfile\systemDictionary.cpp, line 256]
Event: 2.706 Thread 0x00000265edc62810 Exception <a 'java/lang/ClassNotFoundException'{0x00000000acc67f58}: build_6hlejnvjvy77p9pezyli75qu1Customizer> (0x00000000acc67f58) 
thrown [s\src\hotspot\share\classfile\systemDictionary.cpp, line 256]
Event: 2.766 Thread 0x00000265edc62810 Exception <a 'java/lang/NoSuchMethodError'{0x00000000a41d48b8}: 'java.lang.Object java.lang.invoke.DirectMethodHandle$Holder.newInvokeSpecial(java.lang.Object, java.lang.Object, java.lang.Object, java.lang.Object, int)'> (0x00000000a41d48b8) 
thrown [s\src\hotspot\share\interpreter\linkResolver.cpp, line 771]
Event: 2.767 Thread 0x00000265edc62810 Exception <a 'java/lang/NoSuchMethodError'{0x00000000a41da680}: 'java.lang.Object java.lang.invoke.DirectMethodHandle$Holder.invokeSpecial(java.lang.Object, java.lang.Object, java.lang.Object, java.lang.Object, java.lang.Object, int)'> (0x00000000a41da680) 
thrown [s\src\hotspot\share\interpreter\linkResolver.cpp, line 771]
Event: 2.767 Thread 0x00000265edc62810 Exception <a 'java/lang/NoSuchMethodError'{0x00000000a41dfdf8}: 'java.lang.Object java.lang.invoke.Invokers$Holder.linkToTargetMethod(java.lang.Object, java.lang.Object, java.lang.Object, int, java.lang.Object)'> (0x00000000a41dfdf8) 
thrown [s\src\hotspot\share\interpreter\linkResolver.cpp, line 771]
Event: 2.773 Thread 0x00000265edc62810 Exception <a 'java/lang/NoSuchMethodError'{0x00000000a40a7cd0}: 'java.lang.Object java.lang.invoke.DirectMethodHandle$Holder.newInvokeSpecial(java.lang.Object, java.lang.Object, int, int)'> (0x00000000a40a7cd0) 
thrown [s\src\hotspot\share\interpreter\linkResolver.cpp, line 771]
Event: 2.976 Thread 0x00000265edc62810 Exception <a 'java/lang/NoSuchMethodError'{0x00000000ac9944b8}: 'int java.lang.invoke.DirectMethodHandle$Holder.invokeInterface(java.lang.Object, java.lang.Object, java.lang.Object, java.lang.Object)'> (0x00000000ac9944b8) 
thrown [s\src\hotspot\share\interpreter\linkResolver.cpp, line 771]
Event: 3.142 Thread 0x00000265edc62810 Exception <a 'java/lang/IncompatibleClassChangeError'{0x00000000a5b3b488}: Found class java.lang.Object, but interface was expected> (0x00000000a5b3b488) 
thrown [s\src\hotspot\share\interpreter\linkResolver.cpp, line 838]
Event: 3.174 Thread 0x00000265edc62810 Implicit null exception at 0x00000265dd28a1d9 to 0x00000265dd28a380
Event: 3.249 Thread 0x00000265edc62810 Implicit null exception at 0x00000265dd1c880c to 0x00000265dd1c8942
Event: 3.326 Thread 0x00000265edc62810 Exception <a 'sun/nio/fs/WindowsException'{0x00000000a6255350}> (0x00000000a6255350) 
thrown [s\src\hotspot\share\prims\jni.cpp, line 517]
Event: 3.474 Thread 0x00000265edc62810 Exception <a 'java/lang/ClassNotFoundException'{0x00000000a65ce890}: org/gradle/api/plugins/internal/DefaultBasePluginConventionBeanInfo> (0x00000000a65ce890) 
thrown [s\src\hotspot\share\classfile\systemDictionary.cpp, line 256]
Event: 3.474 Thread 0x00000265edc62810 Exception <a 'java/lang/ClassNotFoundException'{0x00000000a65ed2c0}: org/gradle/api/plugins/BasePluginConventionBeanInfo> (0x00000000a65ed2c0) 
thrown [s\src\hotspot\share\classfile\systemDictionary.cpp, line 256]
Event: 3.474 Thread 0x00000265edc62810 Exception <a 'java/lang/ClassNotFoundException'{0x00000000a640c160}: org/gradle/api/plugins/BasePluginConventionCustomizer> (0x00000000a640c160) 
thrown [s\src\hotspot\share\classfile\systemDictionary.cpp, line 256]
Event: 3.475 Thread 0x00000265edc62810 Exception <a 'java/lang/ClassNotFoundException'{0x00000000a6435820}: org/gradle/api/plugins/internal/DefaultBasePluginConventionCustomizer> (0x00000000a6435820) 
thrown [s\src\hotspot\share\classfile\systemDictionary.cpp, line 256]
Event: 3.477 Thread 0x00000265edc62810 Exception <a 'java/lang/ClassNotFoundException'{0x00000000a648b908}: org/gradle/api/plugins/internal/DefaultJavaPluginConventionBeanInfo> (0x00000000a648b908) 
thrown [s\src\hotspot\share\classfile\systemDictionary.cpp, line 256]
Event: 3.477 Thread 0x00000265edc62810 Exception <a 'java/lang/ClassNotFoundException'{0x00000000a64aa338}: org/gradle/api/plugins/JavaPluginConventionBeanInfo> (0x00000000a64aa338) 
thrown [s\src\hotspot\share\classfile\systemDictionary.cpp, line 256]
Event: 3.477 Thread 0x00000265edc62810 Exception <a 'java/lang/ClassNotFoundException'{0x00000000a64c8d30}: org/gradle/api/plugins/JavaPluginConventionCustomizer> (0x00000000a64c8d30) 
thrown [s\src\hotspot\share\classfile\systemDictionary.cpp, line 256]
Event: 3.478 Thread 0x00000265edc62810 Exception <a 'java/lang/ClassNotFoundException'{0x00000000a64fc090}: org/gradle/api/plugins/internal/DefaultJavaPluginConventionCustomizer> (0x00000000a64fc090) 
thrown [s\src\hotspot\share\classfile\systemDictionary.cpp, line 256]
Event: 3.516 Thread 0x00000265edc62810 Implicit null exception at 0x00000265dd377a48 to 0x00000265dd377b34

VM Operations (20 events):
Event: 2.975 Executing VM operation: HandshakeAllThreads done
Event: 3.021 Executing VM operation: G1CollectForAllocation
Event: 3.022 Executing VM operation: G1CollectForAllocation done
Event: 3.203 Executing VM operation: ICBufferFull
Event: 3.203 Executing VM operation: ICBufferFull done
Event: 3.236 Executing VM operation: HandshakeAllThreads
Event: 3.236 Executing VM operation: HandshakeAllThreads done
Event: 3.253 Executing VM operation: HandshakeAllThreads
Event: 3.253 Executing VM operation: HandshakeAllThreads done
Event: 3.278 Executing VM operation: G1TryInitiateConcMark
Event: 3.280 Executing VM operation: G1TryInitiateConcMark done
Event: 3.291 Executing VM operation: G1Concurrent
Event: 3.293 Executing VM operation: G1Concurrent done
Event: 3.300 Executing VM operation: G1Concurrent
Event: 3.300 Executing VM operation: G1Concurrent done
Event: 3.416 Executing VM operation: G1CollectForAllocation
Event: 3.419 Executing VM operation: G1CollectForAllocation done
Event: 3.423 Executing VM operation: G1CollectForAllocation
Event: 3.425 Executing VM operation: G1CollectForAllocation done
Event: 3.531 Executing VM operation: G1TryInitiateConcMark

Events (20 events):
Event: 3.273 loading class java/util/Base64
Event: 3.274 loading class java/util/Base64 done
Event: 3.274 loading class java/util/Base64$Decoder
Event: 3.274 loading class java/util/Base64$Decoder done
Event: 3.274 loading class java/util/Base64$Encoder
Event: 3.274 loading class java/util/Base64$Encoder done
Event: 3.274 loading class java/util/jar/JarVerifier$VerifierStream
Event: 3.275 loading class java/util/jar/JarVerifier$VerifierStream done
Event: 3.275 loading class sun/security/util/ManifestEntryVerifier$SunProviderHolder
Event: 3.275 loading class sun/security/util/ManifestEntryVerifier$SunProviderHolder done
Event: 3.310 loading class java/security/KeyStore$ProtectionParameter
Event: 3.310 loading class java/security/KeyStore$ProtectionParameter done
Event: 3.326 loading class sun/nio/fs/WindowsException
Event: 3.326 loading class sun/nio/fs/WindowsException done
Event: 3.462 loading class java/security/KeyStore
Event: 3.462 loading class java/security/KeyStore done
Event: 3.462 loading class java/security/KeyStore$1
Event: 3.462 loading class java/security/KeyStore$1 done
Event: 3.506 loading class sun/reflect/annotation/AnnotationInvocationHandler$1
Event: 3.506 loading class sun/reflect/annotation/AnnotationInvocationHandler$1 done


Dynamic libraries:
0x00007ff787a00000 - 0x00007ff787a0a000 	D:\install\soft\Android Studio\jbr\bin\java.exe
0x00007ff9567f0000 - 0x00007ff9569e5000 	C:\Windows\SYSTEM32\ntdll.dll
0x00007ff955d00000 - 0x00007ff955dbe000 	C:\Windows\System32\KERNEL32.DLL
0x00007ff954570000 - 0x00007ff954839000 	C:\Windows\System32\KERNELBASE.dll
0x00007ff954470000 - 0x00007ff954570000 	C:\Windows\System32\ucrtbase.dll
0x00007ff9300d0000 - 0x00007ff9300e7000 	D:\install\soft\Android Studio\jbr\bin\jli.dll
0x00007ff932ec0000 - 0x00007ff932edb000 	D:\install\soft\Android Studio\jbr\bin\VCRUNTIME140.dll
0x00007ff955700000 - 0x00007ff9558a1000 	C:\Windows\System32\USER32.dll
0x00007ff953f10000 - 0x00007ff953f32000 	C:\Windows\System32\win32u.dll
0x00007ff93b870000 - 0x00007ff93bb0a000 	C:\Windows\WinSxS\amd64_microsoft.windows.common-controls_6595b64144ccf1df_6.0.19041.1110_none_60b5254171f9507e\COMCTL32.dll
0x00007ff955dc0000 - 0x00007ff955deb000 	C:\Windows\System32\GDI32.dll
0x00007ff954360000 - 0x00007ff95446b000 	C:\Windows\System32\gdi32full.dll
0x00007ff955c00000 - 0x00007ff955c9e000 	C:\Windows\System32\msvcrt.dll
0x00007ff953fc0000 - 0x00007ff95405d000 	C:\Windows\System32\msvcp_win.dll
0x00007ff955df0000 - 0x00007ff955e20000 	C:\Windows\System32\IMM32.DLL
0x00007ff93a310000 - 0x00007ff93a31c000 	D:\install\soft\Android Studio\jbr\bin\vcruntime140_1.dll
0x00007ff90cec0000 - 0x00007ff90cf4d000 	D:\install\soft\Android Studio\jbr\bin\msvcp140.dll
0x00007ff90fdb0000 - 0x00007ff910a1d000 	D:\install\soft\Android Studio\jbr\bin\server\jvm.dll
0x00007ff956550000 - 0x00007ff9565fc000 	C:\Windows\System32\ADVAPI32.dll
0x00007ff9559c0000 - 0x00007ff955a5b000 	C:\Windows\System32\sechost.dll
0x00007ff9555d0000 - 0x00007ff9556fa000 	C:\Windows\System32\RPCRT4.dll
0x00007ff94bf50000 - 0x00007ff94bf59000 	C:\Windows\SYSTEM32\WSOCK32.dll
0x00007ff955ea0000 - 0x00007ff955f0b000 	C:\Windows\System32\WS2_32.dll
0x00007ff939860000 - 0x00007ff939887000 	C:\Windows\SYSTEM32\WINMM.dll
0x00007ff949e50000 - 0x00007ff949e5a000 	C:\Windows\SYSTEM32\VERSION.dll
0x00007ff952790000 - 0x00007ff9527a2000 	C:\Windows\SYSTEM32\kernel.appcore.dll
0x00007ff94bf00000 - 0x00007ff94bf0a000 	D:\install\soft\Android Studio\jbr\bin\jimage.dll
0x00007ff9519e0000 - 0x00007ff951bc4000 	C:\Windows\SYSTEM32\DBGHELP.DLL
0x00007ff941580000 - 0x00007ff9415ac000 	C:\Windows\SYSTEM32\dbgcore.DLL
0x00007ff954220000 - 0x00007ff9542a3000 	C:\Windows\System32\bcryptPrimitives.dll
0x00007ff94b850000 - 0x00007ff94b875000 	D:\install\soft\Android Studio\jbr\bin\java.dll
0x00007ff949cf0000 - 0x00007ff949d08000 	D:\install\soft\Android Studio\jbr\bin\zip.dll
0x00007ff954840000 - 0x00007ff954f7f000 	C:\Windows\System32\SHELL32.dll
0x00007ff951e40000 - 0x00007ff9525d0000 	C:\Windows\SYSTEM32\windows.storage.dll
0x00007ff9561f0000 - 0x00007ff956545000 	C:\Windows\System32\combase.dll
0x00007ff953960000 - 0x00007ff95398c000 	C:\Windows\SYSTEM32\Wldp.dll
0x00007ff955b50000 - 0x00007ff955bfd000 	C:\Windows\System32\SHCORE.dll
0x00007ff955960000 - 0x00007ff9559b5000 	C:\Windows\System32\shlwapi.dll
0x00007ff953e50000 - 0x00007ff953e6f000 	C:\Windows\SYSTEM32\profapi.dll
0x00007ff949cd0000 - 0x00007ff949ce9000 	D:\install\soft\Android Studio\jbr\bin\net.dll
0x00007ff94a790000 - 0x00007ff94a898000 	C:\Windows\SYSTEM32\WINHTTP.dll
0x00007ff9536c0000 - 0x00007ff95372a000 	C:\Windows\system32\mswsock.dll
0x00007ff944690000 - 0x00007ff9446a6000 	D:\install\soft\Android Studio\jbr\bin\nio.dll
0x00007ff94b470000 - 0x00007ff94b480000 	D:\install\soft\Android Studio\jbr\bin\verify.dll
0x00007ff927d40000 - 0x00007ff927d67000 	C:\Users\vadymkon\.gradle\native\e1d6ef7f7dcc3fd88c89a11ec53ec762bb8ba0a96d01ffa2cd45eb1d1d8dd5c5\windows-amd64\native-platform.dll
0x00007ff90c750000 - 0x00007ff90c894000 	C:\Users\vadymkon\.gradle\native\0d407fdbe67a94daf76414ababcb853783967236a71b16ec16e742cd7a986fd3\windows-amd64\native-platform-file-events.dll
0x00007ff94ba60000 - 0x00007ff94ba69000 	D:\install\soft\Android Studio\jbr\bin\management.dll
0x00007ff94b840000 - 0x00007ff94b84b000 	D:\install\soft\Android Studio\jbr\bin\management_ext.dll
0x00007ff955a60000 - 0x00007ff955a68000 	C:\Windows\System32\PSAPI.DLL
0x00007ff9538b0000 - 0x00007ff9538c8000 	C:\Windows\SYSTEM32\CRYPTSP.dll
0x00007ff952fd0000 - 0x00007ff953004000 	C:\Windows\system32\rsaenh.dll
0x00007ff953f90000 - 0x00007ff953fb7000 	C:\Windows\System32\bcrypt.dll
0x00007ff953dd0000 - 0x00007ff953dfe000 	C:\Windows\SYSTEM32\USERENV.dll
0x00007ff9538d0000 - 0x00007ff9538dc000 	C:\Windows\SYSTEM32\CRYPTBASE.dll
0x00007ff953360000 - 0x00007ff95339b000 	C:\Windows\SYSTEM32\IPHLPAPI.DLL
0x00007ff955140000 - 0x00007ff955148000 	C:\Windows\System32\NSI.dll
0x00007ff947e90000 - 0x00007ff947ea7000 	C:\Windows\SYSTEM32\dhcpcsvc6.DLL
0x00007ff947de0000 - 0x00007ff947dfd000 	C:\Windows\SYSTEM32\dhcpcsvc.DLL
0x00007ff9533b0000 - 0x00007ff95347c000 	C:\Windows\SYSTEM32\DNSAPI.dll
0x00007ff949ca0000 - 0x00007ff949ca7000 	C:\Windows\system32\wshunix.dll

dbghelp: loaded successfully - version: 4.0.5 - missing functions: none
symbol engine: initialized successfully - sym options: 0x614 - pdb path: .;D:\install\soft\Android Studio\jbr\bin;C:\Windows\SYSTEM32;C:\Windows\WinSxS\amd64_microsoft.windows.common-controls_6595b64144ccf1df_6.0.19041.1110_none_60b5254171f9507e;D:\install\soft\Android Studio\jbr\bin\server;C:\Users\vadymkon\.gradle\native\e1d6ef7f7dcc3fd88c89a11ec53ec762bb8ba0a96d01ffa2cd45eb1d1d8dd5c5\windows-amd64;C:\Users\vadymkon\.gradle\native\0d407fdbe67a94daf76414ababcb853783967236a71b16ec16e742cd7a986fd3\windows-amd64

VM Arguments:
jvm_args: --add-opens=java.base/java.util=ALL-UNNAMED --add-opens=java.base/java.lang=ALL-UNNAMED --add-opens=java.base/java.lang.invoke=ALL-UNNAMED --add-opens=java.base/java.util=ALL-UNNAMED --add-opens=java.prefs/java.util.prefs=ALL-UNNAMED --add-opens=java.prefs/java.util.prefs=ALL-UNNAMED --add-opens=java.base/java.nio.charset=ALL-UNNAMED --add-opens=java.base/java.net=ALL-UNNAMED --add-opens=java.base/java.util.concurrent.atomic=ALL-UNNAMED -Xmx1536M -Dfile.encoding=windows-1251 -Duser.country=RU -Duser.language=ru -Duser.variant 
java_command: org.gradle.launcher.daemon.bootstrap.GradleDaemon 7.5
java_class_path (initial): C:\Users\vadymkon\.gradle\wrapper\dists\gradle-7.5-all\6qsw290k5lz422uaf8jf6m7co\gradle-7.5\lib\gradle-launcher-7.5.jar
Launcher Type: SUN_STANDARD

[Global flags]
     intx CICompilerCount                          = 12                                        {product} {ergonomic}
     uint ConcGCThreads                            = 3                                         {product} {ergonomic}
     uint G1ConcRefinementThreads                  = 13                                        {product} {ergonomic}
   size_t G1HeapRegionSize                         = 1048576                                   {product} {ergonomic}
    uintx GCDrainStackTargetSize                   = 64                                        {product} {ergonomic}
   size_t InitialHeapSize                          = 266338304                                 {product} {ergonomic}
   size_t MarkStackSize                            = 4194304                                   {product} {ergonomic}
   size_t MaxHeapSize                              = 1610612736                                {product} {command line}
   size_t MaxNewSize                               = 965738496                                 {product} {ergonomic}
   size_t MinHeapDeltaBytes                        = 1048576                                   {product} {ergonomic}
   size_t MinHeapSize                              = 8388608                                   {product} {ergonomic}
    uintx NonNMethodCodeHeapSize                   = 7602480                                {pd product} {ergonomic}
    uintx NonProfiledCodeHeapSize                  = 122027880                              {pd product} {ergonomic}
    uintx ProfiledCodeHeapSize                     = 122027880                              {pd product} {ergonomic}
    uintx ReservedCodeCacheSize                    = 251658240                              {pd product} {ergonomic}
     bool SegmentedCodeCache                       = true                                      {product} {ergonomic}
   size_t SoftMaxHeapSize                          = 1610612736                             {manageable} {ergonomic}
     bool UseCompressedClassPointers               = true                           {product lp64_product} {ergonomic}
     bool UseCompressedOops                        = true                           {product lp64_product} {ergonomic}
     bool UseG1GC                                  = true                                      {product} {ergonomic}
     bool UseLargePagesIndividualAllocation        = false                                  {pd product} {ergonomic}

Logging:
Log output configuration:
 #0: stdout all=warning uptime,level,tags
 #1: stderr all=off uptime,level,tags

Environment Variables:
JAVA_HOME=D:\install\soft\Android Studio\jbr
CLASSPATH=D:\vadymkon\Kaiters\apps\WitcherNotes\android\\gradle\wrapper\gradle-wrapper.jar
PATH=C:\Windows\system32;C:\Windows;C:\Windows\System32\Wbem;C:\Windows\System32\WindowsPowerShell\v1.0\;C:\Windows\System32\OpenSSH\;C:\Program Files\Cloudflare\Cloudflare WARP\;C:\Users\vadymkon\AppData\Local\Microsoft\WindowsApps;D:\install\soft\flutterSDK\flutter\bin;;D:\install\soft\flutterSDK\flutter\bin\mingit\cmd
USERNAME=vadymkon
OS=Windows_NT
PROCESSOR_IDENTIFIER=Intel64 Family 6 Model 141 Stepping 1, GenuineIntel
TMP=C:\Temp
TEMP=C:\Temp



---------------  S Y S T E M  ---------------

OS:
 Windows 10 , 64 bit Build 19041 (10.0.19041.1202)
OS uptime: 2 days 1:59 hours

CPU: total 16 (initial active 16) (8 cores per cpu, 2 threads per core) family 6 model 141 stepping 1 microcode 0x34, cx8, cmov, fxsr, ht, mmx, 3dnowpref, sse, sse2, sse3, ssse3, sse4.1, sse4.2, popcnt, lzcnt, tsc, tscinvbit, avx, avx2, aes, erms, clmul, bmi1, bmi2, adx, avx512f, avx512dq, avx512cd, avx512bw, avx512vl, sha, fma, vzeroupper, avx512_vpopcntdq, avx512_vpclmulqdq, avx512_vaes, avx512_vnni, clflush, clflushopt, clwb, avx512_vbmi2, avx512_vbmi

Memory: 4k page, system-wide physical 16155M (3647M free)
TotalPageFile size 16155M (AvailPageFile size 55M)
current process WorkingSet (physical memory assigned to process): 356M, peak: 359M
current process commit charge ("private bytes"): 403M, peak: 500M

vm_info: OpenJDK 64-Bit Server VM (17.0.6+0-b2043.56-9586694) for windows-amd64 JRE (17.0.6+0-b2043.56-9586694), built on Feb  9 2023 20:06:20 by "androidbuild" with MS VC++ 16.10 / 16.11 (VS2019)

END.
