#
# There is insufficient memory for the Java Runtime Environment to continue.
# Native memory allocation (mmap) failed to map 65536 bytes for Failed to commit metaspace.
# Possible reasons:
#   The system is out of physical RAM or swap space
#   The process is running with CompressedOops enabled, and the Java Heap may be blocking the growth of the native heap
# Possible solutions:
#   Reduce memory load on the system
#   Increase physical memory or swap space
#   Check if swap backing store is full
#   Decrease Java heap size (-Xmx/-Xms)
#   Decrease number of Java threads
#   Decrease Java thread stack sizes (-Xss)
#   Set larger code cache with -XX:ReservedCodeCacheSize=
#   JVM is running with Zero Based Compressed Oops mode in which the Java heap is
#     placed in the first 32GB address space. The Java Heap base address is the
#     maximum limit for the native heap growth. Please use -XX:HeapBaseMinAddress
#     to set the Java Heap base and to place the Java Heap above 32GB virtual address.
# This output file may be truncated or incomplete.
#
#  Out of Memory Error (virtualSpaceNode.cpp:110), pid=11704, tid=1660
#
# JRE version: OpenJDK Runtime Environment (17.0.6) (build 17.0.6+0-b2043.56-9586694)
# Java VM: OpenJDK 64-Bit Server VM (17.0.6+0-b2043.56-9586694, mixed mode, tiered, compressed oops, compressed class ptrs, g1 gc, windows-amd64)
# No core dump will be written. Minidumps are not enabled by default on client versions of Windows
#

---------------  S U M M A R Y ------------

Command Line: -Dorg.gradle.appname=gradlew org.gradle.wrapper.GradleWrapperMain -q -Ptarget-platform=android-x64 -Ptarget=D:\vadymkon\Kaiters\apps\WitcherNotes\lib\main.dart -Pbase-application-name=android.app.Application -Pdart-defines=Zmx1dHRlci5pbnNwZWN0b3Iuc3RydWN0dXJlZEVycm9ycz10cnVl,RkxVVFRFUl9XRUJfQVVUT19ERVRFQ1Q9dHJ1ZQ==,RkxVVFRFUl9XRUJfQ0FOVkFTS0lUX1VSTD1odHRwczovL3d3dy5nc3RhdGljLmNvbS9mbHV0dGVyLWNhbnZhc2tpdC80NWY2ZTAwOTExMGRmNGYzNGVjMmNmOTlmNjNjZjczYjcxYjdhNDIwLw== -Pdart-obfuscation=false -Ptrack-widget-creation=true -Ptree-shake-icons=false -Pfilesystem-scheme=org-dartlang-root assembleDebug

Host: 11th Gen Intel(R) Core(TM) i7-11800H @ 2.30GHz, 16 cores, 15G,  Windows 10 , 64 bit Build 19041 (10.0.19041.1202)
Time: Tue Jul 11 16:03:07 2023  Windows 10 , 64 bit Build 19041 (10.0.19041.1202) elapsed time: 0.245954 seconds (0d 0h 0m 0s)

---------------  T H R E A D  ---------------

Current thread (0x000001c12f0dee90):  JavaThread "C1 CompilerThread1" daemon [_thread_in_vm, id=1660, stack(0x0000007c32700000,0x0000007c32800000)]


Current CompileTask:
C1:    245  611       3       java.lang.String::newStringUTF8NoRepl (274 bytes)

Stack: [0x0000007c32700000,0x0000007c32800000]
Native frames: (J=compiled Java code, j=interpreted, Vv=VM code, C=native code)
V  [jvm.dll+0x683b4a]
V  [jvm.dll+0x842654]
V  [jvm.dll+0x843dfe]
V  [jvm.dll+0x844463]
V  [jvm.dll+0x249b75]
V  [jvm.dll+0x83e6ab]
V  [jvm.dll+0x627fa6]
V  [jvm.dll+0x62800a]
V  [jvm.dll+0x62a81a]
V  [jvm.dll+0x628946]
V  [jvm.dll+0x639b9a]
V  [jvm.dll+0x6329aa]
V  [jvm.dll+0x1cdb00]
V  [jvm.dll+0x1cdcf0]
V  [jvm.dll+0x147f01]
V  [jvm.dll+0x147d45]
V  [jvm.dll+0x13f58e]
V  [jvm.dll+0x141b45]
V  [jvm.dll+0x13fe24]
V  [jvm.dll+0x139d9f]
V  [jvm.dll+0x1499a6]
V  [jvm.dll+0x135490]
V  [jvm.dll+0x1357f0]
V  [jvm.dll+0x135ab6]
V  [jvm.dll+0x134f4a]
V  [jvm.dll+0x136c11]
V  [jvm.dll+0x22b098]
V  [jvm.dll+0x229159]
V  [jvm.dll+0x7f809c]
V  [jvm.dll+0x7f25fa]
V  [jvm.dll+0x682985]
C  [ucrtbase.dll+0x21bb2]
C  [KERNEL32.DLL+0x17034]
C  [ntdll.dll+0x52651]


---------------  P R O C E S S  ---------------

Threads class SMR info:
_java_thread_list=0x000001c12f8de6f0, length=15, elements={
0x000001c10f2308b0, 0x000001c12f093250, 0x000001c12f094320, 0x000001c12f0ca040,
0x000001c12f0cab00, 0x000001c12f0cf410, 0x000001c12f0d04f0, 0x000001c12f0d1900,
0x000001c12f0de980, 0x000001c12f0e2d30, 0x000001c12f0dee90, 0x000001c12f27f5c0,
0x000001c12f286ae0, 0x000001c12f0e02d0, 0x000001c12f0e07e0
}

Java Threads: ( => current thread )
  0x000001c10f2308b0 JavaThread "main" [_thread_in_vm, id=6872, stack(0x0000007c31700000,0x0000007c31800000)]
  0x000001c12f093250 JavaThread "Reference Handler" daemon [_thread_blocked, id=6200, stack(0x0000007c31e00000,0x0000007c31f00000)]
  0x000001c12f094320 JavaThread "Finalizer" daemon [_thread_blocked, id=7884, stack(0x0000007c31f00000,0x0000007c32000000)]
  0x000001c12f0ca040 JavaThread "Signal Dispatcher" daemon [_thread_blocked, id=6836, stack(0x0000007c32000000,0x0000007c32100000)]
  0x000001c12f0cab00 JavaThread "Attach Listener" daemon [_thread_blocked, id=11820, stack(0x0000007c32100000,0x0000007c32200000)]
  0x000001c12f0cf410 JavaThread "Service Thread" daemon [_thread_blocked, id=2964, stack(0x0000007c32200000,0x0000007c32300000)]
  0x000001c12f0d04f0 JavaThread "Monitor Deflation Thread" daemon [_thread_blocked, id=5620, stack(0x0000007c32300000,0x0000007c32400000)]
  0x000001c12f0d1900 JavaThread "C2 CompilerThread0" daemon [_thread_blocked, id=2164, stack(0x0000007c32400000,0x0000007c32500000)]
  0x000001c12f0de980 JavaThread "C1 CompilerThread0" daemon [_thread_blocked, id=12532, stack(0x0000007c32500000,0x0000007c32600000)]
  0x000001c12f0e2d30 JavaThread "Sweeper thread" daemon [_thread_blocked, id=5252, stack(0x0000007c32600000,0x0000007c32700000)]
=>0x000001c12f0dee90 JavaThread "C1 CompilerThread1" daemon [_thread_in_vm, id=1660, stack(0x0000007c32700000,0x0000007c32800000)]
  0x000001c12f27f5c0 JavaThread "Notification Thread" daemon [_thread_blocked, id=10376, stack(0x0000007c32800000,0x0000007c32900000)]
  0x000001c12f286ae0 JavaThread "Common-Cleaner" daemon [_thread_blocked, id=4496, stack(0x0000007c32a00000,0x0000007c32b00000)]
  0x000001c12f0e02d0 JavaThread "C2 CompilerThread1" daemon [_thread_blocked, id=1964, stack(0x0000007c32b00000,0x0000007c32c00000)]
  0x000001c12f0e07e0 JavaThread "C2 CompilerThread2" daemon [_thread_blocked, id=3780, stack(0x0000007c32c00000,0x0000007c32d00000)]

Other Threads:
  0x000001c12f06fc10 VMThread "VM Thread" [stack: 0x0000007c31d00000,0x0000007c31e00000] [id=7348]
  0x000001c10f2c35c0 WatcherThread [stack: 0x0000007c32900000,0x0000007c32a00000] [id=11220]
  0x000001c10f2a1d10 GCTaskThread "GC Thread#0" [stack: 0x0000007c31800000,0x0000007c31900000] [id=2356]
  0x000001c10f2b27f0 ConcurrentGCThread "G1 Main Marker" [stack: 0x0000007c31900000,0x0000007c31a00000] [id=7052]
  0x000001c10f2b3110 ConcurrentGCThread "G1 Conc#0" [stack: 0x0000007c31a00000,0x0000007c31b00000] [id=8168]
  0x000001c10f2fe9c0 ConcurrentGCThread "G1 Refine#0" [stack: 0x0000007c31b00000,0x0000007c31c00000] [id=11232]
  0x000001c12dda7470 ConcurrentGCThread "G1 Service" [stack: 0x0000007c31c00000,0x0000007c31d00000] [id=9632]

Threads with active compile tasks:
C1 CompilerThread1      252  611       3       java.lang.String::newStringUTF8NoRepl (274 bytes)

VM state: not at safepoint (normal execution)

VM Mutex/Monitor currently owned by a thread:  ([mutex/lock_event])
[0x000001c10f2193c0] Metaspace_lock - owner thread: 0x000001c12f0dee90
[0x000001c10f22aef0] MethodData_lock - owner thread: 0x000001c12f0dee90

Heap address: 0x0000000703800000, size: 4040 MB, Compressed Oops mode: Zero based, Oop shift amount: 3

CDS archive(s) not mapped
Compressed class space mapped at: 0x0000000800000000-0x0000000840000000, reserved size: 1073741824
Narrow klass base: 0x0000000800000000, Narrow klass shift: 0, Narrow klass range: 0x40000000

GC Precious Log:
 CPUs: 16 total, 16 available
 Memory: 16155M
 Large Page Support: Disabled
 NUMA Support: Disabled
 Compressed Oops: Enabled (Zero based)
 Heap Region Size: 2M
 Heap Min Capacity: 8M
 Heap Initial Capacity: 254M
 Heap Max Capacity: 4040M
 Pre-touch: Disabled
 Parallel Workers: 13
 Concurrent Workers: 3
 Concurrent Refinement Workers: 13
 Periodic GC: Disabled

Heap:
 garbage-first heap   total 260096K, used 16384K [0x0000000703800000, 0x0000000800000000)
  region size 2048K, 7 young (14336K), 0 survivors (0K)
 Metaspace       used 8470K, committed 8576K, reserved 1056768K
  class space    used 748K, committed 832K, reserved 1048576K

Heap Regions: E=young(eden), S=young(survivor), O=old, HS=humongous(starts), HC=humongous(continues), CS=collection set, F=free, OA=open archive, CA=closed archive, TAMS=top-at-mark-start (previous, next)
|   0|0x0000000703800000, 0x0000000703a00000, 0x0000000703a00000|100%|HS|  |TAMS 0x0000000703800000, 0x0000000703800000| Complete 
|   1|0x0000000703a00000, 0x0000000703c00000, 0x0000000703c00000|100%|HC|  |TAMS 0x0000000703a00000, 0x0000000703a00000| Complete 
|   2|0x0000000703c00000, 0x0000000703c00000, 0x0000000703e00000|  0%| F|  |TAMS 0x0000000703c00000, 0x0000000703c00000| Untracked 
|   3|0x0000000703e00000, 0x0000000703e00000, 0x0000000704000000|  0%| F|  |TAMS 0x0000000703e00000, 0x0000000703e00000| Untracked 
|   4|0x0000000704000000, 0x0000000704000000, 0x0000000704200000|  0%| F|  |TAMS 0x0000000704000000, 0x0000000704000000| Untracked 
|   5|0x0000000704200000, 0x0000000704200000, 0x0000000704400000|  0%| F|  |TAMS 0x0000000704200000, 0x0000000704200000| Untracked 
|   6|0x0000000704400000, 0x0000000704400000, 0x0000000704600000|  0%| F|  |TAMS 0x0000000704400000, 0x0000000704400000| Untracked 
|   7|0x0000000704600000, 0x0000000704600000, 0x0000000704800000|  0%| F|  |TAMS 0x0000000704600000, 0x0000000704600000| Untracked 
|   8|0x0000000704800000, 0x0000000704800000, 0x0000000704a00000|  0%| F|  |TAMS 0x0000000704800000, 0x0000000704800000| Untracked 
|   9|0x0000000704a00000, 0x0000000704a00000, 0x0000000704c00000|  0%| F|  |TAMS 0x0000000704a00000, 0x0000000704a00000| Untracked 
|  10|0x0000000704c00000, 0x0000000704c00000, 0x0000000704e00000|  0%| F|  |TAMS 0x0000000704c00000, 0x0000000704c00000| Untracked 
|  11|0x0000000704e00000, 0x0000000704e00000, 0x0000000705000000|  0%| F|  |TAMS 0x0000000704e00000, 0x0000000704e00000| Untracked 
|  12|0x0000000705000000, 0x0000000705000000, 0x0000000705200000|  0%| F|  |TAMS 0x0000000705000000, 0x0000000705000000| Untracked 
|  13|0x0000000705200000, 0x0000000705200000, 0x0000000705400000|  0%| F|  |TAMS 0x0000000705200000, 0x0000000705200000| Untracked 
|  14|0x0000000705400000, 0x0000000705400000, 0x0000000705600000|  0%| F|  |TAMS 0x0000000705400000, 0x0000000705400000| Untracked 
|  15|0x0000000705600000, 0x0000000705600000, 0x0000000705800000|  0%| F|  |TAMS 0x0000000705600000, 0x0000000705600000| Untracked 
|  16|0x0000000705800000, 0x0000000705800000, 0x0000000705a00000|  0%| F|  |TAMS 0x0000000705800000, 0x0000000705800000| Untracked 
|  17|0x0000000705a00000, 0x0000000705a00000, 0x0000000705c00000|  0%| F|  |TAMS 0x0000000705a00000, 0x0000000705a00000| Untracked 
|  18|0x0000000705c00000, 0x0000000705c00000, 0x0000000705e00000|  0%| F|  |TAMS 0x0000000705c00000, 0x0000000705c00000| Untracked 
|  19|0x0000000705e00000, 0x0000000705e00000, 0x0000000706000000|  0%| F|  |TAMS 0x0000000705e00000, 0x0000000705e00000| Untracked 
|  20|0x0000000706000000, 0x0000000706000000, 0x0000000706200000|  0%| F|  |TAMS 0x0000000706000000, 0x0000000706000000| Untracked 
|  21|0x0000000706200000, 0x0000000706200000, 0x0000000706400000|  0%| F|  |TAMS 0x0000000706200000, 0x0000000706200000| Untracked 
|  22|0x0000000706400000, 0x0000000706400000, 0x0000000706600000|  0%| F|  |TAMS 0x0000000706400000, 0x0000000706400000| Untracked 
|  23|0x0000000706600000, 0x0000000706600000, 0x0000000706800000|  0%| F|  |TAMS 0x0000000706600000, 0x0000000706600000| Untracked 
|  24|0x0000000706800000, 0x0000000706800000, 0x0000000706a00000|  0%| F|  |TAMS 0x0000000706800000, 0x0000000706800000| Untracked 
|  25|0x0000000706a00000, 0x0000000706a00000, 0x0000000706c00000|  0%| F|  |TAMS 0x0000000706a00000, 0x0000000706a00000| Untracked 
|  26|0x0000000706c00000, 0x0000000706c00000, 0x0000000706e00000|  0%| F|  |TAMS 0x0000000706c00000, 0x0000000706c00000| Untracked 
|  27|0x0000000706e00000, 0x0000000706e00000, 0x0000000707000000|  0%| F|  |TAMS 0x0000000706e00000, 0x0000000706e00000| Untracked 
|  28|0x0000000707000000, 0x0000000707000000, 0x0000000707200000|  0%| F|  |TAMS 0x0000000707000000, 0x0000000707000000| Untracked 
|  29|0x0000000707200000, 0x0000000707200000, 0x0000000707400000|  0%| F|  |TAMS 0x0000000707200000, 0x0000000707200000| Untracked 
|  30|0x0000000707400000, 0x0000000707400000, 0x0000000707600000|  0%| F|  |TAMS 0x0000000707400000, 0x0000000707400000| Untracked 
|  31|0x0000000707600000, 0x0000000707600000, 0x0000000707800000|  0%| F|  |TAMS 0x0000000707600000, 0x0000000707600000| Untracked 
|  32|0x0000000707800000, 0x0000000707800000, 0x0000000707a00000|  0%| F|  |TAMS 0x0000000707800000, 0x0000000707800000| Untracked 
|  33|0x0000000707a00000, 0x0000000707a00000, 0x0000000707c00000|  0%| F|  |TAMS 0x0000000707a00000, 0x0000000707a00000| Untracked 
|  34|0x0000000707c00000, 0x0000000707c00000, 0x0000000707e00000|  0%| F|  |TAMS 0x0000000707c00000, 0x0000000707c00000| Untracked 
|  35|0x0000000707e00000, 0x0000000707e00000, 0x0000000708000000|  0%| F|  |TAMS 0x0000000707e00000, 0x0000000707e00000| Untracked 
|  36|0x0000000708000000, 0x0000000708000000, 0x0000000708200000|  0%| F|  |TAMS 0x0000000708000000, 0x0000000708000000| Untracked 
|  37|0x0000000708200000, 0x0000000708200000, 0x0000000708400000|  0%| F|  |TAMS 0x0000000708200000, 0x0000000708200000| Untracked 
|  38|0x0000000708400000, 0x0000000708400000, 0x0000000708600000|  0%| F|  |TAMS 0x0000000708400000, 0x0000000708400000| Untracked 
|  39|0x0000000708600000, 0x0000000708600000, 0x0000000708800000|  0%| F|  |TAMS 0x0000000708600000, 0x0000000708600000| Untracked 
|  40|0x0000000708800000, 0x0000000708800000, 0x0000000708a00000|  0%| F|  |TAMS 0x0000000708800000, 0x0000000708800000| Untracked 
|  41|0x0000000708a00000, 0x0000000708a00000, 0x0000000708c00000|  0%| F|  |TAMS 0x0000000708a00000, 0x0000000708a00000| Untracked 
|  42|0x0000000708c00000, 0x0000000708c00000, 0x0000000708e00000|  0%| F|  |TAMS 0x0000000708c00000, 0x0000000708c00000| Untracked 
|  43|0x0000000708e00000, 0x0000000708e00000, 0x0000000709000000|  0%| F|  |TAMS 0x0000000708e00000, 0x0000000708e00000| Untracked 
|  44|0x0000000709000000, 0x0000000709000000, 0x0000000709200000|  0%| F|  |TAMS 0x0000000709000000, 0x0000000709000000| Untracked 
|  45|0x0000000709200000, 0x0000000709200000, 0x0000000709400000|  0%| F|  |TAMS 0x0000000709200000, 0x0000000709200000| Untracked 
|  46|0x0000000709400000, 0x0000000709400000, 0x0000000709600000|  0%| F|  |TAMS 0x0000000709400000, 0x0000000709400000| Untracked 
|  47|0x0000000709600000, 0x0000000709600000, 0x0000000709800000|  0%| F|  |TAMS 0x0000000709600000, 0x0000000709600000| Untracked 
|  48|0x0000000709800000, 0x0000000709800000, 0x0000000709a00000|  0%| F|  |TAMS 0x0000000709800000, 0x0000000709800000| Untracked 
|  49|0x0000000709a00000, 0x0000000709a00000, 0x0000000709c00000|  0%| F|  |TAMS 0x0000000709a00000, 0x0000000709a00000| Untracked 
|  50|0x0000000709c00000, 0x0000000709c00000, 0x0000000709e00000|  0%| F|  |TAMS 0x0000000709c00000, 0x0000000709c00000| Untracked 
|  51|0x0000000709e00000, 0x0000000709e00000, 0x000000070a000000|  0%| F|  |TAMS 0x0000000709e00000, 0x0000000709e00000| Untracked 
|  52|0x000000070a000000, 0x000000070a000000, 0x000000070a200000|  0%| F|  |TAMS 0x000000070a000000, 0x000000070a000000| Untracked 
|  53|0x000000070a200000, 0x000000070a200000, 0x000000070a400000|  0%| F|  |TAMS 0x000000070a200000, 0x000000070a200000| Untracked 
|  54|0x000000070a400000, 0x000000070a400000, 0x000000070a600000|  0%| F|  |TAMS 0x000000070a400000, 0x000000070a400000| Untracked 
|  55|0x000000070a600000, 0x000000070a600000, 0x000000070a800000|  0%| F|  |TAMS 0x000000070a600000, 0x000000070a600000| Untracked 
|  56|0x000000070a800000, 0x000000070a800000, 0x000000070aa00000|  0%| F|  |TAMS 0x000000070a800000, 0x000000070a800000| Untracked 
|  57|0x000000070aa00000, 0x000000070aa00000, 0x000000070ac00000|  0%| F|  |TAMS 0x000000070aa00000, 0x000000070aa00000| Untracked 
|  58|0x000000070ac00000, 0x000000070ac00000, 0x000000070ae00000|  0%| F|  |TAMS 0x000000070ac00000, 0x000000070ac00000| Untracked 
|  59|0x000000070ae00000, 0x000000070ae00000, 0x000000070b000000|  0%| F|  |TAMS 0x000000070ae00000, 0x000000070ae00000| Untracked 
|  60|0x000000070b000000, 0x000000070b000000, 0x000000070b200000|  0%| F|  |TAMS 0x000000070b000000, 0x000000070b000000| Untracked 
|  61|0x000000070b200000, 0x000000070b200000, 0x000000070b400000|  0%| F|  |TAMS 0x000000070b200000, 0x000000070b200000| Untracked 
|  62|0x000000070b400000, 0x000000070b400000, 0x000000070b600000|  0%| F|  |TAMS 0x000000070b400000, 0x000000070b400000| Untracked 
|  63|0x000000070b600000, 0x000000070b600000, 0x000000070b800000|  0%| F|  |TAMS 0x000000070b600000, 0x000000070b600000| Untracked 
|  64|0x000000070b800000, 0x000000070b800000, 0x000000070ba00000|  0%| F|  |TAMS 0x000000070b800000, 0x000000070b800000| Untracked 
|  65|0x000000070ba00000, 0x000000070ba00000, 0x000000070bc00000|  0%| F|  |TAMS 0x000000070ba00000, 0x000000070ba00000| Untracked 
|  66|0x000000070bc00000, 0x000000070bc00000, 0x000000070be00000|  0%| F|  |TAMS 0x000000070bc00000, 0x000000070bc00000| Untracked 
|  67|0x000000070be00000, 0x000000070be00000, 0x000000070c000000|  0%| F|  |TAMS 0x000000070be00000, 0x000000070be00000| Untracked 
|  68|0x000000070c000000, 0x000000070c000000, 0x000000070c200000|  0%| F|  |TAMS 0x000000070c000000, 0x000000070c000000| Untracked 
|  69|0x000000070c200000, 0x000000070c200000, 0x000000070c400000|  0%| F|  |TAMS 0x000000070c200000, 0x000000070c200000| Untracked 
|  70|0x000000070c400000, 0x000000070c400000, 0x000000070c600000|  0%| F|  |TAMS 0x000000070c400000, 0x000000070c400000| Untracked 
|  71|0x000000070c600000, 0x000000070c600000, 0x000000070c800000|  0%| F|  |TAMS 0x000000070c600000, 0x000000070c600000| Untracked 
|  72|0x000000070c800000, 0x000000070c800000, 0x000000070ca00000|  0%| F|  |TAMS 0x000000070c800000, 0x000000070c800000| Untracked 
|  73|0x000000070ca00000, 0x000000070ca00000, 0x000000070cc00000|  0%| F|  |TAMS 0x000000070ca00000, 0x000000070ca00000| Untracked 
|  74|0x000000070cc00000, 0x000000070cc00000, 0x000000070ce00000|  0%| F|  |TAMS 0x000000070cc00000, 0x000000070cc00000| Untracked 
|  75|0x000000070ce00000, 0x000000070ce00000, 0x000000070d000000|  0%| F|  |TAMS 0x000000070ce00000, 0x000000070ce00000| Untracked 
|  76|0x000000070d000000, 0x000000070d000000, 0x000000070d200000|  0%| F|  |TAMS 0x000000070d000000, 0x000000070d000000| Untracked 
|  77|0x000000070d200000, 0x000000070d200000, 0x000000070d400000|  0%| F|  |TAMS 0x000000070d200000, 0x000000070d200000| Untracked 
|  78|0x000000070d400000, 0x000000070d400000, 0x000000070d600000|  0%| F|  |TAMS 0x000000070d400000, 0x000000070d400000| Untracked 
|  79|0x000000070d600000, 0x000000070d600000, 0x000000070d800000|  0%| F|  |TAMS 0x000000070d600000, 0x000000070d600000| Untracked 
|  80|0x000000070d800000, 0x000000070d800000, 0x000000070da00000|  0%| F|  |TAMS 0x000000070d800000, 0x000000070d800000| Untracked 
|  81|0x000000070da00000, 0x000000070da00000, 0x000000070dc00000|  0%| F|  |TAMS 0x000000070da00000, 0x000000070da00000| Untracked 
|  82|0x000000070dc00000, 0x000000070dc00000, 0x000000070de00000|  0%| F|  |TAMS 0x000000070dc00000, 0x000000070dc00000| Untracked 
|  83|0x000000070de00000, 0x000000070de00000, 0x000000070e000000|  0%| F|  |TAMS 0x000000070de00000, 0x000000070de00000| Untracked 
|  84|0x000000070e000000, 0x000000070e000000, 0x000000070e200000|  0%| F|  |TAMS 0x000000070e000000, 0x000000070e000000| Untracked 
|  85|0x000000070e200000, 0x000000070e200000, 0x000000070e400000|  0%| F|  |TAMS 0x000000070e200000, 0x000000070e200000| Untracked 
|  86|0x000000070e400000, 0x000000070e400000, 0x000000070e600000|  0%| F|  |TAMS 0x000000070e400000, 0x000000070e400000| Untracked 
|  87|0x000000070e600000, 0x000000070e600000, 0x000000070e800000|  0%| F|  |TAMS 0x000000070e600000, 0x000000070e600000| Untracked 
|  88|0x000000070e800000, 0x000000070e800000, 0x000000070ea00000|  0%| F|  |TAMS 0x000000070e800000, 0x000000070e800000| Untracked 
|  89|0x000000070ea00000, 0x000000070ea00000, 0x000000070ec00000|  0%| F|  |TAMS 0x000000070ea00000, 0x000000070ea00000| Untracked 
|  90|0x000000070ec00000, 0x000000070ec00000, 0x000000070ee00000|  0%| F|  |TAMS 0x000000070ec00000, 0x000000070ec00000| Untracked 
|  91|0x000000070ee00000, 0x000000070ee00000, 0x000000070f000000|  0%| F|  |TAMS 0x000000070ee00000, 0x000000070ee00000| Untracked 
|  92|0x000000070f000000, 0x000000070f000000, 0x000000070f200000|  0%| F|  |TAMS 0x000000070f000000, 0x000000070f000000| Untracked 
|  93|0x000000070f200000, 0x000000070f200000, 0x000000070f400000|  0%| F|  |TAMS 0x000000070f200000, 0x000000070f200000| Untracked 
|  94|0x000000070f400000, 0x000000070f400000, 0x000000070f600000|  0%| F|  |TAMS 0x000000070f400000, 0x000000070f400000| Untracked 
|  95|0x000000070f600000, 0x000000070f600000, 0x000000070f800000|  0%| F|  |TAMS 0x000000070f600000, 0x000000070f600000| Untracked 
|  96|0x000000070f800000, 0x000000070f800000, 0x000000070fa00000|  0%| F|  |TAMS 0x000000070f800000, 0x000000070f800000| Untracked 
|  97|0x000000070fa00000, 0x000000070fa00000, 0x000000070fc00000|  0%| F|  |TAMS 0x000000070fa00000, 0x000000070fa00000| Untracked 
|  98|0x000000070fc00000, 0x000000070fc00000, 0x000000070fe00000|  0%| F|  |TAMS 0x000000070fc00000, 0x000000070fc00000| Untracked 
|  99|0x000000070fe00000, 0x000000070fe00000, 0x0000000710000000|  0%| F|  |TAMS 0x000000070fe00000, 0x000000070fe00000| Untracked 
| 100|0x0000000710000000, 0x0000000710000000, 0x0000000710200000|  0%| F|  |TAMS 0x0000000710000000, 0x0000000710000000| Untracked 
| 101|0x0000000710200000, 0x0000000710200000, 0x0000000710400000|  0%| F|  |TAMS 0x0000000710200000, 0x0000000710200000| Untracked 
| 102|0x0000000710400000, 0x0000000710400000, 0x0000000710600000|  0%| F|  |TAMS 0x0000000710400000, 0x0000000710400000| Untracked 
| 103|0x0000000710600000, 0x0000000710600000, 0x0000000710800000|  0%| F|  |TAMS 0x0000000710600000, 0x0000000710600000| Untracked 
| 104|0x0000000710800000, 0x0000000710800000, 0x0000000710a00000|  0%| F|  |TAMS 0x0000000710800000, 0x0000000710800000| Untracked 
| 105|0x0000000710a00000, 0x0000000710a00000, 0x0000000710c00000|  0%| F|  |TAMS 0x0000000710a00000, 0x0000000710a00000| Untracked 
| 106|0x0000000710c00000, 0x0000000710c00000, 0x0000000710e00000|  0%| F|  |TAMS 0x0000000710c00000, 0x0000000710c00000| Untracked 
| 107|0x0000000710e00000, 0x0000000710e00000, 0x0000000711000000|  0%| F|  |TAMS 0x0000000710e00000, 0x0000000710e00000| Untracked 
| 108|0x0000000711000000, 0x0000000711000000, 0x0000000711200000|  0%| F|  |TAMS 0x0000000711000000, 0x0000000711000000| Untracked 
| 109|0x0000000711200000, 0x0000000711200000, 0x0000000711400000|  0%| F|  |TAMS 0x0000000711200000, 0x0000000711200000| Untracked 
| 110|0x0000000711400000, 0x0000000711400000, 0x0000000711600000|  0%| F|  |TAMS 0x0000000711400000, 0x0000000711400000| Untracked 
| 111|0x0000000711600000, 0x0000000711600000, 0x0000000711800000|  0%| F|  |TAMS 0x0000000711600000, 0x0000000711600000| Untracked 
| 112|0x0000000711800000, 0x0000000711800000, 0x0000000711a00000|  0%| F|  |TAMS 0x0000000711800000, 0x0000000711800000| Untracked 
| 113|0x0000000711a00000, 0x0000000711a00000, 0x0000000711c00000|  0%| F|  |TAMS 0x0000000711a00000, 0x0000000711a00000| Untracked 
| 114|0x0000000711c00000, 0x0000000711c00000, 0x0000000711e00000|  0%| F|  |TAMS 0x0000000711c00000, 0x0000000711c00000| Untracked 
| 115|0x0000000711e00000, 0x0000000711e00000, 0x0000000712000000|  0%| F|  |TAMS 0x0000000711e00000, 0x0000000711e00000| Untracked 
| 116|0x0000000712000000, 0x0000000712000000, 0x0000000712200000|  0%| F|  |TAMS 0x0000000712000000, 0x0000000712000000| Untracked 
| 117|0x0000000712200000, 0x0000000712200000, 0x0000000712400000|  0%| F|  |TAMS 0x0000000712200000, 0x0000000712200000| Untracked 
| 118|0x0000000712400000, 0x0000000712400000, 0x0000000712600000|  0%| F|  |TAMS 0x0000000712400000, 0x0000000712400000| Untracked 
| 119|0x0000000712600000, 0x0000000712600000, 0x0000000712800000|  0%| F|  |TAMS 0x0000000712600000, 0x0000000712600000| Untracked 
| 120|0x0000000712800000, 0x00000007129fc1b0, 0x0000000712a00000| 99%| E|  |TAMS 0x0000000712800000, 0x0000000712800000| Complete 
| 121|0x0000000712a00000, 0x0000000712c00000, 0x0000000712c00000|100%| E|CS|TAMS 0x0000000712a00000, 0x0000000712a00000| Complete 
| 122|0x0000000712c00000, 0x0000000712e00000, 0x0000000712e00000|100%| E|CS|TAMS 0x0000000712c00000, 0x0000000712c00000| Complete 
| 123|0x0000000712e00000, 0x0000000713000000, 0x0000000713000000|100%| E|CS|TAMS 0x0000000712e00000, 0x0000000712e00000| Complete 
| 124|0x0000000713000000, 0x0000000713200000, 0x0000000713200000|100%| E|CS|TAMS 0x0000000713000000, 0x0000000713000000| Complete 
| 125|0x0000000713200000, 0x0000000713400000, 0x0000000713400000|100%| E|CS|TAMS 0x0000000713200000, 0x0000000713200000| Complete 
| 126|0x0000000713400000, 0x0000000713600000, 0x0000000713600000|100%| E|CS|TAMS 0x0000000713400000, 0x0000000713400000| Complete 

Card table byte_map: [0x000001c122780000,0x000001c122f70000] _byte_map_base: 0x000001c11ef64000

Marking Bits (Prev, Next): (CMBitMap*) 0x000001c10f2a2240, (CMBitMap*) 0x000001c10f2a2280
 Prev Bits: [0x000001c123760000, 0x000001c127680000)
 Next Bits: [0x000001c127680000, 0x000001c12b5a0000)

Polling page: 0x000001c10d170000

Metaspace:

Usage:
  Non-class:      7.54 MB used.
      Class:    748.99 KB used.
       Both:      8.27 MB used.

Virtual space:
  Non-class space:        8.00 MB reserved,       7.56 MB ( 95%) committed,  1 nodes.
      Class space:        1.00 GB reserved,     832.00 KB ( <1%) committed,  1 nodes.
             Both:        1.01 GB reserved,       8.38 MB ( <1%) committed. 

Chunk freelists:
   Non-Class:  256.00 KB
       Class:  3.18 MB
        Both:  3.43 MB

MaxMetaspaceSize: unlimited
CompressedClassSpaceSize: 1.00 GB
Initial GC threshold: 21.00 MB
Current GC threshold: 21.00 MB
CDS: off
MetaspaceReclaimPolicy: balanced
 - commit_granule_bytes: 65536.
 - commit_granule_words: 8192.
 - virtual_space_node_default_size: 1048576.
 - enlarge_chunks_in_place: 1.
 - new_chunks_are_fully_committed: 0.
 - uncommit_free_chunks: 1.
 - use_allocation_guard: 0.
 - handle_deallocations: 1.


Internal statistics:

num_allocs_failed_limit: 0.
num_arena_births: 14.
num_arena_deaths: 0.
num_vsnodes_births: 2.
num_vsnodes_deaths: 0.
num_space_committed: 134.
num_space_uncommitted: 0.
num_chunks_returned_to_freelist: 0.
num_chunks_taken_from_freelist: 61.
num_chunk_merges: 0.
num_chunk_splits: 29.
num_chunks_enlarged: 23.
num_purges: 0.
num_inconsistent_stats: 0.

CodeHeap 'non-profiled nmethods': size=119168Kb used=209Kb max_used=209Kb free=118958Kb
 bounds [0x000001c11a2a0000, 0x000001c11a510000, 0x000001c121700000]
CodeHeap 'profiled nmethods': size=119104Kb used=1013Kb max_used=1013Kb free=118090Kb
 bounds [0x000001c112700000, 0x000001c112970000, 0x000001c119b50000]
CodeHeap 'non-nmethods': size=7488Kb used=1699Kb max_used=1734Kb free=5789Kb
 bounds [0x000001c119b50000, 0x000001c119dc0000, 0x000001c11a2a0000]
 total_blobs=1017 nmethods=610 adapters=319
 compilation: enabled
              stopped_count=0, restarted_count=0
 full_count=0

Compilation events (20 events):
Event: 0.242 Thread 0x000001c12f0de980  601       3       java.lang.StringConcatHelper::newString (67 bytes)
Event: 0.242 Thread 0x000001c12f0de980 nmethod 601 0x000001c1127f5110 code [0x000001c1127f5380, 0x000001c1127f5e08]
Event: 0.242 Thread 0x000001c12f0de980  597       3       jdk.internal.loader.BuiltinClassLoader::loadClassOrNull (7 bytes)
Event: 0.242 Thread 0x000001c12f0de980 nmethod 597 0x000001c1127f6190 code [0x000001c1127f6340, 0x000001c1127f6508]
Event: 0.242 Thread 0x000001c12f0dee90 nmethod 600 0x000001c1127f6590 code [0x000001c1127f68e0, 0x000001c1127f7e28]
Event: 0.242 Thread 0x000001c12f0dee90  603       3       java.nio.Buffer::hasRemaining (17 bytes)
Event: 0.242 Thread 0x000001c12f0de980  604   !   3       java.util.zip.ZipFile$ZipFileInflaterInputStream::close (67 bytes)
Event: 0.242 Thread 0x000001c12f0dee90 nmethod 603 0x000001c1127f8590 code [0x000001c1127f8720, 0x000001c1127f8898]
Event: 0.243 Thread 0x000001c12f0de980 nmethod 604 0x000001c1127f8910 code [0x000001c1127f8b40, 0x000001c1127f93b8]
Event: 0.244 Thread 0x000001c12f0de980  605       3       java.net.URLStreamHandler::setURL (73 bytes)
Event: 0.244 Thread 0x000001c12f0dee90  606   !   3       java.net.URL::set (114 bytes)
Event: 0.244 Thread 0x000001c12f0d1900 nmethod 602 0x000001c11a2d3210 code [0x000001c11a2d33a0, 0x000001c11a2d35c8]
Event: 0.244 Thread 0x000001c12f0dee90 nmethod 606 0x000001c1127f9790 code [0x000001c1127f99e0, 0x000001c1127fa4d8]
Event: 0.244 Thread 0x000001c12f0dee90  607       3       sun.net.www.ParseUtil::firstEncodeIndex (86 bytes)
Event: 0.244 Thread 0x000001c12f0de980 nmethod 605 0x000001c1127fa890 code [0x000001c1127fab60, 0x000001c1127fb998]
Event: 0.244 Thread 0x000001c12f0d1900  608       4       java.lang.StringLatin1::replace (198 bytes)
Event: 0.244 Thread 0x000001c12f0dee90 nmethod 607 0x000001c1127fbe90 code [0x000001c1127fc0e0, 0x000001c1127fcac8]
Event: 0.245 Thread 0x000001c12f0dee90  610       3       jdk.internal.access.SharedSecrets::javaUtilJarAccess (19 bytes)
Event: 0.245 Thread 0x000001c12f0dee90 nmethod 610 0x000001c1127fce90 code [0x000001c1127fd080, 0x000001c1127fd448]
Event: 0.245 Thread 0x000001c12f0dee90  611       3       java.lang.String::newStringUTF8NoRepl (274 bytes)

GC Heap History (0 events):
No events

Dll operation events (2 events):
Event: 0.003 Loaded shared library D:\install\soft\Android Studio\jbr\bin\java.dll
Event: 0.065 Loaded shared library D:\install\soft\Android Studio\jbr\bin\verify.dll

Deoptimization events (20 events):
Event: 0.213 Thread 0x000001c10f2308b0 DEOPT PACKING pc=0x000001c11a2c0430 sp=0x0000007c317fd3d0
Event: 0.213 Thread 0x000001c10f2308b0 DEOPT UNPACKING pc=0x000001c119baa1a3 sp=0x0000007c317fd378 mode 2
Event: 0.226 Thread 0x000001c10f2308b0 Uncommon trap: trap_request=0xffffff45 fr.pc=0x000001c11a2c7ef4 relative=0x0000000000000614
Event: 0.226 Thread 0x000001c10f2308b0 Uncommon trap: reason=unstable_if action=reinterpret pc=0x000001c11a2c7ef4 method=java.util.zip.ZipFile$Source.checkAndAddEntry(II)I @ 50 c2
Event: 0.226 Thread 0x000001c10f2308b0 DEOPT PACKING pc=0x000001c11a2c7ef4 sp=0x0000007c317fd100
Event: 0.226 Thread 0x000001c10f2308b0 DEOPT UNPACKING pc=0x000001c119baa1a3 sp=0x0000007c317fd078 mode 2
Event: 0.235 Thread 0x000001c10f2308b0 Uncommon trap: trap_request=0xffffffde fr.pc=0x000001c11a2cd144 relative=0x0000000000000ec4
Event: 0.235 Thread 0x000001c10f2308b0 Uncommon trap: reason=class_check action=maybe_recompile pc=0x000001c11a2cd144 method=java.util.HashMap.putVal(ILjava/lang/Object;Ljava/lang/Object;ZZ)Ljava/lang/Object; @ 91 c2
Event: 0.235 Thread 0x000001c10f2308b0 DEOPT PACKING pc=0x000001c11a2cd144 sp=0x0000007c317f9940
Event: 0.235 Thread 0x000001c10f2308b0 DEOPT UNPACKING pc=0x000001c119baa1a3 sp=0x0000007c317f9860 mode 2
Event: 0.239 Thread 0x000001c10f2308b0 Uncommon trap: trap_request=0xffffffde fr.pc=0x000001c11a2cd144 relative=0x0000000000000ec4
Event: 0.239 Thread 0x000001c10f2308b0 Uncommon trap: reason=class_check action=maybe_recompile pc=0x000001c11a2cd144 method=java.util.HashMap.putVal(ILjava/lang/Object;Ljava/lang/Object;ZZ)Ljava/lang/Object; @ 91 c2
Event: 0.239 Thread 0x000001c10f2308b0 DEOPT PACKING pc=0x000001c11a2cd144 sp=0x0000007c317f9940
Event: 0.239 Thread 0x000001c10f2308b0 DEOPT UNPACKING pc=0x000001c119baa1a3 sp=0x0000007c317f9860 mode 2
Event: 0.239 Thread 0x000001c10f2308b0 Uncommon trap: trap_request=0xffffffde fr.pc=0x000001c11a2cd144 relative=0x0000000000000ec4
Event: 0.239 Thread 0x000001c10f2308b0 Uncommon trap: reason=class_check action=maybe_recompile pc=0x000001c11a2cd144 method=java.util.HashMap.putVal(ILjava/lang/Object;Ljava/lang/Object;ZZ)Ljava/lang/Object; @ 91 c2
Event: 0.239 Thread 0x000001c10f2308b0 DEOPT PACKING pc=0x000001c11a2cd144 sp=0x0000007c317f9940
Event: 0.239 Thread 0x000001c10f2308b0 DEOPT UNPACKING pc=0x000001c119baa1a3 sp=0x0000007c317f9860 mode 2
Event: 0.244 Thread 0x000001c10f2308b0 DEOPT PACKING pc=0x000001c112747e50 sp=0x0000007c317f8ad0
Event: 0.244 Thread 0x000001c10f2308b0 DEOPT UNPACKING pc=0x000001c119baace3 sp=0x0000007c317f7f90 mode 0

Classes unloaded (0 events):
No events

Classes redefined (0 events):
No events

Internal exceptions (1 events):
Event: 0.134 Thread 0x000001c10f2308b0 Exception <a 'java/lang/NoSuchMethodError'{0x00000007133bb698}: 'int java.lang.invoke.DirectMethodHandle$Holder.invokeStaticInit(java.lang.Object, java.lang.Object)'> (0x00000007133bb698) 
thrown [s\src\hotspot\share\interpreter\linkResolver.cpp, line 771]

VM Operations (2 events):
Event: 0.063 Executing VM operation: HandshakeAllThreads
Event: 0.063 Executing VM operation: HandshakeAllThreads done

Events (20 events):
Event: 0.204 Thread 0x000001c12f0e02d0 Thread added: 0x000001c12f0e02d0
Event: 0.227 loading class java/io/BufferedReader
Event: 0.227 loading class java/io/BufferedReader done
Event: 0.227 loading class sun/nio/cs/StreamDecoder
Event: 0.227 loading class sun/nio/cs/StreamDecoder done
Event: 0.227 loading class sun/nio/cs/UTF_8$Decoder
Event: 0.227 loading class sun/nio/cs/UTF_8$Decoder done
Event: 0.227 loading class java/nio/CharBuffer
Event: 0.228 loading class java/nio/CharBuffer done
Event: 0.228 loading class java/nio/HeapCharBuffer
Event: 0.228 loading class java/nio/HeapCharBuffer done
Event: 0.228 loading class java/nio/charset/CoderResult
Event: 0.228 loading class java/nio/charset/CoderResult done
Event: 0.228 loading class java/util/LinkedList
Event: 0.228 loading class java/util/AbstractSequentialList
Event: 0.228 loading class java/util/AbstractSequentialList done
Event: 0.228 loading class java/util/LinkedList done
Event: 0.228 loading class java/util/LinkedList$Node
Event: 0.228 loading class java/util/LinkedList$Node done
Event: 0.232 Thread 0x000001c12f0e07e0 Thread added: 0x000001c12f0e07e0


Dynamic libraries:
0x00007ff75cf40000 - 0x00007ff75cf4a000 	D:\install\soft\Android Studio\jbr\bin\java.exe
0x00007ffe290d0000 - 0x00007ffe292c5000 	C:\Windows\SYSTEM32\ntdll.dll
0x00007ffe27560000 - 0x00007ffe2761e000 	C:\Windows\System32\KERNEL32.DLL
0x00007ffe26c60000 - 0x00007ffe26f29000 	C:\Windows\System32\KERNELBASE.dll
0x00007ffe268a0000 - 0x00007ffe269a0000 	C:\Windows\System32\ucrtbase.dll
0x00007ffdfd8e0000 - 0x00007ffdfd8f7000 	D:\install\soft\Android Studio\jbr\bin\jli.dll
0x00007ffdfcca0000 - 0x00007ffdfccbb000 	D:\install\soft\Android Studio\jbr\bin\VCRUNTIME140.dll
0x00007ffe273b0000 - 0x00007ffe27551000 	C:\Windows\System32\USER32.dll
0x00007ffe26c00000 - 0x00007ffe26c22000 	C:\Windows\System32\win32u.dll
0x00007ffe0dda0000 - 0x00007ffe0e03a000 	C:\Windows\WinSxS\amd64_microsoft.windows.common-controls_6595b64144ccf1df_6.0.19041.1110_none_60b5254171f9507e\COMCTL32.dll
0x00007ffe27f00000 - 0x00007ffe27f2b000 	C:\Windows\System32\GDI32.dll
0x00007ffe27b70000 - 0x00007ffe27c0e000 	C:\Windows\System32\msvcrt.dll
0x00007ffe26aa0000 - 0x00007ffe26bab000 	C:\Windows\System32\gdi32full.dll
0x00007ffe26a00000 - 0x00007ffe26a9d000 	C:\Windows\System32\msvcp_win.dll
0x00007ffe27180000 - 0x00007ffe271b0000 	C:\Windows\System32\IMM32.DLL
0x00007ffe0be70000 - 0x00007ffe0be7c000 	D:\install\soft\Android Studio\jbr\bin\vcruntime140_1.dll
0x00007ffddf7a0000 - 0x00007ffddf82d000 	D:\install\soft\Android Studio\jbr\bin\msvcp140.dll
0x00007ffdc87a0000 - 0x00007ffdc940d000 	D:\install\soft\Android Studio\jbr\bin\server\jvm.dll
0x00007ffe27970000 - 0x00007ffe27a1c000 	C:\Windows\System32\ADVAPI32.dll
0x00007ffe28c20000 - 0x00007ffe28cbb000 	C:\Windows\System32\sechost.dll
0x00007ffe283b0000 - 0x00007ffe284da000 	C:\Windows\System32\RPCRT4.dll
0x00007ffe119a0000 - 0x00007ffe119a9000 	C:\Windows\SYSTEM32\WSOCK32.dll
0x00007ffe0e2a0000 - 0x00007ffe0e2c7000 	C:\Windows\SYSTEM32\WINMM.dll
0x00007ffe28cc0000 - 0x00007ffe28d2b000 	C:\Windows\System32\WS2_32.dll
0x00007ffe1ef60000 - 0x00007ffe1ef6a000 	C:\Windows\SYSTEM32\VERSION.dll
0x00007ffe252e0000 - 0x00007ffe252f2000 	C:\Windows\SYSTEM32\kernel.appcore.dll
0x00007ffe11690000 - 0x00007ffe1169a000 	D:\install\soft\Android Studio\jbr\bin\jimage.dll
0x00007ffe242c0000 - 0x00007ffe244a4000 	C:\Windows\SYSTEM32\DBGHELP.DLL
0x00007ffe12490000 - 0x00007ffe124bc000 	C:\Windows\SYSTEM32\dbgcore.DLL
0x00007ffe26f30000 - 0x00007ffe26fb3000 	C:\Windows\System32\bcryptPrimitives.dll
0x00007ffdfe120000 - 0x00007ffdfe145000 	D:\install\soft\Android Studio\jbr\bin\java.dll
0x00007ffe11450000 - 0x00007ffe11468000 	D:\install\soft\Android Studio\jbr\bin\zip.dll
0x00007ffe284e0000 - 0x00007ffe28c1f000 	C:\Windows\System32\SHELL32.dll
0x00007ffe248d0000 - 0x00007ffe25060000 	C:\Windows\SYSTEM32\windows.storage.dll
0x00007ffe28d30000 - 0x00007ffe29085000 	C:\Windows\System32\combase.dll
0x00007ffe26240000 - 0x00007ffe2626c000 	C:\Windows\SYSTEM32\Wldp.dll
0x00007ffe27790000 - 0x00007ffe2783d000 	C:\Windows\System32\SHCORE.dll
0x00007ffe27120000 - 0x00007ffe27175000 	C:\Windows\System32\shlwapi.dll
0x00007ffe26730000 - 0x00007ffe2674f000 	C:\Windows\SYSTEM32\profapi.dll
0x00007ffe09910000 - 0x00007ffe09929000 	D:\install\soft\Android Studio\jbr\bin\net.dll
0x00007ffe1f750000 - 0x00007ffe1f858000 	C:\Windows\SYSTEM32\WINHTTP.dll
0x00007ffe25fa0000 - 0x00007ffe2600a000 	C:\Windows\system32\mswsock.dll
0x00007ffe092e0000 - 0x00007ffe092f6000 	D:\install\soft\Android Studio\jbr\bin\nio.dll
0x00007ffe0f490000 - 0x00007ffe0f4a0000 	D:\install\soft\Android Studio\jbr\bin\verify.dll

dbghelp: loaded successfully - version: 4.0.5 - missing functions: none
symbol engine: initialized successfully - sym options: 0x614 - pdb path: .;D:\install\soft\Android Studio\jbr\bin;C:\Windows\SYSTEM32;C:\Windows\WinSxS\amd64_microsoft.windows.common-controls_6595b64144ccf1df_6.0.19041.1110_none_60b5254171f9507e;D:\install\soft\Android Studio\jbr\bin\server

VM Arguments:
jvm_args: -Dorg.gradle.appname=gradlew 
java_command: org.gradle.wrapper.GradleWrapperMain -q -Ptarget-platform=android-x64 -Ptarget=D:\vadymkon\Kaiters\apps\WitcherNotes\lib\main.dart -Pbase-application-name=android.app.Application -Pdart-defines=Zmx1dHRlci5pbnNwZWN0b3Iuc3RydWN0dXJlZEVycm9ycz10cnVl,RkxVVFRFUl9XRUJfQVVUT19ERVRFQ1Q9dHJ1ZQ==,RkxVVFRFUl9XRUJfQ0FOVkFTS0lUX1VSTD1odHRwczovL3d3dy5nc3RhdGljLmNvbS9mbHV0dGVyLWNhbnZhc2tpdC80NWY2ZTAwOTExMGRmNGYzNGVjMmNmOTlmNjNjZjczYjcxYjdhNDIwLw== -Pdart-obfuscation=false -Ptrack-widget-creation=true -Ptree-shake-icons=false -Pfilesystem-scheme=org-dartlang-root assembleDebug
java_class_path (initial): D:\vadymkon\Kaiters\apps\WitcherNotes\android\\gradle\wrapper\gradle-wrapper.jar
Launcher Type: SUN_STANDARD

[Global flags]
     intx CICompilerCount                          = 12                                        {product} {ergonomic}
     uint ConcGCThreads                            = 3                                         {product} {ergonomic}
     uint G1ConcRefinementThreads                  = 13                                        {product} {ergonomic}
   size_t G1HeapRegionSize                         = 2097152                                   {product} {ergonomic}
    uintx GCDrainStackTargetSize                   = 64                                        {product} {ergonomic}
   size_t InitialHeapSize                          = 266338304                                 {product} {ergonomic}
   size_t MarkStackSize                            = 4194304                                   {product} {ergonomic}
   size_t MaxHeapSize                              = 4236247040                                {product} {ergonomic}
   size_t MaxNewSize                               = 2541748224                                {product} {ergonomic}
   size_t MinHeapDeltaBytes                        = 2097152                                   {product} {ergonomic}
   size_t MinHeapSize                              = 8388608                                   {product} {ergonomic}
    uintx NonNMethodCodeHeapSize                   = 7602480                                {pd product} {ergonomic}
    uintx NonProfiledCodeHeapSize                  = 122027880                              {pd product} {ergonomic}
    uintx ProfiledCodeHeapSize                     = 122027880                              {pd product} {ergonomic}
    uintx ReservedCodeCacheSize                    = 251658240                              {pd product} {ergonomic}
     bool SegmentedCodeCache                       = true                                      {product} {ergonomic}
   size_t SoftMaxHeapSize                          = 4236247040                             {manageable} {ergonomic}
     bool UseCompressedClassPointers               = true                           {product lp64_product} {ergonomic}
     bool UseCompressedOops                        = true                           {product lp64_product} {ergonomic}
     bool UseG1GC                                  = true                                      {product} {ergonomic}
     bool UseLargePagesIndividualAllocation        = false                                  {pd product} {ergonomic}

Logging:
Log output configuration:
 #0: stdout all=warning uptime,level,tags
 #1: stderr all=off uptime,level,tags

Environment Variables:
JAVA_HOME=D:\install\soft\Android Studio\jbr
CLASSPATH=D:\vadymkon\Kaiters\apps\WitcherNotes\android\\gradle\wrapper\gradle-wrapper.jar
PATH=C:\Windows\system32;C:\Windows;C:\Windows\System32\Wbem;C:\Windows\System32\WindowsPowerShell\v1.0\;C:\Windows\System32\OpenSSH\;C:\Program Files\Cloudflare\Cloudflare WARP\;C:\Users\vadymkon\AppData\Local\Microsoft\WindowsApps;D:\install\soft\flutterSDK\flutter\bin;;D:\install\soft\flutterSDK\flutter\bin\mingit\cmd
USERNAME=vadymkon
OS=Windows_NT
PROCESSOR_IDENTIFIER=Intel64 Family 6 Model 141 Stepping 1, GenuineIntel
TMP=C:\Temp
TEMP=C:\Temp



---------------  S Y S T E M  ---------------

OS:
 Windows 10 , 64 bit Build 19041 (10.0.19041.1202)
OS uptime: 2 days 2:43 hours

CPU: total 16 (initial active 16) (8 cores per cpu, 2 threads per core) family 6 model 141 stepping 1 microcode 0x34, cx8, cmov, fxsr, ht, mmx, 3dnowpref, sse, sse2, sse3, ssse3, sse4.1, sse4.2, popcnt, lzcnt, tsc, tscinvbit, avx, avx2, aes, erms, clmul, bmi1, bmi2, adx, avx512f, avx512dq, avx512cd, avx512bw, avx512vl, sha, fma, vzeroupper, avx512_vpopcntdq, avx512_vpclmulqdq, avx512_vaes, avx512_vnni, clflush, clflushopt, clwb, avx512_vbmi2, avx512_vbmi

Memory: 4k page, system-wide physical 16155M (3865M free)
TotalPageFile size 16155M (AvailPageFile size 87M)
current process WorkingSet (physical memory assigned to process): 62M, peak: 62M
current process commit charge ("private bytes"): 358M, peak: 358M

vm_info: OpenJDK 64-Bit Server VM (17.0.6+0-b2043.56-9586694) for windows-amd64 JRE (17.0.6+0-b2043.56-9586694), built on Feb  9 2023 20:06:20 by "androidbuild" with MS VC++ 16.10 / 16.11 (VS2019)

END.
