#
# There is insufficient memory for the Java Runtime Environment to continue.
# Native memory allocation (mmap) failed to map 65536 bytes for Failed to commit metaspace.
# Possible reasons:
#   The system is out of physical RAM or swap space
#   The process is running with CompressedOops enabled, and the Java Heap may be blocking the growth of the native heap
# Possible solutions:
#   Reduce memory load on the system
#   Increase physical memory or swap space
#   Check if swap backing store is full
#   Decrease Java heap size (-Xmx/-Xms)
#   Decrease number of Java threads
#   Decrease Java thread stack sizes (-Xss)
#   Set larger code cache with -XX:ReservedCodeCacheSize=
#   JVM is running with Zero Based Compressed Oops mode in which the Java heap is
#     placed in the first 32GB address space. The Java Heap base address is the
#     maximum limit for the native heap growth. Please use -XX:HeapBaseMinAddress
#     to set the Java Heap base and to place the Java Heap above 32GB virtual address.
# This output file may be truncated or incomplete.
#
#  Out of Memory Error (virtualSpaceNode.cpp:110), pid=1512, tid=6860
#
# JRE version: OpenJDK Runtime Environment (17.0.6) (build 17.0.6+0-b2043.56-9586694)
# Java VM: OpenJDK 64-Bit Server VM (17.0.6+0-b2043.56-9586694, mixed mode, tiered, compressed oops, compressed class ptrs, g1 gc, windows-amd64)
# No core dump will be written. Minidumps are not enabled by default on client versions of Windows
#

---------------  S U M M A R Y ------------

Command Line: -Dorg.gradle.appname=gradlew org.gradle.wrapper.GradleWrapperMain -q -Ptarget-platform=android-x64 -Ptarget=D:\vadymkon\Kaiters\apps\witcher_notes\lib\main.dart -Pbase-application-name=android.app.Application -Pdart-defines=Zmx1dHRlci5pbnNwZWN0b3Iuc3RydWN0dXJlZEVycm9ycz10cnVl,RkxVVFRFUl9XRUJfQVVUT19ERVRFQ1Q9dHJ1ZQ==,RkxVVFRFUl9XRUJfQ0FOVkFTS0lUX1VSTD1odHRwczovL3d3dy5nc3RhdGljLmNvbS9mbHV0dGVyLWNhbnZhc2tpdC80NWY2ZTAwOTExMGRmNGYzNGVjMmNmOTlmNjNjZjczYjcxYjdhNDIwLw== -Pdart-obfuscation=false -Ptrack-widget-creation=true -Ptree-shake-icons=false -Pfilesystem-scheme=org-dartlang-root assembleDebug

Host: 11th Gen Intel(R) Core(TM) i7-11800H @ 2.30GHz, 16 cores, 15G,  Windows 10 , 64 bit Build 19041 (10.0.19041.1202)
Time: Sun Jul  2 01:44:24 2023  Windows 10 , 64 bit Build 19041 (10.0.19041.1202) elapsed time: 0.849309 seconds (0d 0h 0m 0s)

---------------  T H R E A D  ---------------

Current thread (0x00000216e2edaf50):  JavaThread "main" [_thread_in_vm, id=6860, stack(0x000000c6c8f00000,0x000000c6c9000000)]

Stack: [0x000000c6c8f00000,0x000000c6c9000000]
Native frames: (J=compiled Java code, j=interpreted, Vv=VM code, C=native code)
V  [jvm.dll+0x683b4a]
V  [jvm.dll+0x842654]
V  [jvm.dll+0x843dfe]
V  [jvm.dll+0x844463]
V  [jvm.dll+0x249b75]
V  [jvm.dll+0x83e6ab]
V  [jvm.dll+0x627fa6]
V  [jvm.dll+0x1c194e]
V  [jvm.dll+0x62a8e1]
V  [jvm.dll+0x628946]
V  [jvm.dll+0x3707f2]
V  [jvm.dll+0x1e565b]
V  [jvm.dll+0x547fb6]
V  [jvm.dll+0x7bd285]
V  [jvm.dll+0x7bd39e]
V  [jvm.dll+0x4117ca]
V  [jvm.dll+0x417949]
C  [java.dll+0x17ec]

Java frames: (J=compiled Java code, j=interpreted, Vv=VM code)
J 774  java.lang.ClassLoader.defineClass1(Ljava/lang/ClassLoader;Ljava/lang/String;[BIILjava/security/ProtectionDomain;Ljava/lang/String;)Ljava/lang/Class; java.base@17.0.6 (0 bytes) @ 0x00000216edf8d5e3 [0x00000216edf8d520+0x00000000000000c3]
J 819 c1 java.lang.ClassLoader.defineClass(Ljava/lang/String;[BIILjava/security/ProtectionDomain;)Ljava/lang/Class; java.base@17.0.6 (43 bytes) @ 0x00000216e652995c [0x00000216e6529600+0x000000000000035c]
J 835 c1 java.security.SecureClassLoader.defineClass(Ljava/lang/String;[BIILjava/security/CodeSource;)Ljava/lang/Class; java.base@17.0.6 (16 bytes) @ 0x00000216e652f30c [0x00000216e652f240+0x00000000000000cc]
J 787 c1 java.net.URLClassLoader.defineClass(Ljava/lang/String;Ljdk/internal/loader/Resource;)Ljava/lang/Class; java.base@17.0.6 (224 bytes) @ 0x00000216e651920c [0x00000216e6517740+0x0000000000001acc]
J 723 c1 java.net.URLClassLoader$1.run()Ljava/lang/Class; java.base@17.0.6 (81 bytes) @ 0x00000216e64f319c [0x00000216e64f2520+0x0000000000000c7c]
J 722 c1 java.net.URLClassLoader$1.run()Ljava/lang/Object; java.base@17.0.6 (5 bytes) @ 0x00000216e64f15c4 [0x00000216e64f1540+0x0000000000000084]
J 612 c1 java.security.AccessController.doPrivileged(Ljava/security/PrivilegedExceptionAction;Ljava/security/AccessControlContext;)Ljava/lang/Object; java.base@17.0.6 (26 bytes) @ 0x00000216e64ae7fc [0x00000216e64ae620+0x00000000000001dc]
J 720 c1 java.net.URLClassLoader.findClass(Ljava/lang/String;)Ljava/lang/Class; java.base@17.0.6 (47 bytes) @ 0x00000216e64f1aa4 [0x00000216e64f1900+0x00000000000001a4]
J 629 c1 java.lang.ClassLoader.loadClass(Ljava/lang/String;Z)Ljava/lang/Class; java.base@17.0.6 (121 bytes) @ 0x00000216e64ba0f4 [0x00000216e64b9b40+0x00000000000005b4]
J 619 c1 java.lang.ClassLoader.loadClass(Ljava/lang/String;)Ljava/lang/Class; java.base@17.0.6 (7 bytes) @ 0x00000216e64b20cc [0x00000216e64b1fc0+0x000000000000010c]
v  ~StubRoutines::call_stub
j  org.gradle.cache.internal.filelock.LockStateAccess.tryLock(Ljava/io/RandomAccessFile;Z)Lorg/gradle/cache/internal/filelock/FileLockOutcome;+24
j  org.gradle.cache.internal.filelock.LockFileAccess.tryLockState(Z)Lorg/gradle/cache/internal/filelock/FileLockOutcome;+9
j  org.gradle.cache.internal.DefaultFileLockManager$DefaultFileLock$4.run()Lorg/gradle/internal/io/IOQuery$Result;+22
j  org.gradle.internal.io.ExponentialBackoff.retryUntil(Lorg/gradle/internal/io/IOQuery;)Ljava/lang/Object;+3
j  org.gradle.cache.internal.DefaultFileLockManager$DefaultFileLock.lockStateRegion(Lorg/gradle/cache/FileLockManager$LockMode;)Lorg/gradle/cache/internal/filelock/FileLockOutcome;+26
j  org.gradle.cache.internal.DefaultFileLockManager$DefaultFileLock.lock(Lorg/gradle/cache/FileLockManager$LockMode;)Lorg/gradle/cache/internal/filelock/LockState;+23
j  org.gradle.cache.internal.DefaultFileLockManager$DefaultFileLock.<init>(Lorg/gradle/cache/internal/DefaultFileLockManager;Ljava/io/File;Lorg/gradle/cache/LockOptions;Ljava/lang/String;Ljava/lang/String;ILorg/gradle/api/Action;)V+201
j  org.gradle.cache.internal.DefaultFileLockManager.lock(Ljava/io/File;Lorg/gradle/cache/LockOptions;Ljava/lang/String;Ljava/lang/String;Lorg/gradle/api/Action;)Lorg/gradle/cache/FileLock;+100
j  org.gradle.cache.internal.DefaultFileLockManager.lock(Ljava/io/File;Lorg/gradle/cache/LockOptions;Ljava/lang/String;Ljava/lang/String;)Lorg/gradle/cache/FileLock;+7
j  org.gradle.cache.internal.DefaultFileLockManager.lock(Ljava/io/File;Lorg/gradle/cache/LockOptions;Ljava/lang/String;)Lorg/gradle/cache/FileLock;+6
j  org.gradle.cache.internal.OnDemandFileAccess.readFile(Lorg/gradle/internal/Factory;)Ljava/lang/Object;+18
j  org.gradle.cache.internal.SimpleStateCache.get()Ljava/lang/Object;+12
j  org.gradle.cache.internal.FileIntegrityViolationSuppressingPersistentStateCacheDecorator.get()Ljava/lang/Object;+4
j  org.gradle.launcher.daemon.registry.PersistentDaemonRegistry.getAll()Ljava/util/List;+13
j  org.gradle.launcher.daemon.client.DefaultDaemonConnector.connect(Lorg/gradle/api/internal/specs/ExplainingSpec;)Lorg/gradle/launcher/daemon/client/DaemonClientConnection;+5
j  org.gradle.launcher.daemon.client.DaemonClient.execute(Lorg/gradle/internal/invocation/BuildAction;Lorg/gradle/launcher/exec/BuildActionParameters;Lorg/gradle/initialization/BuildRequestContext;)Lorg/gradle/launcher/exec/BuildActionResult;+62
j  org.gradle.launcher.daemon.client.DaemonClient.execute(Lorg/gradle/internal/invocation/BuildAction;Ljava/lang/Object;Ljava/lang/Object;)Lorg/gradle/launcher/exec/BuildActionResult;+10
j  org.gradle.launcher.cli.RunBuildAction.run()V+74
j  org.gradle.internal.Actions$RunnableActionAdapter.execute(Ljava/lang/Object;)V+4
j  org.gradle.launcher.cli.DefaultCommandLineActionFactory$ParseAndBuildAction.execute(Lorg/gradle/launcher/bootstrap/ExecutionListener;)V+60
j  org.gradle.launcher.cli.DefaultCommandLineActionFactory$ParseAndBuildAction.execute(Ljava/lang/Object;)V+5
j  org.gradle.launcher.cli.DebugLoggerWarningAction.execute(Lorg/gradle/launcher/bootstrap/ExecutionListener;)V+9
j  org.gradle.launcher.cli.DebugLoggerWarningAction.execute(Ljava/lang/Object;)V+5
j  org.gradle.launcher.cli.WelcomeMessageAction.execute(Lorg/gradle/launcher/bootstrap/ExecutionListener;)V+218
j  org.gradle.launcher.cli.WelcomeMessageAction.execute(Ljava/lang/Object;)V+5
j  org.gradle.launcher.cli.NativeServicesInitializingAction.execute(Lorg/gradle/launcher/bootstrap/ExecutionListener;)V+35
j  org.gradle.launcher.cli.NativeServicesInitializingAction.execute(Ljava/lang/Object;)V+5
j  org.gradle.launcher.cli.ExceptionReportingAction.execute(Lorg/gradle/launcher/bootstrap/ExecutionListener;)V+5
j  org.gradle.launcher.cli.ExceptionReportingAction.execute(Ljava/lang/Object;)V+5
j  org.gradle.launcher.cli.DefaultCommandLineActionFactory$WithLogging.execute(Lorg/gradle/launcher/bootstrap/ExecutionListener;)V+299
j  org.gradle.launcher.Main.doAction([Ljava/lang/String;Lorg/gradle/launcher/bootstrap/ExecutionListener;)V+14
j  org.gradle.launcher.bootstrap.EntryPoint.run([Ljava/lang/String;)V+12
v  ~StubRoutines::call_stub
j  jdk.internal.reflect.NativeMethodAccessorImpl.invoke0(Ljava/lang/reflect/Method;Ljava/lang/Object;[Ljava/lang/Object;)Ljava/lang/Object;+0 java.base@17.0.6
j  jdk.internal.reflect.NativeMethodAccessorImpl.invoke(Ljava/lang/Object;[Ljava/lang/Object;)Ljava/lang/Object;+133 java.base@17.0.6
j  jdk.internal.reflect.DelegatingMethodAccessorImpl.invoke(Ljava/lang/Object;[Ljava/lang/Object;)Ljava/lang/Object;+6 java.base@17.0.6
j  java.lang.reflect.Method.invoke(Ljava/lang/Object;[Ljava/lang/Object;)Ljava/lang/Object;+59 java.base@17.0.6
j  org.gradle.launcher.bootstrap.ProcessBootstrap.runNoExit(Ljava/lang/String;[Ljava/lang/String;)V+159
j  org.gradle.launcher.bootstrap.ProcessBootstrap.run(Ljava/lang/String;[Ljava/lang/String;)V+2
v  ~StubRoutines::call_stub
j  jdk.internal.reflect.NativeMethodAccessorImpl.invoke0(Ljava/lang/reflect/Method;Ljava/lang/Object;[Ljava/lang/Object;)Ljava/lang/Object;+0 java.base@17.0.6
j  jdk.internal.reflect.NativeMethodAccessorImpl.invoke(Ljava/lang/Object;[Ljava/lang/Object;)Ljava/lang/Object;+133 java.base@17.0.6
j  jdk.internal.reflect.DelegatingMethodAccessorImpl.invoke(Ljava/lang/Object;[Ljava/lang/Object;)Ljava/lang/Object;+6 java.base@17.0.6
j  java.lang.reflect.Method.invoke(Ljava/lang/Object;[Ljava/lang/Object;)Ljava/lang/Object;+59 java.base@17.0.6
j  org.gradle.launcher.GradleMain.main([Ljava/lang/String;)V+100
v  ~StubRoutines::call_stub
j  jdk.internal.reflect.NativeMethodAccessorImpl.invoke0(Ljava/lang/reflect/Method;Ljava/lang/Object;[Ljava/lang/Object;)Ljava/lang/Object;+0 java.base@17.0.6
j  jdk.internal.reflect.NativeMethodAccessorImpl.invoke(Ljava/lang/Object;[Ljava/lang/Object;)Ljava/lang/Object;+133 java.base@17.0.6
j  jdk.internal.reflect.DelegatingMethodAccessorImpl.invoke(Ljava/lang/Object;[Ljava/lang/Object;)Ljava/lang/Object;+6 java.base@17.0.6
j  java.lang.reflect.Method.invoke(Ljava/lang/Object;[Ljava/lang/Object;)Ljava/lang/Object;+59 java.base@17.0.6
j  org.gradle.wrapper.BootstrapMainStarter.start([Ljava/lang/String;Ljava/io/File;)V+82
j  org.gradle.wrapper.WrapperExecutor.execute([Ljava/lang/String;Lorg/gradle/wrapper/Install;Lorg/gradle/wrapper/BootstrapMainStarter;)V+14
j  org.gradle.wrapper.GradleWrapperMain.main([Ljava/lang/String;)V+190
v  ~StubRoutines::call_stub

---------------  P R O C E S S  ---------------

Threads class SMR info:
_java_thread_list=0x0000021683d54600, length=18, elements={
0x00000216e2edaf50, 0x00000216823a4fa0, 0x00000216823a5a60, 0x00000216823d86a0,
0x00000216823dcc90, 0x00000216823dd160, 0x00000216823dd630, 0x00000216823ddee0,
0x000002168241f520, 0x000002168241fa30, 0x0000021682565f70, 0x000002168257cae0,
0x0000021682575ee0, 0x00000216838d6410, 0x000002168385fc50, 0x00000216838d97e0,
0x00000216837eb460, 0x00000216839dd7c0
}

Java Threads: ( => current thread )
=>0x00000216e2edaf50 JavaThread "main" [_thread_in_vm, id=6860, stack(0x000000c6c8f00000,0x000000c6c9000000)]
  0x00000216823a4fa0 JavaThread "Reference Handler" daemon [_thread_blocked, id=5344, stack(0x000000c6c9600000,0x000000c6c9700000)]
  0x00000216823a5a60 JavaThread "Finalizer" daemon [_thread_blocked, id=11012, stack(0x000000c6c9700000,0x000000c6c9800000)]
  0x00000216823d86a0 JavaThread "Signal Dispatcher" daemon [_thread_blocked, id=10320, stack(0x000000c6c9800000,0x000000c6c9900000)]
  0x00000216823dcc90 JavaThread "Attach Listener" daemon [_thread_blocked, id=4312, stack(0x000000c6c9900000,0x000000c6c9a00000)]
  0x00000216823dd160 JavaThread "Service Thread" daemon [_thread_blocked, id=11084, stack(0x000000c6c9a00000,0x000000c6c9b00000)]
  0x00000216823dd630 JavaThread "Monitor Deflation Thread" daemon [_thread_blocked, id=6136, stack(0x000000c6c9b00000,0x000000c6c9c00000)]
  0x00000216823ddee0 JavaThread "C2 CompilerThread0" daemon [_thread_blocked, id=1656, stack(0x000000c6c9c00000,0x000000c6c9d00000)]
  0x000002168241f520 JavaThread "C1 CompilerThread0" daemon [_thread_blocked, id=8652, stack(0x000000c6c9d00000,0x000000c6c9e00000)]
  0x000002168241fa30 JavaThread "Sweeper thread" daemon [_thread_blocked, id=6360, stack(0x000000c6c9e00000,0x000000c6c9f00000)]
  0x0000021682565f70 JavaThread "C1 CompilerThread1" daemon [_thread_blocked, id=3960, stack(0x000000c6c9f00000,0x000000c6ca000000)]
  0x000002168257cae0 JavaThread "Notification Thread" daemon [_thread_blocked, id=7888, stack(0x000000c6ca000000,0x000000c6ca100000)]
  0x0000021682575ee0 JavaThread "Common-Cleaner" daemon [_thread_blocked, id=1624, stack(0x000000c6ca200000,0x000000c6ca300000)]
  0x00000216838d6410 JavaThread "C2 CompilerThread1" daemon [_thread_blocked, id=12268, stack(0x000000c6ca300000,0x000000c6ca400000)]
  0x000002168385fc50 JavaThread "C2 CompilerThread2" daemon [_thread_blocked, id=5368, stack(0x000000c6ca400000,0x000000c6ca500000)]
  0x00000216838d97e0 JavaThread "C1 CompilerThread2" daemon [_thread_blocked, id=1912, stack(0x000000c6ca500000,0x000000c6ca600000)]
  0x00000216837eb460 JavaThread "C1 CompilerThread3" daemon [_thread_blocked, id=6524, stack(0x000000c6ca600000,0x000000c6ca700000)]
  0x00000216839dd7c0 JavaThread "pool-1-thread-1" [_thread_blocked, id=9192, stack(0x000000c6cac00000,0x000000c6cad00000)]

Other Threads:
  0x000002168234a910 VMThread "VM Thread" [stack: 0x000000c6c9500000,0x000000c6c9600000] [id=8964]
  0x00000216e2f86ef0 WatcherThread [stack: 0x000000c6ca100000,0x000000c6ca200000] [id=8872]
  0x00000216e2f4a700 GCTaskThread "GC Thread#0" [stack: 0x000000c6c9000000,0x000000c6c9100000] [id=6132]
  0x0000021683ce0b60 GCTaskThread "GC Thread#1" [stack: 0x000000c6ca700000,0x000000c6ca800000] [id=6356]
  0x00000216838431d0 GCTaskThread "GC Thread#2" [stack: 0x000000c6ca800000,0x000000c6ca900000] [id=9364]
  0x0000021683def2c0 GCTaskThread "GC Thread#3" [stack: 0x000000c6ca900000,0x000000c6caa00000] [id=10560]
  0x0000021683def570 GCTaskThread "GC Thread#4" [stack: 0x000000c6caa00000,0x000000c6cab00000] [id=10604]
  0x0000021683c610d0 GCTaskThread "GC Thread#5" [stack: 0x000000c6cab00000,0x000000c6cac00000] [id=11944]
  0x00000216e2f5b1d0 ConcurrentGCThread "G1 Main Marker" [stack: 0x000000c6c9100000,0x000000c6c9200000] [id=11500]
  0x00000216e2f5baf0 ConcurrentGCThread "G1 Conc#0" [stack: 0x000000c6c9200000,0x000000c6c9300000] [id=2420]
  0x00000216e2fad9d0 ConcurrentGCThread "G1 Refine#0" [stack: 0x000000c6c9300000,0x000000c6c9400000] [id=9576]
  0x00000216e2fae300 ConcurrentGCThread "G1 Service" [stack: 0x000000c6c9400000,0x000000c6c9500000] [id=10500]

Threads with active compile tasks:

VM state: not at safepoint (normal execution)

VM Mutex/Monitor currently owned by a thread:  ([mutex/lock_event])
[0x00000216e2ed5340] Metaspace_lock - owner thread: 0x00000216e2edaf50

Heap address: 0x0000000703800000, size: 4040 MB, Compressed Oops mode: Zero based, Oop shift amount: 3

CDS archive(s) not mapped
Compressed class space mapped at: 0x0000000800000000-0x0000000840000000, reserved size: 1073741824
Narrow klass base: 0x0000000800000000, Narrow klass shift: 0, Narrow klass range: 0x40000000

GC Precious Log:
 CPUs: 16 total, 16 available
 Memory: 16155M
 Large Page Support: Disabled
 NUMA Support: Disabled
 Compressed Oops: Enabled (Zero based)
 Heap Region Size: 2M
 Heap Min Capacity: 8M
 Heap Initial Capacity: 254M
 Heap Max Capacity: 4040M
 Pre-touch: Disabled
 Parallel Workers: 13
 Concurrent Workers: 3
 Concurrent Refinement Workers: 13
 Periodic GC: Disabled

Heap:
 garbage-first heap   total 260096K, used 22361K [0x0000000703800000, 0x0000000800000000)
  region size 2048K, 9 young (18432K), 2 survivors (4096K)
 Metaspace       used 14825K, committed 14976K, reserved 1064960K
  class space    used 1727K, committed 1792K, reserved 1048576K

Heap Regions: E=young(eden), S=young(survivor), O=old, HS=humongous(starts), HC=humongous(continues), CS=collection set, F=free, OA=open archive, CA=closed archive, TAMS=top-at-mark-start (previous, next)
|   0|0x0000000703800000, 0x0000000703800000, 0x0000000703a00000|  0%| F|  |TAMS 0x0000000703800000, 0x0000000703800000| Untracked 
|   1|0x0000000703a00000, 0x0000000703a00000, 0x0000000703c00000|  0%| F|  |TAMS 0x0000000703a00000, 0x0000000703a00000| Untracked 
|   2|0x0000000703c00000, 0x0000000703e00000, 0x0000000703e00000|100%|HS|  |TAMS 0x0000000703c00000, 0x0000000703c00000| Complete 
|   3|0x0000000703e00000, 0x0000000704000000, 0x0000000704000000|100%|HC|  |TAMS 0x0000000703e00000, 0x0000000703e00000| Complete 
|   4|0x0000000704000000, 0x00000007041d6600, 0x0000000704200000| 91%| O|  |TAMS 0x0000000704000000, 0x0000000704000000| Untracked 
|   5|0x0000000704200000, 0x0000000704200000, 0x0000000704400000|  0%| F|  |TAMS 0x0000000704200000, 0x0000000704200000| Untracked 
|   6|0x0000000704400000, 0x0000000704400000, 0x0000000704600000|  0%| F|  |TAMS 0x0000000704400000, 0x0000000704400000| Untracked 
|   7|0x0000000704600000, 0x0000000704600000, 0x0000000704800000|  0%| F|  |TAMS 0x0000000704600000, 0x0000000704600000| Untracked 
|   8|0x0000000704800000, 0x0000000704800000, 0x0000000704a00000|  0%| F|  |TAMS 0x0000000704800000, 0x0000000704800000| Untracked 
|   9|0x0000000704a00000, 0x0000000704a00000, 0x0000000704c00000|  0%| F|  |TAMS 0x0000000704a00000, 0x0000000704a00000| Untracked 
|  10|0x0000000704c00000, 0x0000000704c00000, 0x0000000704e00000|  0%| F|  |TAMS 0x0000000704c00000, 0x0000000704c00000| Untracked 
|  11|0x0000000704e00000, 0x0000000704e00000, 0x0000000705000000|  0%| F|  |TAMS 0x0000000704e00000, 0x0000000704e00000| Untracked 
|  12|0x0000000705000000, 0x0000000705000000, 0x0000000705200000|  0%| F|  |TAMS 0x0000000705000000, 0x0000000705000000| Untracked 
|  13|0x0000000705200000, 0x0000000705200000, 0x0000000705400000|  0%| F|  |TAMS 0x0000000705200000, 0x0000000705200000| Untracked 
|  14|0x0000000705400000, 0x0000000705400000, 0x0000000705600000|  0%| F|  |TAMS 0x0000000705400000, 0x0000000705400000| Untracked 
|  15|0x0000000705600000, 0x0000000705600000, 0x0000000705800000|  0%| F|  |TAMS 0x0000000705600000, 0x0000000705600000| Untracked 
|  16|0x0000000705800000, 0x0000000705800000, 0x0000000705a00000|  0%| F|  |TAMS 0x0000000705800000, 0x0000000705800000| Untracked 
|  17|0x0000000705a00000, 0x0000000705a00000, 0x0000000705c00000|  0%| F|  |TAMS 0x0000000705a00000, 0x0000000705a00000| Untracked 
|  18|0x0000000705c00000, 0x0000000705c00000, 0x0000000705e00000|  0%| F|  |TAMS 0x0000000705c00000, 0x0000000705c00000| Untracked 
|  19|0x0000000705e00000, 0x0000000705e00000, 0x0000000706000000|  0%| F|  |TAMS 0x0000000705e00000, 0x0000000705e00000| Untracked 
|  20|0x0000000706000000, 0x0000000706000000, 0x0000000706200000|  0%| F|  |TAMS 0x0000000706000000, 0x0000000706000000| Untracked 
|  21|0x0000000706200000, 0x0000000706200000, 0x0000000706400000|  0%| F|  |TAMS 0x0000000706200000, 0x0000000706200000| Untracked 
|  22|0x0000000706400000, 0x0000000706400000, 0x0000000706600000|  0%| F|  |TAMS 0x0000000706400000, 0x0000000706400000| Untracked 
|  23|0x0000000706600000, 0x0000000706600000, 0x0000000706800000|  0%| F|  |TAMS 0x0000000706600000, 0x0000000706600000| Untracked 
|  24|0x0000000706800000, 0x0000000706800000, 0x0000000706a00000|  0%| F|  |TAMS 0x0000000706800000, 0x0000000706800000| Untracked 
|  25|0x0000000706a00000, 0x0000000706a00000, 0x0000000706c00000|  0%| F|  |TAMS 0x0000000706a00000, 0x0000000706a00000| Untracked 
|  26|0x0000000706c00000, 0x0000000706c00000, 0x0000000706e00000|  0%| F|  |TAMS 0x0000000706c00000, 0x0000000706c00000| Untracked 
|  27|0x0000000706e00000, 0x0000000706e00000, 0x0000000707000000|  0%| F|  |TAMS 0x0000000706e00000, 0x0000000706e00000| Untracked 
|  28|0x0000000707000000, 0x0000000707000000, 0x0000000707200000|  0%| F|  |TAMS 0x0000000707000000, 0x0000000707000000| Untracked 
|  29|0x0000000707200000, 0x0000000707200000, 0x0000000707400000|  0%| F|  |TAMS 0x0000000707200000, 0x0000000707200000| Untracked 
|  30|0x0000000707400000, 0x0000000707400000, 0x0000000707600000|  0%| F|  |TAMS 0x0000000707400000, 0x0000000707400000| Untracked 
|  31|0x0000000707600000, 0x0000000707600000, 0x0000000707800000|  0%| F|  |TAMS 0x0000000707600000, 0x0000000707600000| Untracked 
|  32|0x0000000707800000, 0x0000000707800000, 0x0000000707a00000|  0%| F|  |TAMS 0x0000000707800000, 0x0000000707800000| Untracked 
|  33|0x0000000707a00000, 0x0000000707a00000, 0x0000000707c00000|  0%| F|  |TAMS 0x0000000707a00000, 0x0000000707a00000| Untracked 
|  34|0x0000000707c00000, 0x0000000707c00000, 0x0000000707e00000|  0%| F|  |TAMS 0x0000000707c00000, 0x0000000707c00000| Untracked 
|  35|0x0000000707e00000, 0x0000000707e00000, 0x0000000708000000|  0%| F|  |TAMS 0x0000000707e00000, 0x0000000707e00000| Untracked 
|  36|0x0000000708000000, 0x0000000708000000, 0x0000000708200000|  0%| F|  |TAMS 0x0000000708000000, 0x0000000708000000| Untracked 
|  37|0x0000000708200000, 0x0000000708200000, 0x0000000708400000|  0%| F|  |TAMS 0x0000000708200000, 0x0000000708200000| Untracked 
|  38|0x0000000708400000, 0x0000000708400000, 0x0000000708600000|  0%| F|  |TAMS 0x0000000708400000, 0x0000000708400000| Untracked 
|  39|0x0000000708600000, 0x0000000708600000, 0x0000000708800000|  0%| F|  |TAMS 0x0000000708600000, 0x0000000708600000| Untracked 
|  40|0x0000000708800000, 0x0000000708800000, 0x0000000708a00000|  0%| F|  |TAMS 0x0000000708800000, 0x0000000708800000| Untracked 
|  41|0x0000000708a00000, 0x0000000708a00000, 0x0000000708c00000|  0%| F|  |TAMS 0x0000000708a00000, 0x0000000708a00000| Untracked 
|  42|0x0000000708c00000, 0x0000000708c00000, 0x0000000708e00000|  0%| F|  |TAMS 0x0000000708c00000, 0x0000000708c00000| Untracked 
|  43|0x0000000708e00000, 0x0000000708e00000, 0x0000000709000000|  0%| F|  |TAMS 0x0000000708e00000, 0x0000000708e00000| Untracked 
|  44|0x0000000709000000, 0x0000000709000000, 0x0000000709200000|  0%| F|  |TAMS 0x0000000709000000, 0x0000000709000000| Untracked 
|  45|0x0000000709200000, 0x0000000709200000, 0x0000000709400000|  0%| F|  |TAMS 0x0000000709200000, 0x0000000709200000| Untracked 
|  46|0x0000000709400000, 0x0000000709400000, 0x0000000709600000|  0%| F|  |TAMS 0x0000000709400000, 0x0000000709400000| Untracked 
|  47|0x0000000709600000, 0x0000000709600000, 0x0000000709800000|  0%| F|  |TAMS 0x0000000709600000, 0x0000000709600000| Untracked 
|  48|0x0000000709800000, 0x0000000709800000, 0x0000000709a00000|  0%| F|  |TAMS 0x0000000709800000, 0x0000000709800000| Untracked 
|  49|0x0000000709a00000, 0x0000000709a00000, 0x0000000709c00000|  0%| F|  |TAMS 0x0000000709a00000, 0x0000000709a00000| Untracked 
|  50|0x0000000709c00000, 0x0000000709c00000, 0x0000000709e00000|  0%| F|  |TAMS 0x0000000709c00000, 0x0000000709c00000| Untracked 
|  51|0x0000000709e00000, 0x0000000709e00000, 0x000000070a000000|  0%| F|  |TAMS 0x0000000709e00000, 0x0000000709e00000| Untracked 
|  52|0x000000070a000000, 0x000000070a000000, 0x000000070a200000|  0%| F|  |TAMS 0x000000070a000000, 0x000000070a000000| Untracked 
|  53|0x000000070a200000, 0x000000070a200000, 0x000000070a400000|  0%| F|  |TAMS 0x000000070a200000, 0x000000070a200000| Untracked 
|  54|0x000000070a400000, 0x000000070a400000, 0x000000070a600000|  0%| F|  |TAMS 0x000000070a400000, 0x000000070a400000| Untracked 
|  55|0x000000070a600000, 0x000000070a600000, 0x000000070a800000|  0%| F|  |TAMS 0x000000070a600000, 0x000000070a600000| Untracked 
|  56|0x000000070a800000, 0x000000070a800000, 0x000000070aa00000|  0%| F|  |TAMS 0x000000070a800000, 0x000000070a800000| Untracked 
|  57|0x000000070aa00000, 0x000000070aa00000, 0x000000070ac00000|  0%| F|  |TAMS 0x000000070aa00000, 0x000000070aa00000| Untracked 
|  58|0x000000070ac00000, 0x000000070ac00000, 0x000000070ae00000|  0%| F|  |TAMS 0x000000070ac00000, 0x000000070ac00000| Untracked 
|  59|0x000000070ae00000, 0x000000070ae00000, 0x000000070b000000|  0%| F|  |TAMS 0x000000070ae00000, 0x000000070ae00000| Untracked 
|  60|0x000000070b000000, 0x000000070b000000, 0x000000070b200000|  0%| F|  |TAMS 0x000000070b000000, 0x000000070b000000| Untracked 
|  61|0x000000070b200000, 0x000000070b200000, 0x000000070b400000|  0%| F|  |TAMS 0x000000070b200000, 0x000000070b200000| Untracked 
|  62|0x000000070b400000, 0x000000070b400000, 0x000000070b600000|  0%| F|  |TAMS 0x000000070b400000, 0x000000070b400000| Untracked 
|  63|0x000000070b600000, 0x000000070b600000, 0x000000070b800000|  0%| F|  |TAMS 0x000000070b600000, 0x000000070b600000| Untracked 
|  64|0x000000070b800000, 0x000000070b800000, 0x000000070ba00000|  0%| F|  |TAMS 0x000000070b800000, 0x000000070b800000| Untracked 
|  65|0x000000070ba00000, 0x000000070ba00000, 0x000000070bc00000|  0%| F|  |TAMS 0x000000070ba00000, 0x000000070ba00000| Untracked 
|  66|0x000000070bc00000, 0x000000070bc00000, 0x000000070be00000|  0%| F|  |TAMS 0x000000070bc00000, 0x000000070bc00000| Untracked 
|  67|0x000000070be00000, 0x000000070be00000, 0x000000070c000000|  0%| F|  |TAMS 0x000000070be00000, 0x000000070be00000| Untracked 
|  68|0x000000070c000000, 0x000000070c000000, 0x000000070c200000|  0%| F|  |TAMS 0x000000070c000000, 0x000000070c000000| Untracked 
|  69|0x000000070c200000, 0x000000070c200000, 0x000000070c400000|  0%| F|  |TAMS 0x000000070c200000, 0x000000070c200000| Untracked 
|  70|0x000000070c400000, 0x000000070c400000, 0x000000070c600000|  0%| F|  |TAMS 0x000000070c400000, 0x000000070c400000| Untracked 
|  71|0x000000070c600000, 0x000000070c600000, 0x000000070c800000|  0%| F|  |TAMS 0x000000070c600000, 0x000000070c600000| Untracked 
|  72|0x000000070c800000, 0x000000070c800000, 0x000000070ca00000|  0%| F|  |TAMS 0x000000070c800000, 0x000000070c800000| Untracked 
|  73|0x000000070ca00000, 0x000000070ca00000, 0x000000070cc00000|  0%| F|  |TAMS 0x000000070ca00000, 0x000000070ca00000| Untracked 
|  74|0x000000070cc00000, 0x000000070cc00000, 0x000000070ce00000|  0%| F|  |TAMS 0x000000070cc00000, 0x000000070cc00000| Untracked 
|  75|0x000000070ce00000, 0x000000070ce00000, 0x000000070d000000|  0%| F|  |TAMS 0x000000070ce00000, 0x000000070ce00000| Untracked 
|  76|0x000000070d000000, 0x000000070d000000, 0x000000070d200000|  0%| F|  |TAMS 0x000000070d000000, 0x000000070d000000| Untracked 
|  77|0x000000070d200000, 0x000000070d200000, 0x000000070d400000|  0%| F|  |TAMS 0x000000070d200000, 0x000000070d200000| Untracked 
|  78|0x000000070d400000, 0x000000070d400000, 0x000000070d600000|  0%| F|  |TAMS 0x000000070d400000, 0x000000070d400000| Untracked 
|  79|0x000000070d600000, 0x000000070d600000, 0x000000070d800000|  0%| F|  |TAMS 0x000000070d600000, 0x000000070d600000| Untracked 
|  80|0x000000070d800000, 0x000000070d800000, 0x000000070da00000|  0%| F|  |TAMS 0x000000070d800000, 0x000000070d800000| Untracked 
|  81|0x000000070da00000, 0x000000070da00000, 0x000000070dc00000|  0%| F|  |TAMS 0x000000070da00000, 0x000000070da00000| Untracked 
|  82|0x000000070dc00000, 0x000000070dc00000, 0x000000070de00000|  0%| F|  |TAMS 0x000000070dc00000, 0x000000070dc00000| Untracked 
|  83|0x000000070de00000, 0x000000070de00000, 0x000000070e000000|  0%| F|  |TAMS 0x000000070de00000, 0x000000070de00000| Untracked 
|  84|0x000000070e000000, 0x000000070e000000, 0x000000070e200000|  0%| F|  |TAMS 0x000000070e000000, 0x000000070e000000| Untracked 
|  85|0x000000070e200000, 0x000000070e200000, 0x000000070e400000|  0%| F|  |TAMS 0x000000070e200000, 0x000000070e200000| Untracked 
|  86|0x000000070e400000, 0x000000070e400000, 0x000000070e600000|  0%| F|  |TAMS 0x000000070e400000, 0x000000070e400000| Untracked 
|  87|0x000000070e600000, 0x000000070e600000, 0x000000070e800000|  0%| F|  |TAMS 0x000000070e600000, 0x000000070e600000| Untracked 
|  88|0x000000070e800000, 0x000000070e800000, 0x000000070ea00000|  0%| F|  |TAMS 0x000000070e800000, 0x000000070e800000| Untracked 
|  89|0x000000070ea00000, 0x000000070ea00000, 0x000000070ec00000|  0%| F|  |TAMS 0x000000070ea00000, 0x000000070ea00000| Untracked 
|  90|0x000000070ec00000, 0x000000070ec00000, 0x000000070ee00000|  0%| F|  |TAMS 0x000000070ec00000, 0x000000070ec00000| Untracked 
|  91|0x000000070ee00000, 0x000000070ee00000, 0x000000070f000000|  0%| F|  |TAMS 0x000000070ee00000, 0x000000070ee00000| Untracked 
|  92|0x000000070f000000, 0x000000070f000000, 0x000000070f200000|  0%| F|  |TAMS 0x000000070f000000, 0x000000070f000000| Untracked 
|  93|0x000000070f200000, 0x000000070f200000, 0x000000070f400000|  0%| F|  |TAMS 0x000000070f200000, 0x000000070f200000| Untracked 
|  94|0x000000070f400000, 0x000000070f400000, 0x000000070f600000|  0%| F|  |TAMS 0x000000070f400000, 0x000000070f400000| Untracked 
|  95|0x000000070f600000, 0x000000070f600000, 0x000000070f800000|  0%| F|  |TAMS 0x000000070f600000, 0x000000070f600000| Untracked 
|  96|0x000000070f800000, 0x000000070f800000, 0x000000070fa00000|  0%| F|  |TAMS 0x000000070f800000, 0x000000070f800000| Untracked 
|  97|0x000000070fa00000, 0x000000070fa00000, 0x000000070fc00000|  0%| F|  |TAMS 0x000000070fa00000, 0x000000070fa00000| Untracked 
|  98|0x000000070fc00000, 0x000000070fc00000, 0x000000070fe00000|  0%| F|  |TAMS 0x000000070fc00000, 0x000000070fc00000| Untracked 
|  99|0x000000070fe00000, 0x000000070fe00000, 0x0000000710000000|  0%| F|  |TAMS 0x000000070fe00000, 0x000000070fe00000| Untracked 
| 100|0x0000000710000000, 0x0000000710000000, 0x0000000710200000|  0%| F|  |TAMS 0x0000000710000000, 0x0000000710000000| Untracked 
| 101|0x0000000710200000, 0x0000000710200000, 0x0000000710400000|  0%| F|  |TAMS 0x0000000710200000, 0x0000000710200000| Untracked 
| 102|0x0000000710400000, 0x0000000710400000, 0x0000000710600000|  0%| F|  |TAMS 0x0000000710400000, 0x0000000710400000| Untracked 
| 103|0x0000000710600000, 0x0000000710600000, 0x0000000710800000|  0%| F|  |TAMS 0x0000000710600000, 0x0000000710600000| Untracked 
| 104|0x0000000710800000, 0x0000000710800000, 0x0000000710a00000|  0%| F|  |TAMS 0x0000000710800000, 0x0000000710800000| Untracked 
| 105|0x0000000710a00000, 0x0000000710a00000, 0x0000000710c00000|  0%| F|  |TAMS 0x0000000710a00000, 0x0000000710a00000| Untracked 
| 106|0x0000000710c00000, 0x0000000710c00000, 0x0000000710e00000|  0%| F|  |TAMS 0x0000000710c00000, 0x0000000710c00000| Untracked 
| 107|0x0000000710e00000, 0x0000000710e00000, 0x0000000711000000|  0%| F|  |TAMS 0x0000000710e00000, 0x0000000710e00000| Untracked 
| 108|0x0000000711000000, 0x0000000711000000, 0x0000000711200000|  0%| F|  |TAMS 0x0000000711000000, 0x0000000711000000| Untracked 
| 109|0x0000000711200000, 0x0000000711200000, 0x0000000711400000|  0%| F|  |TAMS 0x0000000711200000, 0x0000000711200000| Untracked 
| 110|0x0000000711400000, 0x0000000711400000, 0x0000000711600000|  0%| F|  |TAMS 0x0000000711400000, 0x0000000711400000| Untracked 
| 111|0x0000000711600000, 0x0000000711600000, 0x0000000711800000|  0%| F|  |TAMS 0x0000000711600000, 0x0000000711600000| Untracked 
| 112|0x0000000711800000, 0x0000000711800000, 0x0000000711a00000|  0%| F|  |TAMS 0x0000000711800000, 0x0000000711800000| Untracked 
| 113|0x0000000711a00000, 0x0000000711a00000, 0x0000000711c00000|  0%| F|  |TAMS 0x0000000711a00000, 0x0000000711a00000| Untracked 
| 114|0x0000000711c00000, 0x0000000711e00000, 0x0000000711e00000|100%| S|CS|TAMS 0x0000000711c00000, 0x0000000711c00000| Complete 
| 115|0x0000000711e00000, 0x0000000712000000, 0x0000000712000000|100%| S|CS|TAMS 0x0000000711e00000, 0x0000000711e00000| Complete 
| 116|0x0000000712000000, 0x0000000712000000, 0x0000000712200000|  0%| F|  |TAMS 0x0000000712000000, 0x0000000712000000| Untracked 
| 117|0x0000000712200000, 0x0000000712200000, 0x0000000712400000|  0%| F|  |TAMS 0x0000000712200000, 0x0000000712200000| Untracked 
| 118|0x0000000712400000, 0x0000000712400000, 0x0000000712600000|  0%| F|  |TAMS 0x0000000712400000, 0x0000000712400000| Untracked 
| 119|0x0000000712600000, 0x0000000712600000, 0x0000000712800000|  0%| F|  |TAMS 0x0000000712600000, 0x0000000712600000| Untracked 
| 120|0x0000000712800000, 0x00000007128f6558, 0x0000000712a00000| 48%| E|  |TAMS 0x0000000712800000, 0x0000000712800000| Complete 
| 121|0x0000000712a00000, 0x0000000712c00000, 0x0000000712c00000|100%| E|CS|TAMS 0x0000000712a00000, 0x0000000712a00000| Complete 
| 122|0x0000000712c00000, 0x0000000712e00000, 0x0000000712e00000|100%| E|CS|TAMS 0x0000000712c00000, 0x0000000712c00000| Complete 
| 123|0x0000000712e00000, 0x0000000713000000, 0x0000000713000000|100%| E|CS|TAMS 0x0000000712e00000, 0x0000000712e00000| Complete 
| 124|0x0000000713000000, 0x0000000713200000, 0x0000000713200000|100%| E|CS|TAMS 0x0000000713000000, 0x0000000713000000| Complete 
| 125|0x0000000713200000, 0x0000000713400000, 0x0000000713400000|100%| E|CS|TAMS 0x0000000713200000, 0x0000000713200000| Complete 
| 126|0x0000000713400000, 0x0000000713600000, 0x0000000713600000|100%| E|CS|TAMS 0x0000000713400000, 0x0000000713400000| Complete 

Card table byte_map: [0x00000216f6420000,0x00000216f6c10000] _byte_map_base: 0x00000216f2c04000

Marking Bits (Prev, Next): (CMBitMap*) 0x00000216e2f4ac20, (CMBitMap*) 0x00000216e2f4ac60
 Prev Bits: [0x00000216f7400000, 0x00000216fb320000)
 Next Bits: [0x00000216fb320000, 0x00000216ff240000)

Polling page: 0x00000216e26b0000

Metaspace:

Usage:
  Non-class:     12.79 MB used.
      Class:      1.69 MB used.
       Both:     14.48 MB used.

Virtual space:
  Non-class space:       16.00 MB reserved,      12.88 MB ( 80%) committed,  2 nodes.
      Class space:        1.00 GB reserved,       1.75 MB ( <1%) committed,  1 nodes.
             Both:        1.02 GB reserved,      14.62 MB (  1%) committed. 

Chunk freelists:
   Non-Class:  2.45 MB
       Class:  2.23 MB
        Both:  4.69 MB

MaxMetaspaceSize: unlimited
CompressedClassSpaceSize: 1.00 GB
Initial GC threshold: 21.00 MB
Current GC threshold: 21.00 MB
CDS: off
MetaspaceReclaimPolicy: balanced
 - commit_granule_bytes: 65536.
 - commit_granule_words: 8192.
 - virtual_space_node_default_size: 1048576.
 - enlarge_chunks_in_place: 1.
 - new_chunks_are_fully_committed: 0.
 - uncommit_free_chunks: 1.
 - use_allocation_guard: 0.
 - handle_deallocations: 1.


Internal statistics:

num_allocs_failed_limit: 0.
num_arena_births: 74.
num_arena_deaths: 0.
num_vsnodes_births: 3.
num_vsnodes_deaths: 0.
num_space_committed: 234.
num_space_uncommitted: 0.
num_chunks_returned_to_freelist: 0.
num_chunks_taken_from_freelist: 270.
num_chunk_merges: 0.
num_chunk_splits: 173.
num_chunks_enlarged: 144.
num_purges: 0.
num_inconsistent_stats: 0.

CodeHeap 'non-profiled nmethods': size=119168Kb used=438Kb max_used=438Kb free=118729Kb
 bounds [0x00000216edf50000, 0x00000216ee1c0000, 0x00000216f53b0000]
CodeHeap 'profiled nmethods': size=119104Kb used=2051Kb max_used=2051Kb free=117052Kb
 bounds [0x00000216e63b0000, 0x00000216e6620000, 0x00000216ed800000]
CodeHeap 'non-nmethods': size=7488Kb used=2852Kb max_used=2872Kb free=4635Kb
 bounds [0x00000216ed800000, 0x00000216edae0000, 0x00000216edf50000]
 total_blobs=1555 nmethods=1110 adapters=355
 compilation: enabled
              stopped_count=0, restarted_count=0
 full_count=0

Compilation events (20 events):
Event: 0.809 Thread 0x00000216838d97e0 1100       1       java.util.concurrent.atomic.AtomicReference::get (5 bytes)
Event: 0.809 Thread 0x00000216838d97e0 nmethod 1100 0x00000216edfbc910 code [0x00000216edfbcaa0, 0x00000216edfbcb78]
Event: 0.840 Thread 0x00000216823ddee0 1101       4       java.lang.String::startsWith (7 bytes)
Event: 0.843 Thread 0x00000216823ddee0 nmethod 1101 0x00000216edfbcc10 code [0x00000216edfbcda0, 0x00000216edfbcff8]
Event: 0.843 Thread 0x0000021682565f70 1103       3       java.lang.invoke.MemberName::checkForTypeAlias (172 bytes)
Event: 0.844 Thread 0x00000216837eb460 1104       1       java.lang.invoke.DirectMethodHandle::internalMemberName (5 bytes)
Event: 0.844 Thread 0x00000216838d97e0 1105       3       java.lang.Integer::stringSize (47 bytes)
Event: 0.844 Thread 0x000002168241f520 1106       3       java.lang.Integer::getChars (131 bytes)
Event: 0.844 Thread 0x00000216837eb460 nmethod 1104 0x00000216edfbd510 code [0x00000216edfbd6a0, 0x00000216edfbd778]
Event: 0.844 Thread 0x00000216837eb460 1107       3       jdk.internal.org.objectweb.asm.MethodWriter::visitFieldInsn (258 bytes)
Event: 0.844 Thread 0x00000216838d97e0 nmethod 1105 0x00000216e65aba10 code [0x00000216e65abbc0, 0x00000216e65abe18]
Event: 0.844 Thread 0x00000216838d97e0 1108       3       jdk.internal.org.objectweb.asm.SymbolTable::addConstantFieldref (10 bytes)
Event: 0.844 Thread 0x00000216838d97e0 nmethod 1108 0x00000216e65abf10 code [0x00000216e65ac0a0, 0x00000216e65ac1e8]
Event: 0.844 Thread 0x000002168241f520 nmethod 1106 0x00000216e65ac290 code [0x00000216e65ac460, 0x00000216e65ac898]
Event: 0.844 Thread 0x00000216837eb460 nmethod 1107 0x00000216e65acb10 code [0x00000216e65acd80, 0x00000216e65ad908]
Event: 0.845 Thread 0x0000021682565f70 nmethod 1103 0x00000216e65add10 code [0x00000216e65ae180, 0x00000216e65b0038]
Event: 0.845 Thread 0x00000216823ddee0 1109       4       java.lang.invoke.MethodType::parameterCount (6 bytes)
Event: 0.845 Thread 0x00000216837eb460 1110       3       java.lang.invoke.MemberName::<init> (50 bytes)
Event: 0.845 Thread 0x00000216837eb460 nmethod 1110 0x00000216e65b0910 code [0x00000216e65b0ae0, 0x00000216e65b0df8]
Event: 0.845 Thread 0x00000216823ddee0 nmethod 1109 0x00000216edfbd810 code [0x00000216edfbd980, 0x00000216edfbda18]

GC Heap History (2 events):
Event: 0.595 GC heap before
{Heap before GC invocations=0 (full 0):
 garbage-first heap   total 260096K, used 30720K [0x0000000703800000, 0x0000000800000000)
  region size 2048K, 11 young (22528K), 0 survivors (0K)
 Metaspace       used 10830K, committed 11008K, reserved 1064960K
  class space    used 1106K, committed 1216K, reserved 1048576K
}
Event: 0.598 GC heap after
{Heap after GC invocations=1 (full 0):
 garbage-first heap   total 260096K, used 10073K [0x0000000703800000, 0x0000000800000000)
  region size 2048K, 2 young (4096K), 2 survivors (4096K)
 Metaspace       used 10830K, committed 11008K, reserved 1064960K
  class space    used 1106K, committed 1216K, reserved 1048576K
}

Dll operation events (2 events):
Event: 0.003 Loaded shared library D:\install\soft\Android Studio\jbr\bin\java.dll
Event: 0.082 Loaded shared library D:\install\soft\Android Studio\jbr\bin\verify.dll

Deoptimization events (20 events):
Event: 0.701 Thread 0x00000216e2edaf50 Uncommon trap: trap_request=0xffffffde fr.pc=0x00000216edfaedb4 relative=0x0000000000000114
Event: 0.701 Thread 0x00000216e2edaf50 Uncommon trap: reason=class_check action=maybe_recompile pc=0x00000216edfaedb4 method=jdk.internal.misc.Unsafe.allocateUninitializedArray(Ljava/lang/Class;I)Ljava/lang/Object; @ 51 c2
Event: 0.701 Thread 0x00000216e2edaf50 DEOPT PACKING pc=0x00000216edfaedb4 sp=0x000000c6c8ffac80
Event: 0.701 Thread 0x00000216e2edaf50 DEOPT UNPACKING pc=0x00000216ed85a1a3 sp=0x000000c6c8ffac08 mode 2
Event: 0.701 Thread 0x00000216e2edaf50 Uncommon trap: trap_request=0xffffffde fr.pc=0x00000216edfaedb4 relative=0x0000000000000114
Event: 0.701 Thread 0x00000216e2edaf50 Uncommon trap: reason=class_check action=maybe_recompile pc=0x00000216edfaedb4 method=jdk.internal.misc.Unsafe.allocateUninitializedArray(Ljava/lang/Class;I)Ljava/lang/Object; @ 51 c2
Event: 0.701 Thread 0x00000216e2edaf50 DEOPT PACKING pc=0x00000216edfaedb4 sp=0x000000c6c8ffad20
Event: 0.701 Thread 0x00000216e2edaf50 DEOPT UNPACKING pc=0x00000216ed85a1a3 sp=0x000000c6c8ffaca8 mode 2
Event: 0.713 Thread 0x00000216e2edaf50 Uncommon trap: trap_request=0xffffff45 fr.pc=0x00000216edf855c4 relative=0x0000000000001024
Event: 0.713 Thread 0x00000216e2edaf50 Uncommon trap: reason=unstable_if action=reinterpret pc=0x00000216edf855c4 method=java.util.HashMap.putVal(ILjava/lang/Object;Ljava/lang/Object;ZZ)Ljava/lang/Object; @ 236 c2
Event: 0.713 Thread 0x00000216e2edaf50 DEOPT PACKING pc=0x00000216edf855c4 sp=0x000000c6c8ffbae0
Event: 0.713 Thread 0x00000216e2edaf50 DEOPT UNPACKING pc=0x00000216ed85a1a3 sp=0x000000c6c8ffbaa8 mode 2
Event: 0.721 Thread 0x00000216e2edaf50 DEOPT PACKING pc=0x00000216e64576e5 sp=0x000000c6c8ffb240
Event: 0.721 Thread 0x00000216e2edaf50 DEOPT UNPACKING pc=0x00000216ed85ace3 sp=0x000000c6c8ffa690 mode 0
Event: 0.752 Thread 0x00000216e2edaf50 DEOPT PACKING pc=0x00000216e64ad7c8 sp=0x000000c6c8ff9070
Event: 0.752 Thread 0x00000216e2edaf50 DEOPT UNPACKING pc=0x00000216ed85ace3 sp=0x000000c6c8ff8588 mode 0
Event: 0.792 Thread 0x00000216e2edaf50 Uncommon trap: trap_request=0xffffff45 fr.pc=0x00000216edf94600 relative=0x0000000000001e40
Event: 0.792 Thread 0x00000216e2edaf50 Uncommon trap: reason=unstable_if action=reinterpret pc=0x00000216edf94600 method=java.io.WinNTFileSystem.normalize(Ljava/lang/String;)Ljava/lang/String; @ 128 c2
Event: 0.793 Thread 0x00000216e2edaf50 DEOPT PACKING pc=0x00000216edf94600 sp=0x000000c6c8ffb5c0
Event: 0.793 Thread 0x00000216e2edaf50 DEOPT UNPACKING pc=0x00000216ed85a1a3 sp=0x000000c6c8ffb5a8 mode 2

Classes unloaded (0 events):
No events

Classes redefined (0 events):
No events

Internal exceptions (17 events):
Event: 0.197 Thread 0x00000216e2edaf50 Exception <a 'java/lang/NoSuchMethodError'{0x00000007133ba6a8}: 'int java.lang.invoke.DirectMethodHandle$Holder.invokeStaticInit(java.lang.Object, java.lang.Object)'> (0x00000007133ba6a8) 
thrown [s\src\hotspot\share\interpreter\linkResolver.cpp, line 771]
Event: 0.574 Thread 0x00000216e2edaf50 Exception <a 'java/lang/NoSuchMethodError'{0x000000071214c2f8}: 'void java.lang.invoke.DirectMethodHandle$Holder.invokeStatic(java.lang.Object, java.lang.Object)'> (0x000000071214c2f8) 
thrown [s\src\hotspot\share\interpreter\linkResolver.cpp, line 771]
Event: 0.591 Thread 0x00000216e2edaf50 Exception <a 'java/lang/NoClassDefFoundError'{0x00000007121d4468}: org/slf4j/impl/StaticMarkerBinder> (0x00000007121d4468) 
thrown [s\src\hotspot\share\classfile\systemDictionary.cpp, line 245]
Event: 0.609 Thread 0x00000216e2edaf50 Exception <a 'java/lang/NoSuchMethodError'{0x0000000713470080}: 'java.lang.Object java.lang.invoke.DirectMethodHandle$Holder.invokeVirtual(java.lang.Object, java.lang.Object, java.lang.Object, java.lang.Object, java.lang.Object, java.lang.Object, java.lang.Object)'> (0x0000000713470080) 
thrown [s\src\hotspot\share\interpreter\linkResolver.cpp, line 771]
Event: 0.611 Thread 0x00000216e2edaf50 Exception <a 'java/lang/NoSuchMethodError'{0x00000007134fcaa8}: 'java.lang.Object java.lang.invoke.Invokers$Holder.invoker(java.lang.Object, java.lang.Object, java.lang.Object)'> (0x00000007134fcaa8) 
thrown [s\src\hotspot\share\interpreter\linkResolver.cpp, line 771]
Event: 0.614 Thread 0x00000216e2edaf50 Exception <a 'java/lang/NoSuchMethodError'{0x0000000713505c58}: 'java.lang.Object java.lang.invoke.DirectMethodHandle$Holder.invokeStatic(java.lang.Object, java.lang.Object, int)'> (0x0000000713505c58) 
thrown [s\src\hotspot\share\interpreter\linkResolver.cpp, line 771]
Event: 0.615 Thread 0x00000216e2edaf50 Exception <a 'java/lang/NoSuchMethodError'{0x0000000713511948}: 'void java.lang.invoke.DelegatingMethodHandle$Holder.delegate(java.lang.Object, java.lang.Object, int, java.lang.Object)'> (0x0000000713511948) 
thrown [s\src\hotspot\share\interpreter\linkResolver.cpp, line 771]
Event: 0.615 Thread 0x00000216e2edaf50 Exception <a 'java/lang/NoSuchMethodError'{0x0000000713515b10}: 'int java.lang.invoke.DirectMethodHandle$Holder.invokeSpecial(java.lang.Object, java.lang.Object, java.lang.Object)'> (0x0000000713515b10) 
thrown [s\src\hotspot\share\interpreter\linkResolver.cpp, line 771]
Event: 0.618 Thread 0x00000216e2edaf50 Exception <a 'java/lang/NoSuchMethodError'{0x0000000713528cc8}: 'java.lang.Object java.lang.invoke.Invokers$Holder.invokeExact_MT(java.lang.Object, java.lang.Object, java.lang.Object, java.lang.Object)'> (0x0000000713528cc8) 
thrown [s\src\hotspot\share\interpreter\linkResolver.cpp, line 771]
Event: 0.681 Thread 0x00000216e2edaf50 Exception <a 'java/lang/NoSuchMethodError'{0x00000007131a1a30}: 'java.lang.Object java.lang.invoke.DirectMethodHandle$Holder.invokeInterface(java.lang.Object, java.lang.Object, java.lang.Object)'> (0x00000007131a1a30) 
thrown [s\src\hotspot\share\interpreter\linkResolver.cpp, line 771]
Event: 0.683 Thread 0x00000216e2edaf50 Exception <a 'java/lang/NoSuchMethodError'{0x00000007131c3458}: 'void java.lang.invoke.DirectMethodHandle$Holder.invokeSpecial(java.lang.Object, java.lang.Object, java.lang.Object)'> (0x00000007131c3458) 
thrown [s\src\hotspot\share\interpreter\linkResolver.cpp, line 771]
Event: 0.693 Thread 0x00000216e2edaf50 Implicit null exception at 0x00000216edfa168f to 0x00000216edfa1aec
Event: 0.693 Thread 0x00000216e2edaf50 Implicit null exception at 0x00000216edf8a48f to 0x00000216edf8a8c8
Event: 0.705 Thread 0x00000216e2edaf50 Exception <a 'java/lang/NoSuchMethodError'{0x0000000712f615b0}: 'java.lang.Object java.lang.invoke.DirectMethodHandle$Holder.invokeStaticInit(java.lang.Object)'> (0x0000000712f615b0) 
thrown [s\src\hotspot\share\interpreter\linkResolver.cpp, line 771]
Event: 0.773 Thread 0x00000216e2edaf50 Exception <a 'java/lang/NoSuchMethodError'{0x0000000712bd3638}: 'java.lang.Object java.lang.invoke.DirectMethodHandle$Holder.invokeStaticInit(java.lang.Object, int, int, int, int)'> (0x0000000712bd3638) 
thrown [s\src\hotspot\share\interpreter\linkResolver.cpp, line 771]
Event: 0.796 Thread 0x00000216e2edaf50 Exception <a 'java/lang/NoSuchMethodError'{0x0000000712800bc8}: 'java.lang.Object java.lang.invoke.DirectMethodHandle$Holder.invokeStaticInit(java.lang.Object, java.lang.Object, int, int, int, int)'> (0x0000000712800bc8) 
thrown [s\src\hotspot\share\interpreter\linkResolver.cpp, line 771]
Event: 0.843 Thread 0x00000216e2edaf50 Exception <a 'java/lang/NoSuchMethodError'{0x000000071282d768}: 'void java.lang.invoke.DirectMethodHandle$Holder.invokeStatic(java.lang.Object, java.lang.Object, java.lang.Object)'> (0x000000071282d768) 
thrown [s\src\hotspot\share\interpreter\linkResolver.cpp, line 771]

VM Operations (12 events):
Event: 0.079 Executing VM operation: HandshakeAllThreads
Event: 0.079 Executing VM operation: HandshakeAllThreads done
Event: 0.495 Executing VM operation: HandshakeAllThreads
Event: 0.495 Executing VM operation: HandshakeAllThreads done
Event: 0.594 Executing VM operation: G1CollectForAllocation
Event: 0.598 Executing VM operation: G1CollectForAllocation done
Event: 0.613 Executing VM operation: HandshakeAllThreads
Event: 0.613 Executing VM operation: HandshakeAllThreads done
Event: 0.748 Executing VM operation: HandshakeAllThreads
Event: 0.748 Executing VM operation: HandshakeAllThreads done
Event: 0.794 Executing VM operation: HandshakeAllThreads
Event: 0.794 Executing VM operation: HandshakeAllThreads done

Events (20 events):
Event: 0.845 loading class java/net/StandardSocketOptions$StdSocketOption
Event: 0.845 loading class java/net/StandardSocketOptions$StdSocketOption done
Event: 0.845 loading class sun/nio/ch/DatagramChannelImpl$DefaultOptionsHolder
Event: 0.845 loading class sun/nio/ch/DatagramChannelImpl$DefaultOptionsHolder done
Event: 0.845 loading class sun/nio/ch/SocketOptionRegistry
Event: 0.845 loading class sun/nio/ch/SocketOptionRegistry done
Event: 0.845 loading class sun/nio/ch/SocketOptionRegistry$RegistryKey
Event: 0.845 loading class sun/nio/ch/SocketOptionRegistry$RegistryKey done
Event: 0.845 loading class sun/nio/ch/SocketOptionRegistry$LazyInitialization
Event: 0.845 loading class sun/nio/ch/SocketOptionRegistry$LazyInitialization done
Event: 0.845 loading class sun/nio/ch/OptionKey
Event: 0.845 loading class sun/nio/ch/OptionKey done
Event: 0.845 loading class sun/nio/ch/ExtendedSocketOption
Event: 0.845 loading class sun/nio/ch/ExtendedSocketOption done
Event: 0.845 loading class sun/nio/ch/ExtendedSocketOption$1
Event: 0.845 loading class sun/nio/ch/ExtendedSocketOption$1 done
Event: 0.847 loading class java/io/EOFException
Event: 0.847 loading class java/io/EOFException done
Event: 0.847 loading class java/nio/channels/OverlappingFileLockException
Event: 0.847 loading class java/nio/channels/OverlappingFileLockException done


Dynamic libraries:
0x00007ff64ea50000 - 0x00007ff64ea5a000 	D:\install\soft\Android Studio\jbr\bin\java.exe
0x00007ffe16810000 - 0x00007ffe16a05000 	C:\Windows\SYSTEM32\ntdll.dll
0x00007ffe14f90000 - 0x00007ffe1504e000 	C:\Windows\System32\KERNEL32.DLL
0x00007ffe142d0000 - 0x00007ffe14599000 	C:\Windows\System32\KERNELBASE.dll
0x00007ffe13f80000 - 0x00007ffe14080000 	C:\Windows\System32\ucrtbase.dll
0x00007ffdf9c30000 - 0x00007ffdf9c47000 	D:\install\soft\Android Studio\jbr\bin\jli.dll
0x00007ffdf9c10000 - 0x00007ffdf9c2b000 	D:\install\soft\Android Studio\jbr\bin\VCRUNTIME140.dll
0x00007ffe14950000 - 0x00007ffe14af1000 	C:\Windows\System32\USER32.dll
0x00007ffdfc320000 - 0x00007ffdfc5ba000 	C:\Windows\WinSxS\amd64_microsoft.windows.common-controls_6595b64144ccf1df_6.0.19041.1110_none_60b5254171f9507e\COMCTL32.dll
0x00007ffe145a0000 - 0x00007ffe145c2000 	C:\Windows\System32\win32u.dll
0x00007ffe161f0000 - 0x00007ffe1628e000 	C:\Windows\System32\msvcrt.dll
0x00007ffe15790000 - 0x00007ffe157bb000 	C:\Windows\System32\GDI32.dll
0x00007ffe141c0000 - 0x00007ffe142cb000 	C:\Windows\System32\gdi32full.dll
0x00007ffe145d0000 - 0x00007ffe1466d000 	C:\Windows\System32\msvcp_win.dll
0x00007ffe161c0000 - 0x00007ffe161f0000 	C:\Windows\System32\IMM32.DLL
0x00007ffdf9c00000 - 0x00007ffdf9c0c000 	D:\install\soft\Android Studio\jbr\bin\vcruntime140_1.dll
0x00007ffdf9b70000 - 0x00007ffdf9bfd000 	D:\install\soft\Android Studio\jbr\bin\msvcp140.dll
0x00007ffdbfe90000 - 0x00007ffdc0afd000 	D:\install\soft\Android Studio\jbr\bin\server\jvm.dll
0x00007ffe16290000 - 0x00007ffe1633c000 	C:\Windows\System32\ADVAPI32.dll
0x00007ffe158e0000 - 0x00007ffe1597b000 	C:\Windows\System32\sechost.dll
0x00007ffe14be0000 - 0x00007ffe14d0a000 	C:\Windows\System32\RPCRT4.dll
0x00007ffe0d3d0000 - 0x00007ffe0d3d9000 	C:\Windows\SYSTEM32\WSOCK32.dll
0x00007ffdfa050000 - 0x00007ffdfa077000 	C:\Windows\SYSTEM32\WINMM.dll
0x00007ffe0aa00000 - 0x00007ffe0aa0a000 	C:\Windows\SYSTEM32\VERSION.dll
0x00007ffe15870000 - 0x00007ffe158db000 	C:\Windows\System32\WS2_32.dll
0x00007ffe127e0000 - 0x00007ffe127f2000 	C:\Windows\SYSTEM32\kernel.appcore.dll
0x00007ffe0d3c0000 - 0x00007ffe0d3ca000 	D:\install\soft\Android Studio\jbr\bin\jimage.dll
0x00007ffe12300000 - 0x00007ffe124e4000 	C:\Windows\SYSTEM32\DBGHELP.DLL
0x00007ffdff4e0000 - 0x00007ffdff50c000 	C:\Windows\SYSTEM32\dbgcore.DLL
0x00007ffe14130000 - 0x00007ffe141b3000 	C:\Windows\System32\bcryptPrimitives.dll
0x00007ffe0d390000 - 0x00007ffe0d3b5000 	D:\install\soft\Android Studio\jbr\bin\java.dll
0x00007ffe0c990000 - 0x00007ffe0c9a8000 	D:\install\soft\Android Studio\jbr\bin\zip.dll
0x00007ffe15050000 - 0x00007ffe1578f000 	C:\Windows\System32\SHELL32.dll
0x00007ffe11b70000 - 0x00007ffe12300000 	C:\Windows\SYSTEM32\windows.storage.dll
0x00007ffe15980000 - 0x00007ffe15cd5000 	C:\Windows\System32\combase.dll
0x00007ffe13980000 - 0x00007ffe139ac000 	C:\Windows\SYSTEM32\Wldp.dll
0x00007ffe157c0000 - 0x00007ffe1586d000 	C:\Windows\System32\SHCORE.dll
0x00007ffe14860000 - 0x00007ffe148b5000 	C:\Windows\System32\shlwapi.dll
0x00007ffe13e70000 - 0x00007ffe13e8f000 	C:\Windows\SYSTEM32\profapi.dll
0x00007ffe0c960000 - 0x00007ffe0c979000 	D:\install\soft\Android Studio\jbr\bin\net.dll
0x00007ffe0b040000 - 0x00007ffe0b148000 	C:\Windows\SYSTEM32\WINHTTP.dll
0x00007ffe136e0000 - 0x00007ffe1374a000 	C:\Windows\system32\mswsock.dll
0x00007ffe0a650000 - 0x00007ffe0a666000 	D:\install\soft\Android Studio\jbr\bin\nio.dll
0x00007ffdfb160000 - 0x00007ffdfb170000 	D:\install\soft\Android Studio\jbr\bin\verify.dll
0x00007ffdf0cc0000 - 0x00007ffdf0ce7000 	C:\Users\vadymkon\.gradle\native\e1d6ef7f7dcc3fd88c89a11ec53ec762bb8ba0a96d01ffa2cd45eb1d1d8dd5c5\windows-amd64\native-platform.dll
0x00007ffe0a620000 - 0x00007ffe0a629000 	D:\install\soft\Android Studio\jbr\bin\management.dll
0x00007ffdfb980000 - 0x00007ffdfb98b000 	D:\install\soft\Android Studio\jbr\bin\management_ext.dll
0x00007ffe14d10000 - 0x00007ffe14d18000 	C:\Windows\System32\PSAPI.DLL
0x00007ffe138e0000 - 0x00007ffe138f8000 	C:\Windows\SYSTEM32\CRYPTSP.dll
0x00007ffe12ff0000 - 0x00007ffe13024000 	C:\Windows\system32\rsaenh.dll
0x00007ffe14670000 - 0x00007ffe14697000 	C:\Windows\System32\bcrypt.dll
0x00007ffe13df0000 - 0x00007ffe13e1e000 	C:\Windows\SYSTEM32\USERENV.dll
0x00007ffe138d0000 - 0x00007ffe138dc000 	C:\Windows\SYSTEM32\CRYPTBASE.dll
0x00007ffe13380000 - 0x00007ffe133bb000 	C:\Windows\SYSTEM32\IPHLPAPI.DLL
0x00007ffe14b00000 - 0x00007ffe14b08000 	C:\Windows\System32\NSI.dll
0x00007ffe09b00000 - 0x00007ffe09b17000 	C:\Windows\SYSTEM32\dhcpcsvc6.DLL
0x00007ffe09960000 - 0x00007ffe0997d000 	C:\Windows\SYSTEM32\dhcpcsvc.DLL
0x00007ffe133d0000 - 0x00007ffe1349c000 	C:\Windows\SYSTEM32\DNSAPI.dll

dbghelp: loaded successfully - version: 4.0.5 - missing functions: none
symbol engine: initialized successfully - sym options: 0x614 - pdb path: .;D:\install\soft\Android Studio\jbr\bin;C:\Windows\SYSTEM32;C:\Windows\WinSxS\amd64_microsoft.windows.common-controls_6595b64144ccf1df_6.0.19041.1110_none_60b5254171f9507e;D:\install\soft\Android Studio\jbr\bin\server;C:\Users\vadymkon\.gradle\native\e1d6ef7f7dcc3fd88c89a11ec53ec762bb8ba0a96d01ffa2cd45eb1d1d8dd5c5\windows-amd64

VM Arguments:
jvm_args: -Dorg.gradle.appname=gradlew 
java_command: org.gradle.wrapper.GradleWrapperMain -q -Ptarget-platform=android-x64 -Ptarget=D:\vadymkon\Kaiters\apps\witcher_notes\lib\main.dart -Pbase-application-name=android.app.Application -Pdart-defines=Zmx1dHRlci5pbnNwZWN0b3Iuc3RydWN0dXJlZEVycm9ycz10cnVl,RkxVVFRFUl9XRUJfQVVUT19ERVRFQ1Q9dHJ1ZQ==,RkxVVFRFUl9XRUJfQ0FOVkFTS0lUX1VSTD1odHRwczovL3d3dy5nc3RhdGljLmNvbS9mbHV0dGVyLWNhbnZhc2tpdC80NWY2ZTAwOTExMGRmNGYzNGVjMmNmOTlmNjNjZjczYjcxYjdhNDIwLw== -Pdart-obfuscation=false -Ptrack-widget-creation=true -Ptree-shake-icons=false -Pfilesystem-scheme=org-dartlang-root assembleDebug
java_class_path (initial): D:\vadymkon\Kaiters\apps\witcher_notes\android\\gradle\wrapper\gradle-wrapper.jar
Launcher Type: SUN_STANDARD

[Global flags]
     intx CICompilerCount                          = 12                                        {product} {ergonomic}
     uint ConcGCThreads                            = 3                                         {product} {ergonomic}
     uint G1ConcRefinementThreads                  = 13                                        {product} {ergonomic}
   size_t G1HeapRegionSize                         = 2097152                                   {product} {ergonomic}
    uintx GCDrainStackTargetSize                   = 64                                        {product} {ergonomic}
   size_t InitialHeapSize                          = 266338304                                 {product} {ergonomic}
   size_t MarkStackSize                            = 4194304                                   {product} {ergonomic}
   size_t MaxHeapSize                              = 4236247040                                {product} {ergonomic}
   size_t MaxNewSize                               = 2541748224                                {product} {ergonomic}
   size_t MinHeapDeltaBytes                        = 2097152                                   {product} {ergonomic}
   size_t MinHeapSize                              = 8388608                                   {product} {ergonomic}
    uintx NonNMethodCodeHeapSize                   = 7602480                                {pd product} {ergonomic}
    uintx NonProfiledCodeHeapSize                  = 122027880                              {pd product} {ergonomic}
    uintx ProfiledCodeHeapSize                     = 122027880                              {pd product} {ergonomic}
    uintx ReservedCodeCacheSize                    = 251658240                              {pd product} {ergonomic}
     bool SegmentedCodeCache                       = true                                      {product} {ergonomic}
   size_t SoftMaxHeapSize                          = 4236247040                             {manageable} {ergonomic}
     bool UseCompressedClassPointers               = true                           {product lp64_product} {ergonomic}
     bool UseCompressedOops                        = true                           {product lp64_product} {ergonomic}
     bool UseG1GC                                  = true                                      {product} {ergonomic}
     bool UseLargePagesIndividualAllocation        = false                                  {pd product} {ergonomic}

Logging:
Log output configuration:
 #0: stdout all=warning uptime,level,tags
 #1: stderr all=off uptime,level,tags

Environment Variables:
JAVA_HOME=D:\install\soft\Android Studio\jbr
CLASSPATH=D:\vadymkon\Kaiters\apps\witcher_notes\android\\gradle\wrapper\gradle-wrapper.jar
PATH=C:\Windows\system32;C:\Windows;C:\Windows\System32\Wbem;C:\Windows\System32\WindowsPowerShell\v1.0\;C:\Windows\System32\OpenSSH\;C:\Program Files\Cloudflare\Cloudflare WARP\;C:\Users\vadymkon\AppData\Local\Microsoft\WindowsApps;;D:\install\soft\flutterSDK\flutter\bin\mingit\cmd
USERNAME=vadymkon
OS=Windows_NT
PROCESSOR_IDENTIFIER=Intel64 Family 6 Model 141 Stepping 1, GenuineIntel
TMP=C:\Temp
TEMP=C:\Temp



---------------  S Y S T E M  ---------------

OS:
 Windows 10 , 64 bit Build 19041 (10.0.19041.1202)
OS uptime: 0 days 1:45 hours

CPU: total 16 (initial active 16) (8 cores per cpu, 2 threads per core) family 6 model 141 stepping 1 microcode 0x34, cx8, cmov, fxsr, ht, mmx, 3dnowpref, sse, sse2, sse3, ssse3, sse4.1, sse4.2, popcnt, lzcnt, tsc, tscinvbit, avx, avx2, aes, erms, clmul, bmi1, bmi2, adx, avx512f, avx512dq, avx512cd, avx512bw, avx512vl, sha, fma, vzeroupper, avx512_vpopcntdq, avx512_vpclmulqdq, avx512_vaes, avx512_vnni, clflush, clflushopt, clwb, avx512_vbmi2, avx512_vbmi

Memory: 4k page, system-wide physical 16155M (3481M free)
TotalPageFile size 16155M (AvailPageFile size 5M)
current process WorkingSet (physical memory assigned to process): 98M, peak: 98M
current process commit charge ("private bytes"): 375M, peak: 375M

vm_info: OpenJDK 64-Bit Server VM (17.0.6+0-b2043.56-9586694) for windows-amd64 JRE (17.0.6+0-b2043.56-9586694), built on Feb  9 2023 20:06:20 by "androidbuild" with MS VC++ 16.10 / 16.11 (VS2019)

END.
