#
# There is insufficient memory for the Java Runtime Environment to continue.
# Native memory allocation (mmap) failed to map 65536 bytes for Failed to commit metaspace.
# Possible reasons:
#   The system is out of physical RAM or swap space
#   The process is running with CompressedOops enabled, and the Java Heap may be blocking the growth of the native heap
# Possible solutions:
#   Reduce memory load on the system
#   Increase physical memory or swap space
#   Check if swap backing store is full
#   Decrease Java heap size (-Xmx/-Xms)
#   Decrease number of Java threads
#   Decrease Java thread stack sizes (-Xss)
#   Set larger code cache with -XX:ReservedCodeCacheSize=
#   JVM is running with Zero Based Compressed Oops mode in which the Java heap is
#     placed in the first 32GB address space. The Java Heap base address is the
#     maximum limit for the native heap growth. Please use -XX:HeapBaseMinAddress
#     to set the Java Heap base and to place the Java Heap above 32GB virtual address.
# This output file may be truncated or incomplete.
#
#  Out of Memory Error (virtualSpaceNode.cpp:110), pid=13360, tid=13240
#
# JRE version: OpenJDK Runtime Environment (17.0.6) (build 17.0.6+0-b2043.56-9586694)
# Java VM: OpenJDK 64-Bit Server VM (17.0.6+0-b2043.56-9586694, mixed mode, tiered, compressed oops, compressed class ptrs, g1 gc, windows-amd64)
# No core dump will be written. Minidumps are not enabled by default on client versions of Windows
#

---------------  S U M M A R Y ------------

Command Line: -Dorg.gradle.appname=gradlew org.gradle.wrapper.GradleWrapperMain -q -Ptarget-platform=android-x64 -Ptarget=D:\vadymkon\Kaiters\apps\witcher_notes\lib\main.dart -Pbase-application-name=android.app.Application -Pdart-defines=Zmx1dHRlci5pbnNwZWN0b3Iuc3RydWN0dXJlZEVycm9ycz10cnVl,RkxVVFRFUl9XRUJfQVVUT19ERVRFQ1Q9dHJ1ZQ==,RkxVVFRFUl9XRUJfQ0FOVkFTS0lUX1VSTD1odHRwczovL3d3dy5nc3RhdGljLmNvbS9mbHV0dGVyLWNhbnZhc2tpdC80NWY2ZTAwOTExMGRmNGYzNGVjMmNmOTlmNjNjZjczYjcxYjdhNDIwLw== -Pdart-obfuscation=false -Ptrack-widget-creation=true -Ptree-shake-icons=false -Pfilesystem-scheme=org-dartlang-root assembleDebug

Host: 11th Gen Intel(R) Core(TM) i7-11800H @ 2.30GHz, 16 cores, 15G,  Windows 10 , 64 bit Build 19041 (10.0.19041.1202)
Time: Fri Jul  7 17:08:32 2023  Windows 10 , 64 bit Build 19041 (10.0.19041.1202) elapsed time: 0.491606 seconds (0d 0h 0m 0s)

---------------  T H R E A D  ---------------

Current thread (0x0000017f3243fbc0):  JavaThread "main" [_thread_in_vm, id=13240, stack(0x000000402fe00000,0x000000402ff00000)]

Stack: [0x000000402fe00000,0x000000402ff00000]
Native frames: (J=compiled Java code, j=interpreted, Vv=VM code, C=native code)
V  [jvm.dll+0x683b4a]
V  [jvm.dll+0x842654]
V  [jvm.dll+0x843dfe]
V  [jvm.dll+0x844463]
V  [jvm.dll+0x249b75]
V  [jvm.dll+0x83e6ab]
V  [jvm.dll+0x627fa6]
V  [jvm.dll+0x62800a]
V  [jvm.dll+0x62a81a]
V  [jvm.dll+0x628946]
V  [jvm.dll+0x639749]
V  [jvm.dll+0x632a54]
V  [jvm.dll+0x384bd1]
C  0x0000017f3cd6c711

Java frames: (J=compiled Java code, j=interpreted, Vv=VM code)
j  java.net.InetAddressImplFactory.create()Ljava/net/InetAddressImpl;+0 java.base@17.0.6
j  java.net.InetAddress.<clinit>()V+112 java.base@17.0.6
v  ~StubRoutines::call_stub
j  java.net.NetworkInterface.init()V+0 java.base@17.0.6
j  java.net.NetworkInterface.<clinit>()V+5 java.base@17.0.6
v  ~StubRoutines::call_stub
j  sun.security.provider.SeedGenerator.addNetworkAdapterInfo(Ljava/security/MessageDigest;)V+0 java.base@17.0.6
j  sun.security.provider.SeedGenerator$1.run()Ljava/lang/Void;+66 java.base@17.0.6
j  sun.security.provider.SeedGenerator$1.run()Ljava/lang/Object;+1 java.base@17.0.6
j  java.security.AccessController.executePrivileged(Ljava/security/PrivilegedAction;Ljava/security/AccessControlContext;Ljava/lang/Class;)Ljava/lang/Object;+29 java.base@17.0.6
j  java.security.AccessController.doPrivileged(Ljava/security/PrivilegedAction;)Ljava/lang/Object;+5 java.base@17.0.6
j  sun.security.provider.SeedGenerator.getSystemEntropy()[B+40 java.base@17.0.6
j  sun.security.provider.AbstractDrbg$SeederHolder.<clinit>()V+28 java.base@17.0.6
v  ~StubRoutines::call_stub
j  sun.security.provider.AbstractDrbg.getEntropyInput(IIIZ)[B+87 java.base@17.0.6
j  sun.security.provider.AbstractDrbg.getEntropyInput(Z)[B+14 java.base@17.0.6
j  sun.security.provider.AbstractDrbg.instantiateIfNecessary([B)V+16 java.base@17.0.6
j  sun.security.provider.AbstractDrbg.engineNextBytes([BLjava/security/SecureRandomParameters;)V+162 java.base@17.0.6
j  sun.security.provider.AbstractDrbg.engineNextBytes([B)V+11 java.base@17.0.6
j  sun.security.provider.DRBG.engineNextBytes([B)V+5 java.base@17.0.6
j  java.security.SecureRandom.nextBytes([B)V+12 java.base@17.0.6
j  java.util.UUID.randomUUID()Ljava/util/UUID;+11 java.base@17.0.6
j  org.gradle.internal.id.UUIDGenerator.generateId()Ljava/util/UUID;+0
j  org.gradle.internal.id.UUIDGenerator.generateId()Ljava/lang/Object;+1
j  org.gradle.launcher.daemon.client.DaemonClient.execute(Lorg/gradle/internal/invocation/BuildAction;Lorg/gradle/launcher/exec/BuildActionParameters;Lorg/gradle/initialization/BuildRequestContext;)Lorg/gradle/launcher/exec/BuildActionResult;+4
j  org.gradle.launcher.daemon.client.DaemonClient.execute(Lorg/gradle/internal/invocation/BuildAction;Ljava/lang/Object;Ljava/lang/Object;)Lorg/gradle/launcher/exec/BuildActionResult;+10
j  org.gradle.launcher.cli.RunBuildAction.run()V+74
j  org.gradle.internal.Actions$RunnableActionAdapter.execute(Ljava/lang/Object;)V+4
j  org.gradle.launcher.cli.DefaultCommandLineActionFactory$ParseAndBuildAction.execute(Lorg/gradle/launcher/bootstrap/ExecutionListener;)V+60
j  org.gradle.launcher.cli.DefaultCommandLineActionFactory$ParseAndBuildAction.execute(Ljava/lang/Object;)V+5
j  org.gradle.launcher.cli.DebugLoggerWarningAction.execute(Lorg/gradle/launcher/bootstrap/ExecutionListener;)V+9
j  org.gradle.launcher.cli.DebugLoggerWarningAction.execute(Ljava/lang/Object;)V+5
j  org.gradle.launcher.cli.WelcomeMessageAction.execute(Lorg/gradle/launcher/bootstrap/ExecutionListener;)V+218
j  org.gradle.launcher.cli.WelcomeMessageAction.execute(Ljava/lang/Object;)V+5
j  org.gradle.launcher.cli.NativeServicesInitializingAction.execute(Lorg/gradle/launcher/bootstrap/ExecutionListener;)V+35
j  org.gradle.launcher.cli.NativeServicesInitializingAction.execute(Ljava/lang/Object;)V+5
j  org.gradle.launcher.cli.ExceptionReportingAction.execute(Lorg/gradle/launcher/bootstrap/ExecutionListener;)V+5
j  org.gradle.launcher.cli.ExceptionReportingAction.execute(Ljava/lang/Object;)V+5
j  org.gradle.launcher.cli.DefaultCommandLineActionFactory$WithLogging.execute(Lorg/gradle/launcher/bootstrap/ExecutionListener;)V+299
j  org.gradle.launcher.Main.doAction([Ljava/lang/String;Lorg/gradle/launcher/bootstrap/ExecutionListener;)V+14
j  org.gradle.launcher.bootstrap.EntryPoint.run([Ljava/lang/String;)V+12
v  ~StubRoutines::call_stub
j  jdk.internal.reflect.NativeMethodAccessorImpl.invoke0(Ljava/lang/reflect/Method;Ljava/lang/Object;[Ljava/lang/Object;)Ljava/lang/Object;+0 java.base@17.0.6
j  jdk.internal.reflect.NativeMethodAccessorImpl.invoke(Ljava/lang/Object;[Ljava/lang/Object;)Ljava/lang/Object;+133 java.base@17.0.6
j  jdk.internal.reflect.DelegatingMethodAccessorImpl.invoke(Ljava/lang/Object;[Ljava/lang/Object;)Ljava/lang/Object;+6 java.base@17.0.6
j  java.lang.reflect.Method.invoke(Ljava/lang/Object;[Ljava/lang/Object;)Ljava/lang/Object;+59 java.base@17.0.6
j  org.gradle.launcher.bootstrap.ProcessBootstrap.runNoExit(Ljava/lang/String;[Ljava/lang/String;)V+159
j  org.gradle.launcher.bootstrap.ProcessBootstrap.run(Ljava/lang/String;[Ljava/lang/String;)V+2
v  ~StubRoutines::call_stub
j  jdk.internal.reflect.NativeMethodAccessorImpl.invoke0(Ljava/lang/reflect/Method;Ljava/lang/Object;[Ljava/lang/Object;)Ljava/lang/Object;+0 java.base@17.0.6
j  jdk.internal.reflect.NativeMethodAccessorImpl.invoke(Ljava/lang/Object;[Ljava/lang/Object;)Ljava/lang/Object;+133 java.base@17.0.6
j  jdk.internal.reflect.DelegatingMethodAccessorImpl.invoke(Ljava/lang/Object;[Ljava/lang/Object;)Ljava/lang/Object;+6 java.base@17.0.6
j  java.lang.reflect.Method.invoke(Ljava/lang/Object;[Ljava/lang/Object;)Ljava/lang/Object;+59 java.base@17.0.6
j  org.gradle.launcher.GradleMain.main([Ljava/lang/String;)V+100
v  ~StubRoutines::call_stub
j  jdk.internal.reflect.NativeMethodAccessorImpl.invoke0(Ljava/lang/reflect/Method;Ljava/lang/Object;[Ljava/lang/Object;)Ljava/lang/Object;+0 java.base@17.0.6
j  jdk.internal.reflect.NativeMethodAccessorImpl.invoke(Ljava/lang/Object;[Ljava/lang/Object;)Ljava/lang/Object;+133 java.base@17.0.6
j  jdk.internal.reflect.DelegatingMethodAccessorImpl.invoke(Ljava/lang/Object;[Ljava/lang/Object;)Ljava/lang/Object;+6 java.base@17.0.6
j  java.lang.reflect.Method.invoke(Ljava/lang/Object;[Ljava/lang/Object;)Ljava/lang/Object;+59 java.base@17.0.6
j  org.gradle.wrapper.BootstrapMainStarter.start([Ljava/lang/String;Ljava/io/File;)V+82
j  org.gradle.wrapper.WrapperExecutor.execute([Ljava/lang/String;Lorg/gradle/wrapper/Install;Lorg/gradle/wrapper/BootstrapMainStarter;)V+14
j  org.gradle.wrapper.GradleWrapperMain.main([Ljava/lang/String;)V+190
v  ~StubRoutines::call_stub

---------------  P R O C E S S  ---------------

Threads class SMR info:
_java_thread_list=0x0000017f538bdc90, length=18, elements={
0x0000017f3243fbc0, 0x0000017f51818e60, 0x0000017f51819920, 0x0000017f518056e0,
0x0000017f5182cf50, 0x0000017f51832450, 0x0000017f51832f20, 0x0000017f5184d720,
0x0000017f5184e0d0, 0x0000017f51851ed0, 0x0000017f519b8ce0, 0x0000017f519c0e50,
0x0000017f519f2c30, 0x0000017f519fc170, 0x0000017f5267df70, 0x0000017f5319a760,
0x0000017f5319ac70, 0x0000017f53c73010
}

Java Threads: ( => current thread )
=>0x0000017f3243fbc0 JavaThread "main" [_thread_in_vm, id=13240, stack(0x000000402fe00000,0x000000402ff00000)]
  0x0000017f51818e60 JavaThread "Reference Handler" daemon [_thread_blocked, id=2020, stack(0x0000004030500000,0x0000004030600000)]
  0x0000017f51819920 JavaThread "Finalizer" daemon [_thread_blocked, id=9876, stack(0x0000004030600000,0x0000004030700000)]
  0x0000017f518056e0 JavaThread "Signal Dispatcher" daemon [_thread_blocked, id=9852, stack(0x0000004030700000,0x0000004030800000)]
  0x0000017f5182cf50 JavaThread "Attach Listener" daemon [_thread_blocked, id=1828, stack(0x0000004030800000,0x0000004030900000)]
  0x0000017f51832450 JavaThread "Service Thread" daemon [_thread_blocked, id=10524, stack(0x0000004030900000,0x0000004030a00000)]
  0x0000017f51832f20 JavaThread "Monitor Deflation Thread" daemon [_thread_blocked, id=14144, stack(0x0000004030a00000,0x0000004030b00000)]
  0x0000017f5184d720 JavaThread "C2 CompilerThread0" daemon [_thread_blocked, id=13664, stack(0x0000004030b00000,0x0000004030c00000)]
  0x0000017f5184e0d0 JavaThread "C1 CompilerThread0" daemon [_thread_blocked, id=14216, stack(0x0000004030c00000,0x0000004030d00000)]
  0x0000017f51851ed0 JavaThread "Sweeper thread" daemon [_thread_blocked, id=10676, stack(0x0000004030d00000,0x0000004030e00000)]
  0x0000017f519b8ce0 JavaThread "C1 CompilerThread1" daemon [_thread_blocked, id=1328, stack(0x0000004030e00000,0x0000004030f00000)]
  0x0000017f519c0e50 JavaThread "C1 CompilerThread2" daemon [_thread_blocked, id=3448, stack(0x0000004030f00000,0x0000004031000000)]
  0x0000017f519f2c30 JavaThread "Notification Thread" daemon [_thread_blocked, id=3320, stack(0x0000004031000000,0x0000004031100000)]
  0x0000017f519fc170 JavaThread "Common-Cleaner" daemon [_thread_blocked, id=13900, stack(0x0000004031200000,0x0000004031300000)]
  0x0000017f5267df70 JavaThread "C2 CompilerThread1" daemon [_thread_blocked, id=8960, stack(0x0000004031300000,0x0000004031400000)]
  0x0000017f5319a760 JavaThread "C2 CompilerThread2" daemon [_thread_blocked, id=14048, stack(0x0000004031400000,0x0000004031500000)]
  0x0000017f5319ac70 JavaThread "C1 CompilerThread3" daemon [_thread_blocked, id=11440, stack(0x0000004031500000,0x0000004031600000)]
  0x0000017f53c73010 JavaThread "pool-1-thread-1" [_thread_blocked, id=10884, stack(0x0000004031b00000,0x0000004031c00000)]

Other Threads:
  0x0000017f517f5150 VMThread "VM Thread" [stack: 0x0000004030400000,0x0000004030500000] [id=5068]
  0x0000017f324c53e0 WatcherThread [stack: 0x0000004031100000,0x0000004031200000] [id=10556]
  0x0000017f324a9740 GCTaskThread "GC Thread#0" [stack: 0x000000402ff00000,0x0000004030000000] [id=8452]
  0x0000017f53329dc0 GCTaskThread "GC Thread#1" [stack: 0x0000004031600000,0x0000004031700000] [id=7528]
  0x0000017f53239da0 GCTaskThread "GC Thread#2" [stack: 0x0000004031700000,0x0000004031800000] [id=12080]
  0x0000017f52a203e0 GCTaskThread "GC Thread#3" [stack: 0x0000004031800000,0x0000004031900000] [id=13656]
  0x0000017f52da14a0 GCTaskThread "GC Thread#4" [stack: 0x0000004031900000,0x0000004031a00000] [id=6188]
  0x0000017f530dd6e0 GCTaskThread "GC Thread#5" [stack: 0x0000004031a00000,0x0000004031b00000] [id=6552]
  0x0000017f324ba210 ConcurrentGCThread "G1 Main Marker" [stack: 0x0000004030000000,0x0000004030100000] [id=4948]
  0x0000017f324bab30 ConcurrentGCThread "G1 Conc#0" [stack: 0x0000004030100000,0x0000004030200000] [id=7804]
  0x0000017f510f9490 ConcurrentGCThread "G1 Refine#0" [stack: 0x0000004030200000,0x0000004030300000] [id=12172]
  0x0000017f510f9cc0 ConcurrentGCThread "G1 Service" [stack: 0x0000004030300000,0x0000004030400000] [id=4852]

Threads with active compile tasks:

VM state: not at safepoint (normal execution)

VM Mutex/Monitor currently owned by a thread:  ([mutex/lock_event])
[0x0000017f32438de0] Metaspace_lock - owner thread: 0x0000017f3243fbc0

Heap address: 0x0000000703800000, size: 4040 MB, Compressed Oops mode: Zero based, Oop shift amount: 3

CDS archive(s) not mapped
Compressed class space mapped at: 0x0000000800000000-0x0000000840000000, reserved size: 1073741824
Narrow klass base: 0x0000000800000000, Narrow klass shift: 0, Narrow klass range: 0x40000000

GC Precious Log:
 CPUs: 16 total, 16 available
 Memory: 16155M
 Large Page Support: Disabled
 NUMA Support: Disabled
 Compressed Oops: Enabled (Zero based)
 Heap Region Size: 2M
 Heap Min Capacity: 8M
 Heap Initial Capacity: 254M
 Heap Max Capacity: 4040M
 Pre-touch: Disabled
 Parallel Workers: 13
 Concurrent Workers: 3
 Concurrent Refinement Workers: 13
 Periodic GC: Disabled

Heap:
 garbage-first heap   total 260096K, used 20208K [0x0000000703800000, 0x0000000800000000)
  region size 2048K, 8 young (16384K), 2 survivors (4096K)
 Metaspace       used 14317K, committed 14464K, reserved 1064960K
  class space    used 1659K, committed 1728K, reserved 1048576K

Heap Regions: E=young(eden), S=young(survivor), O=old, HS=humongous(starts), HC=humongous(continues), CS=collection set, F=free, OA=open archive, CA=closed archive, TAMS=top-at-mark-start (previous, next)
|   0|0x0000000703800000, 0x0000000703800000, 0x0000000703a00000|  0%| F|  |TAMS 0x0000000703800000, 0x0000000703800000| Untracked 
|   1|0x0000000703a00000, 0x0000000703a00000, 0x0000000703c00000|  0%| F|  |TAMS 0x0000000703a00000, 0x0000000703a00000| Untracked 
|   2|0x0000000703c00000, 0x0000000703e00000, 0x0000000703e00000|100%|HS|  |TAMS 0x0000000703c00000, 0x0000000703c00000| Complete 
|   3|0x0000000703e00000, 0x0000000704000000, 0x0000000704000000|100%|HC|  |TAMS 0x0000000703e00000, 0x0000000703e00000| Complete 
|   4|0x0000000704000000, 0x00000007041bc200, 0x0000000704200000| 86%| O|  |TAMS 0x0000000704000000, 0x0000000704000000| Untracked 
|   5|0x0000000704200000, 0x0000000704200000, 0x0000000704400000|  0%| F|  |TAMS 0x0000000704200000, 0x0000000704200000| Untracked 
|   6|0x0000000704400000, 0x0000000704400000, 0x0000000704600000|  0%| F|  |TAMS 0x0000000704400000, 0x0000000704400000| Untracked 
|   7|0x0000000704600000, 0x0000000704600000, 0x0000000704800000|  0%| F|  |TAMS 0x0000000704600000, 0x0000000704600000| Untracked 
|   8|0x0000000704800000, 0x0000000704800000, 0x0000000704a00000|  0%| F|  |TAMS 0x0000000704800000, 0x0000000704800000| Untracked 
|   9|0x0000000704a00000, 0x0000000704a00000, 0x0000000704c00000|  0%| F|  |TAMS 0x0000000704a00000, 0x0000000704a00000| Untracked 
|  10|0x0000000704c00000, 0x0000000704c00000, 0x0000000704e00000|  0%| F|  |TAMS 0x0000000704c00000, 0x0000000704c00000| Untracked 
|  11|0x0000000704e00000, 0x0000000704e00000, 0x0000000705000000|  0%| F|  |TAMS 0x0000000704e00000, 0x0000000704e00000| Untracked 
|  12|0x0000000705000000, 0x0000000705000000, 0x0000000705200000|  0%| F|  |TAMS 0x0000000705000000, 0x0000000705000000| Untracked 
|  13|0x0000000705200000, 0x0000000705200000, 0x0000000705400000|  0%| F|  |TAMS 0x0000000705200000, 0x0000000705200000| Untracked 
|  14|0x0000000705400000, 0x0000000705400000, 0x0000000705600000|  0%| F|  |TAMS 0x0000000705400000, 0x0000000705400000| Untracked 
|  15|0x0000000705600000, 0x0000000705600000, 0x0000000705800000|  0%| F|  |TAMS 0x0000000705600000, 0x0000000705600000| Untracked 
|  16|0x0000000705800000, 0x0000000705800000, 0x0000000705a00000|  0%| F|  |TAMS 0x0000000705800000, 0x0000000705800000| Untracked 
|  17|0x0000000705a00000, 0x0000000705a00000, 0x0000000705c00000|  0%| F|  |TAMS 0x0000000705a00000, 0x0000000705a00000| Untracked 
|  18|0x0000000705c00000, 0x0000000705c00000, 0x0000000705e00000|  0%| F|  |TAMS 0x0000000705c00000, 0x0000000705c00000| Untracked 
|  19|0x0000000705e00000, 0x0000000705e00000, 0x0000000706000000|  0%| F|  |TAMS 0x0000000705e00000, 0x0000000705e00000| Untracked 
|  20|0x0000000706000000, 0x0000000706000000, 0x0000000706200000|  0%| F|  |TAMS 0x0000000706000000, 0x0000000706000000| Untracked 
|  21|0x0000000706200000, 0x0000000706200000, 0x0000000706400000|  0%| F|  |TAMS 0x0000000706200000, 0x0000000706200000| Untracked 
|  22|0x0000000706400000, 0x0000000706400000, 0x0000000706600000|  0%| F|  |TAMS 0x0000000706400000, 0x0000000706400000| Untracked 
|  23|0x0000000706600000, 0x0000000706600000, 0x0000000706800000|  0%| F|  |TAMS 0x0000000706600000, 0x0000000706600000| Untracked 
|  24|0x0000000706800000, 0x0000000706800000, 0x0000000706a00000|  0%| F|  |TAMS 0x0000000706800000, 0x0000000706800000| Untracked 
|  25|0x0000000706a00000, 0x0000000706a00000, 0x0000000706c00000|  0%| F|  |TAMS 0x0000000706a00000, 0x0000000706a00000| Untracked 
|  26|0x0000000706c00000, 0x0000000706c00000, 0x0000000706e00000|  0%| F|  |TAMS 0x0000000706c00000, 0x0000000706c00000| Untracked 
|  27|0x0000000706e00000, 0x0000000706e00000, 0x0000000707000000|  0%| F|  |TAMS 0x0000000706e00000, 0x0000000706e00000| Untracked 
|  28|0x0000000707000000, 0x0000000707000000, 0x0000000707200000|  0%| F|  |TAMS 0x0000000707000000, 0x0000000707000000| Untracked 
|  29|0x0000000707200000, 0x0000000707200000, 0x0000000707400000|  0%| F|  |TAMS 0x0000000707200000, 0x0000000707200000| Untracked 
|  30|0x0000000707400000, 0x0000000707400000, 0x0000000707600000|  0%| F|  |TAMS 0x0000000707400000, 0x0000000707400000| Untracked 
|  31|0x0000000707600000, 0x0000000707600000, 0x0000000707800000|  0%| F|  |TAMS 0x0000000707600000, 0x0000000707600000| Untracked 
|  32|0x0000000707800000, 0x0000000707800000, 0x0000000707a00000|  0%| F|  |TAMS 0x0000000707800000, 0x0000000707800000| Untracked 
|  33|0x0000000707a00000, 0x0000000707a00000, 0x0000000707c00000|  0%| F|  |TAMS 0x0000000707a00000, 0x0000000707a00000| Untracked 
|  34|0x0000000707c00000, 0x0000000707c00000, 0x0000000707e00000|  0%| F|  |TAMS 0x0000000707c00000, 0x0000000707c00000| Untracked 
|  35|0x0000000707e00000, 0x0000000707e00000, 0x0000000708000000|  0%| F|  |TAMS 0x0000000707e00000, 0x0000000707e00000| Untracked 
|  36|0x0000000708000000, 0x0000000708000000, 0x0000000708200000|  0%| F|  |TAMS 0x0000000708000000, 0x0000000708000000| Untracked 
|  37|0x0000000708200000, 0x0000000708200000, 0x0000000708400000|  0%| F|  |TAMS 0x0000000708200000, 0x0000000708200000| Untracked 
|  38|0x0000000708400000, 0x0000000708400000, 0x0000000708600000|  0%| F|  |TAMS 0x0000000708400000, 0x0000000708400000| Untracked 
|  39|0x0000000708600000, 0x0000000708600000, 0x0000000708800000|  0%| F|  |TAMS 0x0000000708600000, 0x0000000708600000| Untracked 
|  40|0x0000000708800000, 0x0000000708800000, 0x0000000708a00000|  0%| F|  |TAMS 0x0000000708800000, 0x0000000708800000| Untracked 
|  41|0x0000000708a00000, 0x0000000708a00000, 0x0000000708c00000|  0%| F|  |TAMS 0x0000000708a00000, 0x0000000708a00000| Untracked 
|  42|0x0000000708c00000, 0x0000000708c00000, 0x0000000708e00000|  0%| F|  |TAMS 0x0000000708c00000, 0x0000000708c00000| Untracked 
|  43|0x0000000708e00000, 0x0000000708e00000, 0x0000000709000000|  0%| F|  |TAMS 0x0000000708e00000, 0x0000000708e00000| Untracked 
|  44|0x0000000709000000, 0x0000000709000000, 0x0000000709200000|  0%| F|  |TAMS 0x0000000709000000, 0x0000000709000000| Untracked 
|  45|0x0000000709200000, 0x0000000709200000, 0x0000000709400000|  0%| F|  |TAMS 0x0000000709200000, 0x0000000709200000| Untracked 
|  46|0x0000000709400000, 0x0000000709400000, 0x0000000709600000|  0%| F|  |TAMS 0x0000000709400000, 0x0000000709400000| Untracked 
|  47|0x0000000709600000, 0x0000000709600000, 0x0000000709800000|  0%| F|  |TAMS 0x0000000709600000, 0x0000000709600000| Untracked 
|  48|0x0000000709800000, 0x0000000709800000, 0x0000000709a00000|  0%| F|  |TAMS 0x0000000709800000, 0x0000000709800000| Untracked 
|  49|0x0000000709a00000, 0x0000000709a00000, 0x0000000709c00000|  0%| F|  |TAMS 0x0000000709a00000, 0x0000000709a00000| Untracked 
|  50|0x0000000709c00000, 0x0000000709c00000, 0x0000000709e00000|  0%| F|  |TAMS 0x0000000709c00000, 0x0000000709c00000| Untracked 
|  51|0x0000000709e00000, 0x0000000709e00000, 0x000000070a000000|  0%| F|  |TAMS 0x0000000709e00000, 0x0000000709e00000| Untracked 
|  52|0x000000070a000000, 0x000000070a000000, 0x000000070a200000|  0%| F|  |TAMS 0x000000070a000000, 0x000000070a000000| Untracked 
|  53|0x000000070a200000, 0x000000070a200000, 0x000000070a400000|  0%| F|  |TAMS 0x000000070a200000, 0x000000070a200000| Untracked 
|  54|0x000000070a400000, 0x000000070a400000, 0x000000070a600000|  0%| F|  |TAMS 0x000000070a400000, 0x000000070a400000| Untracked 
|  55|0x000000070a600000, 0x000000070a600000, 0x000000070a800000|  0%| F|  |TAMS 0x000000070a600000, 0x000000070a600000| Untracked 
|  56|0x000000070a800000, 0x000000070a800000, 0x000000070aa00000|  0%| F|  |TAMS 0x000000070a800000, 0x000000070a800000| Untracked 
|  57|0x000000070aa00000, 0x000000070aa00000, 0x000000070ac00000|  0%| F|  |TAMS 0x000000070aa00000, 0x000000070aa00000| Untracked 
|  58|0x000000070ac00000, 0x000000070ac00000, 0x000000070ae00000|  0%| F|  |TAMS 0x000000070ac00000, 0x000000070ac00000| Untracked 
|  59|0x000000070ae00000, 0x000000070ae00000, 0x000000070b000000|  0%| F|  |TAMS 0x000000070ae00000, 0x000000070ae00000| Untracked 
|  60|0x000000070b000000, 0x000000070b000000, 0x000000070b200000|  0%| F|  |TAMS 0x000000070b000000, 0x000000070b000000| Untracked 
|  61|0x000000070b200000, 0x000000070b200000, 0x000000070b400000|  0%| F|  |TAMS 0x000000070b200000, 0x000000070b200000| Untracked 
|  62|0x000000070b400000, 0x000000070b400000, 0x000000070b600000|  0%| F|  |TAMS 0x000000070b400000, 0x000000070b400000| Untracked 
|  63|0x000000070b600000, 0x000000070b600000, 0x000000070b800000|  0%| F|  |TAMS 0x000000070b600000, 0x000000070b600000| Untracked 
|  64|0x000000070b800000, 0x000000070b800000, 0x000000070ba00000|  0%| F|  |TAMS 0x000000070b800000, 0x000000070b800000| Untracked 
|  65|0x000000070ba00000, 0x000000070ba00000, 0x000000070bc00000|  0%| F|  |TAMS 0x000000070ba00000, 0x000000070ba00000| Untracked 
|  66|0x000000070bc00000, 0x000000070bc00000, 0x000000070be00000|  0%| F|  |TAMS 0x000000070bc00000, 0x000000070bc00000| Untracked 
|  67|0x000000070be00000, 0x000000070be00000, 0x000000070c000000|  0%| F|  |TAMS 0x000000070be00000, 0x000000070be00000| Untracked 
|  68|0x000000070c000000, 0x000000070c000000, 0x000000070c200000|  0%| F|  |TAMS 0x000000070c000000, 0x000000070c000000| Untracked 
|  69|0x000000070c200000, 0x000000070c200000, 0x000000070c400000|  0%| F|  |TAMS 0x000000070c200000, 0x000000070c200000| Untracked 
|  70|0x000000070c400000, 0x000000070c400000, 0x000000070c600000|  0%| F|  |TAMS 0x000000070c400000, 0x000000070c400000| Untracked 
|  71|0x000000070c600000, 0x000000070c600000, 0x000000070c800000|  0%| F|  |TAMS 0x000000070c600000, 0x000000070c600000| Untracked 
|  72|0x000000070c800000, 0x000000070c800000, 0x000000070ca00000|  0%| F|  |TAMS 0x000000070c800000, 0x000000070c800000| Untracked 
|  73|0x000000070ca00000, 0x000000070ca00000, 0x000000070cc00000|  0%| F|  |TAMS 0x000000070ca00000, 0x000000070ca00000| Untracked 
|  74|0x000000070cc00000, 0x000000070cc00000, 0x000000070ce00000|  0%| F|  |TAMS 0x000000070cc00000, 0x000000070cc00000| Untracked 
|  75|0x000000070ce00000, 0x000000070ce00000, 0x000000070d000000|  0%| F|  |TAMS 0x000000070ce00000, 0x000000070ce00000| Untracked 
|  76|0x000000070d000000, 0x000000070d000000, 0x000000070d200000|  0%| F|  |TAMS 0x000000070d000000, 0x000000070d000000| Untracked 
|  77|0x000000070d200000, 0x000000070d200000, 0x000000070d400000|  0%| F|  |TAMS 0x000000070d200000, 0x000000070d200000| Untracked 
|  78|0x000000070d400000, 0x000000070d400000, 0x000000070d600000|  0%| F|  |TAMS 0x000000070d400000, 0x000000070d400000| Untracked 
|  79|0x000000070d600000, 0x000000070d600000, 0x000000070d800000|  0%| F|  |TAMS 0x000000070d600000, 0x000000070d600000| Untracked 
|  80|0x000000070d800000, 0x000000070d800000, 0x000000070da00000|  0%| F|  |TAMS 0x000000070d800000, 0x000000070d800000| Untracked 
|  81|0x000000070da00000, 0x000000070da00000, 0x000000070dc00000|  0%| F|  |TAMS 0x000000070da00000, 0x000000070da00000| Untracked 
|  82|0x000000070dc00000, 0x000000070dc00000, 0x000000070de00000|  0%| F|  |TAMS 0x000000070dc00000, 0x000000070dc00000| Untracked 
|  83|0x000000070de00000, 0x000000070de00000, 0x000000070e000000|  0%| F|  |TAMS 0x000000070de00000, 0x000000070de00000| Untracked 
|  84|0x000000070e000000, 0x000000070e000000, 0x000000070e200000|  0%| F|  |TAMS 0x000000070e000000, 0x000000070e000000| Untracked 
|  85|0x000000070e200000, 0x000000070e200000, 0x000000070e400000|  0%| F|  |TAMS 0x000000070e200000, 0x000000070e200000| Untracked 
|  86|0x000000070e400000, 0x000000070e400000, 0x000000070e600000|  0%| F|  |TAMS 0x000000070e400000, 0x000000070e400000| Untracked 
|  87|0x000000070e600000, 0x000000070e600000, 0x000000070e800000|  0%| F|  |TAMS 0x000000070e600000, 0x000000070e600000| Untracked 
|  88|0x000000070e800000, 0x000000070e800000, 0x000000070ea00000|  0%| F|  |TAMS 0x000000070e800000, 0x000000070e800000| Untracked 
|  89|0x000000070ea00000, 0x000000070ea00000, 0x000000070ec00000|  0%| F|  |TAMS 0x000000070ea00000, 0x000000070ea00000| Untracked 
|  90|0x000000070ec00000, 0x000000070ec00000, 0x000000070ee00000|  0%| F|  |TAMS 0x000000070ec00000, 0x000000070ec00000| Untracked 
|  91|0x000000070ee00000, 0x000000070ee00000, 0x000000070f000000|  0%| F|  |TAMS 0x000000070ee00000, 0x000000070ee00000| Untracked 
|  92|0x000000070f000000, 0x000000070f000000, 0x000000070f200000|  0%| F|  |TAMS 0x000000070f000000, 0x000000070f000000| Untracked 
|  93|0x000000070f200000, 0x000000070f200000, 0x000000070f400000|  0%| F|  |TAMS 0x000000070f200000, 0x000000070f200000| Untracked 
|  94|0x000000070f400000, 0x000000070f400000, 0x000000070f600000|  0%| F|  |TAMS 0x000000070f400000, 0x000000070f400000| Untracked 
|  95|0x000000070f600000, 0x000000070f600000, 0x000000070f800000|  0%| F|  |TAMS 0x000000070f600000, 0x000000070f600000| Untracked 
|  96|0x000000070f800000, 0x000000070f800000, 0x000000070fa00000|  0%| F|  |TAMS 0x000000070f800000, 0x000000070f800000| Untracked 
|  97|0x000000070fa00000, 0x000000070fa00000, 0x000000070fc00000|  0%| F|  |TAMS 0x000000070fa00000, 0x000000070fa00000| Untracked 
|  98|0x000000070fc00000, 0x000000070fc00000, 0x000000070fe00000|  0%| F|  |TAMS 0x000000070fc00000, 0x000000070fc00000| Untracked 
|  99|0x000000070fe00000, 0x000000070fe00000, 0x0000000710000000|  0%| F|  |TAMS 0x000000070fe00000, 0x000000070fe00000| Untracked 
| 100|0x0000000710000000, 0x0000000710000000, 0x0000000710200000|  0%| F|  |TAMS 0x0000000710000000, 0x0000000710000000| Untracked 
| 101|0x0000000710200000, 0x0000000710200000, 0x0000000710400000|  0%| F|  |TAMS 0x0000000710200000, 0x0000000710200000| Untracked 
| 102|0x0000000710400000, 0x0000000710400000, 0x0000000710600000|  0%| F|  |TAMS 0x0000000710400000, 0x0000000710400000| Untracked 
| 103|0x0000000710600000, 0x0000000710600000, 0x0000000710800000|  0%| F|  |TAMS 0x0000000710600000, 0x0000000710600000| Untracked 
| 104|0x0000000710800000, 0x0000000710800000, 0x0000000710a00000|  0%| F|  |TAMS 0x0000000710800000, 0x0000000710800000| Untracked 
| 105|0x0000000710a00000, 0x0000000710a00000, 0x0000000710c00000|  0%| F|  |TAMS 0x0000000710a00000, 0x0000000710a00000| Untracked 
| 106|0x0000000710c00000, 0x0000000710c00000, 0x0000000710e00000|  0%| F|  |TAMS 0x0000000710c00000, 0x0000000710c00000| Untracked 
| 107|0x0000000710e00000, 0x0000000710e00000, 0x0000000711000000|  0%| F|  |TAMS 0x0000000710e00000, 0x0000000710e00000| Untracked 
| 108|0x0000000711000000, 0x0000000711000000, 0x0000000711200000|  0%| F|  |TAMS 0x0000000711000000, 0x0000000711000000| Untracked 
| 109|0x0000000711200000, 0x0000000711200000, 0x0000000711400000|  0%| F|  |TAMS 0x0000000711200000, 0x0000000711200000| Untracked 
| 110|0x0000000711400000, 0x0000000711400000, 0x0000000711600000|  0%| F|  |TAMS 0x0000000711400000, 0x0000000711400000| Untracked 
| 111|0x0000000711600000, 0x0000000711600000, 0x0000000711800000|  0%| F|  |TAMS 0x0000000711600000, 0x0000000711600000| Untracked 
| 112|0x0000000711800000, 0x0000000711800000, 0x0000000711a00000|  0%| F|  |TAMS 0x0000000711800000, 0x0000000711800000| Untracked 
| 113|0x0000000711a00000, 0x0000000711a00000, 0x0000000711c00000|  0%| F|  |TAMS 0x0000000711a00000, 0x0000000711a00000| Untracked 
| 114|0x0000000711c00000, 0x0000000711e00000, 0x0000000711e00000|100%| S|CS|TAMS 0x0000000711c00000, 0x0000000711c00000| Complete 
| 115|0x0000000711e00000, 0x0000000712000000, 0x0000000712000000|100%| S|CS|TAMS 0x0000000711e00000, 0x0000000711e00000| Complete 
| 116|0x0000000712000000, 0x0000000712000000, 0x0000000712200000|  0%| F|  |TAMS 0x0000000712000000, 0x0000000712000000| Untracked 
| 117|0x0000000712200000, 0x0000000712200000, 0x0000000712400000|  0%| F|  |TAMS 0x0000000712200000, 0x0000000712200000| Untracked 
| 118|0x0000000712400000, 0x0000000712400000, 0x0000000712600000|  0%| F|  |TAMS 0x0000000712400000, 0x0000000712400000| Untracked 
| 119|0x0000000712600000, 0x0000000712600000, 0x0000000712800000|  0%| F|  |TAMS 0x0000000712600000, 0x0000000712600000| Untracked 
| 120|0x0000000712800000, 0x0000000712800000, 0x0000000712a00000|  0%| F|  |TAMS 0x0000000712800000, 0x0000000712800000| Untracked 
| 121|0x0000000712a00000, 0x0000000712bd2800, 0x0000000712c00000| 91%| E|  |TAMS 0x0000000712a00000, 0x0000000712a00000| Complete 
| 122|0x0000000712c00000, 0x0000000712e00000, 0x0000000712e00000|100%| E|CS|TAMS 0x0000000712c00000, 0x0000000712c00000| Complete 
| 123|0x0000000712e00000, 0x0000000713000000, 0x0000000713000000|100%| E|CS|TAMS 0x0000000712e00000, 0x0000000712e00000| Complete 
| 124|0x0000000713000000, 0x0000000713200000, 0x0000000713200000|100%| E|CS|TAMS 0x0000000713000000, 0x0000000713000000| Complete 
| 125|0x0000000713200000, 0x0000000713400000, 0x0000000713400000|100%| E|CS|TAMS 0x0000000713200000, 0x0000000713200000| Complete 
| 126|0x0000000713400000, 0x0000000713600000, 0x0000000713600000|100%| E|CS|TAMS 0x0000000713400000, 0x0000000713400000| Complete 

Card table byte_map: [0x0000017f45990000,0x0000017f46180000] _byte_map_base: 0x0000017f42174000

Marking Bits (Prev, Next): (CMBitMap*) 0x0000017f324a9c60, (CMBitMap*) 0x0000017f324a9ca0
 Prev Bits: [0x0000017f46970000, 0x0000017f4a890000)
 Next Bits: [0x0000017f4a890000, 0x0000017f4e7b0000)

Polling page: 0x0000017f30150000

Metaspace:

Usage:
  Non-class:     12.36 MB used.
      Class:      1.62 MB used.
       Both:     13.98 MB used.

Virtual space:
  Non-class space:       16.00 MB reserved,      12.44 MB ( 78%) committed,  2 nodes.
      Class space:        1.00 GB reserved,       1.69 MB ( <1%) committed,  1 nodes.
             Both:        1.02 GB reserved,      14.12 MB (  1%) committed. 

Chunk freelists:
   Non-Class:  3.53 MB
       Class:  2.26 MB
        Both:  5.79 MB

MaxMetaspaceSize: unlimited
CompressedClassSpaceSize: 1.00 GB
Initial GC threshold: 21.00 MB
Current GC threshold: 21.00 MB
CDS: off
MetaspaceReclaimPolicy: balanced
 - commit_granule_bytes: 65536.
 - commit_granule_words: 8192.
 - virtual_space_node_default_size: 1048576.
 - enlarge_chunks_in_place: 1.
 - new_chunks_are_fully_committed: 0.
 - uncommit_free_chunks: 1.
 - use_allocation_guard: 0.
 - handle_deallocations: 1.


Internal statistics:

num_allocs_failed_limit: 0.
num_arena_births: 68.
num_arena_deaths: 0.
num_vsnodes_births: 3.
num_vsnodes_deaths: 0.
num_space_committed: 226.
num_space_uncommitted: 0.
num_chunks_returned_to_freelist: 0.
num_chunks_taken_from_freelist: 255.
num_chunk_merges: 0.
num_chunk_splits: 165.
num_chunks_enlarged: 140.
num_purges: 0.
num_inconsistent_stats: 0.

CodeHeap 'non-profiled nmethods': size=119168Kb used=445Kb max_used=445Kb free=118722Kb
 bounds [0x0000017f3d4b0000, 0x0000017f3d720000, 0x0000017f44910000]
CodeHeap 'profiled nmethods': size=119104Kb used=1989Kb max_used=1989Kb free=117114Kb
 bounds [0x0000017f35910000, 0x0000017f35b80000, 0x0000017f3cd60000]
CodeHeap 'non-nmethods': size=7488Kb used=2847Kb max_used=2877Kb free=4640Kb
 bounds [0x0000017f3cd60000, 0x0000017f3d040000, 0x0000017f3d4b0000]
 total_blobs=1527 nmethods=1089 adapters=348
 compilation: enabled
              stopped_count=0, restarted_count=0
 full_count=0

Compilation events (20 events):
Event: 0.489 Thread 0x0000017f519c0e50 1080       3       jdk.internal.misc.Unsafe::convEndian (16 bytes)
Event: 0.489 Thread 0x0000017f519b8ce0 nmethod 1079 0x0000017f35af9a90 code [0x0000017f35af9c20, 0x0000017f35af9d18]
Event: 0.489 Thread 0x0000017f5184e0d0 1081       3       java.lang.invoke.VarHandleByteArrayAsInts$ArrayHandle::index (12 bytes)
Event: 0.489 Thread 0x0000017f519b8ce0 1085       3       java.lang.invoke.VarHandle::accessModeType (31 bytes)
Event: 0.489 Thread 0x0000017f519c0e50 nmethod 1080 0x0000017f35af9d90 code [0x0000017f35af9f20, 0x0000017f35afa0f8]
Event: 0.489 Thread 0x0000017f5184e0d0 nmethod 1081 0x0000017f35afa190 code [0x0000017f35afa340, 0x0000017f35afa548]
Event: 0.489 Thread 0x0000017f519c0e50 1087       3       java.lang.invoke.VarHandle::getTypesAndInvokers (24 bytes)
Event: 0.489 Thread 0x0000017f5319ac70 nmethod 1076 0x0000017f35afa690 code [0x0000017f35afa8c0, 0x0000017f35afb4e8]
Event: 0.489 Thread 0x0000017f5184e0d0 1088       3       java.lang.Integer::reverseBytes (28 bytes)
Event: 0.489 Thread 0x0000017f5319ac70 1082       3       jdk.internal.misc.Unsafe::getIntUnaligned (12 bytes)
Event: 0.489 Thread 0x0000017f5184e0d0 nmethod 1088 0x0000017f35afb890 code [0x0000017f35afba20, 0x0000017f35afbb38]
Event: 0.489 Thread 0x0000017f5184e0d0 1083       3       jdk.internal.misc.Unsafe::getIntUnaligned (83 bytes)
Event: 0.489 Thread 0x0000017f519b8ce0 nmethod 1085 0x0000017f35afbc10 code [0x0000017f35afbe20, 0x0000017f35afc8f8]
Event: 0.489 Thread 0x0000017f5319ac70 nmethod 1082 0x0000017f35afcc10 code [0x0000017f35afcdc0, 0x0000017f35afd018]
Event: 0.489 Thread 0x0000017f519b8ce0 1084       3       java.lang.invoke.VarHandleGuards::guard_LI_I (78 bytes)
Event: 0.489 Thread 0x0000017f519c0e50 nmethod 1087 0x0000017f35afd110 code [0x0000017f35afd2c0, 0x0000017f35afd798]
Event: 0.489 Thread 0x0000017f5319ac70 1086       3       java.lang.invoke.VarHandleByteArrayAsInts$ArrayHandle::get (36 bytes)
Event: 0.489 Thread 0x0000017f5184e0d0 nmethod 1083 0x0000017f35afd910 code [0x0000017f35afdae0, 0x0000017f35afdfa8]
Event: 0.489 Thread 0x0000017f5319ac70 nmethod 1086 0x0000017f35afe110 code [0x0000017f35afe300, 0x0000017f35afe838]
Event: 0.490 Thread 0x0000017f519b8ce0 nmethod 1084 0x0000017f35afea10 code [0x0000017f35afed60, 0x0000017f35b00c08]

GC Heap History (2 events):
Event: 0.340 GC heap before
{Heap before GC invocations=0 (full 0):
 garbage-first heap   total 260096K, used 28672K [0x0000000703800000, 0x0000000800000000)
  region size 2048K, 11 young (22528K), 0 survivors (0K)
 Metaspace       used 10570K, committed 10752K, reserved 1064960K
  class space    used 1058K, committed 1152K, reserved 1048576K
}
Event: 0.343 GC heap after
{Heap after GC invocations=1 (full 0):
 garbage-first heap   total 260096K, used 9968K [0x0000000703800000, 0x0000000800000000)
  region size 2048K, 2 young (4096K), 2 survivors (4096K)
 Metaspace       used 10570K, committed 10752K, reserved 1064960K
  class space    used 1058K, committed 1152K, reserved 1048576K
}

Dll operation events (2 events):
Event: 0.003 Loaded shared library D:\install\soft\Android Studio\jbr\bin\java.dll
Event: 0.065 Loaded shared library D:\install\soft\Android Studio\jbr\bin\verify.dll

Deoptimization events (20 events):
Event: 0.428 Thread 0x0000017f3243fbc0 Uncommon trap: trap_request=0xffffffde fr.pc=0x0000017f3d512c34 relative=0x0000000000000114
Event: 0.428 Thread 0x0000017f3243fbc0 Uncommon trap: reason=class_check action=maybe_recompile pc=0x0000017f3d512c34 method=jdk.internal.misc.Unsafe.allocateUninitializedArray(Ljava/lang/Class;I)Ljava/lang/Object; @ 51 c2
Event: 0.429 Thread 0x0000017f3243fbc0 DEOPT PACKING pc=0x0000017f3d512c34 sp=0x000000402fef7580
Event: 0.429 Thread 0x0000017f3243fbc0 DEOPT UNPACKING pc=0x0000017f3cdba1a3 sp=0x000000402fef7508 mode 2
Event: 0.429 Thread 0x0000017f3243fbc0 Uncommon trap: trap_request=0xffffffde fr.pc=0x0000017f3d512c34 relative=0x0000000000000114
Event: 0.429 Thread 0x0000017f3243fbc0 Uncommon trap: reason=class_check action=maybe_recompile pc=0x0000017f3d512c34 method=jdk.internal.misc.Unsafe.allocateUninitializedArray(Ljava/lang/Class;I)Ljava/lang/Object; @ 51 c2
Event: 0.429 Thread 0x0000017f3243fbc0 DEOPT PACKING pc=0x0000017f3d512c34 sp=0x000000402fef75b0
Event: 0.429 Thread 0x0000017f3243fbc0 DEOPT UNPACKING pc=0x0000017f3cdba1a3 sp=0x000000402fef7538 mode 2
Event: 0.429 Thread 0x0000017f3243fbc0 Uncommon trap: trap_request=0xffffffde fr.pc=0x0000017f3d512c34 relative=0x0000000000000114
Event: 0.429 Thread 0x0000017f3243fbc0 Uncommon trap: reason=class_check action=maybe_recompile pc=0x0000017f3d512c34 method=jdk.internal.misc.Unsafe.allocateUninitializedArray(Ljava/lang/Class;I)Ljava/lang/Object; @ 51 c2
Event: 0.429 Thread 0x0000017f3243fbc0 DEOPT PACKING pc=0x0000017f3d512c34 sp=0x000000402fef7650
Event: 0.429 Thread 0x0000017f3243fbc0 DEOPT UNPACKING pc=0x0000017f3cdba1a3 sp=0x000000402fef75d8 mode 2
Event: 0.438 Thread 0x0000017f3243fbc0 Uncommon trap: trap_request=0xffffff45 fr.pc=0x0000017f3d4e8044 relative=0x0000000000001024
Event: 0.438 Thread 0x0000017f3243fbc0 Uncommon trap: reason=unstable_if action=reinterpret pc=0x0000017f3d4e8044 method=java.util.HashMap.putVal(ILjava/lang/Object;Ljava/lang/Object;ZZ)Ljava/lang/Object; @ 236 c2
Event: 0.438 Thread 0x0000017f3243fbc0 DEOPT PACKING pc=0x0000017f3d4e8044 sp=0x000000402fefb9d0
Event: 0.438 Thread 0x0000017f3243fbc0 DEOPT UNPACKING pc=0x0000017f3cdba1a3 sp=0x000000402fefb998 mode 2
Event: 0.445 Thread 0x0000017f3243fbc0 DEOPT PACKING pc=0x0000017f359b9165 sp=0x000000402fefb110
Event: 0.445 Thread 0x0000017f3243fbc0 DEOPT UNPACKING pc=0x0000017f3cdbace3 sp=0x000000402fefa560 mode 0
Event: 0.468 Thread 0x0000017f3243fbc0 DEOPT PACKING pc=0x0000017f35a104c8 sp=0x000000402fef9b40
Event: 0.468 Thread 0x0000017f3243fbc0 DEOPT UNPACKING pc=0x0000017f3cdbace3 sp=0x000000402fef9058 mode 0

Classes unloaded (0 events):
No events

Classes redefined (0 events):
No events

Internal exceptions (15 events):
Event: 0.130 Thread 0x0000017f3243fbc0 Exception <a 'java/lang/NoSuchMethodError'{0x00000007133ee628}: 'int java.lang.invoke.DirectMethodHandle$Holder.invokeStaticInit(java.lang.Object, java.lang.Object)'> (0x00000007133ee628) 
thrown [s\src\hotspot\share\interpreter\linkResolver.cpp, line 771]
Event: 0.337 Thread 0x0000017f3243fbc0 Exception <a 'java/lang/NoSuchMethodError'{0x00000007121c20a0}: 'void java.lang.invoke.DirectMethodHandle$Holder.invokeStatic(java.lang.Object, java.lang.Object)'> (0x00000007121c20a0) 
thrown [s\src\hotspot\share\interpreter\linkResolver.cpp, line 771]
Event: 0.352 Thread 0x0000017f3243fbc0 Exception <a 'java/lang/NoClassDefFoundError'{0x000000071345f8a0}: org/slf4j/impl/StaticMarkerBinder> (0x000000071345f8a0) 
thrown [s\src\hotspot\share\classfile\systemDictionary.cpp, line 245]
Event: 0.358 Thread 0x0000017f3243fbc0 Exception <a 'java/lang/NoSuchMethodError'{0x000000071353dd70}: 'java.lang.Object java.lang.invoke.DirectMethodHandle$Holder.invokeVirtual(java.lang.Object, java.lang.Object, java.lang.Object, java.lang.Object, java.lang.Object, java.lang.Object, java.lang.Object)'> (0x000000071353dd70) 
thrown [s\src\hotspot\share\interpreter\linkResolver.cpp, line 771]
Event: 0.360 Thread 0x0000017f3243fbc0 Exception <a 'java/lang/NoSuchMethodError'{0x000000071354f5b8}: 'java.lang.Object java.lang.invoke.Invokers$Holder.invoker(java.lang.Object, java.lang.Object, java.lang.Object)'> (0x000000071354f5b8) 
thrown [s\src\hotspot\share\interpreter\linkResolver.cpp, line 771]
Event: 0.361 Thread 0x0000017f3243fbc0 Exception <a 'java/lang/NoSuchMethodError'{0x0000000713558768}: 'java.lang.Object java.lang.invoke.DirectMethodHandle$Holder.invokeStatic(java.lang.Object, java.lang.Object, int)'> (0x0000000713558768) 
thrown [s\src\hotspot\share\interpreter\linkResolver.cpp, line 771]
Event: 0.362 Thread 0x0000017f3243fbc0 Exception <a 'java/lang/NoSuchMethodError'{0x0000000713564458}: 'void java.lang.invoke.DelegatingMethodHandle$Holder.delegate(java.lang.Object, java.lang.Object, int, java.lang.Object)'> (0x0000000713564458) 
thrown [s\src\hotspot\share\interpreter\linkResolver.cpp, line 771]
Event: 0.362 Thread 0x0000017f3243fbc0 Exception <a 'java/lang/NoSuchMethodError'{0x0000000713568620}: 'int java.lang.invoke.DirectMethodHandle$Holder.invokeSpecial(java.lang.Object, java.lang.Object, java.lang.Object)'> (0x0000000713568620) 
thrown [s\src\hotspot\share\interpreter\linkResolver.cpp, line 771]
Event: 0.364 Thread 0x0000017f3243fbc0 Exception <a 'java/lang/NoSuchMethodError'{0x000000071357b7d8}: 'java.lang.Object java.lang.invoke.Invokers$Holder.invokeExact_MT(java.lang.Object, java.lang.Object, java.lang.Object, java.lang.Object)'> (0x000000071357b7d8) 
thrown [s\src\hotspot\share\interpreter\linkResolver.cpp, line 771]
Event: 0.413 Thread 0x0000017f3243fbc0 Exception <a 'java/lang/NoSuchMethodError'{0x00000007131aa9f0}: 'java.lang.Object java.lang.invoke.DirectMethodHandle$Holder.invokeInterface(java.lang.Object, java.lang.Object, java.lang.Object)'> (0x00000007131aa9f0) 
thrown [s\src\hotspot\share\interpreter\linkResolver.cpp, line 771]
Event: 0.415 Thread 0x0000017f3243fbc0 Exception <a 'java/lang/NoSuchMethodError'{0x00000007131cc418}: 'void java.lang.invoke.DirectMethodHandle$Holder.invokeSpecial(java.lang.Object, java.lang.Object, java.lang.Object)'> (0x00000007131cc418) 
thrown [s\src\hotspot\share\interpreter\linkResolver.cpp, line 771]
Event: 0.422 Thread 0x0000017f3243fbc0 Implicit null exception at 0x0000017f3d505b8f to 0x0000017f3d505fec
Event: 0.422 Thread 0x0000017f3243fbc0 Implicit null exception at 0x0000017f3d4eb70f to 0x0000017f3d4ebb48
Event: 0.432 Thread 0x0000017f3243fbc0 Exception <a 'java/lang/NoSuchMethodError'{0x0000000712f6a090}: 'java.lang.Object java.lang.invoke.DirectMethodHandle$Holder.invokeStaticInit(java.lang.Object)'> (0x0000000712f6a090) 
thrown [s\src\hotspot\share\interpreter\linkResolver.cpp, line 771]
Event: 0.486 Thread 0x0000017f3243fbc0 Exception <a 'java/lang/NoSuchMethodError'{0x0000000712ba97a8}: 'java.lang.Object java.lang.invoke.DirectMethodHandle$Holder.invokeStaticInit(java.lang.Object, int, int, int, int)'> (0x0000000712ba97a8) 
thrown [s\src\hotspot\share\interpreter\linkResolver.cpp, line 771]

VM Operations (10 events):
Event: 0.063 Executing VM operation: HandshakeAllThreads
Event: 0.063 Executing VM operation: HandshakeAllThreads done
Event: 0.294 Executing VM operation: HandshakeAllThreads
Event: 0.294 Executing VM operation: HandshakeAllThreads done
Event: 0.340 Executing VM operation: G1CollectForAllocation
Event: 0.343 Executing VM operation: G1CollectForAllocation done
Event: 0.361 Executing VM operation: HandshakeAllThreads
Event: 0.361 Executing VM operation: HandshakeAllThreads done
Event: 0.463 Executing VM operation: HandshakeAllThreads
Event: 0.463 Executing VM operation: HandshakeAllThreads done

Events (20 events):
Event: 0.488 loading class sun/security/provider/SeedGenerator$1
Event: 0.488 loading class sun/security/provider/SeedGenerator$1 done
Event: 0.488 loading class sun/security/provider/ByteArrayAccess$BE
Event: 0.488 loading class sun/security/provider/ByteArrayAccess$BE done
Event: 0.489 loading class java/net/NetworkInterface
Event: 0.489 loading class java/net/NetworkInterface done
Event: 0.490 loading class java/net/InterfaceAddress
Event: 0.490 loading class java/net/InterfaceAddress done
Event: 0.490 loading class java/net/InetAddress
Event: 0.490 loading class java/net/InetAddress done
Event: 0.490 loading class java/net/InetAddress$1
Event: 0.490 loading class jdk/internal/access/JavaNetInetAddressAccess
Event: 0.490 loading class jdk/internal/access/JavaNetInetAddressAccess done
Event: 0.490 loading class java/net/InetAddress$1 done
Event: 0.490 loading class java/net/InetAddress$InetAddressHolder
Event: 0.490 loading class java/net/InetAddress$InetAddressHolder done
Event: 0.490 loading class java/util/concurrent/ConcurrentSkipListSet
Event: 0.490 loading class java/util/concurrent/ConcurrentSkipListSet done
Event: 0.490 loading class java/net/InetAddressImplFactory
Event: 0.490 loading class java/net/InetAddressImplFactory done


Dynamic libraries:
0x00007ff7b8ac0000 - 0x00007ff7b8aca000 	D:\install\soft\Android Studio\jbr\bin\java.exe
0x00007ffd6c090000 - 0x00007ffd6c285000 	C:\Windows\SYSTEM32\ntdll.dll
0x00007ffd6b9d0000 - 0x00007ffd6ba8e000 	C:\Windows\System32\KERNEL32.DLL
0x00007ffd69d10000 - 0x00007ffd69fd9000 	C:\Windows\System32\KERNELBASE.dll
0x00007ffd69fe0000 - 0x00007ffd6a0e0000 	C:\Windows\System32\ucrtbase.dll
0x00007ffd4aa10000 - 0x00007ffd4aa27000 	D:\install\soft\Android Studio\jbr\bin\jli.dll
0x00007ffd49de0000 - 0x00007ffd49dfb000 	D:\install\soft\Android Studio\jbr\bin\VCRUNTIME140.dll
0x00007ffd6bea0000 - 0x00007ffd6c041000 	C:\Windows\System32\USER32.dll
0x00007ffd697b0000 - 0x00007ffd697d2000 	C:\Windows\System32\win32u.dll
0x00007ffd509e0000 - 0x00007ffd50c7a000 	C:\Windows\WinSxS\amd64_microsoft.windows.common-controls_6595b64144ccf1df_6.0.19041.1110_none_60b5254171f9507e\COMCTL32.dll
0x00007ffd6b820000 - 0x00007ffd6b84b000 	C:\Windows\System32\GDI32.dll
0x00007ffd69890000 - 0x00007ffd6999b000 	C:\Windows\System32\gdi32full.dll
0x00007ffd6ba90000 - 0x00007ffd6bb2e000 	C:\Windows\System32\msvcrt.dll
0x00007ffd69c70000 - 0x00007ffd69d0d000 	C:\Windows\System32\msvcp_win.dll
0x00007ffd6aca0000 - 0x00007ffd6acd0000 	C:\Windows\System32\IMM32.DLL
0x00007ffd50eb0000 - 0x00007ffd50ebc000 	D:\install\soft\Android Studio\jbr\bin\vcruntime140_1.dll
0x00007ffd2c400000 - 0x00007ffd2c48d000 	D:\install\soft\Android Studio\jbr\bin\msvcp140.dll
0x00007ffd28910000 - 0x00007ffd2957d000 	D:\install\soft\Android Studio\jbr\bin\server\jvm.dll
0x00007ffd6bc10000 - 0x00007ffd6bcbc000 	C:\Windows\System32\ADVAPI32.dll
0x00007ffd6aea0000 - 0x00007ffd6af3b000 	C:\Windows\System32\sechost.dll
0x00007ffd6b160000 - 0x00007ffd6b28a000 	C:\Windows\System32\RPCRT4.dll
0x00007ffd5fca0000 - 0x00007ffd5fcaa000 	C:\Windows\SYSTEM32\VERSION.dll
0x00007ffd619b0000 - 0x00007ffd619b9000 	C:\Windows\SYSTEM32\WSOCK32.dll
0x00007ffd50e30000 - 0x00007ffd50e57000 	C:\Windows\SYSTEM32\WINMM.dll
0x00007ffd6af40000 - 0x00007ffd6afab000 	C:\Windows\System32\WS2_32.dll
0x00007ffd68080000 - 0x00007ffd68092000 	C:\Windows\SYSTEM32\kernel.appcore.dll
0x00007ffd60560000 - 0x00007ffd6056a000 	D:\install\soft\Android Studio\jbr\bin\jimage.dll
0x00007ffd67240000 - 0x00007ffd67424000 	C:\Windows\SYSTEM32\DBGHELP.DLL
0x00007ffd5c650000 - 0x00007ffd5c67c000 	C:\Windows\SYSTEM32\dbgcore.DLL
0x00007ffd699a0000 - 0x00007ffd69a23000 	C:\Windows\System32\bcryptPrimitives.dll
0x00007ffd60530000 - 0x00007ffd60555000 	D:\install\soft\Android Studio\jbr\bin\java.dll
0x00007ffd60510000 - 0x00007ffd60528000 	D:\install\soft\Android Studio\jbr\bin\zip.dll
0x00007ffd6a0e0000 - 0x00007ffd6a81f000 	C:\Windows\System32\SHELL32.dll
0x00007ffd67890000 - 0x00007ffd68020000 	C:\Windows\SYSTEM32\windows.storage.dll
0x00007ffd6b430000 - 0x00007ffd6b785000 	C:\Windows\System32\combase.dll
0x00007ffd69200000 - 0x00007ffd6922c000 	C:\Windows\SYSTEM32\Wldp.dll
0x00007ffd6b850000 - 0x00007ffd6b8fd000 	C:\Windows\System32\SHCORE.dll
0x00007ffd6bbb0000 - 0x00007ffd6bc05000 	C:\Windows\System32\shlwapi.dll
0x00007ffd696f0000 - 0x00007ffd6970f000 	C:\Windows\SYSTEM32\profapi.dll
0x00007ffd60290000 - 0x00007ffd602a9000 	D:\install\soft\Android Studio\jbr\bin\net.dll
0x00007ffd5f750000 - 0x00007ffd5f858000 	C:\Windows\SYSTEM32\WINHTTP.dll
0x00007ffd68f60000 - 0x00007ffd68fca000 	C:\Windows\system32\mswsock.dll
0x00007ffd5dae0000 - 0x00007ffd5daf6000 	D:\install\soft\Android Studio\jbr\bin\nio.dll
0x00007ffd5dab0000 - 0x00007ffd5dac0000 	D:\install\soft\Android Studio\jbr\bin\verify.dll
0x00007ffd40f30000 - 0x00007ffd40f57000 	C:\Users\vadymkon\.gradle\native\e1d6ef7f7dcc3fd88c89a11ec53ec762bb8ba0a96d01ffa2cd45eb1d1d8dd5c5\windows-amd64\native-platform.dll
0x00007ffd60500000 - 0x00007ffd60509000 	D:\install\soft\Android Studio\jbr\bin\management.dll
0x00007ffd5e110000 - 0x00007ffd5e11b000 	D:\install\soft\Android Studio\jbr\bin\management_ext.dll
0x00007ffd6ae70000 - 0x00007ffd6ae78000 	C:\Windows\System32\PSAPI.DLL
0x00007ffd69150000 - 0x00007ffd69168000 	C:\Windows\SYSTEM32\CRYPTSP.dll
0x00007ffd68870000 - 0x00007ffd688a4000 	C:\Windows\system32\rsaenh.dll
0x00007ffd69be0000 - 0x00007ffd69c07000 	C:\Windows\System32\bcrypt.dll
0x00007ffd696b0000 - 0x00007ffd696de000 	C:\Windows\SYSTEM32\USERENV.dll
0x00007ffd69170000 - 0x00007ffd6917c000 	C:\Windows\SYSTEM32\CRYPTBASE.dll

dbghelp: loaded successfully - version: 4.0.5 - missing functions: none
symbol engine: initialized successfully - sym options: 0x614 - pdb path: .;D:\install\soft\Android Studio\jbr\bin;C:\Windows\SYSTEM32;C:\Windows\WinSxS\amd64_microsoft.windows.common-controls_6595b64144ccf1df_6.0.19041.1110_none_60b5254171f9507e;D:\install\soft\Android Studio\jbr\bin\server;C:\Users\vadymkon\.gradle\native\e1d6ef7f7dcc3fd88c89a11ec53ec762bb8ba0a96d01ffa2cd45eb1d1d8dd5c5\windows-amd64

VM Arguments:
jvm_args: -Dorg.gradle.appname=gradlew 
java_command: org.gradle.wrapper.GradleWrapperMain -q -Ptarget-platform=android-x64 -Ptarget=D:\vadymkon\Kaiters\apps\witcher_notes\lib\main.dart -Pbase-application-name=android.app.Application -Pdart-defines=Zmx1dHRlci5pbnNwZWN0b3Iuc3RydWN0dXJlZEVycm9ycz10cnVl,RkxVVFRFUl9XRUJfQVVUT19ERVRFQ1Q9dHJ1ZQ==,RkxVVFRFUl9XRUJfQ0FOVkFTS0lUX1VSTD1odHRwczovL3d3dy5nc3RhdGljLmNvbS9mbHV0dGVyLWNhbnZhc2tpdC80NWY2ZTAwOTExMGRmNGYzNGVjMmNmOTlmNjNjZjczYjcxYjdhNDIwLw== -Pdart-obfuscation=false -Ptrack-widget-creation=true -Ptree-shake-icons=false -Pfilesystem-scheme=org-dartlang-root assembleDebug
java_class_path (initial): D:\vadymkon\Kaiters\apps\witcher_notes\android\\gradle\wrapper\gradle-wrapper.jar
Launcher Type: SUN_STANDARD

[Global flags]
     intx CICompilerCount                          = 12                                        {product} {ergonomic}
     uint ConcGCThreads                            = 3                                         {product} {ergonomic}
     uint G1ConcRefinementThreads                  = 13                                        {product} {ergonomic}
   size_t G1HeapRegionSize                         = 2097152                                   {product} {ergonomic}
    uintx GCDrainStackTargetSize                   = 64                                        {product} {ergonomic}
   size_t InitialHeapSize                          = 266338304                                 {product} {ergonomic}
   size_t MarkStackSize                            = 4194304                                   {product} {ergonomic}
   size_t MaxHeapSize                              = 4236247040                                {product} {ergonomic}
   size_t MaxNewSize                               = 2541748224                                {product} {ergonomic}
   size_t MinHeapDeltaBytes                        = 2097152                                   {product} {ergonomic}
   size_t MinHeapSize                              = 8388608                                   {product} {ergonomic}
    uintx NonNMethodCodeHeapSize                   = 7602480                                {pd product} {ergonomic}
    uintx NonProfiledCodeHeapSize                  = 122027880                              {pd product} {ergonomic}
    uintx ProfiledCodeHeapSize                     = 122027880                              {pd product} {ergonomic}
    uintx ReservedCodeCacheSize                    = 251658240                              {pd product} {ergonomic}
     bool SegmentedCodeCache                       = true                                      {product} {ergonomic}
   size_t SoftMaxHeapSize                          = 4236247040                             {manageable} {ergonomic}
     bool UseCompressedClassPointers               = true                           {product lp64_product} {ergonomic}
     bool UseCompressedOops                        = true                           {product lp64_product} {ergonomic}
     bool UseG1GC                                  = true                                      {product} {ergonomic}
     bool UseLargePagesIndividualAllocation        = false                                  {pd product} {ergonomic}

Logging:
Log output configuration:
 #0: stdout all=warning uptime,level,tags
 #1: stderr all=off uptime,level,tags

Environment Variables:
JAVA_HOME=D:\install\soft\Android Studio\jbr
CLASSPATH=D:\vadymkon\Kaiters\apps\witcher_notes\android\\gradle\wrapper\gradle-wrapper.jar
PATH=C:\Windows\system32;C:\Windows;C:\Windows\System32\Wbem;C:\Windows\System32\WindowsPowerShell\v1.0\;C:\Windows\System32\OpenSSH\;C:\Program Files\Cloudflare\Cloudflare WARP\;C:\Users\vadymkon\AppData\Local\Microsoft\WindowsApps;;D:\install\soft\flutterSDK\flutter\bin\mingit\cmd
USERNAME=vadymkon
OS=Windows_NT
PROCESSOR_IDENTIFIER=Intel64 Family 6 Model 141 Stepping 1, GenuineIntel
TMP=C:\Temp
TEMP=C:\Temp



---------------  S Y S T E M  ---------------

OS:
 Windows 10 , 64 bit Build 19041 (10.0.19041.1202)
OS uptime: 3 days 14:41 hours

CPU: total 16 (initial active 16) (8 cores per cpu, 2 threads per core) family 6 model 141 stepping 1 microcode 0x34, cx8, cmov, fxsr, ht, mmx, 3dnowpref, sse, sse2, sse3, ssse3, sse4.1, sse4.2, popcnt, lzcnt, tsc, tscinvbit, avx, avx2, aes, erms, clmul, bmi1, bmi2, adx, avx512f, avx512dq, avx512cd, avx512bw, avx512vl, sha, fma, vzeroupper, avx512_vpopcntdq, avx512_vpclmulqdq, avx512_vaes, avx512_vnni, clflush, clflushopt, clwb, avx512_vbmi2, avx512_vbmi

Memory: 4k page, system-wide physical 16155M (3139M free)
TotalPageFile size 16155M (AvailPageFile size 4M)
current process WorkingSet (physical memory assigned to process): 102M, peak: 102M
current process commit charge ("private bytes"): 380M, peak: 380M

vm_info: OpenJDK 64-Bit Server VM (17.0.6+0-b2043.56-9586694) for windows-amd64 JRE (17.0.6+0-b2043.56-9586694), built on Feb  9 2023 20:06:20 by "androidbuild" with MS VC++ 16.10 / 16.11 (VS2019)

END.
