#
# There is insufficient memory for the Java Runtime Environment to continue.
# Native memory allocation (mmap) failed to map 65536 bytes for Failed to commit metaspace.
# Possible reasons:
#   The system is out of physical RAM or swap space
#   The process is running with CompressedOops enabled, and the Java Heap may be blocking the growth of the native heap
# Possible solutions:
#   Reduce memory load on the system
#   Increase physical memory or swap space
#   Check if swap backing store is full
#   Decrease Java heap size (-Xmx/-Xms)
#   Decrease number of Java threads
#   Decrease Java thread stack sizes (-Xss)
#   Set larger code cache with -XX:ReservedCodeCacheSize=
#   JVM is running with Zero Based Compressed Oops mode in which the Java heap is
#     placed in the first 32GB address space. The Java Heap base address is the
#     maximum limit for the native heap growth. Please use -XX:HeapBaseMinAddress
#     to set the Java Heap base and to place the Java Heap above 32GB virtual address.
# This output file may be truncated or incomplete.
#
#  Out of Memory Error (virtualSpaceNode.cpp:110), pid=7644, tid=6080
#
# JRE version: OpenJDK Runtime Environment (17.0.6) (build 17.0.6+0-b2043.56-9586694)
# Java VM: OpenJDK 64-Bit Server VM (17.0.6+0-b2043.56-9586694, mixed mode, tiered, compressed oops, compressed class ptrs, g1 gc, windows-amd64)
# No core dump will be written. Minidumps are not enabled by default on client versions of Windows
#

---------------  S U M M A R Y ------------

Command Line: -Dorg.gradle.appname=gradlew org.gradle.wrapper.GradleWrapperMain -q -Ptarget-platform=android-x64 -Ptarget=D:\vadymkon\Kaiters\apps\WitcherNotes\lib\main.dart -Pbase-application-name=android.app.Application -Pdart-defines=Zmx1dHRlci5pbnNwZWN0b3Iuc3RydWN0dXJlZEVycm9ycz10cnVl,RkxVVFRFUl9XRUJfQVVUT19ERVRFQ1Q9dHJ1ZQ==,RkxVVFRFUl9XRUJfQ0FOVkFTS0lUX1VSTD1odHRwczovL3d3dy5nc3RhdGljLmNvbS9mbHV0dGVyLWNhbnZhc2tpdC80NWY2ZTAwOTExMGRmNGYzNGVjMmNmOTlmNjNjZjczYjcxYjdhNDIwLw== -Pdart-obfuscation=false -Ptrack-widget-creation=true -Ptree-shake-icons=false -Pfilesystem-scheme=org-dartlang-root assembleDebug

Host: 11th Gen Intel(R) Core(TM) i7-11800H @ 2.30GHz, 16 cores, 15G,  Windows 10 , 64 bit Build 19041 (10.0.19041.1202)
Time: Thu Jul 13 23:22:07 2023  Windows 10 , 64 bit Build 19041 (10.0.19041.1202) elapsed time: 0.292842 seconds (0d 0h 0m 0s)

---------------  T H R E A D  ---------------

Current thread (0x00000209e26db100):  JavaThread "main" [_thread_in_vm, id=6080, stack(0x000000beba900000,0x000000bebaa00000)]

Stack: [0x000000beba900000,0x000000bebaa00000]
Native frames: (J=compiled Java code, j=interpreted, Vv=VM code, C=native code)
V  [jvm.dll+0x683b4a]
V  [jvm.dll+0x842654]
V  [jvm.dll+0x843dfe]
V  [jvm.dll+0x844463]
V  [jvm.dll+0x249b75]
V  [jvm.dll+0x83e6ab]
V  [jvm.dll+0x627fa6]
V  [jvm.dll+0x1c194e]
V  [jvm.dll+0x62a8e1]
V  [jvm.dll+0x628946]
V  [jvm.dll+0x3707f2]
V  [jvm.dll+0x1e565b]
V  [jvm.dll+0x547fb6]
V  [jvm.dll+0x7bd285]
V  [jvm.dll+0x7bd39e]
V  [jvm.dll+0x4117ca]
V  [jvm.dll+0x417949]
C  [java.dll+0x17ec]

Java frames: (J=compiled Java code, j=interpreted, Vv=VM code)
J 772  java.lang.ClassLoader.defineClass1(Ljava/lang/ClassLoader;Ljava/lang/String;[BIILjava/security/ProtectionDomain;Ljava/lang/String;)Ljava/lang/Class; java.base@17.0.6 (0 bytes) @ 0x00000209ed7925e3 [0x00000209ed792520+0x00000000000000c3]
j  java.lang.ClassLoader.defineClass(Ljava/lang/String;[BIILjava/security/ProtectionDomain;)Ljava/lang/Class;+27 java.base@17.0.6
j  java.security.SecureClassLoader.defineClass(Ljava/lang/String;[BIILjava/security/CodeSource;)Ljava/lang/Class;+12 java.base@17.0.6
j  java.net.URLClassLoader.defineClass(Ljava/lang/String;Ljdk/internal/loader/Resource;)Ljava/lang/Class;+220 java.base@17.0.6
J 723 c1 java.net.URLClassLoader$1.run()Ljava/lang/Class; java.base@17.0.6 (81 bytes) @ 0x00000209e5cf429c [0x00000209e5cf3620+0x0000000000000c7c]
J 722 c1 java.net.URLClassLoader$1.run()Ljava/lang/Object; java.base@17.0.6 (5 bytes) @ 0x00000209e5cf3144 [0x00000209e5cf30c0+0x0000000000000084]
J 604 c1 java.security.AccessController.doPrivileged(Ljava/security/PrivilegedExceptionAction;Ljava/security/AccessControlContext;)Ljava/lang/Object; java.base@17.0.6 (26 bytes) @ 0x00000209e5cad2fc [0x00000209e5cad120+0x00000000000001dc]
J 720 c1 java.net.URLClassLoader.findClass(Ljava/lang/String;)Ljava/lang/Class; java.base@17.0.6 (47 bytes) @ 0x00000209e5cf2824 [0x00000209e5cf2680+0x00000000000001a4]
J 621 c1 java.lang.ClassLoader.loadClass(Ljava/lang/String;Z)Ljava/lang/Class; java.base@17.0.6 (121 bytes) @ 0x00000209e5cb72f4 [0x00000209e5cb6d40+0x00000000000005b4]
J 611 c1 java.lang.ClassLoader.loadClass(Ljava/lang/String;)Ljava/lang/Class; java.base@17.0.6 (7 bytes) @ 0x00000209e5caf2cc [0x00000209e5caf1c0+0x000000000000010c]
v  ~StubRoutines::call_stub
j  org.gradle.launcher.cli.DefaultCommandLineActionFactory$WithLogging.execute(Lorg/gradle/launcher/bootstrap/ExecutionListener;)V+52
j  org.gradle.launcher.Main.doAction([Ljava/lang/String;Lorg/gradle/launcher/bootstrap/ExecutionListener;)V+14
j  org.gradle.launcher.bootstrap.EntryPoint.run([Ljava/lang/String;)V+12
v  ~StubRoutines::call_stub
j  jdk.internal.reflect.NativeMethodAccessorImpl.invoke0(Ljava/lang/reflect/Method;Ljava/lang/Object;[Ljava/lang/Object;)Ljava/lang/Object;+0 java.base@17.0.6
j  jdk.internal.reflect.NativeMethodAccessorImpl.invoke(Ljava/lang/Object;[Ljava/lang/Object;)Ljava/lang/Object;+133 java.base@17.0.6
j  jdk.internal.reflect.DelegatingMethodAccessorImpl.invoke(Ljava/lang/Object;[Ljava/lang/Object;)Ljava/lang/Object;+6 java.base@17.0.6
j  java.lang.reflect.Method.invoke(Ljava/lang/Object;[Ljava/lang/Object;)Ljava/lang/Object;+59 java.base@17.0.6
j  org.gradle.launcher.bootstrap.ProcessBootstrap.runNoExit(Ljava/lang/String;[Ljava/lang/String;)V+159
j  org.gradle.launcher.bootstrap.ProcessBootstrap.run(Ljava/lang/String;[Ljava/lang/String;)V+2
v  ~StubRoutines::call_stub
j  jdk.internal.reflect.NativeMethodAccessorImpl.invoke0(Ljava/lang/reflect/Method;Ljava/lang/Object;[Ljava/lang/Object;)Ljava/lang/Object;+0 java.base@17.0.6
j  jdk.internal.reflect.NativeMethodAccessorImpl.invoke(Ljava/lang/Object;[Ljava/lang/Object;)Ljava/lang/Object;+133 java.base@17.0.6
j  jdk.internal.reflect.DelegatingMethodAccessorImpl.invoke(Ljava/lang/Object;[Ljava/lang/Object;)Ljava/lang/Object;+6 java.base@17.0.6
j  java.lang.reflect.Method.invoke(Ljava/lang/Object;[Ljava/lang/Object;)Ljava/lang/Object;+59 java.base@17.0.6
j  org.gradle.launcher.GradleMain.main([Ljava/lang/String;)V+100
v  ~StubRoutines::call_stub
j  jdk.internal.reflect.NativeMethodAccessorImpl.invoke0(Ljava/lang/reflect/Method;Ljava/lang/Object;[Ljava/lang/Object;)Ljava/lang/Object;+0 java.base@17.0.6
j  jdk.internal.reflect.NativeMethodAccessorImpl.invoke(Ljava/lang/Object;[Ljava/lang/Object;)Ljava/lang/Object;+133 java.base@17.0.6
j  jdk.internal.reflect.DelegatingMethodAccessorImpl.invoke(Ljava/lang/Object;[Ljava/lang/Object;)Ljava/lang/Object;+6 java.base@17.0.6
j  java.lang.reflect.Method.invoke(Ljava/lang/Object;[Ljava/lang/Object;)Ljava/lang/Object;+59 java.base@17.0.6
j  org.gradle.wrapper.BootstrapMainStarter.start([Ljava/lang/String;Ljava/io/File;)V+82
j  org.gradle.wrapper.WrapperExecutor.execute([Ljava/lang/String;Lorg/gradle/wrapper/Install;Lorg/gradle/wrapper/BootstrapMainStarter;)V+14
j  org.gradle.wrapper.GradleWrapperMain.main([Ljava/lang/String;)V+190
v  ~StubRoutines::call_stub

---------------  P R O C E S S  ---------------

Threads class SMR info:
_java_thread_list=0x000002098283b8d0, length=15, elements={
0x00000209e26db100, 0x00000209ffb389e0, 0x00000209ffb394a0, 0x00000209ffb75d10,
0x00000209ffb767d0, 0x00000209ffb9c6d0, 0x00000209ffb77480, 0x00000209ffb90910,
0x00000209ffb912c0, 0x00000209ffb923d0, 0x00000209ffc981d0, 0x00000209ffd0e0f0,
0x00000209ffd20010, 0x00000209828a87a0, 0x0000020982889d30
}

Java Threads: ( => current thread )
=>0x00000209e26db100 JavaThread "main" [_thread_in_vm, id=6080, stack(0x000000beba900000,0x000000bebaa00000)]
  0x00000209ffb389e0 JavaThread "Reference Handler" daemon [_thread_blocked, id=1824, stack(0x000000bebb000000,0x000000bebb100000)]
  0x00000209ffb394a0 JavaThread "Finalizer" daemon [_thread_blocked, id=5544, stack(0x000000bebb100000,0x000000bebb200000)]
  0x00000209ffb75d10 JavaThread "Signal Dispatcher" daemon [_thread_blocked, id=4040, stack(0x000000bebb200000,0x000000bebb300000)]
  0x00000209ffb767d0 JavaThread "Attach Listener" daemon [_thread_blocked, id=6400, stack(0x000000bebb300000,0x000000bebb400000)]
  0x00000209ffb9c6d0 JavaThread "Service Thread" daemon [_thread_blocked, id=6496, stack(0x000000bebb400000,0x000000bebb500000)]
  0x00000209ffb77480 JavaThread "Monitor Deflation Thread" daemon [_thread_blocked, id=11256, stack(0x000000bebb500000,0x000000bebb600000)]
  0x00000209ffb90910 JavaThread "C2 CompilerThread0" daemon [_thread_in_native, id=8352, stack(0x000000bebb600000,0x000000bebb700000)]
  0x00000209ffb912c0 JavaThread "C1 CompilerThread0" daemon [_thread_blocked, id=7724, stack(0x000000bebb700000,0x000000bebb800000)]
  0x00000209ffb923d0 JavaThread "Sweeper thread" daemon [_thread_blocked, id=7928, stack(0x000000bebb800000,0x000000bebb900000)]
  0x00000209ffc981d0 JavaThread "C1 CompilerThread1" daemon [_thread_blocked, id=14316, stack(0x000000bebb900000,0x000000bebba00000)]
  0x00000209ffd0e0f0 JavaThread "Notification Thread" daemon [_thread_blocked, id=11292, stack(0x000000bebba00000,0x000000bebbb00000)]
  0x00000209ffd20010 JavaThread "Common-Cleaner" daemon [_thread_blocked, id=5448, stack(0x000000bebbc00000,0x000000bebbd00000)]
  0x00000209828a87a0 JavaThread "C2 CompilerThread1" daemon [_thread_blocked, id=2312, stack(0x000000bebbd00000,0x000000bebbe00000)]
  0x0000020982889d30 JavaThread "C2 CompilerThread2" daemon [_thread_in_native, id=10264, stack(0x000000bebbe00000,0x000000bebbf00000)]

Other Threads:
  0x00000209ffb37030 VMThread "VM Thread" [stack: 0x000000bebaf00000,0x000000bebb000000] [id=3192]
  0x00000209e2769450 WatcherThread [stack: 0x000000bebbb00000,0x000000bebbc00000] [id=8844]
  0x00000209e27498b0 GCTaskThread "GC Thread#0" [stack: 0x000000bebaa00000,0x000000bebab00000] [id=12692]
  0x00000209e275a380 ConcurrentGCThread "G1 Main Marker" [stack: 0x000000bebab00000,0x000000bebac00000] [id=2448]
  0x00000209e275aca0 ConcurrentGCThread "G1 Conc#0" [stack: 0x000000bebac00000,0x000000bebad00000] [id=1800]
  0x00000209ff98a520 ConcurrentGCThread "G1 Refine#0" [stack: 0x000000bebad00000,0x000000bebae00000] [id=10736]
  0x00000209ff98ad50 ConcurrentGCThread "G1 Service" [stack: 0x000000bebae00000,0x000000bebaf00000] [id=4164]

Threads with active compile tasks:
C2 CompilerThread0      298  778   !   4       java.util.jar.JarFile::checkForSpecialAttributes (163 bytes)
C2 CompilerThread2      298  780   !   4       java.util.zip.ZipFile::getEntry (59 bytes)

VM state: not at safepoint (normal execution)

VM Mutex/Monitor currently owned by a thread:  ([mutex/lock_event])
[0x00000209e26d4a80] Metaspace_lock - owner thread: 0x00000209e26db100

Heap address: 0x0000000703800000, size: 4040 MB, Compressed Oops mode: Zero based, Oop shift amount: 3

CDS archive(s) not mapped
Compressed class space mapped at: 0x0000000800000000-0x0000000840000000, reserved size: 1073741824
Narrow klass base: 0x0000000800000000, Narrow klass shift: 0, Narrow klass range: 0x40000000

GC Precious Log:
 CPUs: 16 total, 16 available
 Memory: 16155M
 Large Page Support: Disabled
 NUMA Support: Disabled
 Compressed Oops: Enabled (Zero based)
 Heap Region Size: 2M
 Heap Min Capacity: 8M
 Heap Initial Capacity: 254M
 Heap Max Capacity: 4040M
 Pre-touch: Disabled
 Parallel Workers: 13
 Concurrent Workers: 3
 Concurrent Refinement Workers: 13
 Periodic GC: Disabled

Heap:
 garbage-first heap   total 260096K, used 28672K [0x0000000703800000, 0x0000000800000000)
  region size 2048K, 11 young (22528K), 0 survivors (0K)
 Metaspace       used 10248K, committed 10368K, reserved 1064960K
  class space    used 996K, committed 1024K, reserved 1048576K

Heap Regions: E=young(eden), S=young(survivor), O=old, HS=humongous(starts), HC=humongous(continues), CS=collection set, F=free, OA=open archive, CA=closed archive, TAMS=top-at-mark-start (previous, next)
|   0|0x0000000703800000, 0x0000000703a00000, 0x0000000703a00000|100%|HS|  |TAMS 0x0000000703800000, 0x0000000703800000| Complete 
|   1|0x0000000703a00000, 0x0000000703c00000, 0x0000000703c00000|100%|HC|  |TAMS 0x0000000703a00000, 0x0000000703a00000| Complete 
|   2|0x0000000703c00000, 0x0000000703e00000, 0x0000000703e00000|100%|HS|  |TAMS 0x0000000703c00000, 0x0000000703c00000| Complete 
|   3|0x0000000703e00000, 0x0000000704000000, 0x0000000704000000|100%|HC|  |TAMS 0x0000000703e00000, 0x0000000703e00000| Complete 
|   4|0x0000000704000000, 0x0000000704000000, 0x0000000704200000|  0%| F|  |TAMS 0x0000000704000000, 0x0000000704000000| Untracked 
|   5|0x0000000704200000, 0x0000000704200000, 0x0000000704400000|  0%| F|  |TAMS 0x0000000704200000, 0x0000000704200000| Untracked 
|   6|0x0000000704400000, 0x0000000704400000, 0x0000000704600000|  0%| F|  |TAMS 0x0000000704400000, 0x0000000704400000| Untracked 
|   7|0x0000000704600000, 0x0000000704600000, 0x0000000704800000|  0%| F|  |TAMS 0x0000000704600000, 0x0000000704600000| Untracked 
|   8|0x0000000704800000, 0x0000000704800000, 0x0000000704a00000|  0%| F|  |TAMS 0x0000000704800000, 0x0000000704800000| Untracked 
|   9|0x0000000704a00000, 0x0000000704a00000, 0x0000000704c00000|  0%| F|  |TAMS 0x0000000704a00000, 0x0000000704a00000| Untracked 
|  10|0x0000000704c00000, 0x0000000704c00000, 0x0000000704e00000|  0%| F|  |TAMS 0x0000000704c00000, 0x0000000704c00000| Untracked 
|  11|0x0000000704e00000, 0x0000000704e00000, 0x0000000705000000|  0%| F|  |TAMS 0x0000000704e00000, 0x0000000704e00000| Untracked 
|  12|0x0000000705000000, 0x0000000705000000, 0x0000000705200000|  0%| F|  |TAMS 0x0000000705000000, 0x0000000705000000| Untracked 
|  13|0x0000000705200000, 0x0000000705200000, 0x0000000705400000|  0%| F|  |TAMS 0x0000000705200000, 0x0000000705200000| Untracked 
|  14|0x0000000705400000, 0x0000000705400000, 0x0000000705600000|  0%| F|  |TAMS 0x0000000705400000, 0x0000000705400000| Untracked 
|  15|0x0000000705600000, 0x0000000705600000, 0x0000000705800000|  0%| F|  |TAMS 0x0000000705600000, 0x0000000705600000| Untracked 
|  16|0x0000000705800000, 0x0000000705800000, 0x0000000705a00000|  0%| F|  |TAMS 0x0000000705800000, 0x0000000705800000| Untracked 
|  17|0x0000000705a00000, 0x0000000705a00000, 0x0000000705c00000|  0%| F|  |TAMS 0x0000000705a00000, 0x0000000705a00000| Untracked 
|  18|0x0000000705c00000, 0x0000000705c00000, 0x0000000705e00000|  0%| F|  |TAMS 0x0000000705c00000, 0x0000000705c00000| Untracked 
|  19|0x0000000705e00000, 0x0000000705e00000, 0x0000000706000000|  0%| F|  |TAMS 0x0000000705e00000, 0x0000000705e00000| Untracked 
|  20|0x0000000706000000, 0x0000000706000000, 0x0000000706200000|  0%| F|  |TAMS 0x0000000706000000, 0x0000000706000000| Untracked 
|  21|0x0000000706200000, 0x0000000706200000, 0x0000000706400000|  0%| F|  |TAMS 0x0000000706200000, 0x0000000706200000| Untracked 
|  22|0x0000000706400000, 0x0000000706400000, 0x0000000706600000|  0%| F|  |TAMS 0x0000000706400000, 0x0000000706400000| Untracked 
|  23|0x0000000706600000, 0x0000000706600000, 0x0000000706800000|  0%| F|  |TAMS 0x0000000706600000, 0x0000000706600000| Untracked 
|  24|0x0000000706800000, 0x0000000706800000, 0x0000000706a00000|  0%| F|  |TAMS 0x0000000706800000, 0x0000000706800000| Untracked 
|  25|0x0000000706a00000, 0x0000000706a00000, 0x0000000706c00000|  0%| F|  |TAMS 0x0000000706a00000, 0x0000000706a00000| Untracked 
|  26|0x0000000706c00000, 0x0000000706c00000, 0x0000000706e00000|  0%| F|  |TAMS 0x0000000706c00000, 0x0000000706c00000| Untracked 
|  27|0x0000000706e00000, 0x0000000706e00000, 0x0000000707000000|  0%| F|  |TAMS 0x0000000706e00000, 0x0000000706e00000| Untracked 
|  28|0x0000000707000000, 0x0000000707000000, 0x0000000707200000|  0%| F|  |TAMS 0x0000000707000000, 0x0000000707000000| Untracked 
|  29|0x0000000707200000, 0x0000000707200000, 0x0000000707400000|  0%| F|  |TAMS 0x0000000707200000, 0x0000000707200000| Untracked 
|  30|0x0000000707400000, 0x0000000707400000, 0x0000000707600000|  0%| F|  |TAMS 0x0000000707400000, 0x0000000707400000| Untracked 
|  31|0x0000000707600000, 0x0000000707600000, 0x0000000707800000|  0%| F|  |TAMS 0x0000000707600000, 0x0000000707600000| Untracked 
|  32|0x0000000707800000, 0x0000000707800000, 0x0000000707a00000|  0%| F|  |TAMS 0x0000000707800000, 0x0000000707800000| Untracked 
|  33|0x0000000707a00000, 0x0000000707a00000, 0x0000000707c00000|  0%| F|  |TAMS 0x0000000707a00000, 0x0000000707a00000| Untracked 
|  34|0x0000000707c00000, 0x0000000707c00000, 0x0000000707e00000|  0%| F|  |TAMS 0x0000000707c00000, 0x0000000707c00000| Untracked 
|  35|0x0000000707e00000, 0x0000000707e00000, 0x0000000708000000|  0%| F|  |TAMS 0x0000000707e00000, 0x0000000707e00000| Untracked 
|  36|0x0000000708000000, 0x0000000708000000, 0x0000000708200000|  0%| F|  |TAMS 0x0000000708000000, 0x0000000708000000| Untracked 
|  37|0x0000000708200000, 0x0000000708200000, 0x0000000708400000|  0%| F|  |TAMS 0x0000000708200000, 0x0000000708200000| Untracked 
|  38|0x0000000708400000, 0x0000000708400000, 0x0000000708600000|  0%| F|  |TAMS 0x0000000708400000, 0x0000000708400000| Untracked 
|  39|0x0000000708600000, 0x0000000708600000, 0x0000000708800000|  0%| F|  |TAMS 0x0000000708600000, 0x0000000708600000| Untracked 
|  40|0x0000000708800000, 0x0000000708800000, 0x0000000708a00000|  0%| F|  |TAMS 0x0000000708800000, 0x0000000708800000| Untracked 
|  41|0x0000000708a00000, 0x0000000708a00000, 0x0000000708c00000|  0%| F|  |TAMS 0x0000000708a00000, 0x0000000708a00000| Untracked 
|  42|0x0000000708c00000, 0x0000000708c00000, 0x0000000708e00000|  0%| F|  |TAMS 0x0000000708c00000, 0x0000000708c00000| Untracked 
|  43|0x0000000708e00000, 0x0000000708e00000, 0x0000000709000000|  0%| F|  |TAMS 0x0000000708e00000, 0x0000000708e00000| Untracked 
|  44|0x0000000709000000, 0x0000000709000000, 0x0000000709200000|  0%| F|  |TAMS 0x0000000709000000, 0x0000000709000000| Untracked 
|  45|0x0000000709200000, 0x0000000709200000, 0x0000000709400000|  0%| F|  |TAMS 0x0000000709200000, 0x0000000709200000| Untracked 
|  46|0x0000000709400000, 0x0000000709400000, 0x0000000709600000|  0%| F|  |TAMS 0x0000000709400000, 0x0000000709400000| Untracked 
|  47|0x0000000709600000, 0x0000000709600000, 0x0000000709800000|  0%| F|  |TAMS 0x0000000709600000, 0x0000000709600000| Untracked 
|  48|0x0000000709800000, 0x0000000709800000, 0x0000000709a00000|  0%| F|  |TAMS 0x0000000709800000, 0x0000000709800000| Untracked 
|  49|0x0000000709a00000, 0x0000000709a00000, 0x0000000709c00000|  0%| F|  |TAMS 0x0000000709a00000, 0x0000000709a00000| Untracked 
|  50|0x0000000709c00000, 0x0000000709c00000, 0x0000000709e00000|  0%| F|  |TAMS 0x0000000709c00000, 0x0000000709c00000| Untracked 
|  51|0x0000000709e00000, 0x0000000709e00000, 0x000000070a000000|  0%| F|  |TAMS 0x0000000709e00000, 0x0000000709e00000| Untracked 
|  52|0x000000070a000000, 0x000000070a000000, 0x000000070a200000|  0%| F|  |TAMS 0x000000070a000000, 0x000000070a000000| Untracked 
|  53|0x000000070a200000, 0x000000070a200000, 0x000000070a400000|  0%| F|  |TAMS 0x000000070a200000, 0x000000070a200000| Untracked 
|  54|0x000000070a400000, 0x000000070a400000, 0x000000070a600000|  0%| F|  |TAMS 0x000000070a400000, 0x000000070a400000| Untracked 
|  55|0x000000070a600000, 0x000000070a600000, 0x000000070a800000|  0%| F|  |TAMS 0x000000070a600000, 0x000000070a600000| Untracked 
|  56|0x000000070a800000, 0x000000070a800000, 0x000000070aa00000|  0%| F|  |TAMS 0x000000070a800000, 0x000000070a800000| Untracked 
|  57|0x000000070aa00000, 0x000000070aa00000, 0x000000070ac00000|  0%| F|  |TAMS 0x000000070aa00000, 0x000000070aa00000| Untracked 
|  58|0x000000070ac00000, 0x000000070ac00000, 0x000000070ae00000|  0%| F|  |TAMS 0x000000070ac00000, 0x000000070ac00000| Untracked 
|  59|0x000000070ae00000, 0x000000070ae00000, 0x000000070b000000|  0%| F|  |TAMS 0x000000070ae00000, 0x000000070ae00000| Untracked 
|  60|0x000000070b000000, 0x000000070b000000, 0x000000070b200000|  0%| F|  |TAMS 0x000000070b000000, 0x000000070b000000| Untracked 
|  61|0x000000070b200000, 0x000000070b200000, 0x000000070b400000|  0%| F|  |TAMS 0x000000070b200000, 0x000000070b200000| Untracked 
|  62|0x000000070b400000, 0x000000070b400000, 0x000000070b600000|  0%| F|  |TAMS 0x000000070b400000, 0x000000070b400000| Untracked 
|  63|0x000000070b600000, 0x000000070b600000, 0x000000070b800000|  0%| F|  |TAMS 0x000000070b600000, 0x000000070b600000| Untracked 
|  64|0x000000070b800000, 0x000000070b800000, 0x000000070ba00000|  0%| F|  |TAMS 0x000000070b800000, 0x000000070b800000| Untracked 
|  65|0x000000070ba00000, 0x000000070ba00000, 0x000000070bc00000|  0%| F|  |TAMS 0x000000070ba00000, 0x000000070ba00000| Untracked 
|  66|0x000000070bc00000, 0x000000070bc00000, 0x000000070be00000|  0%| F|  |TAMS 0x000000070bc00000, 0x000000070bc00000| Untracked 
|  67|0x000000070be00000, 0x000000070be00000, 0x000000070c000000|  0%| F|  |TAMS 0x000000070be00000, 0x000000070be00000| Untracked 
|  68|0x000000070c000000, 0x000000070c000000, 0x000000070c200000|  0%| F|  |TAMS 0x000000070c000000, 0x000000070c000000| Untracked 
|  69|0x000000070c200000, 0x000000070c200000, 0x000000070c400000|  0%| F|  |TAMS 0x000000070c200000, 0x000000070c200000| Untracked 
|  70|0x000000070c400000, 0x000000070c400000, 0x000000070c600000|  0%| F|  |TAMS 0x000000070c400000, 0x000000070c400000| Untracked 
|  71|0x000000070c600000, 0x000000070c600000, 0x000000070c800000|  0%| F|  |TAMS 0x000000070c600000, 0x000000070c600000| Untracked 
|  72|0x000000070c800000, 0x000000070c800000, 0x000000070ca00000|  0%| F|  |TAMS 0x000000070c800000, 0x000000070c800000| Untracked 
|  73|0x000000070ca00000, 0x000000070ca00000, 0x000000070cc00000|  0%| F|  |TAMS 0x000000070ca00000, 0x000000070ca00000| Untracked 
|  74|0x000000070cc00000, 0x000000070cc00000, 0x000000070ce00000|  0%| F|  |TAMS 0x000000070cc00000, 0x000000070cc00000| Untracked 
|  75|0x000000070ce00000, 0x000000070ce00000, 0x000000070d000000|  0%| F|  |TAMS 0x000000070ce00000, 0x000000070ce00000| Untracked 
|  76|0x000000070d000000, 0x000000070d000000, 0x000000070d200000|  0%| F|  |TAMS 0x000000070d000000, 0x000000070d000000| Untracked 
|  77|0x000000070d200000, 0x000000070d200000, 0x000000070d400000|  0%| F|  |TAMS 0x000000070d200000, 0x000000070d200000| Untracked 
|  78|0x000000070d400000, 0x000000070d400000, 0x000000070d600000|  0%| F|  |TAMS 0x000000070d400000, 0x000000070d400000| Untracked 
|  79|0x000000070d600000, 0x000000070d600000, 0x000000070d800000|  0%| F|  |TAMS 0x000000070d600000, 0x000000070d600000| Untracked 
|  80|0x000000070d800000, 0x000000070d800000, 0x000000070da00000|  0%| F|  |TAMS 0x000000070d800000, 0x000000070d800000| Untracked 
|  81|0x000000070da00000, 0x000000070da00000, 0x000000070dc00000|  0%| F|  |TAMS 0x000000070da00000, 0x000000070da00000| Untracked 
|  82|0x000000070dc00000, 0x000000070dc00000, 0x000000070de00000|  0%| F|  |TAMS 0x000000070dc00000, 0x000000070dc00000| Untracked 
|  83|0x000000070de00000, 0x000000070de00000, 0x000000070e000000|  0%| F|  |TAMS 0x000000070de00000, 0x000000070de00000| Untracked 
|  84|0x000000070e000000, 0x000000070e000000, 0x000000070e200000|  0%| F|  |TAMS 0x000000070e000000, 0x000000070e000000| Untracked 
|  85|0x000000070e200000, 0x000000070e200000, 0x000000070e400000|  0%| F|  |TAMS 0x000000070e200000, 0x000000070e200000| Untracked 
|  86|0x000000070e400000, 0x000000070e400000, 0x000000070e600000|  0%| F|  |TAMS 0x000000070e400000, 0x000000070e400000| Untracked 
|  87|0x000000070e600000, 0x000000070e600000, 0x000000070e800000|  0%| F|  |TAMS 0x000000070e600000, 0x000000070e600000| Untracked 
|  88|0x000000070e800000, 0x000000070e800000, 0x000000070ea00000|  0%| F|  |TAMS 0x000000070e800000, 0x000000070e800000| Untracked 
|  89|0x000000070ea00000, 0x000000070ea00000, 0x000000070ec00000|  0%| F|  |TAMS 0x000000070ea00000, 0x000000070ea00000| Untracked 
|  90|0x000000070ec00000, 0x000000070ec00000, 0x000000070ee00000|  0%| F|  |TAMS 0x000000070ec00000, 0x000000070ec00000| Untracked 
|  91|0x000000070ee00000, 0x000000070ee00000, 0x000000070f000000|  0%| F|  |TAMS 0x000000070ee00000, 0x000000070ee00000| Untracked 
|  92|0x000000070f000000, 0x000000070f000000, 0x000000070f200000|  0%| F|  |TAMS 0x000000070f000000, 0x000000070f000000| Untracked 
|  93|0x000000070f200000, 0x000000070f200000, 0x000000070f400000|  0%| F|  |TAMS 0x000000070f200000, 0x000000070f200000| Untracked 
|  94|0x000000070f400000, 0x000000070f400000, 0x000000070f600000|  0%| F|  |TAMS 0x000000070f400000, 0x000000070f400000| Untracked 
|  95|0x000000070f600000, 0x000000070f600000, 0x000000070f800000|  0%| F|  |TAMS 0x000000070f600000, 0x000000070f600000| Untracked 
|  96|0x000000070f800000, 0x000000070f800000, 0x000000070fa00000|  0%| F|  |TAMS 0x000000070f800000, 0x000000070f800000| Untracked 
|  97|0x000000070fa00000, 0x000000070fa00000, 0x000000070fc00000|  0%| F|  |TAMS 0x000000070fa00000, 0x000000070fa00000| Untracked 
|  98|0x000000070fc00000, 0x000000070fc00000, 0x000000070fe00000|  0%| F|  |TAMS 0x000000070fc00000, 0x000000070fc00000| Untracked 
|  99|0x000000070fe00000, 0x000000070fe00000, 0x0000000710000000|  0%| F|  |TAMS 0x000000070fe00000, 0x000000070fe00000| Untracked 
| 100|0x0000000710000000, 0x0000000710000000, 0x0000000710200000|  0%| F|  |TAMS 0x0000000710000000, 0x0000000710000000| Untracked 
| 101|0x0000000710200000, 0x0000000710200000, 0x0000000710400000|  0%| F|  |TAMS 0x0000000710200000, 0x0000000710200000| Untracked 
| 102|0x0000000710400000, 0x0000000710400000, 0x0000000710600000|  0%| F|  |TAMS 0x0000000710400000, 0x0000000710400000| Untracked 
| 103|0x0000000710600000, 0x0000000710600000, 0x0000000710800000|  0%| F|  |TAMS 0x0000000710600000, 0x0000000710600000| Untracked 
| 104|0x0000000710800000, 0x0000000710800000, 0x0000000710a00000|  0%| F|  |TAMS 0x0000000710800000, 0x0000000710800000| Untracked 
| 105|0x0000000710a00000, 0x0000000710a00000, 0x0000000710c00000|  0%| F|  |TAMS 0x0000000710a00000, 0x0000000710a00000| Untracked 
| 106|0x0000000710c00000, 0x0000000710c00000, 0x0000000710e00000|  0%| F|  |TAMS 0x0000000710c00000, 0x0000000710c00000| Untracked 
| 107|0x0000000710e00000, 0x0000000710e00000, 0x0000000711000000|  0%| F|  |TAMS 0x0000000710e00000, 0x0000000710e00000| Untracked 
| 108|0x0000000711000000, 0x0000000711000000, 0x0000000711200000|  0%| F|  |TAMS 0x0000000711000000, 0x0000000711000000| Untracked 
| 109|0x0000000711200000, 0x0000000711200000, 0x0000000711400000|  0%| F|  |TAMS 0x0000000711200000, 0x0000000711200000| Untracked 
| 110|0x0000000711400000, 0x0000000711400000, 0x0000000711600000|  0%| F|  |TAMS 0x0000000711400000, 0x0000000711400000| Untracked 
| 111|0x0000000711600000, 0x0000000711600000, 0x0000000711800000|  0%| F|  |TAMS 0x0000000711600000, 0x0000000711600000| Untracked 
| 112|0x0000000711800000, 0x0000000711800000, 0x0000000711a00000|  0%| F|  |TAMS 0x0000000711800000, 0x0000000711800000| Untracked 
| 113|0x0000000711a00000, 0x0000000711a00000, 0x0000000711c00000|  0%| F|  |TAMS 0x0000000711a00000, 0x0000000711a00000| Untracked 
| 114|0x0000000711c00000, 0x0000000711c00000, 0x0000000711e00000|  0%| F|  |TAMS 0x0000000711c00000, 0x0000000711c00000| Untracked 
| 115|0x0000000711e00000, 0x0000000711e00000, 0x0000000712000000|  0%| F|  |TAMS 0x0000000711e00000, 0x0000000711e00000| Untracked 
| 116|0x0000000712000000, 0x0000000712071fa8, 0x0000000712200000| 22%| E|  |TAMS 0x0000000712000000, 0x0000000712000000| Complete 
| 117|0x0000000712200000, 0x0000000712400000, 0x0000000712400000|100%| E|CS|TAMS 0x0000000712200000, 0x0000000712200000| Complete 
| 118|0x0000000712400000, 0x0000000712600000, 0x0000000712600000|100%| E|CS|TAMS 0x0000000712400000, 0x0000000712400000| Complete 
| 119|0x0000000712600000, 0x0000000712800000, 0x0000000712800000|100%| E|CS|TAMS 0x0000000712600000, 0x0000000712600000| Complete 
| 120|0x0000000712800000, 0x0000000712a00000, 0x0000000712a00000|100%| E|CS|TAMS 0x0000000712800000, 0x0000000712800000| Complete 
| 121|0x0000000712a00000, 0x0000000712c00000, 0x0000000712c00000|100%| E|CS|TAMS 0x0000000712a00000, 0x0000000712a00000| Complete 
| 122|0x0000000712c00000, 0x0000000712e00000, 0x0000000712e00000|100%| E|CS|TAMS 0x0000000712c00000, 0x0000000712c00000| Complete 
| 123|0x0000000712e00000, 0x0000000713000000, 0x0000000713000000|100%| E|CS|TAMS 0x0000000712e00000, 0x0000000712e00000| Complete 
| 124|0x0000000713000000, 0x0000000713200000, 0x0000000713200000|100%| E|CS|TAMS 0x0000000713000000, 0x0000000713000000| Complete 
| 125|0x0000000713200000, 0x0000000713400000, 0x0000000713400000|100%| E|CS|TAMS 0x0000000713200000, 0x0000000713200000| Complete 
| 126|0x0000000713400000, 0x0000000713600000, 0x0000000713600000|100%| E|CS|TAMS 0x0000000713400000, 0x0000000713400000| Complete 

Card table byte_map: [0x00000209f5c20000,0x00000209f6410000] _byte_map_base: 0x00000209f2404000

Marking Bits (Prev, Next): (CMBitMap*) 0x00000209e2749dd0, (CMBitMap*) 0x00000209e2749e10
 Prev Bits: [0x00000209f6c00000, 0x00000209fab20000)
 Next Bits: [0x00000209fab20000, 0x00000209fea40000)

Polling page: 0x00000209e0680000

Metaspace:

Usage:
  Non-class:      9.04 MB used.
      Class:    996.80 KB used.
       Both:     10.01 MB used.

Virtual space:
  Non-class space:       16.00 MB reserved,       9.12 MB ( 57%) committed,  2 nodes.
      Class space:        1.00 GB reserved,       1.00 MB ( <1%) committed,  1 nodes.
             Both:        1.02 GB reserved,      10.12 MB ( <1%) committed. 

Chunk freelists:
   Non-Class:  2.59 MB
       Class:  2.98 MB
        Both:  5.58 MB

MaxMetaspaceSize: unlimited
CompressedClassSpaceSize: 1.00 GB
Initial GC threshold: 21.00 MB
Current GC threshold: 21.00 MB
CDS: off
MetaspaceReclaimPolicy: balanced
 - commit_granule_bytes: 65536.
 - commit_granule_words: 8192.
 - virtual_space_node_default_size: 1048576.
 - enlarge_chunks_in_place: 1.
 - new_chunks_are_fully_committed: 0.
 - uncommit_free_chunks: 1.
 - use_allocation_guard: 0.
 - handle_deallocations: 1.


Internal statistics:

num_allocs_failed_limit: 0.
num_arena_births: 16.
num_arena_deaths: 0.
num_vsnodes_births: 3.
num_vsnodes_deaths: 0.
num_space_committed: 162.
num_space_uncommitted: 0.
num_chunks_returned_to_freelist: 0.
num_chunks_taken_from_freelist: 93.
num_chunk_merges: 0.
num_chunk_splits: 51.
num_chunks_enlarged: 44.
num_purges: 0.
num_inconsistent_stats: 0.

CodeHeap 'non-profiled nmethods': size=119168Kb used=274Kb max_used=274Kb free=118893Kb
 bounds [0x00000209ed750000, 0x00000209ed9c0000, 0x00000209f4bb0000]
CodeHeap 'profiled nmethods': size=119104Kb used=1441Kb max_used=1441Kb free=117662Kb
 bounds [0x00000209e5bb0000, 0x00000209e5e20000, 0x00000209ed000000]
CodeHeap 'non-nmethods': size=7488Kb used=1701Kb max_used=1733Kb free=5787Kb
 bounds [0x00000209ed000000, 0x00000209ed270000, 0x00000209ed750000]
 total_blobs=1193 nmethods=783 adapters=322
 compilation: enabled
              stopped_count=0, restarted_count=0
 full_count=0

Compilation events (20 events):
Event: 0.288 Thread 0x00000209ffc981d0 nmethod 773 0x00000209e5d12910 code [0x00000209e5d12ae0, 0x00000209e5d130c8]
Event: 0.288 Thread 0x00000209ffb912c0  774       3       jdk.internal.loader.URLClassPath$JarLoader$2::getCodeSourceURL (8 bytes)
Event: 0.288 Thread 0x00000209ffc981d0  775       3       jdk.internal.loader.URLClassPath$JarLoader$2::getManifest (26 bytes)
Event: 0.288 Thread 0x00000209ffb912c0 nmethod 774 0x00000209e5d13410 code [0x00000209e5d135a0, 0x00000209e5d136b8]
Event: 0.288 Thread 0x00000209ffb912c0  776       3       java.util.jar.JavaUtilJarAccessImpl::ensureInitialization (5 bytes)
Event: 0.288 Thread 0x00000209ffb912c0 nmethod 776 0x00000209e5d13790 code [0x00000209e5d13940, 0x00000209e5d13b08]
Event: 0.288 Thread 0x0000020982889d30  777       4       java.util.zip.ZipCoder::hash (36 bytes)
Event: 0.288 Thread 0x00000209ffc981d0 nmethod 775 0x00000209e5d13c10 code [0x00000209e5d13e40, 0x00000209e5d14508]
Event: 0.288 Thread 0x00000209ffb90910  778   !   4       java.util.jar.JarFile::checkForSpecialAttributes (163 bytes)
Event: 0.289 Thread 0x00000209828a87a0  779   !   4       java.util.zip.ZipFile$Source::getEntryPos (173 bytes)
Event: 0.290 Thread 0x00000209ffb912c0  781       3       java.security.SecureClassLoader$CodeSourceKey::equals (60 bytes)
Event: 0.290 Thread 0x00000209ffc981d0  782       3       java.security.CodeSource::matchCerts (254 bytes)
Event: 0.290 Thread 0x00000209ffb912c0 nmethod 781 0x00000209e5d14810 code [0x00000209e5d14a00, 0x00000209e5d15098]
Event: 0.290 Thread 0x00000209ffc981d0 nmethod 782 0x00000209e5d15290 code [0x00000209e5d15500, 0x00000209e5d16178]
Event: 0.291 Thread 0x0000020982889d30 nmethod 777 0x00000209ed792890 code [0x00000209ed792a20, 0x00000209ed792d58]
Event: 0.291 Thread 0x0000020982889d30  780   !   4       java.util.zip.ZipFile::getEntry (59 bytes)
Event: 0.291 Thread 0x00000209ffc981d0  784       3       java.net.URLClassLoader::getAndVerifyPackage (109 bytes)
Event: 0.291 Thread 0x00000209ffb912c0  785       3       jdk.internal.perf.PerfCounter::getReadClassBytesTime (4 bytes)
Event: 0.292 Thread 0x00000209ffb912c0 nmethod 785 0x00000209e5d16590 code [0x00000209e5d16720, 0x00000209e5d16818]
Event: 0.292 Thread 0x00000209ffc981d0 nmethod 784 0x00000209e5d16890 code [0x00000209e5d16c00, 0x00000209e5d17e28]

GC Heap History (0 events):
No events

Dll operation events (2 events):
Event: 0.002 Loaded shared library D:\install\soft\Android Studio\jbr\bin\java.dll
Event: 0.062 Loaded shared library D:\install\soft\Android Studio\jbr\bin\verify.dll

Deoptimization events (20 events):
Event: 0.219 Thread 0x00000209e26db100 DEOPT PACKING pc=0x00000209ed77bd44 sp=0x000000beba9f9a50
Event: 0.219 Thread 0x00000209e26db100 DEOPT UNPACKING pc=0x00000209ed05a1a3 sp=0x000000beba9f9988 mode 2
Event: 0.219 Thread 0x00000209e26db100 Uncommon trap: trap_request=0xffffffde fr.pc=0x00000209ed77bd44 relative=0x0000000000000ec4
Event: 0.219 Thread 0x00000209e26db100 Uncommon trap: reason=class_check action=maybe_recompile pc=0x00000209ed77bd44 method=java.util.HashMap.putVal(ILjava/lang/Object;Ljava/lang/Object;ZZ)Ljava/lang/Object; @ 91 c2
Event: 0.219 Thread 0x00000209e26db100 DEOPT PACKING pc=0x00000209ed77bd44 sp=0x000000beba9f9a50
Event: 0.219 Thread 0x00000209e26db100 DEOPT UNPACKING pc=0x00000209ed05a1a3 sp=0x000000beba9f9988 mode 2
Event: 0.224 Thread 0x00000209e26db100 DEOPT PACKING pc=0x00000209e5bf7ed0 sp=0x000000beba9f8c50
Event: 0.224 Thread 0x00000209e26db100 DEOPT UNPACKING pc=0x00000209ed05ace3 sp=0x000000beba9f8110 mode 0
Event: 0.233 Thread 0x00000209e26db100 Uncommon trap: trap_request=0xffffffde fr.pc=0x00000209ed77bd44 relative=0x0000000000000ec4
Event: 0.233 Thread 0x00000209e26db100 Uncommon trap: reason=class_check action=maybe_recompile pc=0x00000209ed77bd44 method=java.util.HashMap.putVal(ILjava/lang/Object;Ljava/lang/Object;ZZ)Ljava/lang/Object; @ 91 c2
Event: 0.233 Thread 0x00000209e26db100 DEOPT PACKING pc=0x00000209ed77bd44 sp=0x000000beba9fbf80
Event: 0.233 Thread 0x00000209e26db100 DEOPT UNPACKING pc=0x00000209ed05a1a3 sp=0x000000beba9fbea0 mode 2
Event: 0.237 Thread 0x00000209e26db100 Uncommon trap: trap_request=0xffffffde fr.pc=0x00000209ed77a5dc relative=0x0000000000000f5c
Event: 0.237 Thread 0x00000209e26db100 Uncommon trap: reason=class_check action=maybe_recompile pc=0x00000209ed77a5dc method=java.util.HashMap.putVal(ILjava/lang/Object;Ljava/lang/Object;ZZ)Ljava/lang/Object; @ 203 c2
Event: 0.237 Thread 0x00000209e26db100 DEOPT PACKING pc=0x00000209ed77a5dc sp=0x000000beba9fbf40
Event: 0.237 Thread 0x00000209e26db100 DEOPT UNPACKING pc=0x00000209ed05a1a3 sp=0x000000beba9fbed0 mode 2
Event: 0.238 Thread 0x00000209e26db100 Uncommon trap: trap_request=0xffffffde fr.pc=0x00000209ed77a5dc relative=0x0000000000000f5c
Event: 0.238 Thread 0x00000209e26db100 Uncommon trap: reason=class_check action=maybe_recompile pc=0x00000209ed77a5dc method=java.util.HashMap.putVal(ILjava/lang/Object;Ljava/lang/Object;ZZ)Ljava/lang/Object; @ 203 c2
Event: 0.238 Thread 0x00000209e26db100 DEOPT PACKING pc=0x00000209ed77a5dc sp=0x000000beba9fbf40
Event: 0.238 Thread 0x00000209e26db100 DEOPT UNPACKING pc=0x00000209ed05a1a3 sp=0x000000beba9fbed0 mode 2

Classes unloaded (0 events):
No events

Classes redefined (0 events):
No events

Internal exceptions (1 events):
Event: 0.124 Thread 0x00000209e26db100 Exception <a 'java/lang/NoSuchMethodError'{0x00000007133f0300}: 'int java.lang.invoke.DirectMethodHandle$Holder.invokeStaticInit(java.lang.Object, java.lang.Object)'> (0x00000007133f0300) 
thrown [s\src\hotspot\share\interpreter\linkResolver.cpp, line 771]

VM Operations (4 events):
Event: 0.060 Executing VM operation: HandshakeAllThreads
Event: 0.060 Executing VM operation: HandshakeAllThreads done
Event: 0.269 Executing VM operation: HandshakeAllThreads
Event: 0.269 Executing VM operation: HandshakeAllThreads done

Events (20 events):
Event: 0.282 loading class java/util/ServiceLoader$1
Event: 0.282 loading class java/util/ServiceLoader$1 done
Event: 0.282 loading class java/util/ServiceLoader$ProviderImpl
Event: 0.282 loading class java/util/ServiceLoader$Provider
Event: 0.282 loading class java/util/ServiceLoader$Provider done
Event: 0.282 loading class java/util/ServiceLoader$ProviderImpl done
Event: 0.282 loading class jdk/internal/logger/BootstrapLogger$LoggingBackend
Event: 0.282 loading class jdk/internal/logger/BootstrapLogger$LoggingBackend done
Event: 0.282 loading class jdk/internal/logger/BootstrapLogger$RedirectedLoggers
Event: 0.282 loading class jdk/internal/logger/BootstrapLogger$RedirectedLoggers done
Event: 0.282 loading class jdk/internal/logger/BootstrapLogger$BootstrapExecutors
Event: 0.282 loading class jdk/internal/logger/BootstrapLogger$BootstrapExecutors done
Event: 0.282 loading class java/util/logging/LogManager$4
Event: 0.282 loading class java/util/logging/LogManager$4 done
Event: 0.282 loading class java/util/logging/Logger$SystemLoggerHelper
Event: 0.283 loading class java/util/logging/Logger$SystemLoggerHelper done
Event: 0.283 loading class java/util/logging/Logger$SystemLoggerHelper$1
Event: 0.283 loading class java/util/logging/Logger$SystemLoggerHelper$1 done
Event: 0.283 loading class jdk/internal/logger/DefaultLoggerFinder$1
Event: 0.283 loading class jdk/internal/logger/DefaultLoggerFinder$1 done


Dynamic libraries:
0x00007ff6fb320000 - 0x00007ff6fb32a000 	D:\install\soft\Android Studio\jbr\bin\java.exe
0x00007ffba2d30000 - 0x00007ffba2f25000 	C:\Windows\SYSTEM32\ntdll.dll
0x00007ffba2a80000 - 0x00007ffba2b3e000 	C:\Windows\System32\KERNEL32.DLL
0x00007ffba0450000 - 0x00007ffba0719000 	C:\Windows\System32\KERNELBASE.dll
0x00007ffba0c80000 - 0x00007ffba0d80000 	C:\Windows\System32\ucrtbase.dll
0x00007ffb3a260000 - 0x00007ffb3a277000 	D:\install\soft\Android Studio\jbr\bin\jli.dll
0x00007ffb3a240000 - 0x00007ffb3a25b000 	D:\install\soft\Android Studio\jbr\bin\VCRUNTIME140.dll
0x00007ffba1ea0000 - 0x00007ffba2041000 	C:\Windows\System32\USER32.dll
0x00007ffba09e0000 - 0x00007ffba0a02000 	C:\Windows\System32\win32u.dll
0x00007ffb88740000 - 0x00007ffb889da000 	C:\Windows\WinSxS\amd64_microsoft.windows.common-controls_6595b64144ccf1df_6.0.19041.1110_none_60b5254171f9507e\COMCTL32.dll
0x00007ffba1000000 - 0x00007ffba102b000 	C:\Windows\System32\GDI32.dll
0x00007ffba1a60000 - 0x00007ffba1afe000 	C:\Windows\System32\msvcrt.dll
0x00007ffba0ac0000 - 0x00007ffba0bcb000 	C:\Windows\System32\gdi32full.dll
0x00007ffba0940000 - 0x00007ffba09dd000 	C:\Windows\System32\msvcp_win.dll
0x00007ffba1b00000 - 0x00007ffba1b30000 	C:\Windows\System32\IMM32.DLL
0x00007ffb3a230000 - 0x00007ffb3a23c000 	D:\install\soft\Android Studio\jbr\bin\vcruntime140_1.dll
0x00007ffb3a1a0000 - 0x00007ffb3a22d000 	D:\install\soft\Android Studio\jbr\bin\msvcp140.dll
0x00007ffb5dbb0000 - 0x00007ffb5e81d000 	D:\install\soft\Android Studio\jbr\bin\server\jvm.dll
0x00007ffba29d0000 - 0x00007ffba2a7c000 	C:\Windows\System32\ADVAPI32.dll
0x00007ffba0ea0000 - 0x00007ffba0f3b000 	C:\Windows\System32\sechost.dll
0x00007ffba1b30000 - 0x00007ffba1c5a000 	C:\Windows\System32\RPCRT4.dll
0x00007ffb95a10000 - 0x00007ffb95a19000 	C:\Windows\SYSTEM32\WSOCK32.dll
0x00007ffb96560000 - 0x00007ffb9656a000 	C:\Windows\SYSTEM32\VERSION.dll
0x00007ffb88a60000 - 0x00007ffb88a87000 	C:\Windows\SYSTEM32\WINMM.dll
0x00007ffba19f0000 - 0x00007ffba1a5b000 	C:\Windows\System32\WS2_32.dll
0x00007ffb9ed20000 - 0x00007ffb9ed32000 	C:\Windows\SYSTEM32\kernel.appcore.dll
0x00007ffb87690000 - 0x00007ffb8769a000 	D:\install\soft\Android Studio\jbr\bin\jimage.dll
0x00007ffb9e830000 - 0x00007ffb9ea14000 	C:\Windows\SYSTEM32\DBGHELP.DLL
0x00007ffb89f00000 - 0x00007ffb89f2c000 	C:\Windows\SYSTEM32\dbgcore.DLL
0x00007ffba0720000 - 0x00007ffba07a3000 	C:\Windows\System32\bcryptPrimitives.dll
0x00007ffb836b0000 - 0x00007ffb836d5000 	D:\install\soft\Android Studio\jbr\bin\java.dll
0x00007ffb86c20000 - 0x00007ffb86c38000 	D:\install\soft\Android Studio\jbr\bin\zip.dll
0x00007ffba1160000 - 0x00007ffba189f000 	C:\Windows\System32\SHELL32.dll
0x00007ffb9dfd0000 - 0x00007ffb9e760000 	C:\Windows\SYSTEM32\windows.storage.dll
0x00007ffba20d0000 - 0x00007ffba2425000 	C:\Windows\System32\combase.dll
0x00007ffb9fea0000 - 0x00007ffb9fecc000 	C:\Windows\SYSTEM32\Wldp.dll
0x00007ffba1dd0000 - 0x00007ffba1e7d000 	C:\Windows\System32\SHCORE.dll
0x00007ffba0f40000 - 0x00007ffba0f95000 	C:\Windows\System32\shlwapi.dll
0x00007ffba0390000 - 0x00007ffba03af000 	C:\Windows\SYSTEM32\profapi.dll
0x00007ffb84460000 - 0x00007ffb84479000 	D:\install\soft\Android Studio\jbr\bin\net.dll
0x00007ffb98780000 - 0x00007ffb98888000 	C:\Windows\SYSTEM32\WINHTTP.dll
0x00007ffb9fc00000 - 0x00007ffb9fc6a000 	C:\Windows\system32\mswsock.dll
0x00007ffb83680000 - 0x00007ffb83696000 	D:\install\soft\Android Studio\jbr\bin\nio.dll
0x00007ffb821b0000 - 0x00007ffb821c0000 	D:\install\soft\Android Studio\jbr\bin\verify.dll

dbghelp: loaded successfully - version: 4.0.5 - missing functions: none
symbol engine: initialized successfully - sym options: 0x614 - pdb path: .;D:\install\soft\Android Studio\jbr\bin;C:\Windows\SYSTEM32;C:\Windows\WinSxS\amd64_microsoft.windows.common-controls_6595b64144ccf1df_6.0.19041.1110_none_60b5254171f9507e;D:\install\soft\Android Studio\jbr\bin\server

VM Arguments:
jvm_args: -Dorg.gradle.appname=gradlew 
java_command: org.gradle.wrapper.GradleWrapperMain -q -Ptarget-platform=android-x64 -Ptarget=D:\vadymkon\Kaiters\apps\WitcherNotes\lib\main.dart -Pbase-application-name=android.app.Application -Pdart-defines=Zmx1dHRlci5pbnNwZWN0b3Iuc3RydWN0dXJlZEVycm9ycz10cnVl,RkxVVFRFUl9XRUJfQVVUT19ERVRFQ1Q9dHJ1ZQ==,RkxVVFRFUl9XRUJfQ0FOVkFTS0lUX1VSTD1odHRwczovL3d3dy5nc3RhdGljLmNvbS9mbHV0dGVyLWNhbnZhc2tpdC80NWY2ZTAwOTExMGRmNGYzNGVjMmNmOTlmNjNjZjczYjcxYjdhNDIwLw== -Pdart-obfuscation=false -Ptrack-widget-creation=true -Ptree-shake-icons=false -Pfilesystem-scheme=org-dartlang-root assembleDebug
java_class_path (initial): D:\vadymkon\Kaiters\apps\WitcherNotes\android\\gradle\wrapper\gradle-wrapper.jar
Launcher Type: SUN_STANDARD

[Global flags]
     intx CICompilerCount                          = 12                                        {product} {ergonomic}
     uint ConcGCThreads                            = 3                                         {product} {ergonomic}
     uint G1ConcRefinementThreads                  = 13                                        {product} {ergonomic}
   size_t G1HeapRegionSize                         = 2097152                                   {product} {ergonomic}
    uintx GCDrainStackTargetSize                   = 64                                        {product} {ergonomic}
   size_t InitialHeapSize                          = 266338304                                 {product} {ergonomic}
   size_t MarkStackSize                            = 4194304                                   {product} {ergonomic}
   size_t MaxHeapSize                              = 4236247040                                {product} {ergonomic}
   size_t MaxNewSize                               = 2541748224                                {product} {ergonomic}
   size_t MinHeapDeltaBytes                        = 2097152                                   {product} {ergonomic}
   size_t MinHeapSize                              = 8388608                                   {product} {ergonomic}
    uintx NonNMethodCodeHeapSize                   = 7602480                                {pd product} {ergonomic}
    uintx NonProfiledCodeHeapSize                  = 122027880                              {pd product} {ergonomic}
    uintx ProfiledCodeHeapSize                     = 122027880                              {pd product} {ergonomic}
    uintx ReservedCodeCacheSize                    = 251658240                              {pd product} {ergonomic}
     bool SegmentedCodeCache                       = true                                      {product} {ergonomic}
   size_t SoftMaxHeapSize                          = 4236247040                             {manageable} {ergonomic}
     bool UseCompressedClassPointers               = true                           {product lp64_product} {ergonomic}
     bool UseCompressedOops                        = true                           {product lp64_product} {ergonomic}
     bool UseG1GC                                  = true                                      {product} {ergonomic}
     bool UseLargePagesIndividualAllocation        = false                                  {pd product} {ergonomic}

Logging:
Log output configuration:
 #0: stdout all=warning uptime,level,tags
 #1: stderr all=off uptime,level,tags

Environment Variables:
JAVA_HOME=D:\install\soft\Android Studio\jbr
CLASSPATH=D:\vadymkon\Kaiters\apps\WitcherNotes\android\\gradle\wrapper\gradle-wrapper.jar
PATH=C:\Windows\system32;C:\Windows;C:\Windows\System32\Wbem;C:\Windows\System32\WindowsPowerShell\v1.0\;C:\Windows\System32\OpenSSH\;C:\Program Files\Cloudflare\Cloudflare WARP\;C:\Users\vadymkon\AppData\Local\Microsoft\WindowsApps;D:\install\soft\flutterSDK\flutter\bin;;D:\install\soft\flutterSDK\flutter\bin\mingit\cmd
USERNAME=vadymkon
OS=Windows_NT
PROCESSOR_IDENTIFIER=Intel64 Family 6 Model 141 Stepping 1, GenuineIntel
TMP=C:\Temp
TEMP=C:\Temp



---------------  S Y S T E M  ---------------

OS:
 Windows 10 , 64 bit Build 19041 (10.0.19041.1202)
OS uptime: 0 days 1:02 hours

CPU: total 16 (initial active 16) (8 cores per cpu, 2 threads per core) family 6 model 141 stepping 1 microcode 0x34, cx8, cmov, fxsr, ht, mmx, 3dnowpref, sse, sse2, sse3, ssse3, sse4.1, sse4.2, popcnt, lzcnt, tsc, tscinvbit, avx, avx2, aes, erms, clmul, bmi1, bmi2, adx, avx512f, avx512dq, avx512cd, avx512bw, avx512vl, sha, fma, vzeroupper, avx512_vpopcntdq, avx512_vpclmulqdq, avx512_vaes, avx512_vnni, clflush, clflushopt, clwb, avx512_vbmi2, avx512_vbmi

Memory: 4k page, system-wide physical 16155M (3976M free)
TotalPageFile size 16155M (AvailPageFile size 3M)
current process WorkingSet (physical memory assigned to process): 78M, peak: 78M
current process commit charge ("private bytes"): 366M, peak: 366M

vm_info: OpenJDK 64-Bit Server VM (17.0.6+0-b2043.56-9586694) for windows-amd64 JRE (17.0.6+0-b2043.56-9586694), built on Feb  9 2023 20:06:20 by "androidbuild" with MS VC++ 16.10 / 16.11 (VS2019)

END.
