#
# A fatal error has been detected by the Java Runtime Environment:
#
#  EXCEPTION_ACCESS_VIOLATION (0xc0000005) at pc=0x00007ff91013bec3, pid=3984, tid=8348
#
# JRE version: OpenJDK Runtime Environment (17.0.6) (build 17.0.6+0-b2043.56-9586694)
# Java VM: OpenJDK 64-Bit Server VM (17.0.6+0-b2043.56-9586694, mixed mode, tiered, compressed oops, compressed class ptrs, g1 gc, windows-amd64)
# Problematic frame:
# V  [jvm.dll+0x38bec3]
#
# No core dump will be written. Minidumps are not enabled by default on client versions of Windows
#
# If you would like to submit a bug report, please visit:
#   https://bugreport.java.com/bugreport/crash.jsp
#

---------------  S U M M A R Y ------------

Command Line: --add-opens=java.base/java.util=ALL-UNNAMED --add-opens=java.base/java.lang=ALL-UNNAMED --add-opens=java.base/java.lang.invoke=ALL-UNNAMED --add-opens=java.base/java.util=ALL-UNNAMED --add-opens=java.prefs/java.util.prefs=ALL-UNNAMED --add-opens=java.prefs/java.util.prefs=ALL-UNNAMED --add-opens=java.base/java.nio.charset=ALL-UNNAMED --add-opens=java.base/java.net=ALL-UNNAMED --add-opens=java.base/java.util.concurrent.atomic=ALL-UNNAMED -Xmx1536M -Dfile.encoding=windows-1251 -Duser.country=RU -Duser.language=ru -Duser.variant org.gradle.launcher.daemon.bootstrap.GradleDaemon 7.5

Host: 11th Gen Intel(R) Core(TM) i7-11800H @ 2.30GHz, 16 cores, 15G,  Windows 10 , 64 bit Build 19041 (10.0.19041.1202)
Time: Thu Jul 13 22:01:39 2023  Windows 10 , 64 bit Build 19041 (10.0.19041.1202) elapsed time: 1732.897523 seconds (0d 0h 28m 52s)

---------------  T H R E A D  ---------------

Current thread (0x00000135ef9fd950):  JavaThread "Cache worker for dependencies-accessors (D:\vadymkon\Kaiters\apps\WitcherNotes\android\.gradle\7.5\dependencies-accessors)" [_thread_in_vm, id=8348, stack(0x00000022c7b00000,0x00000022c7c00000)]

Stack: [0x00000022c7b00000,0x00000022c7c00000],  sp=0x00000022c7bff2c0,  free space=1020k
Native frames: (J=compiled Java code, j=interpreted, Vv=VM code, C=native code)
V  [jvm.dll+0x38bec3]
V  [jvm.dll+0x683a72]
V  [jvm.dll+0x38cb1b]
V  [jvm.dll+0x38cda7]
V  [jvm.dll+0x412861]
V  [jvm.dll+0x7f809c]
V  [jvm.dll+0x7f25fa]
