#
# There is insufficient memory for the Java Runtime Environment to continue.
# Native memory allocation (mmap) failed to map 65536 bytes for Failed to commit metaspace.
# Possible reasons:
#   The system is out of physical RAM or swap space
#   The process is running with CompressedOops enabled, and the Java Heap may be blocking the growth of the native heap
# Possible solutions:
#   Reduce memory load on the system
#   Increase physical memory or swap space
#   Check if swap backing store is full
#   Decrease Java heap size (-Xmx/-Xms)
#   Decrease number of Java threads
#   Decrease Java thread stack sizes (-Xss)
#   Set larger code cache with -XX:ReservedCodeCacheSize=
#   JVM is running with Zero Based Compressed Oops mode in which the Java heap is
#     placed in the first 32GB address space. The Java Heap base address is the
#     maximum limit for the native heap growth. Please use -XX:HeapBaseMinAddress
#     to set the Java Heap base and to place the Java Heap above 32GB virtual address.
# This output file may be truncated or incomplete.
#
#  Out of Memory Error (virtualSpaceNode.cpp:110), pid=7608, tid=2704
#
# JRE version: OpenJDK Runtime Environment (17.0.6) (build 17.0.6+0-b2043.56-9586694)
# Java VM: OpenJDK 64-Bit Server VM (17.0.6+0-b2043.56-9586694, mixed mode, tiered, compressed oops, compressed class ptrs, g1 gc, windows-amd64)
# No core dump will be written. Minidumps are not enabled by default on client versions of Windows
#

---------------  S U M M A R Y ------------

Command Line: -Dorg.gradle.appname=gradlew org.gradle.wrapper.GradleWrapperMain -q -Ptarget-platform=android-x64 -Ptarget=D:\vadymkon\Kaiters\apps\witcher_notes\lib\main.dart -Pbase-application-name=android.app.Application -Pdart-defines=Zmx1dHRlci5pbnNwZWN0b3Iuc3RydWN0dXJlZEVycm9ycz10cnVl,RkxVVFRFUl9XRUJfQVVUT19ERVRFQ1Q9dHJ1ZQ==,RkxVVFRFUl9XRUJfQ0FOVkFTS0lUX1VSTD1odHRwczovL3d3dy5nc3RhdGljLmNvbS9mbHV0dGVyLWNhbnZhc2tpdC80NWY2ZTAwOTExMGRmNGYzNGVjMmNmOTlmNjNjZjczYjcxYjdhNDIwLw== -Pdart-obfuscation=false -Ptrack-widget-creation=true -Ptree-shake-icons=false -Pfilesystem-scheme=org-dartlang-root assembleDebug

Host: 11th Gen Intel(R) Core(TM) i7-11800H @ 2.30GHz, 16 cores, 15G,  Windows 10 , 64 bit Build 19041 (10.0.19041.1202)
Time: Thu Jul  6 15:31:31 2023  Windows 10 , 64 bit Build 19041 (10.0.19041.1202) elapsed time: 0.617839 seconds (0d 0h 0m 0s)

---------------  T H R E A D  ---------------

Current thread (0x000001ef3e89c090):  JavaThread "main" [_thread_in_vm, id=2704, stack(0x0000007e32000000,0x0000007e32100000)]

Stack: [0x0000007e32000000,0x0000007e32100000]
Native frames: (J=compiled Java code, j=interpreted, Vv=VM code, C=native code)
V  [jvm.dll+0x683b4a]
V  [jvm.dll+0x842654]
V  [jvm.dll+0x843dfe]
V  [jvm.dll+0x844463]
V  [jvm.dll+0x249b75]
V  [jvm.dll+0x83e6ab]
V  [jvm.dll+0x627fa6]
V  [jvm.dll+0x1c194e]
V  [jvm.dll+0x62a8e1]
V  [jvm.dll+0x628946]
V  [jvm.dll+0x632777]
V  [jvm.dll+0x1eda2b]
V  [jvm.dll+0x1edf65]
V  [jvm.dll+0x1ee884]
V  [jvm.dll+0x1e3dcc]
V  [jvm.dll+0x547f8d]
V  [jvm.dll+0x7bd285]
V  [jvm.dll+0x7bd39e]
V  [jvm.dll+0x4117ca]
V  [jvm.dll+0x417949]
C  [java.dll+0x17ec]

Java frames: (J=compiled Java code, j=interpreted, Vv=VM code)
J 774  java.lang.ClassLoader.defineClass1(Ljava/lang/ClassLoader;Ljava/lang/String;[BIILjava/security/ProtectionDomain;Ljava/lang/String;)Ljava/lang/Class; java.base@17.0.6 (0 bytes) @ 0x000001ef4994f9e3 [0x000001ef4994f920+0x00000000000000c3]
J 818 c1 java.lang.ClassLoader.defineClass(Ljava/lang/String;[BIILjava/security/ProtectionDomain;)Ljava/lang/Class; java.base@17.0.6 (43 bytes) @ 0x000001ef41ee9e5c [0x000001ef41ee9b00+0x000000000000035c]
J 837 c1 java.security.SecureClassLoader.defineClass(Ljava/lang/String;[BIILjava/security/CodeSource;)Ljava/lang/Class; java.base@17.0.6 (16 bytes) @ 0x000001ef41ef250c [0x000001ef41ef2440+0x00000000000000cc]
J 789 c1 java.net.URLClassLoader.defineClass(Ljava/lang/String;Ljdk/internal/loader/Resource;)Ljava/lang/Class; java.base@17.0.6 (224 bytes) @ 0x000001ef41edc88c [0x000001ef41edadc0+0x0000000000001acc]
J 726 c1 java.net.URLClassLoader$1.run()Ljava/lang/Class; java.base@17.0.6 (81 bytes) @ 0x000001ef41eb4cac [0x000001ef41eb4020+0x0000000000000c8c]
J 725 c1 java.net.URLClassLoader$1.run()Ljava/lang/Object; java.base@17.0.6 (5 bytes) @ 0x000001ef41eb2c44 [0x000001ef41eb2bc0+0x0000000000000084]
J 612 c1 java.security.AccessController.doPrivileged(Ljava/security/PrivilegedExceptionAction;Ljava/security/AccessControlContext;)Ljava/lang/Object; java.base@17.0.6 (26 bytes) @ 0x000001ef41e6f67c [0x000001ef41e6f4a0+0x00000000000001dc]
J 723 c1 java.net.URLClassLoader.findClass(Ljava/lang/String;)Ljava/lang/Class; java.base@17.0.6 (47 bytes) @ 0x000001ef41eb35a4 [0x000001ef41eb3400+0x00000000000001a4]
J 629 c1 java.lang.ClassLoader.loadClass(Ljava/lang/String;Z)Ljava/lang/Class; java.base@17.0.6 (121 bytes) @ 0x000001ef41e7af74 [0x000001ef41e7a9c0+0x00000000000005b4]
J 619 c1 java.lang.ClassLoader.loadClass(Ljava/lang/String;)Ljava/lang/Class; java.base@17.0.6 (7 bytes) @ 0x000001ef41e72f4c [0x000001ef41e72e40+0x000000000000010c]
v  ~StubRoutines::call_stub
j  org.gradle.internal.serialize.kryo.KryoBackedEncoder.<init>(Ljava/io/OutputStream;I)V+5
j  org.gradle.internal.serialize.kryo.KryoBackedEncoder.<init>(Ljava/io/OutputStream;)V+5
j  org.gradle.internal.remote.internal.KryoBackedMessageSerializer.newEncoder(Ljava/io/OutputStream;)Lorg/gradle/internal/serialize/FlushableEncoder;+5
j  org.gradle.internal.remote.internal.inet.SocketConnection.<init>(Ljava/nio/channels/SocketChannel;Lorg/gradle/internal/remote/internal/MessageSerializer;Lorg/gradle/internal/serialize/StatefulSerializer;)V+142
j  org.gradle.internal.remote.internal.inet.SocketConnectCompletion.create(Lorg/gradle/internal/serialize/StatefulSerializer;)Lorg/gradle/internal/remote/internal/RemoteConnection;+16
j  org.gradle.launcher.daemon.client.DefaultDaemonConnector.connectToDaemon(Lorg/gradle/launcher/daemon/context/DaemonConnectDetails;Lorg/gradle/launcher/daemon/client/DaemonClientConnection$StaleAddressDetector;)Lorg/gradle/launcher/daemon/client/DaemonClientConnection;+43
j  org.gradle.launcher.daemon.client.DefaultDaemonConnector.findConnection(Ljava/util/List;)Lorg/gradle/launcher/daemon/client/DaemonClientConnection;+38
j  org.gradle.launcher.daemon.client.DefaultDaemonConnector.connectToIdleDaemon(Ljava/util/Collection;Lorg/gradle/api/internal/specs/ExplainingSpec;)Lorg/gradle/launcher/daemon/client/DaemonClientConnection;+9
j  org.gradle.launcher.daemon.client.DefaultDaemonConnector.connect(Lorg/gradle/api/internal/specs/ExplainingSpec;)Lorg/gradle/launcher/daemon/client/DaemonClientConnection;+37
j  org.gradle.launcher.daemon.client.DaemonClient.execute(Lorg/gradle/internal/invocation/BuildAction;Lorg/gradle/launcher/exec/BuildActionParameters;Lorg/gradle/initialization/BuildRequestContext;)Lorg/gradle/launcher/exec/BuildActionResult;+62
j  org.gradle.launcher.daemon.client.DaemonClient.execute(Lorg/gradle/internal/invocation/BuildAction;Ljava/lang/Object;Ljava/lang/Object;)Lorg/gradle/launcher/exec/BuildActionResult;+10
j  org.gradle.launcher.cli.RunBuildAction.run()V+74
j  org.gradle.internal.Actions$RunnableActionAdapter.execute(Ljava/lang/Object;)V+4
j  org.gradle.launcher.cli.DefaultCommandLineActionFactory$ParseAndBuildAction.execute(Lorg/gradle/launcher/bootstrap/ExecutionListener;)V+60
j  org.gradle.launcher.cli.DefaultCommandLineActionFactory$ParseAndBuildAction.execute(Ljava/lang/Object;)V+5
j  org.gradle.launcher.cli.DebugLoggerWarningAction.execute(Lorg/gradle/launcher/bootstrap/ExecutionListener;)V+9
j  org.gradle.launcher.cli.DebugLoggerWarningAction.execute(Ljava/lang/Object;)V+5
j  org.gradle.launcher.cli.WelcomeMessageAction.execute(Lorg/gradle/launcher/bootstrap/ExecutionListener;)V+218
j  org.gradle.launcher.cli.WelcomeMessageAction.execute(Ljava/lang/Object;)V+5
j  org.gradle.launcher.cli.NativeServicesInitializingAction.execute(Lorg/gradle/launcher/bootstrap/ExecutionListener;)V+35
j  org.gradle.launcher.cli.NativeServicesInitializingAction.execute(Ljava/lang/Object;)V+5
j  org.gradle.launcher.cli.ExceptionReportingAction.execute(Lorg/gradle/launcher/bootstrap/ExecutionListener;)V+5
j  org.gradle.launcher.cli.ExceptionReportingAction.execute(Ljava/lang/Object;)V+5
j  org.gradle.launcher.cli.DefaultCommandLineActionFactory$WithLogging.execute(Lorg/gradle/launcher/bootstrap/ExecutionListener;)V+299
j  org.gradle.launcher.Main.doAction([Ljava/lang/String;Lorg/gradle/launcher/bootstrap/ExecutionListener;)V+14
j  org.gradle.launcher.bootstrap.EntryPoint.run([Ljava/lang/String;)V+12
v  ~StubRoutines::call_stub
j  jdk.internal.reflect.NativeMethodAccessorImpl.invoke0(Ljava/lang/reflect/Method;Ljava/lang/Object;[Ljava/lang/Object;)Ljava/lang/Object;+0 java.base@17.0.6
j  jdk.internal.reflect.NativeMethodAccessorImpl.invoke(Ljava/lang/Object;[Ljava/lang/Object;)Ljava/lang/Object;+133 java.base@17.0.6
j  jdk.internal.reflect.DelegatingMethodAccessorImpl.invoke(Ljava/lang/Object;[Ljava/lang/Object;)Ljava/lang/Object;+6 java.base@17.0.6
j  java.lang.reflect.Method.invoke(Ljava/lang/Object;[Ljava/lang/Object;)Ljava/lang/Object;+59 java.base@17.0.6
j  org.gradle.launcher.bootstrap.ProcessBootstrap.runNoExit(Ljava/lang/String;[Ljava/lang/String;)V+159
j  org.gradle.launcher.bootstrap.ProcessBootstrap.run(Ljava/lang/String;[Ljava/lang/String;)V+2
v  ~StubRoutines::call_stub
j  jdk.internal.reflect.NativeMethodAccessorImpl.invoke0(Ljava/lang/reflect/Method;Ljava/lang/Object;[Ljava/lang/Object;)Ljava/lang/Object;+0 java.base@17.0.6
j  jdk.internal.reflect.NativeMethodAccessorImpl.invoke(Ljava/lang/Object;[Ljava/lang/Object;)Ljava/lang/Object;+133 java.base@17.0.6
j  jdk.internal.reflect.DelegatingMethodAccessorImpl.invoke(Ljava/lang/Object;[Ljava/lang/Object;)Ljava/lang/Object;+6 java.base@17.0.6
j  java.lang.reflect.Method.invoke(Ljava/lang/Object;[Ljava/lang/Object;)Ljava/lang/Object;+59 java.base@17.0.6
j  org.gradle.launcher.GradleMain.main([Ljava/lang/String;)V+100
v  ~StubRoutines::call_stub
j  jdk.internal.reflect.NativeMethodAccessorImpl.invoke0(Ljava/lang/reflect/Method;Ljava/lang/Object;[Ljava/lang/Object;)Ljava/lang/Object;+0 java.base@17.0.6
j  jdk.internal.reflect.NativeMethodAccessorImpl.invoke(Ljava/lang/Object;[Ljava/lang/Object;)Ljava/lang/Object;+133 java.base@17.0.6
j  jdk.internal.reflect.DelegatingMethodAccessorImpl.invoke(Ljava/lang/Object;[Ljava/lang/Object;)Ljava/lang/Object;+6 java.base@17.0.6
j  java.lang.reflect.Method.invoke(Ljava/lang/Object;[Ljava/lang/Object;)Ljava/lang/Object;+59 java.base@17.0.6
j  org.gradle.wrapper.BootstrapMainStarter.start([Ljava/lang/String;Ljava/io/File;)V+82
j  org.gradle.wrapper.WrapperExecutor.execute([Ljava/lang/String;Lorg/gradle/wrapper/Install;Lorg/gradle/wrapper/BootstrapMainStarter;)V+14
j  org.gradle.wrapper.GradleWrapperMain.main([Ljava/lang/String;)V+190
v  ~StubRoutines::call_stub

---------------  P R O C E S S  ---------------

Threads class SMR info:
_java_thread_list=0x000001ef5f4514a0, length=17, elements={
0x000001ef3e89c090, 0x000001ef5e84add0, 0x000001ef5e84b890, 0x000001ef5e8807e0,
0x000001ef5e8812a0, 0x000001ef5e886190, 0x000001ef5e8a2a40, 0x000001ef5e8a3630,
0x000001ef5e8a74e0, 0x000001ef5e8a7de0, 0x000001ef5ea17f00, 0x000001ef5ea20ac0,
0x000001ef5ea35a50, 0x000001ef5ea52a20, 0x000001ef5ebf9320, 0x000001ef5f0a1770,
0x000001ef5f453fd0
}

Java Threads: ( => current thread )
=>0x000001ef3e89c090 JavaThread "main" [_thread_in_vm, id=2704, stack(0x0000007e32000000,0x0000007e32100000)]
  0x000001ef5e84add0 JavaThread "Reference Handler" daemon [_thread_blocked, id=7860, stack(0x0000007e32700000,0x0000007e32800000)]
  0x000001ef5e84b890 JavaThread "Finalizer" daemon [_thread_blocked, id=10088, stack(0x0000007e32800000,0x0000007e32900000)]
  0x000001ef5e8807e0 JavaThread "Signal Dispatcher" daemon [_thread_blocked, id=9704, stack(0x0000007e32900000,0x0000007e32a00000)]
  0x000001ef5e8812a0 JavaThread "Attach Listener" daemon [_thread_blocked, id=9072, stack(0x0000007e32a00000,0x0000007e32b00000)]
  0x000001ef5e886190 JavaThread "Service Thread" daemon [_thread_blocked, id=3328, stack(0x0000007e32b00000,0x0000007e32c00000)]
  0x000001ef5e8a2a40 JavaThread "Monitor Deflation Thread" daemon [_thread_blocked, id=5744, stack(0x0000007e32c00000,0x0000007e32d00000)]
  0x000001ef5e8a3630 JavaThread "C2 CompilerThread0" daemon [_thread_blocked, id=12100, stack(0x0000007e32d00000,0x0000007e32e00000)]
  0x000001ef5e8a74e0 JavaThread "C1 CompilerThread0" daemon [_thread_blocked, id=8464, stack(0x0000007e32e00000,0x0000007e32f00000)]
  0x000001ef5e8a7de0 JavaThread "Sweeper thread" daemon [_thread_blocked, id=7472, stack(0x0000007e32f00000,0x0000007e33000000)]
  0x000001ef5ea17f00 JavaThread "C1 CompilerThread1" daemon [_thread_blocked, id=10948, stack(0x0000007e33000000,0x0000007e33100000)]
  0x000001ef5ea20ac0 JavaThread "C1 CompilerThread2" daemon [_thread_blocked, id=732, stack(0x0000007e33100000,0x0000007e33200000)]
  0x000001ef5ea35a50 JavaThread "Notification Thread" daemon [_thread_blocked, id=11484, stack(0x0000007e33200000,0x0000007e33300000)]
  0x000001ef5ea52a20 JavaThread "Common-Cleaner" daemon [_thread_blocked, id=9740, stack(0x0000007e33400000,0x0000007e33500000)]
  0x000001ef5ebf9320 JavaThread "C2 CompilerThread1" daemon [_thread_blocked, id=6960, stack(0x0000007e33500000,0x0000007e33600000)]
  0x000001ef5f0a1770 JavaThread "C1 CompilerThread3" daemon [_thread_blocked, id=8980, stack(0x0000007e33600000,0x0000007e33700000)]
  0x000001ef5f453fd0 JavaThread "pool-1-thread-1" [_thread_blocked, id=10616, stack(0x0000007e33c00000,0x0000007e33d00000)]

Other Threads:
  0x000001ef5e847410 VMThread "VM Thread" [stack: 0x0000007e32600000,0x0000007e32700000] [id=604]
  0x000001ef5ea4f6c0 WatcherThread [stack: 0x0000007e33300000,0x0000007e33400000] [id=4624]
  0x000001ef3e90a6c0 GCTaskThread "GC Thread#0" [stack: 0x0000007e32100000,0x0000007e32200000] [id=496]
  0x000001ef5edd29b0 GCTaskThread "GC Thread#1" [stack: 0x0000007e33700000,0x0000007e33800000] [id=8380]
  0x000001ef5f757660 GCTaskThread "GC Thread#2" [stack: 0x0000007e33800000,0x0000007e33900000] [id=2624]
  0x000001ef5f6a82e0 GCTaskThread "GC Thread#3" [stack: 0x0000007e33900000,0x0000007e33a00000] [id=8984]
  0x000001ef5f6a87a0 GCTaskThread "GC Thread#4" [stack: 0x0000007e33a00000,0x0000007e33b00000] [id=7552]
  0x000001ef5f6a8a50 GCTaskThread "GC Thread#5" [stack: 0x0000007e33b00000,0x0000007e33c00000] [id=9316]
  0x000001ef3e91b190 ConcurrentGCThread "G1 Main Marker" [stack: 0x0000007e32200000,0x0000007e32300000] [id=5516]
  0x000001ef3e91bab0 ConcurrentGCThread "G1 Conc#0" [stack: 0x0000007e32300000,0x0000007e32400000] [id=5352]
  0x000001ef3e96dee0 ConcurrentGCThread "G1 Refine#0" [stack: 0x0000007e32400000,0x0000007e32500000] [id=11108]
  0x000001ef3e96e810 ConcurrentGCThread "G1 Service" [stack: 0x0000007e32500000,0x0000007e32600000] [id=3372]

Threads with active compile tasks:

VM state: not at safepoint (normal execution)

VM Mutex/Monitor currently owned by a thread:  ([mutex/lock_event])
[0x000001ef3e895c50] Metaspace_lock - owner thread: 0x000001ef3e89c090

Heap address: 0x0000000703800000, size: 4040 MB, Compressed Oops mode: Zero based, Oop shift amount: 3

CDS archive(s) not mapped
Compressed class space mapped at: 0x0000000800000000-0x0000000840000000, reserved size: 1073741824
Narrow klass base: 0x0000000800000000, Narrow klass shift: 0, Narrow klass range: 0x40000000

GC Precious Log:
 CPUs: 16 total, 16 available
 Memory: 16155M
 Large Page Support: Disabled
 NUMA Support: Disabled
 Compressed Oops: Enabled (Zero based)
 Heap Region Size: 2M
 Heap Min Capacity: 8M
 Heap Initial Capacity: 254M
 Heap Max Capacity: 4040M
 Pre-touch: Disabled
 Parallel Workers: 13
 Concurrent Workers: 3
 Concurrent Refinement Workers: 13
 Periodic GC: Disabled

Heap:
 garbage-first heap   total 260096K, used 24295K [0x0000000703800000, 0x0000000800000000)
  region size 2048K, 10 young (20480K), 2 survivors (4096K)
 Metaspace       used 15858K, committed 16000K, reserved 1064960K
  class space    used 1857K, committed 1920K, reserved 1048576K

Heap Regions: E=young(eden), S=young(survivor), O=old, HS=humongous(starts), HC=humongous(continues), CS=collection set, F=free, OA=open archive, CA=closed archive, TAMS=top-at-mark-start (previous, next)
|   0|0x0000000703800000, 0x0000000703800000, 0x0000000703a00000|  0%| F|  |TAMS 0x0000000703800000, 0x0000000703800000| Untracked 
|   1|0x0000000703a00000, 0x0000000703a00000, 0x0000000703c00000|  0%| F|  |TAMS 0x0000000703a00000, 0x0000000703a00000| Untracked 
|   2|0x0000000703c00000, 0x0000000703e00000, 0x0000000703e00000|100%|HS|  |TAMS 0x0000000703c00000, 0x0000000703c00000| Complete 
|   3|0x0000000703e00000, 0x0000000704000000, 0x0000000704000000|100%|HC|  |TAMS 0x0000000703e00000, 0x0000000703e00000| Complete 
|   4|0x0000000704000000, 0x00000007041b9c00, 0x0000000704200000| 86%| O|  |TAMS 0x0000000704000000, 0x0000000704000000| Untracked 
|   5|0x0000000704200000, 0x0000000704200000, 0x0000000704400000|  0%| F|  |TAMS 0x0000000704200000, 0x0000000704200000| Untracked 
|   6|0x0000000704400000, 0x0000000704400000, 0x0000000704600000|  0%| F|  |TAMS 0x0000000704400000, 0x0000000704400000| Untracked 
|   7|0x0000000704600000, 0x0000000704600000, 0x0000000704800000|  0%| F|  |TAMS 0x0000000704600000, 0x0000000704600000| Untracked 
|   8|0x0000000704800000, 0x0000000704800000, 0x0000000704a00000|  0%| F|  |TAMS 0x0000000704800000, 0x0000000704800000| Untracked 
|   9|0x0000000704a00000, 0x0000000704a00000, 0x0000000704c00000|  0%| F|  |TAMS 0x0000000704a00000, 0x0000000704a00000| Untracked 
|  10|0x0000000704c00000, 0x0000000704c00000, 0x0000000704e00000|  0%| F|  |TAMS 0x0000000704c00000, 0x0000000704c00000| Untracked 
|  11|0x0000000704e00000, 0x0000000704e00000, 0x0000000705000000|  0%| F|  |TAMS 0x0000000704e00000, 0x0000000704e00000| Untracked 
|  12|0x0000000705000000, 0x0000000705000000, 0x0000000705200000|  0%| F|  |TAMS 0x0000000705000000, 0x0000000705000000| Untracked 
|  13|0x0000000705200000, 0x0000000705200000, 0x0000000705400000|  0%| F|  |TAMS 0x0000000705200000, 0x0000000705200000| Untracked 
|  14|0x0000000705400000, 0x0000000705400000, 0x0000000705600000|  0%| F|  |TAMS 0x0000000705400000, 0x0000000705400000| Untracked 
|  15|0x0000000705600000, 0x0000000705600000, 0x0000000705800000|  0%| F|  |TAMS 0x0000000705600000, 0x0000000705600000| Untracked 
|  16|0x0000000705800000, 0x0000000705800000, 0x0000000705a00000|  0%| F|  |TAMS 0x0000000705800000, 0x0000000705800000| Untracked 
|  17|0x0000000705a00000, 0x0000000705a00000, 0x0000000705c00000|  0%| F|  |TAMS 0x0000000705a00000, 0x0000000705a00000| Untracked 
|  18|0x0000000705c00000, 0x0000000705c00000, 0x0000000705e00000|  0%| F|  |TAMS 0x0000000705c00000, 0x0000000705c00000| Untracked 
|  19|0x0000000705e00000, 0x0000000705e00000, 0x0000000706000000|  0%| F|  |TAMS 0x0000000705e00000, 0x0000000705e00000| Untracked 
|  20|0x0000000706000000, 0x0000000706000000, 0x0000000706200000|  0%| F|  |TAMS 0x0000000706000000, 0x0000000706000000| Untracked 
|  21|0x0000000706200000, 0x0000000706200000, 0x0000000706400000|  0%| F|  |TAMS 0x0000000706200000, 0x0000000706200000| Untracked 
|  22|0x0000000706400000, 0x0000000706400000, 0x0000000706600000|  0%| F|  |TAMS 0x0000000706400000, 0x0000000706400000| Untracked 
|  23|0x0000000706600000, 0x0000000706600000, 0x0000000706800000|  0%| F|  |TAMS 0x0000000706600000, 0x0000000706600000| Untracked 
|  24|0x0000000706800000, 0x0000000706800000, 0x0000000706a00000|  0%| F|  |TAMS 0x0000000706800000, 0x0000000706800000| Untracked 
|  25|0x0000000706a00000, 0x0000000706a00000, 0x0000000706c00000|  0%| F|  |TAMS 0x0000000706a00000, 0x0000000706a00000| Untracked 
|  26|0x0000000706c00000, 0x0000000706c00000, 0x0000000706e00000|  0%| F|  |TAMS 0x0000000706c00000, 0x0000000706c00000| Untracked 
|  27|0x0000000706e00000, 0x0000000706e00000, 0x0000000707000000|  0%| F|  |TAMS 0x0000000706e00000, 0x0000000706e00000| Untracked 
|  28|0x0000000707000000, 0x0000000707000000, 0x0000000707200000|  0%| F|  |TAMS 0x0000000707000000, 0x0000000707000000| Untracked 
|  29|0x0000000707200000, 0x0000000707200000, 0x0000000707400000|  0%| F|  |TAMS 0x0000000707200000, 0x0000000707200000| Untracked 
|  30|0x0000000707400000, 0x0000000707400000, 0x0000000707600000|  0%| F|  |TAMS 0x0000000707400000, 0x0000000707400000| Untracked 
|  31|0x0000000707600000, 0x0000000707600000, 0x0000000707800000|  0%| F|  |TAMS 0x0000000707600000, 0x0000000707600000| Untracked 
|  32|0x0000000707800000, 0x0000000707800000, 0x0000000707a00000|  0%| F|  |TAMS 0x0000000707800000, 0x0000000707800000| Untracked 
|  33|0x0000000707a00000, 0x0000000707a00000, 0x0000000707c00000|  0%| F|  |TAMS 0x0000000707a00000, 0x0000000707a00000| Untracked 
|  34|0x0000000707c00000, 0x0000000707c00000, 0x0000000707e00000|  0%| F|  |TAMS 0x0000000707c00000, 0x0000000707c00000| Untracked 
|  35|0x0000000707e00000, 0x0000000707e00000, 0x0000000708000000|  0%| F|  |TAMS 0x0000000707e00000, 0x0000000707e00000| Untracked 
|  36|0x0000000708000000, 0x0000000708000000, 0x0000000708200000|  0%| F|  |TAMS 0x0000000708000000, 0x0000000708000000| Untracked 
|  37|0x0000000708200000, 0x0000000708200000, 0x0000000708400000|  0%| F|  |TAMS 0x0000000708200000, 0x0000000708200000| Untracked 
|  38|0x0000000708400000, 0x0000000708400000, 0x0000000708600000|  0%| F|  |TAMS 0x0000000708400000, 0x0000000708400000| Untracked 
|  39|0x0000000708600000, 0x0000000708600000, 0x0000000708800000|  0%| F|  |TAMS 0x0000000708600000, 0x0000000708600000| Untracked 
|  40|0x0000000708800000, 0x0000000708800000, 0x0000000708a00000|  0%| F|  |TAMS 0x0000000708800000, 0x0000000708800000| Untracked 
|  41|0x0000000708a00000, 0x0000000708a00000, 0x0000000708c00000|  0%| F|  |TAMS 0x0000000708a00000, 0x0000000708a00000| Untracked 
|  42|0x0000000708c00000, 0x0000000708c00000, 0x0000000708e00000|  0%| F|  |TAMS 0x0000000708c00000, 0x0000000708c00000| Untracked 
|  43|0x0000000708e00000, 0x0000000708e00000, 0x0000000709000000|  0%| F|  |TAMS 0x0000000708e00000, 0x0000000708e00000| Untracked 
|  44|0x0000000709000000, 0x0000000709000000, 0x0000000709200000|  0%| F|  |TAMS 0x0000000709000000, 0x0000000709000000| Untracked 
|  45|0x0000000709200000, 0x0000000709200000, 0x0000000709400000|  0%| F|  |TAMS 0x0000000709200000, 0x0000000709200000| Untracked 
|  46|0x0000000709400000, 0x0000000709400000, 0x0000000709600000|  0%| F|  |TAMS 0x0000000709400000, 0x0000000709400000| Untracked 
|  47|0x0000000709600000, 0x0000000709600000, 0x0000000709800000|  0%| F|  |TAMS 0x0000000709600000, 0x0000000709600000| Untracked 
|  48|0x0000000709800000, 0x0000000709800000, 0x0000000709a00000|  0%| F|  |TAMS 0x0000000709800000, 0x0000000709800000| Untracked 
|  49|0x0000000709a00000, 0x0000000709a00000, 0x0000000709c00000|  0%| F|  |TAMS 0x0000000709a00000, 0x0000000709a00000| Untracked 
|  50|0x0000000709c00000, 0x0000000709c00000, 0x0000000709e00000|  0%| F|  |TAMS 0x0000000709c00000, 0x0000000709c00000| Untracked 
|  51|0x0000000709e00000, 0x0000000709e00000, 0x000000070a000000|  0%| F|  |TAMS 0x0000000709e00000, 0x0000000709e00000| Untracked 
|  52|0x000000070a000000, 0x000000070a000000, 0x000000070a200000|  0%| F|  |TAMS 0x000000070a000000, 0x000000070a000000| Untracked 
|  53|0x000000070a200000, 0x000000070a200000, 0x000000070a400000|  0%| F|  |TAMS 0x000000070a200000, 0x000000070a200000| Untracked 
|  54|0x000000070a400000, 0x000000070a400000, 0x000000070a600000|  0%| F|  |TAMS 0x000000070a400000, 0x000000070a400000| Untracked 
|  55|0x000000070a600000, 0x000000070a600000, 0x000000070a800000|  0%| F|  |TAMS 0x000000070a600000, 0x000000070a600000| Untracked 
|  56|0x000000070a800000, 0x000000070a800000, 0x000000070aa00000|  0%| F|  |TAMS 0x000000070a800000, 0x000000070a800000| Untracked 
|  57|0x000000070aa00000, 0x000000070aa00000, 0x000000070ac00000|  0%| F|  |TAMS 0x000000070aa00000, 0x000000070aa00000| Untracked 
|  58|0x000000070ac00000, 0x000000070ac00000, 0x000000070ae00000|  0%| F|  |TAMS 0x000000070ac00000, 0x000000070ac00000| Untracked 
|  59|0x000000070ae00000, 0x000000070ae00000, 0x000000070b000000|  0%| F|  |TAMS 0x000000070ae00000, 0x000000070ae00000| Untracked 
|  60|0x000000070b000000, 0x000000070b000000, 0x000000070b200000|  0%| F|  |TAMS 0x000000070b000000, 0x000000070b000000| Untracked 
|  61|0x000000070b200000, 0x000000070b200000, 0x000000070b400000|  0%| F|  |TAMS 0x000000070b200000, 0x000000070b200000| Untracked 
|  62|0x000000070b400000, 0x000000070b400000, 0x000000070b600000|  0%| F|  |TAMS 0x000000070b400000, 0x000000070b400000| Untracked 
|  63|0x000000070b600000, 0x000000070b600000, 0x000000070b800000|  0%| F|  |TAMS 0x000000070b600000, 0x000000070b600000| Untracked 
|  64|0x000000070b800000, 0x000000070b800000, 0x000000070ba00000|  0%| F|  |TAMS 0x000000070b800000, 0x000000070b800000| Untracked 
|  65|0x000000070ba00000, 0x000000070ba00000, 0x000000070bc00000|  0%| F|  |TAMS 0x000000070ba00000, 0x000000070ba00000| Untracked 
|  66|0x000000070bc00000, 0x000000070bc00000, 0x000000070be00000|  0%| F|  |TAMS 0x000000070bc00000, 0x000000070bc00000| Untracked 
|  67|0x000000070be00000, 0x000000070be00000, 0x000000070c000000|  0%| F|  |TAMS 0x000000070be00000, 0x000000070be00000| Untracked 
|  68|0x000000070c000000, 0x000000070c000000, 0x000000070c200000|  0%| F|  |TAMS 0x000000070c000000, 0x000000070c000000| Untracked 
|  69|0x000000070c200000, 0x000000070c200000, 0x000000070c400000|  0%| F|  |TAMS 0x000000070c200000, 0x000000070c200000| Untracked 
|  70|0x000000070c400000, 0x000000070c400000, 0x000000070c600000|  0%| F|  |TAMS 0x000000070c400000, 0x000000070c400000| Untracked 
|  71|0x000000070c600000, 0x000000070c600000, 0x000000070c800000|  0%| F|  |TAMS 0x000000070c600000, 0x000000070c600000| Untracked 
|  72|0x000000070c800000, 0x000000070c800000, 0x000000070ca00000|  0%| F|  |TAMS 0x000000070c800000, 0x000000070c800000| Untracked 
|  73|0x000000070ca00000, 0x000000070ca00000, 0x000000070cc00000|  0%| F|  |TAMS 0x000000070ca00000, 0x000000070ca00000| Untracked 
|  74|0x000000070cc00000, 0x000000070cc00000, 0x000000070ce00000|  0%| F|  |TAMS 0x000000070cc00000, 0x000000070cc00000| Untracked 
|  75|0x000000070ce00000, 0x000000070ce00000, 0x000000070d000000|  0%| F|  |TAMS 0x000000070ce00000, 0x000000070ce00000| Untracked 
|  76|0x000000070d000000, 0x000000070d000000, 0x000000070d200000|  0%| F|  |TAMS 0x000000070d000000, 0x000000070d000000| Untracked 
|  77|0x000000070d200000, 0x000000070d200000, 0x000000070d400000|  0%| F|  |TAMS 0x000000070d200000, 0x000000070d200000| Untracked 
|  78|0x000000070d400000, 0x000000070d400000, 0x000000070d600000|  0%| F|  |TAMS 0x000000070d400000, 0x000000070d400000| Untracked 
|  79|0x000000070d600000, 0x000000070d600000, 0x000000070d800000|  0%| F|  |TAMS 0x000000070d600000, 0x000000070d600000| Untracked 
|  80|0x000000070d800000, 0x000000070d800000, 0x000000070da00000|  0%| F|  |TAMS 0x000000070d800000, 0x000000070d800000| Untracked 
|  81|0x000000070da00000, 0x000000070da00000, 0x000000070dc00000|  0%| F|  |TAMS 0x000000070da00000, 0x000000070da00000| Untracked 
|  82|0x000000070dc00000, 0x000000070dc00000, 0x000000070de00000|  0%| F|  |TAMS 0x000000070dc00000, 0x000000070dc00000| Untracked 
|  83|0x000000070de00000, 0x000000070de00000, 0x000000070e000000|  0%| F|  |TAMS 0x000000070de00000, 0x000000070de00000| Untracked 
|  84|0x000000070e000000, 0x000000070e000000, 0x000000070e200000|  0%| F|  |TAMS 0x000000070e000000, 0x000000070e000000| Untracked 
|  85|0x000000070e200000, 0x000000070e200000, 0x000000070e400000|  0%| F|  |TAMS 0x000000070e200000, 0x000000070e200000| Untracked 
|  86|0x000000070e400000, 0x000000070e400000, 0x000000070e600000|  0%| F|  |TAMS 0x000000070e400000, 0x000000070e400000| Untracked 
|  87|0x000000070e600000, 0x000000070e600000, 0x000000070e800000|  0%| F|  |TAMS 0x000000070e600000, 0x000000070e600000| Untracked 
|  88|0x000000070e800000, 0x000000070e800000, 0x000000070ea00000|  0%| F|  |TAMS 0x000000070e800000, 0x000000070e800000| Untracked 
|  89|0x000000070ea00000, 0x000000070ea00000, 0x000000070ec00000|  0%| F|  |TAMS 0x000000070ea00000, 0x000000070ea00000| Untracked 
|  90|0x000000070ec00000, 0x000000070ec00000, 0x000000070ee00000|  0%| F|  |TAMS 0x000000070ec00000, 0x000000070ec00000| Untracked 
|  91|0x000000070ee00000, 0x000000070ee00000, 0x000000070f000000|  0%| F|  |TAMS 0x000000070ee00000, 0x000000070ee00000| Untracked 
|  92|0x000000070f000000, 0x000000070f000000, 0x000000070f200000|  0%| F|  |TAMS 0x000000070f000000, 0x000000070f000000| Untracked 
|  93|0x000000070f200000, 0x000000070f200000, 0x000000070f400000|  0%| F|  |TAMS 0x000000070f200000, 0x000000070f200000| Untracked 
|  94|0x000000070f400000, 0x000000070f400000, 0x000000070f600000|  0%| F|  |TAMS 0x000000070f400000, 0x000000070f400000| Untracked 
|  95|0x000000070f600000, 0x000000070f600000, 0x000000070f800000|  0%| F|  |TAMS 0x000000070f600000, 0x000000070f600000| Untracked 
|  96|0x000000070f800000, 0x000000070f800000, 0x000000070fa00000|  0%| F|  |TAMS 0x000000070f800000, 0x000000070f800000| Untracked 
|  97|0x000000070fa00000, 0x000000070fa00000, 0x000000070fc00000|  0%| F|  |TAMS 0x000000070fa00000, 0x000000070fa00000| Untracked 
|  98|0x000000070fc00000, 0x000000070fc00000, 0x000000070fe00000|  0%| F|  |TAMS 0x000000070fc00000, 0x000000070fc00000| Untracked 
|  99|0x000000070fe00000, 0x000000070fe00000, 0x0000000710000000|  0%| F|  |TAMS 0x000000070fe00000, 0x000000070fe00000| Untracked 
| 100|0x0000000710000000, 0x0000000710000000, 0x0000000710200000|  0%| F|  |TAMS 0x0000000710000000, 0x0000000710000000| Untracked 
| 101|0x0000000710200000, 0x0000000710200000, 0x0000000710400000|  0%| F|  |TAMS 0x0000000710200000, 0x0000000710200000| Untracked 
| 102|0x0000000710400000, 0x0000000710400000, 0x0000000710600000|  0%| F|  |TAMS 0x0000000710400000, 0x0000000710400000| Untracked 
| 103|0x0000000710600000, 0x0000000710600000, 0x0000000710800000|  0%| F|  |TAMS 0x0000000710600000, 0x0000000710600000| Untracked 
| 104|0x0000000710800000, 0x0000000710800000, 0x0000000710a00000|  0%| F|  |TAMS 0x0000000710800000, 0x0000000710800000| Untracked 
| 105|0x0000000710a00000, 0x0000000710a00000, 0x0000000710c00000|  0%| F|  |TAMS 0x0000000710a00000, 0x0000000710a00000| Untracked 
| 106|0x0000000710c00000, 0x0000000710c00000, 0x0000000710e00000|  0%| F|  |TAMS 0x0000000710c00000, 0x0000000710c00000| Untracked 
| 107|0x0000000710e00000, 0x0000000710e00000, 0x0000000711000000|  0%| F|  |TAMS 0x0000000710e00000, 0x0000000710e00000| Untracked 
| 108|0x0000000711000000, 0x0000000711000000, 0x0000000711200000|  0%| F|  |TAMS 0x0000000711000000, 0x0000000711000000| Untracked 
| 109|0x0000000711200000, 0x0000000711200000, 0x0000000711400000|  0%| F|  |TAMS 0x0000000711200000, 0x0000000711200000| Untracked 
| 110|0x0000000711400000, 0x0000000711400000, 0x0000000711600000|  0%| F|  |TAMS 0x0000000711400000, 0x0000000711400000| Untracked 
| 111|0x0000000711600000, 0x0000000711600000, 0x0000000711800000|  0%| F|  |TAMS 0x0000000711600000, 0x0000000711600000| Untracked 
| 112|0x0000000711800000, 0x0000000711800000, 0x0000000711a00000|  0%| F|  |TAMS 0x0000000711800000, 0x0000000711800000| Untracked 
| 113|0x0000000711a00000, 0x0000000711a00000, 0x0000000711c00000|  0%| F|  |TAMS 0x0000000711a00000, 0x0000000711a00000| Untracked 
| 114|0x0000000711c00000, 0x0000000711e00000, 0x0000000711e00000|100%| S|CS|TAMS 0x0000000711c00000, 0x0000000711c00000| Complete 
| 115|0x0000000711e00000, 0x0000000712000000, 0x0000000712000000|100%| S|CS|TAMS 0x0000000711e00000, 0x0000000711e00000| Complete 
| 116|0x0000000712000000, 0x0000000712000000, 0x0000000712200000|  0%| F|  |TAMS 0x0000000712000000, 0x0000000712000000| Untracked 
| 117|0x0000000712200000, 0x0000000712200000, 0x0000000712400000|  0%| F|  |TAMS 0x0000000712200000, 0x0000000712200000| Untracked 
| 118|0x0000000712400000, 0x0000000712400000, 0x0000000712600000|  0%| F|  |TAMS 0x0000000712400000, 0x0000000712400000| Untracked 
| 119|0x0000000712600000, 0x000000071271c718, 0x0000000712800000| 55%| E|  |TAMS 0x0000000712600000, 0x0000000712600000| Complete 
| 120|0x0000000712800000, 0x0000000712a00000, 0x0000000712a00000|100%| E|CS|TAMS 0x0000000712800000, 0x0000000712800000| Complete 
| 121|0x0000000712a00000, 0x0000000712c00000, 0x0000000712c00000|100%| E|CS|TAMS 0x0000000712a00000, 0x0000000712a00000| Complete 
| 122|0x0000000712c00000, 0x0000000712e00000, 0x0000000712e00000|100%| E|CS|TAMS 0x0000000712c00000, 0x0000000712c00000| Complete 
| 123|0x0000000712e00000, 0x0000000713000000, 0x0000000713000000|100%| E|CS|TAMS 0x0000000712e00000, 0x0000000712e00000| Complete 
| 124|0x0000000713000000, 0x0000000713200000, 0x0000000713200000|100%| E|CS|TAMS 0x0000000713000000, 0x0000000713000000| Complete 
| 125|0x0000000713200000, 0x0000000713400000, 0x0000000713400000|100%| E|CS|TAMS 0x0000000713200000, 0x0000000713200000| Complete 
| 126|0x0000000713400000, 0x0000000713600000, 0x0000000713600000|100%| E|CS|TAMS 0x0000000713400000, 0x0000000713400000| Complete 

Card table byte_map: [0x000001ef51de0000,0x000001ef525d0000] _byte_map_base: 0x000001ef4e5c4000

Marking Bits (Prev, Next): (CMBitMap*) 0x000001ef3e90abe0, (CMBitMap*) 0x000001ef3e90ac20
 Prev Bits: [0x000001ef52dc0000, 0x000001ef56ce0000)
 Next Bits: [0x000001ef56ce0000, 0x000001ef5ac00000)

Polling page: 0x000001ef3e070000

Metaspace:

Usage:
  Non-class:     13.67 MB used.
      Class:      1.81 MB used.
       Both:     15.49 MB used.

Virtual space:
  Non-class space:       16.00 MB reserved,      13.75 MB ( 86%) committed,  2 nodes.
      Class space:        1.00 GB reserved,       1.88 MB ( <1%) committed,  1 nodes.
             Both:        1.02 GB reserved,      15.62 MB (  2%) committed. 

Chunk freelists:
   Non-Class:  2.17 MB
       Class:  2.06 MB
        Both:  4.23 MB

MaxMetaspaceSize: unlimited
CompressedClassSpaceSize: 1.00 GB
Initial GC threshold: 21.00 MB
Current GC threshold: 21.00 MB
CDS: off
MetaspaceReclaimPolicy: balanced
 - commit_granule_bytes: 65536.
 - commit_granule_words: 8192.
 - virtual_space_node_default_size: 1048576.
 - enlarge_chunks_in_place: 1.
 - new_chunks_are_fully_committed: 0.
 - uncommit_free_chunks: 1.
 - use_allocation_guard: 0.
 - handle_deallocations: 1.


Internal statistics:

num_allocs_failed_limit: 0.
num_arena_births: 76.
num_arena_deaths: 0.
num_vsnodes_births: 3.
num_vsnodes_deaths: 0.
num_space_committed: 250.
num_space_uncommitted: 0.
num_chunks_returned_to_freelist: 0.
num_chunks_taken_from_freelist: 287.
num_chunk_merges: 0.
num_chunk_splits: 189.
num_chunks_enlarged: 161.
num_purges: 0.
num_inconsistent_stats: 0.

CodeHeap 'non-profiled nmethods': size=119168Kb used=467Kb max_used=467Kb free=118700Kb
 bounds [0x000001ef49910000, 0x000001ef49b80000, 0x000001ef50d70000]
CodeHeap 'profiled nmethods': size=119104Kb used=2273Kb max_used=2273Kb free=116830Kb
 bounds [0x000001ef41d70000, 0x000001ef41fe0000, 0x000001ef491c0000]
CodeHeap 'non-nmethods': size=7488Kb used=2862Kb max_used=2880Kb free=4625Kb
 bounds [0x000001ef491c0000, 0x000001ef494a0000, 0x000001ef49910000]
 total_blobs=1664 nmethods=1208 adapters=366
 compilation: enabled
              stopped_count=0, restarted_count=0
 full_count=0

Compilation events (20 events):
Event: 0.609 Thread 0x000001ef5e8a74e0 1199       3       jdk.internal.jimage.BasicImageReader::match (37 bytes)
Event: 0.609 Thread 0x000001ef5e8a3630 1200   !   4       java.nio.DirectByteBuffer::get (34 bytes)
Event: 0.609 Thread 0x000001ef5ea17f00 nmethod 1198 0x000001ef41f9c710 code [0x000001ef41f9c8c0, 0x000001ef41f9ca88]
Event: 0.609 Thread 0x000001ef5e8a74e0 nmethod 1199 0x000001ef41f9cb90 code [0x000001ef41f9cd60, 0x000001ef41f9d018]
Event: 0.610 Thread 0x000001ef5ea20ac0 nmethod 1194 0x000001ef41f9d190 code [0x000001ef41f9d4c0, 0x000001ef41f9e4a8]
Event: 0.610 Thread 0x000001ef5f0a1770 nmethod 1196 0x000001ef41f9eb10 code [0x000001ef41f9f1e0, 0x000001ef41fa1b48]
Event: 0.610 Thread 0x000001ef5e8a3630 nmethod 1200 0x000001ef49982690 code [0x000001ef49982820, 0x000001ef49982958]
Event: 0.612 Thread 0x000001ef5ea20ac0 1201       3       jdk.internal.misc.VM::isModuleSystemInited (13 bytes)
Event: 0.612 Thread 0x000001ef5ea20ac0 nmethod 1201 0x000001ef41fa2e10 code [0x000001ef41fa2fa0, 0x000001ef41fa3158]
Event: 0.612 Thread 0x000001ef5ea20ac0 1203       3       java.lang.invoke.VarHandleGuards::guard_LII_V (137 bytes)
Event: 0.612 Thread 0x000001ef5ea17f00 1204       3       java.lang.invoke.VarHandleByteArrayAsInts$ArrayHandle::set (39 bytes)
Event: 0.612 Thread 0x000001ef5f0a1770 1205       3       jdk.internal.misc.Unsafe::putIntUnaligned (14 bytes)
Event: 0.612 Thread 0x000001ef5e8a74e0 1206       3       jdk.internal.misc.Unsafe::putIntUnaligned (79 bytes)
Event: 0.612 Thread 0x000001ef5f0a1770 nmethod 1205 0x000001ef41fa3210 code [0x000001ef41fa33c0, 0x000001ef41fa3618]
Event: 0.612 Thread 0x000001ef5e8a74e0 nmethod 1206 0x000001ef41fa3710 code [0x000001ef41fa38e0, 0x000001ef41fa3c98]
Event: 0.612 Thread 0x000001ef5ea17f00 nmethod 1204 0x000001ef41fa3d90 code [0x000001ef41fa3f60, 0x000001ef41fa4438]
Event: 0.613 Thread 0x000001ef5ea20ac0 nmethod 1203 0x000001ef41fa4610 code [0x000001ef41fa4a60, 0x000001ef41fa7678]
Event: 0.614 Thread 0x000001ef5ea20ac0 1208       3       java.lang.reflect.Modifier::isFinal (13 bytes)
Event: 0.614 Thread 0x000001ef5ea20ac0 nmethod 1208 0x000001ef41fa8290 code [0x000001ef41fa8420, 0x000001ef41fa8578]
Event: 0.617 Thread 0x000001ef5ebf9320 nmethod 1164% 0x000001ef49983210 code [0x000001ef499833e0, 0x000001ef499847a8]

GC Heap History (2 events):
Event: 0.365 GC heap before
{Heap before GC invocations=0 (full 0):
 garbage-first heap   total 260096K, used 28672K [0x0000000703800000, 0x0000000800000000)
  region size 2048K, 11 young (22528K), 0 survivors (0K)
 Metaspace       used 10701K, committed 10944K, reserved 1064960K
  class space    used 1085K, committed 1216K, reserved 1048576K
}
Event: 0.368 GC heap after
{Heap after GC invocations=1 (full 0):
 garbage-first heap   total 260096K, used 9959K [0x0000000703800000, 0x0000000800000000)
  region size 2048K, 2 young (4096K), 2 survivors (4096K)
 Metaspace       used 10701K, committed 10944K, reserved 1064960K
  class space    used 1085K, committed 1216K, reserved 1048576K
}

Dll operation events (2 events):
Event: 0.002 Loaded shared library D:\install\soft\Android Studio\jbr\bin\java.dll
Event: 0.068 Loaded shared library D:\install\soft\Android Studio\jbr\bin\verify.dll

Deoptimization events (20 events):
Event: 0.462 Thread 0x000001ef3e89c090 Uncommon trap: trap_request=0xffffff45 fr.pc=0x000001ef499491c0 relative=0x0000000000001020
Event: 0.462 Thread 0x000001ef3e89c090 Uncommon trap: reason=unstable_if action=reinterpret pc=0x000001ef499491c0 method=java.util.HashMap.putVal(ILjava/lang/Object;Ljava/lang/Object;ZZ)Ljava/lang/Object; @ 236 c2
Event: 0.462 Thread 0x000001ef3e89c090 DEOPT PACKING pc=0x000001ef499491c0 sp=0x0000007e320fbf90
Event: 0.462 Thread 0x000001ef3e89c090 DEOPT UNPACKING pc=0x000001ef4921a1a3 sp=0x0000007e320fbf58 mode 2
Event: 0.468 Thread 0x000001ef3e89c090 DEOPT PACKING pc=0x000001ef41e18e65 sp=0x0000007e320fb6f0
Event: 0.468 Thread 0x000001ef3e89c090 DEOPT UNPACKING pc=0x000001ef4921ace3 sp=0x0000007e320fab40 mode 0
Event: 0.493 Thread 0x000001ef3e89c090 DEOPT PACKING pc=0x000001ef41e6e648 sp=0x0000007e320fa120
Event: 0.493 Thread 0x000001ef3e89c090 DEOPT UNPACKING pc=0x000001ef4921ace3 sp=0x0000007e320f9638 mode 0
Event: 0.530 Thread 0x000001ef3e89c090 Uncommon trap: trap_request=0xffffff45 fr.pc=0x000001ef4995f180 relative=0x0000000000001e40
Event: 0.530 Thread 0x000001ef3e89c090 Uncommon trap: reason=unstable_if action=reinterpret pc=0x000001ef4995f180 method=java.io.WinNTFileSystem.normalize(Ljava/lang/String;)Ljava/lang/String; @ 128 c2
Event: 0.530 Thread 0x000001ef3e89c090 DEOPT PACKING pc=0x000001ef4995f180 sp=0x0000007e320fba70
Event: 0.530 Thread 0x000001ef3e89c090 DEOPT UNPACKING pc=0x000001ef4921a1a3 sp=0x0000007e320fba58 mode 2
Event: 0.586 Thread 0x000001ef3e89c090 Uncommon trap: trap_request=0xffffff45 fr.pc=0x000001ef4994bbdc relative=0x000000000000069c
Event: 0.586 Thread 0x000001ef3e89c090 Uncommon trap: reason=unstable_if action=reinterpret pc=0x000001ef4994bbdc method=java.lang.AbstractStringBuilder.append(Ljava/lang/String;)Ljava/lang/AbstractStringBuilder; @ 1 c2
Event: 0.586 Thread 0x000001ef3e89c090 DEOPT PACKING pc=0x000001ef4994bbdc sp=0x0000007e320fc7e0
Event: 0.586 Thread 0x000001ef3e89c090 DEOPT UNPACKING pc=0x000001ef4921a1a3 sp=0x0000007e320fc760 mode 2
Event: 0.586 Thread 0x000001ef3e89c090 Uncommon trap: trap_request=0xffffff45 fr.pc=0x000001ef49947678 relative=0x00000000000006b8
Event: 0.586 Thread 0x000001ef3e89c090 Uncommon trap: reason=unstable_if action=reinterpret pc=0x000001ef49947678 method=java.lang.AbstractStringBuilder.append(Ljava/lang/String;)Ljava/lang/AbstractStringBuilder; @ 1 c2
Event: 0.586 Thread 0x000001ef3e89c090 DEOPT PACKING pc=0x000001ef49947678 sp=0x0000007e320fc780
Event: 0.586 Thread 0x000001ef3e89c090 DEOPT UNPACKING pc=0x000001ef4921a1a3 sp=0x0000007e320fc768 mode 2

Classes unloaded (0 events):
No events

Classes redefined (0 events):
No events

Internal exceptions (19 events):
Event: 0.135 Thread 0x000001ef3e89c090 Exception <a 'java/lang/NoSuchMethodError'{0x00000007133ee628}: 'int java.lang.invoke.DirectMethodHandle$Holder.invokeStaticInit(java.lang.Object, java.lang.Object)'> (0x00000007133ee628) 
thrown [s\src\hotspot\share\interpreter\linkResolver.cpp, line 771]
Event: 0.358 Thread 0x000001ef3e89c090 Exception <a 'java/lang/NoSuchMethodError'{0x00000007121bc2f8}: 'void java.lang.invoke.DirectMethodHandle$Holder.invokeStatic(java.lang.Object, java.lang.Object)'> (0x00000007121bc2f8) 
thrown [s\src\hotspot\share\interpreter\linkResolver.cpp, line 771]
Event: 0.373 Thread 0x000001ef3e89c090 Exception <a 'java/lang/NoClassDefFoundError'{0x0000000713443380}: org/slf4j/impl/StaticMarkerBinder> (0x0000000713443380) 
thrown [s\src\hotspot\share\classfile\systemDictionary.cpp, line 245]
Event: 0.381 Thread 0x000001ef3e89c090 Exception <a 'java/lang/NoSuchMethodError'{0x0000000713563980}: 'java.lang.Object java.lang.invoke.DirectMethodHandle$Holder.invokeVirtual(java.lang.Object, java.lang.Object, java.lang.Object, java.lang.Object, java.lang.Object, java.lang.Object, java.lang.Object)'> (0x0000000713563980) 
thrown [s\src\hotspot\share\interpreter\linkResolver.cpp, line 771]
Event: 0.382 Thread 0x000001ef3e89c090 Exception <a 'java/lang/NoSuchMethodError'{0x0000000713575510}: 'java.lang.Object java.lang.invoke.Invokers$Holder.invoker(java.lang.Object, java.lang.Object, java.lang.Object)'> (0x0000000713575510) 
thrown [s\src\hotspot\share\interpreter\linkResolver.cpp, line 771]
Event: 0.384 Thread 0x000001ef3e89c090 Exception <a 'java/lang/NoSuchMethodError'{0x000000071357e6c0}: 'java.lang.Object java.lang.invoke.DirectMethodHandle$Holder.invokeStatic(java.lang.Object, java.lang.Object, int)'> (0x000000071357e6c0) 
thrown [s\src\hotspot\share\interpreter\linkResolver.cpp, line 771]
Event: 0.385 Thread 0x000001ef3e89c090 Exception <a 'java/lang/NoSuchMethodError'{0x000000071358a3b0}: 'void java.lang.invoke.DelegatingMethodHandle$Holder.delegate(java.lang.Object, java.lang.Object, int, java.lang.Object)'> (0x000000071358a3b0) 
thrown [s\src\hotspot\share\interpreter\linkResolver.cpp, line 771]
Event: 0.386 Thread 0x000001ef3e89c090 Exception <a 'java/lang/NoSuchMethodError'{0x000000071358e578}: 'int java.lang.invoke.DirectMethodHandle$Holder.invokeSpecial(java.lang.Object, java.lang.Object, java.lang.Object)'> (0x000000071358e578) 
thrown [s\src\hotspot\share\interpreter\linkResolver.cpp, line 771]
Event: 0.388 Thread 0x000001ef3e89c090 Exception <a 'java/lang/NoSuchMethodError'{0x00000007135e4568}: 'java.lang.Object java.lang.invoke.Invokers$Holder.invokeExact_MT(java.lang.Object, java.lang.Object, java.lang.Object, java.lang.Object)'> (0x00000007135e4568) 
thrown [s\src\hotspot\share\interpreter\linkResolver.cpp, line 771]
Event: 0.436 Thread 0x000001ef3e89c090 Exception <a 'java/lang/NoSuchMethodError'{0x00000007131e5a60}: 'java.lang.Object java.lang.invoke.DirectMethodHandle$Holder.invokeInterface(java.lang.Object, java.lang.Object, java.lang.Object)'> (0x00000007131e5a60) 
thrown [s\src\hotspot\share\interpreter\linkResolver.cpp, line 771]
Event: 0.439 Thread 0x000001ef3e89c090 Exception <a 'java/lang/NoSuchMethodError'{0x0000000712e07940}: 'void java.lang.invoke.DirectMethodHandle$Holder.invokeSpecial(java.lang.Object, java.lang.Object, java.lang.Object)'> (0x0000000712e07940) 
thrown [s\src\hotspot\share\interpreter\linkResolver.cpp, line 771]
Event: 0.446 Thread 0x000001ef3e89c090 Implicit null exception at 0x000001ef4996260f to 0x000001ef49962a6c
Event: 0.446 Thread 0x000001ef3e89c090 Implicit null exception at 0x000001ef4994ef8f to 0x000001ef4994f3c8
Event: 0.456 Thread 0x000001ef3e89c090 Exception <a 'java/lang/NoSuchMethodError'{0x0000000712fa4bd0}: 'java.lang.Object java.lang.invoke.DirectMethodHandle$Holder.invokeStaticInit(java.lang.Object)'> (0x0000000712fa4bd0) 
thrown [s\src\hotspot\share\interpreter\linkResolver.cpp, line 771]
Event: 0.513 Thread 0x000001ef3e89c090 Exception <a 'java/lang/NoSuchMethodError'{0x0000000712be2588}: 'java.lang.Object java.lang.invoke.DirectMethodHandle$Holder.invokeStaticInit(java.lang.Object, int, int, int, int)'> (0x0000000712be2588) 
thrown [s\src\hotspot\share\interpreter\linkResolver.cpp, line 771]
Event: 0.534 Thread 0x000001ef3e89c090 Exception <a 'java/lang/NoSuchMethodError'{0x00000007128128c0}: 'java.lang.Object java.lang.invoke.DirectMethodHandle$Holder.invokeStaticInit(java.lang.Object, java.lang.Object, int, int, int, int)'> (0x00000007128128c0) 
thrown [s\src\hotspot\share\interpreter\linkResolver.cpp, line 771]
Event: 0.577 Thread 0x000001ef3e89c090 Exception <a 'java/lang/NoSuchMethodError'{0x000000071283f460}: 'void java.lang.invoke.DirectMethodHandle$Holder.invokeStatic(java.lang.Object, java.lang.Object, java.lang.Object)'> (0x000000071283f460) 
thrown [s\src\hotspot\share\interpreter\linkResolver.cpp, line 771]
Event: 0.586 Thread 0x000001ef3e89c090 Implicit null exception at 0x000001ef4994b572 to 0x000001ef4994bbc4
Event: 0.586 Thread 0x000001ef3e89c090 Implicit null exception at 0x000001ef49946ff2 to 0x000001ef49947660

VM Operations (12 events):
Event: 0.065 Executing VM operation: HandshakeAllThreads
Event: 0.066 Executing VM operation: HandshakeAllThreads done
Event: 0.302 Executing VM operation: HandshakeAllThreads
Event: 0.302 Executing VM operation: HandshakeAllThreads done
Event: 0.365 Executing VM operation: G1CollectForAllocation
Event: 0.368 Executing VM operation: G1CollectForAllocation done
Event: 0.384 Executing VM operation: HandshakeAllThreads
Event: 0.384 Executing VM operation: HandshakeAllThreads done
Event: 0.489 Executing VM operation: HandshakeAllThreads
Event: 0.489 Executing VM operation: HandshakeAllThreads done
Event: 0.531 Executing VM operation: HandshakeAllThreads
Event: 0.531 Executing VM operation: HandshakeAllThreads done

Events (20 events):
Event: 0.612 loading class sun/nio/ch/IOStatus
Event: 0.612 loading class sun/nio/ch/IOStatus done
Event: 0.612 loading class java/nio/BufferMismatch
Event: 0.613 loading class java/nio/BufferMismatch done
Event: 0.613 loading class sun/nio/ch/SourceChannelImpl
Event: 0.613 loading class java/nio/channels/Pipe$SourceChannel
Event: 0.613 loading class java/nio/channels/Pipe$SourceChannel done
Event: 0.613 loading class sun/nio/ch/SourceChannelImpl done
Event: 0.613 loading class sun/nio/ch/SinkChannelImpl
Event: 0.613 loading class java/nio/channels/Pipe$SinkChannel
Event: 0.613 loading class java/nio/channels/Pipe$SinkChannel done
Event: 0.613 loading class sun/nio/ch/SinkChannelImpl done
Event: 0.613 loading class sun/nio/ch/SelectionKeyImpl
Event: 0.613 loading class java/nio/channels/spi/AbstractSelectionKey
Event: 0.613 loading class java/nio/channels/SelectionKey
Event: 0.613 loading class java/nio/channels/SelectionKey done
Event: 0.613 loading class java/nio/channels/spi/AbstractSelectionKey done
Event: 0.613 loading class sun/nio/ch/SelectionKeyImpl done
Event: 0.613 loading class java/lang/invoke/ConstantBootstraps
Event: 0.613 loading class java/lang/invoke/ConstantBootstraps done


Dynamic libraries:
0x00007ff668e60000 - 0x00007ff668e6a000 	D:\install\soft\Android Studio\jbr\bin\java.exe
0x00007ffd6c090000 - 0x00007ffd6c285000 	C:\Windows\SYSTEM32\ntdll.dll
0x00007ffd6b9d0000 - 0x00007ffd6ba8e000 	C:\Windows\System32\KERNEL32.DLL
0x00007ffd69d10000 - 0x00007ffd69fd9000 	C:\Windows\System32\KERNELBASE.dll
0x00007ffd69fe0000 - 0x00007ffd6a0e0000 	C:\Windows\System32\ucrtbase.dll
0x00007ffd401e0000 - 0x00007ffd401f7000 	D:\install\soft\Android Studio\jbr\bin\jli.dll
0x00007ffd40960000 - 0x00007ffd4097b000 	D:\install\soft\Android Studio\jbr\bin\VCRUNTIME140.dll
0x00007ffd6bea0000 - 0x00007ffd6c041000 	C:\Windows\System32\USER32.dll
0x00007ffd697b0000 - 0x00007ffd697d2000 	C:\Windows\System32\win32u.dll
0x00007ffd6b820000 - 0x00007ffd6b84b000 	C:\Windows\System32\GDI32.dll
0x00007ffd509e0000 - 0x00007ffd50c7a000 	C:\Windows\WinSxS\amd64_microsoft.windows.common-controls_6595b64144ccf1df_6.0.19041.1110_none_60b5254171f9507e\COMCTL32.dll
0x00007ffd69890000 - 0x00007ffd6999b000 	C:\Windows\System32\gdi32full.dll
0x00007ffd69c70000 - 0x00007ffd69d0d000 	C:\Windows\System32\msvcp_win.dll
0x00007ffd6ba90000 - 0x00007ffd6bb2e000 	C:\Windows\System32\msvcrt.dll
0x00007ffd6aca0000 - 0x00007ffd6acd0000 	C:\Windows\System32\IMM32.DLL
0x00007ffd4c630000 - 0x00007ffd4c63c000 	D:\install\soft\Android Studio\jbr\bin\vcruntime140_1.dll
0x00007ffd0b330000 - 0x00007ffd0b3bd000 	D:\install\soft\Android Studio\jbr\bin\msvcp140.dll
0x00007ffd186e0000 - 0x00007ffd1934d000 	D:\install\soft\Android Studio\jbr\bin\server\jvm.dll
0x00007ffd6bc10000 - 0x00007ffd6bcbc000 	C:\Windows\System32\ADVAPI32.dll
0x00007ffd6aea0000 - 0x00007ffd6af3b000 	C:\Windows\System32\sechost.dll
0x00007ffd6b160000 - 0x00007ffd6b28a000 	C:\Windows\System32\RPCRT4.dll
0x00007ffd50e30000 - 0x00007ffd50e57000 	C:\Windows\SYSTEM32\WINMM.dll
0x00007ffd5d530000 - 0x00007ffd5d539000 	C:\Windows\SYSTEM32\WSOCK32.dll
0x00007ffd5fca0000 - 0x00007ffd5fcaa000 	C:\Windows\SYSTEM32\VERSION.dll
0x00007ffd6af40000 - 0x00007ffd6afab000 	C:\Windows\System32\WS2_32.dll
0x00007ffd68080000 - 0x00007ffd68092000 	C:\Windows\SYSTEM32\kernel.appcore.dll
0x00007ffd53a70000 - 0x00007ffd53a7a000 	D:\install\soft\Android Studio\jbr\bin\jimage.dll
0x00007ffd67240000 - 0x00007ffd67424000 	C:\Windows\SYSTEM32\DBGHELP.DLL
0x00007ffd52e10000 - 0x00007ffd52e3c000 	C:\Windows\SYSTEM32\dbgcore.DLL
0x00007ffd699a0000 - 0x00007ffd69a23000 	C:\Windows\System32\bcryptPrimitives.dll
0x00007ffd40980000 - 0x00007ffd409a5000 	D:\install\soft\Android Studio\jbr\bin\java.dll
0x00007ffd51330000 - 0x00007ffd51348000 	D:\install\soft\Android Studio\jbr\bin\zip.dll
0x00007ffd6a0e0000 - 0x00007ffd6a81f000 	C:\Windows\System32\SHELL32.dll
0x00007ffd67890000 - 0x00007ffd68020000 	C:\Windows\SYSTEM32\windows.storage.dll
0x00007ffd6b430000 - 0x00007ffd6b785000 	C:\Windows\System32\combase.dll
0x00007ffd69200000 - 0x00007ffd6922c000 	C:\Windows\SYSTEM32\Wldp.dll
0x00007ffd6b850000 - 0x00007ffd6b8fd000 	C:\Windows\System32\SHCORE.dll
0x00007ffd6bbb0000 - 0x00007ffd6bc05000 	C:\Windows\System32\shlwapi.dll
0x00007ffd696f0000 - 0x00007ffd6970f000 	C:\Windows\SYSTEM32\profapi.dll
0x00007ffd47a50000 - 0x00007ffd47a69000 	D:\install\soft\Android Studio\jbr\bin\net.dll
0x00007ffd5f750000 - 0x00007ffd5f858000 	C:\Windows\SYSTEM32\WINHTTP.dll
0x00007ffd68f60000 - 0x00007ffd68fca000 	C:\Windows\system32\mswsock.dll
0x00007ffd44730000 - 0x00007ffd44746000 	D:\install\soft\Android Studio\jbr\bin\nio.dll
0x00007ffd50fe0000 - 0x00007ffd50ff0000 	D:\install\soft\Android Studio\jbr\bin\verify.dll
0x00007ffd37de0000 - 0x00007ffd37e07000 	C:\Users\vadymkon\.gradle\native\e1d6ef7f7dcc3fd88c89a11ec53ec762bb8ba0a96d01ffa2cd45eb1d1d8dd5c5\windows-amd64\native-platform.dll
0x00007ffd53a10000 - 0x00007ffd53a19000 	D:\install\soft\Android Studio\jbr\bin\management.dll
0x00007ffd52e90000 - 0x00007ffd52e9b000 	D:\install\soft\Android Studio\jbr\bin\management_ext.dll
0x00007ffd6ae70000 - 0x00007ffd6ae78000 	C:\Windows\System32\PSAPI.DLL
0x00007ffd69150000 - 0x00007ffd69168000 	C:\Windows\SYSTEM32\CRYPTSP.dll
0x00007ffd68870000 - 0x00007ffd688a4000 	C:\Windows\system32\rsaenh.dll
0x00007ffd69be0000 - 0x00007ffd69c07000 	C:\Windows\System32\bcrypt.dll
0x00007ffd696b0000 - 0x00007ffd696de000 	C:\Windows\SYSTEM32\USERENV.dll
0x00007ffd69170000 - 0x00007ffd6917c000 	C:\Windows\SYSTEM32\CRYPTBASE.dll
0x00007ffd68c00000 - 0x00007ffd68c3b000 	C:\Windows\SYSTEM32\IPHLPAPI.DLL
0x00007ffd6ad30000 - 0x00007ffd6ad38000 	C:\Windows\System32\NSI.dll
0x00007ffd5db70000 - 0x00007ffd5db87000 	C:\Windows\SYSTEM32\dhcpcsvc6.DLL
0x00007ffd5d920000 - 0x00007ffd5d93d000 	C:\Windows\SYSTEM32\dhcpcsvc.DLL
0x00007ffd68c50000 - 0x00007ffd68d1c000 	C:\Windows\SYSTEM32\DNSAPI.dll
0x00007ffd50c80000 - 0x00007ffd50c87000 	C:\Windows\system32\wshunix.dll

dbghelp: loaded successfully - version: 4.0.5 - missing functions: none
symbol engine: initialized successfully - sym options: 0x614 - pdb path: .;D:\install\soft\Android Studio\jbr\bin;C:\Windows\SYSTEM32;C:\Windows\WinSxS\amd64_microsoft.windows.common-controls_6595b64144ccf1df_6.0.19041.1110_none_60b5254171f9507e;D:\install\soft\Android Studio\jbr\bin\server;C:\Users\vadymkon\.gradle\native\e1d6ef7f7dcc3fd88c89a11ec53ec762bb8ba0a96d01ffa2cd45eb1d1d8dd5c5\windows-amd64

VM Arguments:
jvm_args: -Dorg.gradle.appname=gradlew 
java_command: org.gradle.wrapper.GradleWrapperMain -q -Ptarget-platform=android-x64 -Ptarget=D:\vadymkon\Kaiters\apps\witcher_notes\lib\main.dart -Pbase-application-name=android.app.Application -Pdart-defines=Zmx1dHRlci5pbnNwZWN0b3Iuc3RydWN0dXJlZEVycm9ycz10cnVl,RkxVVFRFUl9XRUJfQVVUT19ERVRFQ1Q9dHJ1ZQ==,RkxVVFRFUl9XRUJfQ0FOVkFTS0lUX1VSTD1odHRwczovL3d3dy5nc3RhdGljLmNvbS9mbHV0dGVyLWNhbnZhc2tpdC80NWY2ZTAwOTExMGRmNGYzNGVjMmNmOTlmNjNjZjczYjcxYjdhNDIwLw== -Pdart-obfuscation=false -Ptrack-widget-creation=true -Ptree-shake-icons=false -Pfilesystem-scheme=org-dartlang-root assembleDebug
java_class_path (initial): D:\vadymkon\Kaiters\apps\witcher_notes\android\\gradle\wrapper\gradle-wrapper.jar
Launcher Type: SUN_STANDARD

[Global flags]
     intx CICompilerCount                          = 12                                        {product} {ergonomic}
     uint ConcGCThreads                            = 3                                         {product} {ergonomic}
     uint G1ConcRefinementThreads                  = 13                                        {product} {ergonomic}
   size_t G1HeapRegionSize                         = 2097152                                   {product} {ergonomic}
    uintx GCDrainStackTargetSize                   = 64                                        {product} {ergonomic}
   size_t InitialHeapSize                          = 266338304                                 {product} {ergonomic}
   size_t MarkStackSize                            = 4194304                                   {product} {ergonomic}
   size_t MaxHeapSize                              = 4236247040                                {product} {ergonomic}
   size_t MaxNewSize                               = 2541748224                                {product} {ergonomic}
   size_t MinHeapDeltaBytes                        = 2097152                                   {product} {ergonomic}
   size_t MinHeapSize                              = 8388608                                   {product} {ergonomic}
    uintx NonNMethodCodeHeapSize                   = 7602480                                {pd product} {ergonomic}
    uintx NonProfiledCodeHeapSize                  = 122027880                              {pd product} {ergonomic}
    uintx ProfiledCodeHeapSize                     = 122027880                              {pd product} {ergonomic}
    uintx ReservedCodeCacheSize                    = 251658240                              {pd product} {ergonomic}
     bool SegmentedCodeCache                       = true                                      {product} {ergonomic}
   size_t SoftMaxHeapSize                          = 4236247040                             {manageable} {ergonomic}
     bool UseCompressedClassPointers               = true                           {product lp64_product} {ergonomic}
     bool UseCompressedOops                        = true                           {product lp64_product} {ergonomic}
     bool UseG1GC                                  = true                                      {product} {ergonomic}
     bool UseLargePagesIndividualAllocation        = false                                  {pd product} {ergonomic}

Logging:
Log output configuration:
 #0: stdout all=warning uptime,level,tags
 #1: stderr all=off uptime,level,tags

Environment Variables:
JAVA_HOME=D:\install\soft\Android Studio\jbr
CLASSPATH=D:\vadymkon\Kaiters\apps\witcher_notes\android\\gradle\wrapper\gradle-wrapper.jar
PATH=C:\Windows\system32;C:\Windows;C:\Windows\System32\Wbem;C:\Windows\System32\WindowsPowerShell\v1.0\;C:\Windows\System32\OpenSSH\;C:\Program Files\Cloudflare\Cloudflare WARP\;C:\Users\vadymkon\AppData\Local\Microsoft\WindowsApps;;D:\install\soft\flutterSDK\flutter\bin\mingit\cmd
USERNAME=vadymkon
OS=Windows_NT
PROCESSOR_IDENTIFIER=Intel64 Family 6 Model 141 Stepping 1, GenuineIntel
TMP=C:\Temp
TEMP=C:\Temp



---------------  S Y S T E M  ---------------

OS:
 Windows 10 , 64 bit Build 19041 (10.0.19041.1202)
OS uptime: 2 days 13:04 hours

CPU: total 16 (initial active 16) (8 cores per cpu, 2 threads per core) family 6 model 141 stepping 1 microcode 0x34, cx8, cmov, fxsr, ht, mmx, 3dnowpref, sse, sse2, sse3, ssse3, sse4.1, sse4.2, popcnt, lzcnt, tsc, tscinvbit, avx, avx2, aes, erms, clmul, bmi1, bmi2, adx, avx512f, avx512dq, avx512cd, avx512bw, avx512vl, sha, fma, vzeroupper, avx512_vpopcntdq, avx512_vpclmulqdq, avx512_vaes, avx512_vnni, clflush, clflushopt, clwb, avx512_vbmi2, avx512_vbmi

Memory: 4k page, system-wide physical 16155M (4928M free)
TotalPageFile size 16155M (AvailPageFile size 5M)
current process WorkingSet (physical memory assigned to process): 97M, peak: 97M
current process commit charge ("private bytes"): 373M, peak: 374M

vm_info: OpenJDK 64-Bit Server VM (17.0.6+0-b2043.56-9586694) for windows-amd64 JRE (17.0.6+0-b2043.56-9586694), built on Feb  9 2023 20:06:20 by "androidbuild" with MS VC++ 16.10 / 16.11 (VS2019)

END.
