#
# There is insufficient memory for the Java Runtime Environment to continue.
# Native memory allocation (malloc) failed to allocate 98928 bytes for Chunk::new
# Possible reasons:
#   The system is out of physical RAM or swap space
#   The process is running with CompressedOops enabled, and the Java Heap may be blocking the growth of the native heap
# Possible solutions:
#   Reduce memory load on the system
#   Increase physical memory or swap space
#   Check if swap backing store is full
#   Decrease Java heap size (-Xmx/-Xms)
#   Decrease number of Java threads
#   Decrease Java thread stack sizes (-Xss)
#   Set larger code cache with -XX:ReservedCodeCacheSize=
#   JVM is running with Zero Based Compressed Oops mode in which the Java heap is
#     placed in the first 32GB address space. The Java Heap base address is the
#     maximum limit for the native heap growth. Please use -XX:HeapBaseMinAddress
#     to set the Java Heap base and to place the Java Heap above 32GB virtual address.
# This output file may be truncated or incomplete.
#
#  Out of Memory Error (arena.cpp:189), pid=11292, tid=7296
#
# JRE version: OpenJDK Runtime Environment (17.0.6) (build 17.0.6+0-b2043.56-9586694)
# Java VM: OpenJDK 64-Bit Server VM (17.0.6+0-b2043.56-9586694, mixed mode, tiered, compressed oops, compressed class ptrs, g1 gc, windows-amd64)
# No core dump will be written. Minidumps are not enabled by default on client versions of Windows
#

---------------  S U M M A R Y ------------

Command Line: -Dorg.gradle.appname=gradlew org.gradle.wrapper.GradleWrapperMain -q -Ptarget-platform=android-x64 -Ptarget=D:\vadymkon\Kaiters\apps\WitcherNotes\lib\main.dart -Pbase-application-name=android.app.Application -Pdart-defines=Zmx1dHRlci5pbnNwZWN0b3Iuc3RydWN0dXJlZEVycm9ycz10cnVl,RkxVVFRFUl9XRUJfQVVUT19ERVRFQ1Q9dHJ1ZQ==,RkxVVFRFUl9XRUJfQ0FOVkFTS0lUX1VSTD1odHRwczovL3d3dy5nc3RhdGljLmNvbS9mbHV0dGVyLWNhbnZhc2tpdC80NWY2ZTAwOTExMGRmNGYzNGVjMmNmOTlmNjNjZjczYjcxYjdhNDIwLw== -Pdart-obfuscation=false -Ptrack-widget-creation=true -Ptree-shake-icons=false -Pfilesystem-scheme=org-dartlang-root assembleDebug

Host: 11th Gen Intel(R) Core(TM) i7-11800H @ 2.30GHz, 16 cores, 15G,  Windows 10 , 64 bit Build 19041 (10.0.19041.1202)
Time: Thu Jul 13 23:21:55 2023  Windows 10 , 64 bit Build 19041 (10.0.19041.1202) elapsed time: 0.157868 seconds (0d 0h 0m 0s)

---------------  T H R E A D  ---------------

Current thread (0x000002a69cca1be0):  JavaThread "C2 CompilerThread0" daemon [_thread_in_native, id=7296, stack(0x000000e912500000,0x000000e912600000)]


Current CompileTask:
C2:    157  394 %     4       java.lang.StringLatin1::toLowerCase @ 117 (186 bytes)

Stack: [0x000000e912500000,0x000000e912600000]
Native frames: (J=compiled Java code, j=interpreted, Vv=VM code, C=native code)
V  [jvm.dll+0x683b4a]
V  [jvm.dll+0x842654]
V  [jvm.dll+0x843dfe]
V  [jvm.dll+0x844463]
V  [jvm.dll+0x249b75]
V  [jvm.dll+0xabcac]
V  [jvm.dll+0xac27c]
V  [jvm.dll+0x368857]
V  [jvm.dll+0x332f31]
V  [jvm.dll+0x3323da]
V  [jvm.dll+0x21c201]
V  [jvm.dll+0x21b621]
V  [jvm.dll+0x1a4fdd]
V  [jvm.dll+0x22b098]
V  [jvm.dll+0x229159]
V  [jvm.dll+0x7f809c]
V  [jvm.dll+0x7f25fa]
V  [jvm.dll+0x682985]
C  [ucrtbase.dll+0x21bb2]
C  [KERNEL32.DLL+0x17034]
C  [ntdll.dll+0x52651]


---------------  P R O C E S S  ---------------

Threads class SMR info:
_java_thread_list=0x000002a69d132060, length=15, elements={
0x000002a6fcbbca30, 0x000002a6ffd8a920, 0x000002a6ffd8be00, 0x000002a69cc89f10,
0x000002a69cc8a9d0, 0x000002a69cc8b290, 0x000002a69cca0700, 0x000002a69cca1be0,
0x000002a69cca2590, 0x000002a69cca2e90, 0x000002a69cdf9e50, 0x000002a69ce00380,
0x000002a69ce3a010, 0x000002a69ce262b0, 0x000002a69d12a9d0
}

Java Threads: ( => current thread )
  0x000002a6fcbbca30 JavaThread "main" [_thread_in_native, id=13904, stack(0x000000e911800000,0x000000e911900000)]
  0x000002a6ffd8a920 JavaThread "Reference Handler" daemon [_thread_blocked, id=7344, stack(0x000000e911f00000,0x000000e912000000)]
  0x000002a6ffd8be00 JavaThread "Finalizer" daemon [_thread_blocked, id=14264, stack(0x000000e912000000,0x000000e912100000)]
  0x000002a69cc89f10 JavaThread "Signal Dispatcher" daemon [_thread_blocked, id=10460, stack(0x000000e912100000,0x000000e912200000)]
  0x000002a69cc8a9d0 JavaThread "Attach Listener" daemon [_thread_blocked, id=13432, stack(0x000000e912200000,0x000000e912300000)]
  0x000002a69cc8b290 JavaThread "Service Thread" daemon [_thread_blocked, id=8528, stack(0x000000e912300000,0x000000e912400000)]
  0x000002a69cca0700 JavaThread "Monitor Deflation Thread" daemon [_thread_blocked, id=13900, stack(0x000000e912400000,0x000000e912500000)]
=>0x000002a69cca1be0 JavaThread "C2 CompilerThread0" daemon [_thread_in_native, id=7296, stack(0x000000e912500000,0x000000e912600000)]
  0x000002a69cca2590 JavaThread "C1 CompilerThread0" daemon [_thread_blocked, id=1252, stack(0x000000e912600000,0x000000e912700000)]
  0x000002a69cca2e90 JavaThread "Sweeper thread" daemon [_thread_blocked, id=13864, stack(0x000000e912700000,0x000000e912800000)]
  0x000002a69cdf9e50 JavaThread "C1 CompilerThread1" daemon [_thread_blocked, id=1720, stack(0x000000e912800000,0x000000e912900000)]
  0x000002a69ce00380 JavaThread "C1 CompilerThread2" daemon [_thread_blocked, id=2052, stack(0x000000e912900000,0x000000e912a00000)]
  0x000002a69ce3a010 JavaThread "Notification Thread" daemon [_thread_blocked, id=3184, stack(0x000000e912a00000,0x000000e912b00000)]
  0x000002a69ce262b0 JavaThread "Common-Cleaner" daemon [_thread_blocked, id=7432, stack(0x000000e912c00000,0x000000e912d00000)]
  0x000002a69d12a9d0 JavaThread "C2 CompilerThread1" daemon [_thread_in_native, id=2552, stack(0x000000e912d00000,0x000000e912e00000)]

Other Threads:
  0x000002a6ffd787c0 VMThread "VM Thread" [stack: 0x000000e911e00000,0x000000e911f00000] [id=10532]
  0x000002a69ce22660 WatcherThread [stack: 0x000000e912b00000,0x000000e912c00000] [id=4524]
  0x000002a6fcc2a780 GCTaskThread "GC Thread#0" [stack: 0x000000e911900000,0x000000e911a00000] [id=3740]
  0x000002a6fcc3b250 ConcurrentGCThread "G1 Main Marker" [stack: 0x000000e911a00000,0x000000e911b00000] [id=1900]
  0x000002a6fcc3bb70 ConcurrentGCThread "G1 Conc#0" [stack: 0x000000e911b00000,0x000000e911c00000] [id=10404]
  0x000002a6fcc8d190 ConcurrentGCThread "G1 Refine#0" [stack: 0x000000e911c00000,0x000000e911d00000] [id=12036]
  0x000002a6fcc8dac0 ConcurrentGCThread "G1 Service" [stack: 0x000000e911d00000,0x000000e911e00000] [id=14272]

Threads with active compile tasks:
C2 CompilerThread0      167  394 %     4       java.lang.StringLatin1::toLowerCase @ 117 (186 bytes)
C2 CompilerThread1      167  428       4       java.util.regex.Matcher::match (154 bytes)

VM state: not at safepoint (normal execution)

VM Mutex/Monitor currently owned by a thread: None

Heap address: 0x0000000703800000, size: 4040 MB, Compressed Oops mode: Zero based, Oop shift amount: 3

CDS archive(s) not mapped
Compressed class space mapped at: 0x0000000800000000-0x0000000840000000, reserved size: 1073741824
Narrow klass base: 0x0000000800000000, Narrow klass shift: 0, Narrow klass range: 0x40000000

GC Precious Log:
 CPUs: 16 total, 16 available
 Memory: 16155M
 Large Page Support: Disabled
 NUMA Support: Disabled
 Compressed Oops: Enabled (Zero based)
 Heap Region Size: 2M
 Heap Min Capacity: 8M
 Heap Initial Capacity: 254M
 Heap Max Capacity: 4040M
 Pre-touch: Disabled
 Parallel Workers: 13
 Concurrent Workers: 3
 Concurrent Refinement Workers: 13
 Periodic GC: Disabled

Heap:
 garbage-first heap   total 260096K, used 8192K [0x0000000703800000, 0x0000000800000000)
  region size 2048K, 5 young (10240K), 0 survivors (0K)
 Metaspace       used 8132K, committed 8256K, reserved 1056768K
  class space    used 720K, committed 768K, reserved 1048576K

Heap Regions: E=young(eden), S=young(survivor), O=old, HS=humongous(starts), HC=humongous(continues), CS=collection set, F=free, OA=open archive, CA=closed archive, TAMS=top-at-mark-start (previous, next)
|   0|0x0000000703800000, 0x0000000703800000, 0x0000000703a00000|  0%| F|  |TAMS 0x0000000703800000, 0x0000000703800000| Untracked 
|   1|0x0000000703a00000, 0x0000000703a00000, 0x0000000703c00000|  0%| F|  |TAMS 0x0000000703a00000, 0x0000000703a00000| Untracked 
|   2|0x0000000703c00000, 0x0000000703c00000, 0x0000000703e00000|  0%| F|  |TAMS 0x0000000703c00000, 0x0000000703c00000| Untracked 
|   3|0x0000000703e00000, 0x0000000703e00000, 0x0000000704000000|  0%| F|  |TAMS 0x0000000703e00000, 0x0000000703e00000| Untracked 
|   4|0x0000000704000000, 0x0000000704000000, 0x0000000704200000|  0%| F|  |TAMS 0x0000000704000000, 0x0000000704000000| Untracked 
|   5|0x0000000704200000, 0x0000000704200000, 0x0000000704400000|  0%| F|  |TAMS 0x0000000704200000, 0x0000000704200000| Untracked 
|   6|0x0000000704400000, 0x0000000704400000, 0x0000000704600000|  0%| F|  |TAMS 0x0000000704400000, 0x0000000704400000| Untracked 
|   7|0x0000000704600000, 0x0000000704600000, 0x0000000704800000|  0%| F|  |TAMS 0x0000000704600000, 0x0000000704600000| Untracked 
|   8|0x0000000704800000, 0x0000000704800000, 0x0000000704a00000|  0%| F|  |TAMS 0x0000000704800000, 0x0000000704800000| Untracked 
|   9|0x0000000704a00000, 0x0000000704a00000, 0x0000000704c00000|  0%| F|  |TAMS 0x0000000704a00000, 0x0000000704a00000| Untracked 
|  10|0x0000000704c00000, 0x0000000704c00000, 0x0000000704e00000|  0%| F|  |TAMS 0x0000000704c00000, 0x0000000704c00000| Untracked 
|  11|0x0000000704e00000, 0x0000000704e00000, 0x0000000705000000|  0%| F|  |TAMS 0x0000000704e00000, 0x0000000704e00000| Untracked 
|  12|0x0000000705000000, 0x0000000705000000, 0x0000000705200000|  0%| F|  |TAMS 0x0000000705000000, 0x0000000705000000| Untracked 
|  13|0x0000000705200000, 0x0000000705200000, 0x0000000705400000|  0%| F|  |TAMS 0x0000000705200000, 0x0000000705200000| Untracked 
|  14|0x0000000705400000, 0x0000000705400000, 0x0000000705600000|  0%| F|  |TAMS 0x0000000705400000, 0x0000000705400000| Untracked 
|  15|0x0000000705600000, 0x0000000705600000, 0x0000000705800000|  0%| F|  |TAMS 0x0000000705600000, 0x0000000705600000| Untracked 
|  16|0x0000000705800000, 0x0000000705800000, 0x0000000705a00000|  0%| F|  |TAMS 0x0000000705800000, 0x0000000705800000| Untracked 
|  17|0x0000000705a00000, 0x0000000705a00000, 0x0000000705c00000|  0%| F|  |TAMS 0x0000000705a00000, 0x0000000705a00000| Untracked 
|  18|0x0000000705c00000, 0x0000000705c00000, 0x0000000705e00000|  0%| F|  |TAMS 0x0000000705c00000, 0x0000000705c00000| Untracked 
|  19|0x0000000705e00000, 0x0000000705e00000, 0x0000000706000000|  0%| F|  |TAMS 0x0000000705e00000, 0x0000000705e00000| Untracked 
|  20|0x0000000706000000, 0x0000000706000000, 0x0000000706200000|  0%| F|  |TAMS 0x0000000706000000, 0x0000000706000000| Untracked 
|  21|0x0000000706200000, 0x0000000706200000, 0x0000000706400000|  0%| F|  |TAMS 0x0000000706200000, 0x0000000706200000| Untracked 
|  22|0x0000000706400000, 0x0000000706400000, 0x0000000706600000|  0%| F|  |TAMS 0x0000000706400000, 0x0000000706400000| Untracked 
|  23|0x0000000706600000, 0x0000000706600000, 0x0000000706800000|  0%| F|  |TAMS 0x0000000706600000, 0x0000000706600000| Untracked 
|  24|0x0000000706800000, 0x0000000706800000, 0x0000000706a00000|  0%| F|  |TAMS 0x0000000706800000, 0x0000000706800000| Untracked 
|  25|0x0000000706a00000, 0x0000000706a00000, 0x0000000706c00000|  0%| F|  |TAMS 0x0000000706a00000, 0x0000000706a00000| Untracked 
|  26|0x0000000706c00000, 0x0000000706c00000, 0x0000000706e00000|  0%| F|  |TAMS 0x0000000706c00000, 0x0000000706c00000| Untracked 
|  27|0x0000000706e00000, 0x0000000706e00000, 0x0000000707000000|  0%| F|  |TAMS 0x0000000706e00000, 0x0000000706e00000| Untracked 
|  28|0x0000000707000000, 0x0000000707000000, 0x0000000707200000|  0%| F|  |TAMS 0x0000000707000000, 0x0000000707000000| Untracked 
|  29|0x0000000707200000, 0x0000000707200000, 0x0000000707400000|  0%| F|  |TAMS 0x0000000707200000, 0x0000000707200000| Untracked 
|  30|0x0000000707400000, 0x0000000707400000, 0x0000000707600000|  0%| F|  |TAMS 0x0000000707400000, 0x0000000707400000| Untracked 
|  31|0x0000000707600000, 0x0000000707600000, 0x0000000707800000|  0%| F|  |TAMS 0x0000000707600000, 0x0000000707600000| Untracked 
|  32|0x0000000707800000, 0x0000000707800000, 0x0000000707a00000|  0%| F|  |TAMS 0x0000000707800000, 0x0000000707800000| Untracked 
|  33|0x0000000707a00000, 0x0000000707a00000, 0x0000000707c00000|  0%| F|  |TAMS 0x0000000707a00000, 0x0000000707a00000| Untracked 
|  34|0x0000000707c00000, 0x0000000707c00000, 0x0000000707e00000|  0%| F|  |TAMS 0x0000000707c00000, 0x0000000707c00000| Untracked 
|  35|0x0000000707e00000, 0x0000000707e00000, 0x0000000708000000|  0%| F|  |TAMS 0x0000000707e00000, 0x0000000707e00000| Untracked 
|  36|0x0000000708000000, 0x0000000708000000, 0x0000000708200000|  0%| F|  |TAMS 0x0000000708000000, 0x0000000708000000| Untracked 
|  37|0x0000000708200000, 0x0000000708200000, 0x0000000708400000|  0%| F|  |TAMS 0x0000000708200000, 0x0000000708200000| Untracked 
|  38|0x0000000708400000, 0x0000000708400000, 0x0000000708600000|  0%| F|  |TAMS 0x0000000708400000, 0x0000000708400000| Untracked 
|  39|0x0000000708600000, 0x0000000708600000, 0x0000000708800000|  0%| F|  |TAMS 0x0000000708600000, 0x0000000708600000| Untracked 
|  40|0x0000000708800000, 0x0000000708800000, 0x0000000708a00000|  0%| F|  |TAMS 0x0000000708800000, 0x0000000708800000| Untracked 
|  41|0x0000000708a00000, 0x0000000708a00000, 0x0000000708c00000|  0%| F|  |TAMS 0x0000000708a00000, 0x0000000708a00000| Untracked 
|  42|0x0000000708c00000, 0x0000000708c00000, 0x0000000708e00000|  0%| F|  |TAMS 0x0000000708c00000, 0x0000000708c00000| Untracked 
|  43|0x0000000708e00000, 0x0000000708e00000, 0x0000000709000000|  0%| F|  |TAMS 0x0000000708e00000, 0x0000000708e00000| Untracked 
|  44|0x0000000709000000, 0x0000000709000000, 0x0000000709200000|  0%| F|  |TAMS 0x0000000709000000, 0x0000000709000000| Untracked 
|  45|0x0000000709200000, 0x0000000709200000, 0x0000000709400000|  0%| F|  |TAMS 0x0000000709200000, 0x0000000709200000| Untracked 
|  46|0x0000000709400000, 0x0000000709400000, 0x0000000709600000|  0%| F|  |TAMS 0x0000000709400000, 0x0000000709400000| Untracked 
|  47|0x0000000709600000, 0x0000000709600000, 0x0000000709800000|  0%| F|  |TAMS 0x0000000709600000, 0x0000000709600000| Untracked 
|  48|0x0000000709800000, 0x0000000709800000, 0x0000000709a00000|  0%| F|  |TAMS 0x0000000709800000, 0x0000000709800000| Untracked 
|  49|0x0000000709a00000, 0x0000000709a00000, 0x0000000709c00000|  0%| F|  |TAMS 0x0000000709a00000, 0x0000000709a00000| Untracked 
|  50|0x0000000709c00000, 0x0000000709c00000, 0x0000000709e00000|  0%| F|  |TAMS 0x0000000709c00000, 0x0000000709c00000| Untracked 
|  51|0x0000000709e00000, 0x0000000709e00000, 0x000000070a000000|  0%| F|  |TAMS 0x0000000709e00000, 0x0000000709e00000| Untracked 
|  52|0x000000070a000000, 0x000000070a000000, 0x000000070a200000|  0%| F|  |TAMS 0x000000070a000000, 0x000000070a000000| Untracked 
|  53|0x000000070a200000, 0x000000070a200000, 0x000000070a400000|  0%| F|  |TAMS 0x000000070a200000, 0x000000070a200000| Untracked 
|  54|0x000000070a400000, 0x000000070a400000, 0x000000070a600000|  0%| F|  |TAMS 0x000000070a400000, 0x000000070a400000| Untracked 
|  55|0x000000070a600000, 0x000000070a600000, 0x000000070a800000|  0%| F|  |TAMS 0x000000070a600000, 0x000000070a600000| Untracked 
|  56|0x000000070a800000, 0x000000070a800000, 0x000000070aa00000|  0%| F|  |TAMS 0x000000070a800000, 0x000000070a800000| Untracked 
|  57|0x000000070aa00000, 0x000000070aa00000, 0x000000070ac00000|  0%| F|  |TAMS 0x000000070aa00000, 0x000000070aa00000| Untracked 
|  58|0x000000070ac00000, 0x000000070ac00000, 0x000000070ae00000|  0%| F|  |TAMS 0x000000070ac00000, 0x000000070ac00000| Untracked 
|  59|0x000000070ae00000, 0x000000070ae00000, 0x000000070b000000|  0%| F|  |TAMS 0x000000070ae00000, 0x000000070ae00000| Untracked 
|  60|0x000000070b000000, 0x000000070b000000, 0x000000070b200000|  0%| F|  |TAMS 0x000000070b000000, 0x000000070b000000| Untracked 
|  61|0x000000070b200000, 0x000000070b200000, 0x000000070b400000|  0%| F|  |TAMS 0x000000070b200000, 0x000000070b200000| Untracked 
|  62|0x000000070b400000, 0x000000070b400000, 0x000000070b600000|  0%| F|  |TAMS 0x000000070b400000, 0x000000070b400000| Untracked 
|  63|0x000000070b600000, 0x000000070b600000, 0x000000070b800000|  0%| F|  |TAMS 0x000000070b600000, 0x000000070b600000| Untracked 
|  64|0x000000070b800000, 0x000000070b800000, 0x000000070ba00000|  0%| F|  |TAMS 0x000000070b800000, 0x000000070b800000| Untracked 
|  65|0x000000070ba00000, 0x000000070ba00000, 0x000000070bc00000|  0%| F|  |TAMS 0x000000070ba00000, 0x000000070ba00000| Untracked 
|  66|0x000000070bc00000, 0x000000070bc00000, 0x000000070be00000|  0%| F|  |TAMS 0x000000070bc00000, 0x000000070bc00000| Untracked 
|  67|0x000000070be00000, 0x000000070be00000, 0x000000070c000000|  0%| F|  |TAMS 0x000000070be00000, 0x000000070be00000| Untracked 
|  68|0x000000070c000000, 0x000000070c000000, 0x000000070c200000|  0%| F|  |TAMS 0x000000070c000000, 0x000000070c000000| Untracked 
|  69|0x000000070c200000, 0x000000070c200000, 0x000000070c400000|  0%| F|  |TAMS 0x000000070c200000, 0x000000070c200000| Untracked 
|  70|0x000000070c400000, 0x000000070c400000, 0x000000070c600000|  0%| F|  |TAMS 0x000000070c400000, 0x000000070c400000| Untracked 
|  71|0x000000070c600000, 0x000000070c600000, 0x000000070c800000|  0%| F|  |TAMS 0x000000070c600000, 0x000000070c600000| Untracked 
|  72|0x000000070c800000, 0x000000070c800000, 0x000000070ca00000|  0%| F|  |TAMS 0x000000070c800000, 0x000000070c800000| Untracked 
|  73|0x000000070ca00000, 0x000000070ca00000, 0x000000070cc00000|  0%| F|  |TAMS 0x000000070ca00000, 0x000000070ca00000| Untracked 
|  74|0x000000070cc00000, 0x000000070cc00000, 0x000000070ce00000|  0%| F|  |TAMS 0x000000070cc00000, 0x000000070cc00000| Untracked 
|  75|0x000000070ce00000, 0x000000070ce00000, 0x000000070d000000|  0%| F|  |TAMS 0x000000070ce00000, 0x000000070ce00000| Untracked 
|  76|0x000000070d000000, 0x000000070d000000, 0x000000070d200000|  0%| F|  |TAMS 0x000000070d000000, 0x000000070d000000| Untracked 
|  77|0x000000070d200000, 0x000000070d200000, 0x000000070d400000|  0%| F|  |TAMS 0x000000070d200000, 0x000000070d200000| Untracked 
|  78|0x000000070d400000, 0x000000070d400000, 0x000000070d600000|  0%| F|  |TAMS 0x000000070d400000, 0x000000070d400000| Untracked 
|  79|0x000000070d600000, 0x000000070d600000, 0x000000070d800000|  0%| F|  |TAMS 0x000000070d600000, 0x000000070d600000| Untracked 
|  80|0x000000070d800000, 0x000000070d800000, 0x000000070da00000|  0%| F|  |TAMS 0x000000070d800000, 0x000000070d800000| Untracked 
|  81|0x000000070da00000, 0x000000070da00000, 0x000000070dc00000|  0%| F|  |TAMS 0x000000070da00000, 0x000000070da00000| Untracked 
|  82|0x000000070dc00000, 0x000000070dc00000, 0x000000070de00000|  0%| F|  |TAMS 0x000000070dc00000, 0x000000070dc00000| Untracked 
|  83|0x000000070de00000, 0x000000070de00000, 0x000000070e000000|  0%| F|  |TAMS 0x000000070de00000, 0x000000070de00000| Untracked 
|  84|0x000000070e000000, 0x000000070e000000, 0x000000070e200000|  0%| F|  |TAMS 0x000000070e000000, 0x000000070e000000| Untracked 
|  85|0x000000070e200000, 0x000000070e200000, 0x000000070e400000|  0%| F|  |TAMS 0x000000070e200000, 0x000000070e200000| Untracked 
|  86|0x000000070e400000, 0x000000070e400000, 0x000000070e600000|  0%| F|  |TAMS 0x000000070e400000, 0x000000070e400000| Untracked 
|  87|0x000000070e600000, 0x000000070e600000, 0x000000070e800000|  0%| F|  |TAMS 0x000000070e600000, 0x000000070e600000| Untracked 
|  88|0x000000070e800000, 0x000000070e800000, 0x000000070ea00000|  0%| F|  |TAMS 0x000000070e800000, 0x000000070e800000| Untracked 
|  89|0x000000070ea00000, 0x000000070ea00000, 0x000000070ec00000|  0%| F|  |TAMS 0x000000070ea00000, 0x000000070ea00000| Untracked 
|  90|0x000000070ec00000, 0x000000070ec00000, 0x000000070ee00000|  0%| F|  |TAMS 0x000000070ec00000, 0x000000070ec00000| Untracked 
|  91|0x000000070ee00000, 0x000000070ee00000, 0x000000070f000000|  0%| F|  |TAMS 0x000000070ee00000, 0x000000070ee00000| Untracked 
|  92|0x000000070f000000, 0x000000070f000000, 0x000000070f200000|  0%| F|  |TAMS 0x000000070f000000, 0x000000070f000000| Untracked 
|  93|0x000000070f200000, 0x000000070f200000, 0x000000070f400000|  0%| F|  |TAMS 0x000000070f200000, 0x000000070f200000| Untracked 
|  94|0x000000070f400000, 0x000000070f400000, 0x000000070f600000|  0%| F|  |TAMS 0x000000070f400000, 0x000000070f400000| Untracked 
|  95|0x000000070f600000, 0x000000070f600000, 0x000000070f800000|  0%| F|  |TAMS 0x000000070f600000, 0x000000070f600000| Untracked 
|  96|0x000000070f800000, 0x000000070f800000, 0x000000070fa00000|  0%| F|  |TAMS 0x000000070f800000, 0x000000070f800000| Untracked 
|  97|0x000000070fa00000, 0x000000070fa00000, 0x000000070fc00000|  0%| F|  |TAMS 0x000000070fa00000, 0x000000070fa00000| Untracked 
|  98|0x000000070fc00000, 0x000000070fc00000, 0x000000070fe00000|  0%| F|  |TAMS 0x000000070fc00000, 0x000000070fc00000| Untracked 
|  99|0x000000070fe00000, 0x000000070fe00000, 0x0000000710000000|  0%| F|  |TAMS 0x000000070fe00000, 0x000000070fe00000| Untracked 
| 100|0x0000000710000000, 0x0000000710000000, 0x0000000710200000|  0%| F|  |TAMS 0x0000000710000000, 0x0000000710000000| Untracked 
| 101|0x0000000710200000, 0x0000000710200000, 0x0000000710400000|  0%| F|  |TAMS 0x0000000710200000, 0x0000000710200000| Untracked 
| 102|0x0000000710400000, 0x0000000710400000, 0x0000000710600000|  0%| F|  |TAMS 0x0000000710400000, 0x0000000710400000| Untracked 
| 103|0x0000000710600000, 0x0000000710600000, 0x0000000710800000|  0%| F|  |TAMS 0x0000000710600000, 0x0000000710600000| Untracked 
| 104|0x0000000710800000, 0x0000000710800000, 0x0000000710a00000|  0%| F|  |TAMS 0x0000000710800000, 0x0000000710800000| Untracked 
| 105|0x0000000710a00000, 0x0000000710a00000, 0x0000000710c00000|  0%| F|  |TAMS 0x0000000710a00000, 0x0000000710a00000| Untracked 
| 106|0x0000000710c00000, 0x0000000710c00000, 0x0000000710e00000|  0%| F|  |TAMS 0x0000000710c00000, 0x0000000710c00000| Untracked 
| 107|0x0000000710e00000, 0x0000000710e00000, 0x0000000711000000|  0%| F|  |TAMS 0x0000000710e00000, 0x0000000710e00000| Untracked 
| 108|0x0000000711000000, 0x0000000711000000, 0x0000000711200000|  0%| F|  |TAMS 0x0000000711000000, 0x0000000711000000| Untracked 
| 109|0x0000000711200000, 0x0000000711200000, 0x0000000711400000|  0%| F|  |TAMS 0x0000000711200000, 0x0000000711200000| Untracked 
| 110|0x0000000711400000, 0x0000000711400000, 0x0000000711600000|  0%| F|  |TAMS 0x0000000711400000, 0x0000000711400000| Untracked 
| 111|0x0000000711600000, 0x0000000711600000, 0x0000000711800000|  0%| F|  |TAMS 0x0000000711600000, 0x0000000711600000| Untracked 
| 112|0x0000000711800000, 0x0000000711800000, 0x0000000711a00000|  0%| F|  |TAMS 0x0000000711800000, 0x0000000711800000| Untracked 
| 113|0x0000000711a00000, 0x0000000711a00000, 0x0000000711c00000|  0%| F|  |TAMS 0x0000000711a00000, 0x0000000711a00000| Untracked 
| 114|0x0000000711c00000, 0x0000000711c00000, 0x0000000711e00000|  0%| F|  |TAMS 0x0000000711c00000, 0x0000000711c00000| Untracked 
| 115|0x0000000711e00000, 0x0000000711e00000, 0x0000000712000000|  0%| F|  |TAMS 0x0000000711e00000, 0x0000000711e00000| Untracked 
| 116|0x0000000712000000, 0x0000000712000000, 0x0000000712200000|  0%| F|  |TAMS 0x0000000712000000, 0x0000000712000000| Untracked 
| 117|0x0000000712200000, 0x0000000712200000, 0x0000000712400000|  0%| F|  |TAMS 0x0000000712200000, 0x0000000712200000| Untracked 
| 118|0x0000000712400000, 0x0000000712400000, 0x0000000712600000|  0%| F|  |TAMS 0x0000000712400000, 0x0000000712400000| Untracked 
| 119|0x0000000712600000, 0x0000000712600000, 0x0000000712800000|  0%| F|  |TAMS 0x0000000712600000, 0x0000000712600000| Untracked 
| 120|0x0000000712800000, 0x0000000712800000, 0x0000000712a00000|  0%| F|  |TAMS 0x0000000712800000, 0x0000000712800000| Untracked 
| 121|0x0000000712a00000, 0x0000000712a00000, 0x0000000712c00000|  0%| F|  |TAMS 0x0000000712a00000, 0x0000000712a00000| Untracked 
| 122|0x0000000712c00000, 0x0000000712c71648, 0x0000000712e00000| 22%| E|  |TAMS 0x0000000712c00000, 0x0000000712c00000| Complete 
| 123|0x0000000712e00000, 0x0000000713000000, 0x0000000713000000|100%| E|CS|TAMS 0x0000000712e00000, 0x0000000712e00000| Complete 
| 124|0x0000000713000000, 0x0000000713200000, 0x0000000713200000|100%| E|CS|TAMS 0x0000000713000000, 0x0000000713000000| Complete 
| 125|0x0000000713200000, 0x0000000713400000, 0x0000000713400000|100%| E|CS|TAMS 0x0000000713200000, 0x0000000713200000| Complete 
| 126|0x0000000713400000, 0x0000000713600000, 0x0000000713600000|100%| E|CS|TAMS 0x0000000713400000, 0x0000000713400000| Complete 

Card table byte_map: [0x000002a6fdd00000,0x000002a6fe4f0000] _byte_map_base: 0x000002a6fa4e4000

Marking Bits (Prev, Next): (CMBitMap*) 0x000002a6fcc2aca0, (CMBitMap*) 0x000002a6fcc2ace0
 Prev Bits: [0x000002a692400000, 0x000002a696320000)
 Next Bits: [0x000002a696320000, 0x000002a69a240000)

Polling page: 0x000002a6fc390000

Metaspace:

Usage:
  Non-class:      7.24 MB used.
      Class:    720.54 KB used.
       Both:      7.95 MB used.

Virtual space:
  Non-class space:        8.00 MB reserved,       7.31 MB ( 91%) committed,  1 nodes.
      Class space:        1.00 GB reserved,     768.00 KB ( <1%) committed,  1 nodes.
             Both:        1.01 GB reserved,       8.06 MB ( <1%) committed. 

Chunk freelists:
   Non-Class:  338.00 KB
       Class:  3.20 MB
        Both:  3.53 MB

MaxMetaspaceSize: unlimited
CompressedClassSpaceSize: 1.00 GB
Initial GC threshold: 21.00 MB
Current GC threshold: 21.00 MB
CDS: off
MetaspaceReclaimPolicy: balanced
 - commit_granule_bytes: 65536.
 - commit_granule_words: 8192.
 - virtual_space_node_default_size: 1048576.
 - enlarge_chunks_in_place: 1.
 - new_chunks_are_fully_committed: 0.
 - uncommit_free_chunks: 1.
 - use_allocation_guard: 0.
 - handle_deallocations: 1.


Internal statistics:

num_allocs_failed_limit: 0.
num_arena_births: 12.
num_arena_deaths: 0.
num_vsnodes_births: 2.
num_vsnodes_deaths: 0.
num_space_committed: 129.
num_space_uncommitted: 0.
num_chunks_returned_to_freelist: 0.
num_chunks_taken_from_freelist: 52.
num_chunk_merges: 0.
num_chunk_splits: 22.
num_chunks_enlarged: 16.
num_purges: 0.
num_inconsistent_stats: 0.

CodeHeap 'non-profiled nmethods': size=119168Kb used=107Kb max_used=107Kb free=119060Kb
 bounds [0x000002a68afa0000, 0x000002a68b210000, 0x000002a692400000]
CodeHeap 'profiled nmethods': size=119104Kb used=653Kb max_used=653Kb free=118450Kb
 bounds [0x000002a683400000, 0x000002a683670000, 0x000002a68a850000]
CodeHeap 'non-nmethods': size=7488Kb used=2261Kb max_used=2276Kb free=5226Kb
 bounds [0x000002a68a850000, 0x000002a68aac0000, 0x000002a68afa0000]
 total_blobs=841 nmethods=433 adapters=319
 compilation: enabled
              stopped_count=0, restarted_count=0
 full_count=0

Compilation events (20 events):
Event: 0.154 Thread 0x000002a69ce00380  389       3       java.util.LinkedHashMap$Entry::<init> (10 bytes)
Event: 0.154 Thread 0x000002a69cca2590 nmethod 386 0x000002a68348c490 code [0x000002a68348c680, 0x000002a68348ca48]
Event: 0.154 Thread 0x000002a69cca2590  390       3       java.util.LinkedHashMap::linkNodeLast (33 bytes)
Event: 0.154 Thread 0x000002a69ce00380 nmethod 389 0x000002a68348cc10 code [0x000002a68348cdc0, 0x000002a68348d0b8]
Event: 0.154 Thread 0x000002a69cdf9e50 nmethod 381 0x000002a68348d190 code [0x000002a68348d540, 0x000002a68348fdf8]
Event: 0.154 Thread 0x000002a69cca2590 nmethod 390 0x000002a683490990 code [0x000002a683490b40, 0x000002a683490e78]
Event: 0.154 Thread 0x000002a69cdf9e50  391       3       java.util.LinkedHashMap::afterNodeInsertion (40 bytes)
Event: 0.154 Thread 0x000002a69cca2590  393       3       java.util.LinkedHashMap$LinkedHashIterator::hasNext (13 bytes)
Event: 0.154 Thread 0x000002a69ce00380  392       3       java.util.LinkedHashMap::get (29 bytes)
Event: 0.154 Thread 0x000002a69cca1be0  394 %     4       java.lang.StringLatin1::toLowerCase @ 117 (186 bytes)
Event: 0.154 Thread 0x000002a69cca2590 nmethod 393 0x000002a683490f90 code [0x000002a683491120, 0x000002a683491298]
Event: 0.154 Thread 0x000002a69cdf9e50 nmethod 391 0x000002a683491310 code [0x000002a6834914c0, 0x000002a6834916b8]
Event: 0.154 Thread 0x000002a69cca2590  395       3       java.util.LinkedHashMap$LinkedKeyIterator::next (8 bytes)
Event: 0.154 Thread 0x000002a69cdf9e50  396       3       java.util.LinkedHashMap$LinkedHashIterator::nextNode (54 bytes)
Event: 0.154 Thread 0x000002a69ce00380 nmethod 392 0x000002a683491790 code [0x000002a683491940, 0x000002a683491b98]
Event: 0.154 Thread 0x000002a69cca2590 nmethod 395 0x000002a683491c90 code [0x000002a683491e40, 0x000002a683491fa8]
Event: 0.154 Thread 0x000002a69cdf9e50 nmethod 396 0x000002a683492090 code [0x000002a683492260, 0x000002a6834925b8]
Event: 0.155 Thread 0x000002a69ce00380  397       3       java.io.WinNTFileSystem::isLetter (30 bytes)
Event: 0.155 Thread 0x000002a69ce00380 nmethod 397 0x000002a683492710 code [0x000002a6834928a0, 0x000002a683492ab8]
Event: 0.157 Thread 0x000002a69cdf9e50  399   !   3       java.util.regex.Pattern::RemoveQEQuoting (370 bytes)

GC Heap History (0 events):
No events

Dll operation events (2 events):
Event: 0.002 Loaded shared library D:\install\soft\Android Studio\jbr\bin\java.dll
Event: 0.061 Loaded shared library D:\install\soft\Android Studio\jbr\bin\verify.dll

Deoptimization events (20 events):
Event: 0.135 Thread 0x000002a6fcbbca30 DEOPT PACKING pc=0x000002a6834548be sp=0x000000e9118fdbc0
Event: 0.135 Thread 0x000002a6fcbbca30 DEOPT UNPACKING pc=0x000002a68a8aace3 sp=0x000000e9118fd038 mode 0
Event: 0.135 Thread 0x000002a6fcbbca30 DEOPT PACKING pc=0x000002a68343567e sp=0x000000e9118fdb90
Event: 0.135 Thread 0x000002a6fcbbca30 DEOPT UNPACKING pc=0x000002a68a8aace3 sp=0x000000e9118fd000 mode 0
Event: 0.135 Thread 0x000002a6fcbbca30 DEOPT PACKING pc=0x000002a6834548be sp=0x000000e9118fdbc0
Event: 0.135 Thread 0x000002a6fcbbca30 DEOPT UNPACKING pc=0x000002a68a8aace3 sp=0x000000e9118fd038 mode 0
Event: 0.135 Thread 0x000002a6fcbbca30 DEOPT PACKING pc=0x000002a68343567e sp=0x000000e9118fdb90
Event: 0.135 Thread 0x000002a6fcbbca30 DEOPT UNPACKING pc=0x000002a68a8aace3 sp=0x000000e9118fd000 mode 0
Event: 0.137 Thread 0x000002a6fcbbca30 DEOPT PACKING pc=0x000002a6834548be sp=0x000000e9118fdbc0
Event: 0.137 Thread 0x000002a6fcbbca30 DEOPT UNPACKING pc=0x000002a68a8aace3 sp=0x000000e9118fd038 mode 0
Event: 0.137 Thread 0x000002a6fcbbca30 DEOPT PACKING pc=0x000002a68343567e sp=0x000000e9118fdb90
Event: 0.137 Thread 0x000002a6fcbbca30 DEOPT UNPACKING pc=0x000002a68a8aace3 sp=0x000000e9118fd000 mode 0
Event: 0.137 Thread 0x000002a6fcbbca30 DEOPT PACKING pc=0x000002a6834548be sp=0x000000e9118fdbc0
Event: 0.137 Thread 0x000002a6fcbbca30 DEOPT UNPACKING pc=0x000002a68a8aace3 sp=0x000000e9118fd038 mode 0
Event: 0.137 Thread 0x000002a6fcbbca30 DEOPT PACKING pc=0x000002a68343567e sp=0x000000e9118fdb90
Event: 0.137 Thread 0x000002a6fcbbca30 DEOPT UNPACKING pc=0x000002a68a8aace3 sp=0x000000e9118fd000 mode 0
Event: 0.138 Thread 0x000002a6fcbbca30 DEOPT PACKING pc=0x000002a68343567e sp=0x000000e9118fdaf0
Event: 0.138 Thread 0x000002a6fcbbca30 DEOPT UNPACKING pc=0x000002a68a8aace3 sp=0x000000e9118fcf60 mode 0
Event: 0.138 Thread 0x000002a6fcbbca30 DEOPT PACKING pc=0x000002a68343567e sp=0x000000e9118fdaf0
Event: 0.138 Thread 0x000002a6fcbbca30 DEOPT UNPACKING pc=0x000002a68a8aace3 sp=0x000000e9118fcf60 mode 0

Classes unloaded (0 events):
No events

Classes redefined (0 events):
No events

Internal exceptions (1 events):
Event: 0.121 Thread 0x000002a6fcbbca30 Exception <a 'java/lang/NoSuchMethodError'{0x00000007130607a8}: 'int java.lang.invoke.DirectMethodHandle$Holder.invokeStaticInit(java.lang.Object, java.lang.Object)'> (0x00000007130607a8) 
thrown [s\src\hotspot\share\interpreter\linkResolver.cpp, line 771]

VM Operations (2 events):
Event: 0.059 Executing VM operation: HandshakeAllThreads
Event: 0.059 Executing VM operation: HandshakeAllThreads done

Events (20 events):
Event: 0.123 loading class java/io/FileFilter
Event: 0.123 loading class java/io/FileFilter done
Event: 0.128 loading class java/util/Collections$UnmodifiableList
Event: 0.128 loading class java/util/Collections$UnmodifiableList done
Event: 0.128 loading class java/util/Collections$UnmodifiableRandomAccessList
Event: 0.128 loading class java/util/Collections$UnmodifiableRandomAccessList done
Event: 0.130 loading class java/util/AbstractList$Itr
Event: 0.130 loading class java/util/AbstractList$Itr done
Event: 0.131 loading class java/util/zip/ZipException
Event: 0.131 loading class java/util/zip/ZipException done
Event: 0.131 loading class java/util/ArrayList$SubList
Event: 0.131 loading class java/util/ArrayList$SubList done
Event: 0.134 loading class java/util/Collections$UnmodifiableCollection$1
Event: 0.134 loading class java/util/Collections$UnmodifiableCollection$1 done
Event: 0.136 loading class java/util/Collections$SingletonSet
Event: 0.136 loading class java/util/Collections$SingletonSet done
Event: 0.136 loading class java/util/Collections$1
Event: 0.136 loading class java/util/Collections$1 done
Event: 0.137 loading class java/lang/invoke/DirectMethodHandle$Special
Event: 0.137 loading class java/lang/invoke/DirectMethodHandle$Special done


Dynamic libraries:
0x00007ff6fb320000 - 0x00007ff6fb32a000 	D:\install\soft\Android Studio\jbr\bin\java.exe
0x00007ffba2d30000 - 0x00007ffba2f25000 	C:\Windows\SYSTEM32\ntdll.dll
0x00007ffba2a80000 - 0x00007ffba2b3e000 	C:\Windows\System32\KERNEL32.DLL
0x00007ffba0450000 - 0x00007ffba0719000 	C:\Windows\System32\KERNELBASE.dll
0x00007ffba0c80000 - 0x00007ffba0d80000 	C:\Windows\System32\ucrtbase.dll
0x00007ffb3a260000 - 0x00007ffb3a277000 	D:\install\soft\Android Studio\jbr\bin\jli.dll
0x00007ffb3a240000 - 0x00007ffb3a25b000 	D:\install\soft\Android Studio\jbr\bin\VCRUNTIME140.dll
0x00007ffba1ea0000 - 0x00007ffba2041000 	C:\Windows\System32\USER32.dll
0x00007ffba09e0000 - 0x00007ffba0a02000 	C:\Windows\System32\win32u.dll
0x00007ffba1000000 - 0x00007ffba102b000 	C:\Windows\System32\GDI32.dll
0x00007ffb88740000 - 0x00007ffb889da000 	C:\Windows\WinSxS\amd64_microsoft.windows.common-controls_6595b64144ccf1df_6.0.19041.1110_none_60b5254171f9507e\COMCTL32.dll
0x00007ffba0ac0000 - 0x00007ffba0bcb000 	C:\Windows\System32\gdi32full.dll
0x00007ffba1a60000 - 0x00007ffba1afe000 	C:\Windows\System32\msvcrt.dll
0x00007ffba0940000 - 0x00007ffba09dd000 	C:\Windows\System32\msvcp_win.dll
0x00007ffba1b00000 - 0x00007ffba1b30000 	C:\Windows\System32\IMM32.DLL
0x00007ffb3a230000 - 0x00007ffb3a23c000 	D:\install\soft\Android Studio\jbr\bin\vcruntime140_1.dll
0x00007ffb3a1a0000 - 0x00007ffb3a22d000 	D:\install\soft\Android Studio\jbr\bin\msvcp140.dll
0x00007ffb5dbb0000 - 0x00007ffb5e81d000 	D:\install\soft\Android Studio\jbr\bin\server\jvm.dll
0x00007ffba29d0000 - 0x00007ffba2a7c000 	C:\Windows\System32\ADVAPI32.dll
0x00007ffba0ea0000 - 0x00007ffba0f3b000 	C:\Windows\System32\sechost.dll
0x00007ffba1b30000 - 0x00007ffba1c5a000 	C:\Windows\System32\RPCRT4.dll
0x00007ffb95a10000 - 0x00007ffb95a19000 	C:\Windows\SYSTEM32\WSOCK32.dll
0x00007ffba19f0000 - 0x00007ffba1a5b000 	C:\Windows\System32\WS2_32.dll
0x00007ffb88a60000 - 0x00007ffb88a87000 	C:\Windows\SYSTEM32\WINMM.dll
0x00007ffb96560000 - 0x00007ffb9656a000 	C:\Windows\SYSTEM32\VERSION.dll
0x00007ffb9ed20000 - 0x00007ffb9ed32000 	C:\Windows\SYSTEM32\kernel.appcore.dll
0x00007ffb87690000 - 0x00007ffb8769a000 	D:\install\soft\Android Studio\jbr\bin\jimage.dll
0x00007ffb9e830000 - 0x00007ffb9ea14000 	C:\Windows\SYSTEM32\DBGHELP.DLL
0x00007ffb89f00000 - 0x00007ffb89f2c000 	C:\Windows\SYSTEM32\dbgcore.DLL
0x00007ffba0720000 - 0x00007ffba07a3000 	C:\Windows\System32\bcryptPrimitives.dll
0x00007ffb836b0000 - 0x00007ffb836d5000 	D:\install\soft\Android Studio\jbr\bin\java.dll
0x00007ffb86c20000 - 0x00007ffb86c38000 	D:\install\soft\Android Studio\jbr\bin\zip.dll
0x00007ffba1160000 - 0x00007ffba189f000 	C:\Windows\System32\SHELL32.dll
0x00007ffb9dfd0000 - 0x00007ffb9e760000 	C:\Windows\SYSTEM32\windows.storage.dll
0x00007ffba20d0000 - 0x00007ffba2425000 	C:\Windows\System32\combase.dll
0x00007ffb9fea0000 - 0x00007ffb9fecc000 	C:\Windows\SYSTEM32\Wldp.dll
0x00007ffba1dd0000 - 0x00007ffba1e7d000 	C:\Windows\System32\SHCORE.dll
0x00007ffba0f40000 - 0x00007ffba0f95000 	C:\Windows\System32\shlwapi.dll
0x00007ffba0390000 - 0x00007ffba03af000 	C:\Windows\SYSTEM32\profapi.dll
0x00007ffb84460000 - 0x00007ffb84479000 	D:\install\soft\Android Studio\jbr\bin\net.dll
0x00007ffb98780000 - 0x00007ffb98888000 	C:\Windows\SYSTEM32\WINHTTP.dll
0x00007ffb9fc00000 - 0x00007ffb9fc6a000 	C:\Windows\system32\mswsock.dll
0x00007ffb83680000 - 0x00007ffb83696000 	D:\install\soft\Android Studio\jbr\bin\nio.dll
0x00007ffb821b0000 - 0x00007ffb821c0000 	D:\install\soft\Android Studio\jbr\bin\verify.dll

dbghelp: loaded successfully - version: 4.0.5 - missing functions: none
symbol engine: initialized successfully - sym options: 0x614 - pdb path: .;D:\install\soft\Android Studio\jbr\bin;C:\Windows\SYSTEM32;C:\Windows\WinSxS\amd64_microsoft.windows.common-controls_6595b64144ccf1df_6.0.19041.1110_none_60b5254171f9507e;D:\install\soft\Android Studio\jbr\bin\server

VM Arguments:
jvm_args: -Dorg.gradle.appname=gradlew 
java_command: org.gradle.wrapper.GradleWrapperMain -q -Ptarget-platform=android-x64 -Ptarget=D:\vadymkon\Kaiters\apps\WitcherNotes\lib\main.dart -Pbase-application-name=android.app.Application -Pdart-defines=Zmx1dHRlci5pbnNwZWN0b3Iuc3RydWN0dXJlZEVycm9ycz10cnVl,RkxVVFRFUl9XRUJfQVVUT19ERVRFQ1Q9dHJ1ZQ==,RkxVVFRFUl9XRUJfQ0FOVkFTS0lUX1VSTD1odHRwczovL3d3dy5nc3RhdGljLmNvbS9mbHV0dGVyLWNhbnZhc2tpdC80NWY2ZTAwOTExMGRmNGYzNGVjMmNmOTlmNjNjZjczYjcxYjdhNDIwLw== -Pdart-obfuscation=false -Ptrack-widget-creation=true -Ptree-shake-icons=false -Pfilesystem-scheme=org-dartlang-root assembleDebug
java_class_path (initial): D:\vadymkon\Kaiters\apps\WitcherNotes\android\\gradle\wrapper\gradle-wrapper.jar
Launcher Type: SUN_STANDARD

[Global flags]
     intx CICompilerCount                          = 12                                        {product} {ergonomic}
     uint ConcGCThreads                            = 3                                         {product} {ergonomic}
     uint G1ConcRefinementThreads                  = 13                                        {product} {ergonomic}
   size_t G1HeapRegionSize                         = 2097152                                   {product} {ergonomic}
    uintx GCDrainStackTargetSize                   = 64                                        {product} {ergonomic}
   size_t InitialHeapSize                          = 266338304                                 {product} {ergonomic}
   size_t MarkStackSize                            = 4194304                                   {product} {ergonomic}
   size_t MaxHeapSize                              = 4236247040                                {product} {ergonomic}
   size_t MaxNewSize                               = 2541748224                                {product} {ergonomic}
   size_t MinHeapDeltaBytes                        = 2097152                                   {product} {ergonomic}
   size_t MinHeapSize                              = 8388608                                   {product} {ergonomic}
    uintx NonNMethodCodeHeapSize                   = 7602480                                {pd product} {ergonomic}
    uintx NonProfiledCodeHeapSize                  = 122027880                              {pd product} {ergonomic}
    uintx ProfiledCodeHeapSize                     = 122027880                              {pd product} {ergonomic}
    uintx ReservedCodeCacheSize                    = 251658240                              {pd product} {ergonomic}
     bool SegmentedCodeCache                       = true                                      {product} {ergonomic}
   size_t SoftMaxHeapSize                          = 4236247040                             {manageable} {ergonomic}
     bool UseCompressedClassPointers               = true                           {product lp64_product} {ergonomic}
     bool UseCompressedOops                        = true                           {product lp64_product} {ergonomic}
     bool UseG1GC                                  = true                                      {product} {ergonomic}
     bool UseLargePagesIndividualAllocation        = false                                  {pd product} {ergonomic}

Logging:
Log output configuration:
 #0: stdout all=warning uptime,level,tags
 #1: stderr all=off uptime,level,tags

Environment Variables:
JAVA_HOME=D:\install\soft\Android Studio\jbr
CLASSPATH=D:\vadymkon\Kaiters\apps\WitcherNotes\android\\gradle\wrapper\gradle-wrapper.jar
PATH=C:\Windows\system32;C:\Windows;C:\Windows\System32\Wbem;C:\Windows\System32\WindowsPowerShell\v1.0\;C:\Windows\System32\OpenSSH\;C:\Program Files\Cloudflare\Cloudflare WARP\;C:\Users\vadymkon\AppData\Local\Microsoft\WindowsApps;D:\install\soft\flutterSDK\flutter\bin;;D:\install\soft\flutterSDK\flutter\bin\mingit\cmd
USERNAME=vadymkon
OS=Windows_NT
PROCESSOR_IDENTIFIER=Intel64 Family 6 Model 141 Stepping 1, GenuineIntel
TMP=C:\Temp
TEMP=C:\Temp



---------------  S Y S T E M  ---------------

OS:
 Windows 10 , 64 bit Build 19041 (10.0.19041.1202)
OS uptime: 0 days 1:01 hours

CPU: total 16 (initial active 16) (8 cores per cpu, 2 threads per core) family 6 model 141 stepping 1 microcode 0x34, cx8, cmov, fxsr, ht, mmx, 3dnowpref, sse, sse2, sse3, ssse3, sse4.1, sse4.2, popcnt, lzcnt, tsc, tscinvbit, avx, avx2, aes, erms, clmul, bmi1, bmi2, adx, avx512f, avx512dq, avx512cd, avx512bw, avx512vl, sha, fma, vzeroupper, avx512_vpopcntdq, avx512_vpclmulqdq, avx512_vaes, avx512_vnni, clflush, clflushopt, clwb, avx512_vbmi2, avx512_vbmi

Memory: 4k page, system-wide physical 16155M (4047M free)
TotalPageFile size 16155M (AvailPageFile size 0M)
current process WorkingSet (physical memory assigned to process): 46M, peak: 46M
current process commit charge ("private bytes"): 352M, peak: 352M

vm_info: OpenJDK 64-Bit Server VM (17.0.6+0-b2043.56-9586694) for windows-amd64 JRE (17.0.6+0-b2043.56-9586694), built on Feb  9 2023 20:06:20 by "androidbuild" with MS VC++ 16.10 / 16.11 (VS2019)

END.
